<?xml version="1.0" encoding="UTF-8" ?>
<testsuite failures="0" time="0.058" errors="0" skipped="0" tests="65" name="org.jsoup.nodes.ElementTest">
  <properties>
    <property name="java.runtime.name" value="Java(TM) SE Runtime Environment"/>
    <property name="sun.boot.library.path" value="/usr/lib/jvm/java-7-oracle/jre/lib/amd64"/>
    <property name="java.vm.version" value="24.80-b11"/>
    <property name="java.vm.vendor" value="Oracle Corporation"/>
    <property name="java.vendor.url" value="http://java.oracle.com/"/>
    <property name="path.separator" value=":"/>
    <property name="guice.disable.misplaced.annotation.check" value="true"/>
    <property name="java.vm.name" value="Java HotSpot(TM) 64-Bit Server VM"/>
    <property name="file.encoding.pkg" value="sun.io"/>
    <property name="user.country" value="US"/>
    <property name="sun.java.launcher" value="SUN_STANDARD"/>
    <property name="sun.os.patch.level" value="unknown"/>
    <property name="java.vm.specification.name" value="Java Virtual Machine Specification"/>
    <property name="user.dir" value="/home/higor/workspace/jsoup"/>
    <property name="java.runtime.version" value="1.7.0_80-b15"/>
    <property name="java.awt.graphicsenv" value="sun.awt.X11GraphicsEnvironment"/>
    <property name="java.endorsed.dirs" value="/usr/lib/jvm/java-7-oracle/jre/lib/endorsed"/>
    <property name="os.arch" value="amd64"/>
    <property name="java.io.tmpdir" value="/tmp"/>
    <property name="line.separator" value="
"/>
    <property name="java.vm.specification.vendor" value="Oracle Corporation"/>
    <property name="os.name" value="Linux"/>
    <property name="classworlds.conf" value="/usr/share/maven/bin/m2.conf"/>
    <property name="sun.jnu.encoding" value="UTF-8"/>
    <property name="java.library.path" value="/usr/java/packages/lib/amd64:/usr/lib64:/lib64:/lib:/usr/lib"/>
    <property name="java.specification.name" value="Java Platform API Specification"/>
    <property name="java.class.version" value="51.0"/>
    <property name="sun.management.compiler" value="HotSpot 64-Bit Tiered Compilers"/>
    <property name="os.version" value="3.16.0-55-generic"/>
    <property name="user.home" value="/home/higor"/>
    <property name="user.timezone" value="America/New_York"/>
    <property name="java.awt.printerjob" value="sun.print.PSPrinterJob"/>
    <property name="file.encoding" value="UTF-8"/>
    <property name="java.specification.version" value="1.7"/>
    <property name="user.name" value="higor"/>
    <property name="java.class.path" value="/usr/share/maven/boot/plexus-classworlds-2.x.jar:/usr/share/java/jayatanaag.jar"/>
    <property name="java.vm.specification.version" value="1.7"/>
    <property name="sun.arch.data.model" value="64"/>
    <property name="java.home" value="/usr/lib/jvm/java-7-oracle/jre"/>
    <property name="sun.java.command" value="org.codehaus.plexus.classworlds.launcher.Launcher clean install"/>
    <property name="java.specification.vendor" value="Oracle Corporation"/>
    <property name="user.language" value="en"/>
    <property name="awt.toolkit" value="sun.awt.X11.XToolkit"/>
    <property name="java.vm.info" value="mixed mode"/>
    <property name="java.version" value="1.7.0_80"/>
    <property name="java.ext.dirs" value="/usr/lib/jvm/java-7-oracle/jre/lib/ext:/usr/java/packages/lib/ext"/>
    <property name="securerandom.source" value="file:/dev/./urandom"/>
    <property name="sun.boot.class.path" value="/usr/lib/jvm/java-7-oracle/jre/lib/resources.jar:/usr/lib/jvm/java-7-oracle/jre/lib/rt.jar:/usr/lib/jvm/java-7-oracle/jre/lib/sunrsasign.jar:/usr/lib/jvm/java-7-oracle/jre/lib/jsse.jar:/usr/lib/jvm/java-7-oracle/jre/lib/jce.jar:/usr/lib/jvm/java-7-oracle/jre/lib/charsets.jar:/usr/lib/jvm/java-7-oracle/jre/lib/jfr.jar:/usr/lib/jvm/java-7-oracle/jre/classes"/>
    <property name="java.vendor" value="Oracle Corporation"/>
    <property name="maven.home" value="/usr/share/maven"/>
    <property name="file.separator" value="/"/>
    <property name="java.vendor.url.bug" value="http://bugreport.sun.com/bugreport/"/>
    <property name="sun.cpu.endian" value="little"/>
    <property name="sun.io.unicode.encoding" value="UnicodeLittle"/>
    <property name="sun.desktop" value="gnome"/>
    <property name="sun.cpu.isalist" value=""/>
  </properties>
  <testcase time="0.001" classname="org.jsoup.nodes.ElementTest" name="testClassNames"/>
  <testcase time="0.001" classname="org.jsoup.nodes.ElementTest" name="testClone"/>
  <testcase time="0" classname="org.jsoup.nodes.ElementTest" name="getElementsByTagName"/>
  <testcase time="0" classname="org.jsoup.nodes.ElementTest" name="getNamespacedElementsByTag"/>
  <testcase time="0" classname="org.jsoup.nodes.ElementTest" name="testGetElementById"/>
  <testcase time="0" classname="org.jsoup.nodes.ElementTest" name="testGetText"/>
  <testcase time="0" classname="org.jsoup.nodes.ElementTest" name="testGetChildText"/>
  <testcase time="0" classname="org.jsoup.nodes.ElementTest" name="testNormalisesText"/>
  <testcase time="0" classname="org.jsoup.nodes.ElementTest" name="testKeepsPreText"/>
  <testcase time="0.001" classname="org.jsoup.nodes.ElementTest" name="testKeepsPreTextInCode"/>
  <testcase time="0" classname="org.jsoup.nodes.ElementTest" name="testBrHasSpace"/>
  <testcase time="0.001" classname="org.jsoup.nodes.ElementTest" name="testGetSiblings"/>
  <testcase time="0" classname="org.jsoup.nodes.ElementTest" name="testGetSiblingsWithDuplicateContent"/>
  <testcase time="0" classname="org.jsoup.nodes.ElementTest" name="testGetParents"/>
  <testcase time="0" classname="org.jsoup.nodes.ElementTest" name="testElementSiblingIndex"/>
  <testcase time="0.001" classname="org.jsoup.nodes.ElementTest" name="testElementSiblingIndexSameContent"/>
  <testcase time="0" classname="org.jsoup.nodes.ElementTest" name="testGetElementsWithClass"/>
  <testcase time="0.001" classname="org.jsoup.nodes.ElementTest" name="testGetElementsWithAttribute"/>
  <testcase time="0" classname="org.jsoup.nodes.ElementTest" name="testGetElementsWithAttributeDash"/>
  <testcase time="0.001" classname="org.jsoup.nodes.ElementTest" name="testGetElementsWithAttributeValue"/>
  <testcase time="0" classname="org.jsoup.nodes.ElementTest" name="testClassDomMethods"/>
  <testcase time="0.001" classname="org.jsoup.nodes.ElementTest" name="testClassUpdates"/>
  <testcase time="0.001" classname="org.jsoup.nodes.ElementTest" name="testOuterHtml"/>
  <testcase time="0" classname="org.jsoup.nodes.ElementTest" name="testInnerHtml"/>
  <testcase time="0.001" classname="org.jsoup.nodes.ElementTest" name="testFormatHtml"/>
  <testcase time="0" classname="org.jsoup.nodes.ElementTest" name="testFormatOutline"/>
  <testcase time="0" classname="org.jsoup.nodes.ElementTest" name="testSetIndent"/>
  <testcase time="0" classname="org.jsoup.nodes.ElementTest" name="testNotPretty"/>
  <testcase time="0" classname="org.jsoup.nodes.ElementTest" name="testEmptyElementFormatHtml"/>
  <testcase time="0.001" classname="org.jsoup.nodes.ElementTest" name="testNoIndentOnScriptAndStyle"/>
  <testcase time="0" classname="org.jsoup.nodes.ElementTest" name="testContainerOutput"/>
  <testcase time="0.001" classname="org.jsoup.nodes.ElementTest" name="testSetText"/>
  <testcase time="0" classname="org.jsoup.nodes.ElementTest" name="testAddNewElement"/>
  <testcase time="0" classname="org.jsoup.nodes.ElementTest" name="testAddBooleanAttribute"/>
  <testcase time="0" classname="org.jsoup.nodes.ElementTest" name="testAppendRowToTable"/>
  <testcase time="0.001" classname="org.jsoup.nodes.ElementTest" name="testPrependRowToTable"/>
  <testcase time="0" classname="org.jsoup.nodes.ElementTest" name="testPrependElement"/>
  <testcase time="0.001" classname="org.jsoup.nodes.ElementTest" name="testAddNewText"/>
  <testcase time="0" classname="org.jsoup.nodes.ElementTest" name="testPrependText"/>
  <testcase time="0.001" classname="org.jsoup.nodes.ElementTest" name="testAddNewHtml"/>
  <testcase time="0" classname="org.jsoup.nodes.ElementTest" name="testPrependNewHtml"/>
  <testcase time="0.001" classname="org.jsoup.nodes.ElementTest" name="testSetHtml"/>
  <testcase time="0" classname="org.jsoup.nodes.ElementTest" name="testSetHtmlTitle"/>
  <testcase time="0.001" classname="org.jsoup.nodes.ElementTest" name="testWrap"/>
  <testcase time="0.001" classname="org.jsoup.nodes.ElementTest" name="testWrapWithRemainder"/>
  <testcase time="0" classname="org.jsoup.nodes.ElementTest" name="testHasText"/>
  <testcase time="0" classname="org.jsoup.nodes.ElementTest" name="parentlessToString"/>
  <testcase time="0" classname="org.jsoup.nodes.ElementTest" name="testClonesClassnames"/>
  <testcase time="0" classname="org.jsoup.nodes.ElementTest" name="testTagNameSet"/>
  <testcase time="0.001" classname="org.jsoup.nodes.ElementTest" name="testHtmlContainsOuter"/>
  <testcase time="0" classname="org.jsoup.nodes.ElementTest" name="testGetTextNodes"/>
  <testcase time="0.001" classname="org.jsoup.nodes.ElementTest" name="testManipulateTextNodes"/>
  <testcase time="0" classname="org.jsoup.nodes.ElementTest" name="testGetDataNodes"/>
  <testcase time="0.001" classname="org.jsoup.nodes.ElementTest" name="elementIsNotASiblingOfItself"/>
  <testcase time="0" classname="org.jsoup.nodes.ElementTest" name="testChildThrowsIndexOutOfBoundsOnMissing"/>
  <testcase time="0" classname="org.jsoup.nodes.ElementTest" name="moveByAppend"/>
  <testcase time="0.001" classname="org.jsoup.nodes.ElementTest" name="insertChildrenArgumentValidation"/>
  <testcase time="0" classname="org.jsoup.nodes.ElementTest" name="insertChildrenAtPosition"/>
  <testcase time="0.001" classname="org.jsoup.nodes.ElementTest" name="insertChildrenAsCopy"/>
  <testcase time="0.005" classname="org.jsoup.nodes.ElementTest" name="testCssPath"/>
  <testcase time="0" classname="org.jsoup.nodes.ElementTest" name="dataset"/>
  <testcase time="0.001" classname="org.jsoup.nodes.ElementTest" name="testHashAndEquals"/>
  <testcase time="0.001" classname="org.jsoup.nodes.ElementTest" name="testRelativeUrls"/>
  <testcase time="0" classname="org.jsoup.nodes.ElementTest" name="after"/>
  <testcase time="0.001" classname="org.jsoup.nodes.ElementTest" name="before"/>
</testsuite>