<?xml version="1.0" encoding="UTF-8" ?>
<testsuite failures="0" time="0.257" errors="0" skipped="0" tests="97" name="org.jsoup.parser.HtmlParserTest">
  <properties>
    <property name="java.runtime.name" value="Java(TM) SE Runtime Environment"/>
    <property name="sun.boot.library.path" value="/usr/lib/jvm/java-7-oracle/jre/lib/amd64"/>
    <property name="java.vm.version" value="24.80-b11"/>
    <property name="java.vm.vendor" value="Oracle Corporation"/>
    <property name="java.vendor.url" value="http://java.oracle.com/"/>
    <property name="path.separator" value=":"/>
    <property name="guice.disable.misplaced.annotation.check" value="true"/>
    <property name="java.vm.name" value="Java HotSpot(TM) 64-Bit Server VM"/>
    <property name="file.encoding.pkg" value="sun.io"/>
    <property name="user.country" value="US"/>
    <property name="sun.java.launcher" value="SUN_STANDARD"/>
    <property name="sun.os.patch.level" value="unknown"/>
    <property name="java.vm.specification.name" value="Java Virtual Machine Specification"/>
    <property name="user.dir" value="/home/higor/workspace/jsoup"/>
    <property name="java.runtime.version" value="1.7.0_80-b15"/>
    <property name="java.awt.graphicsenv" value="sun.awt.X11GraphicsEnvironment"/>
    <property name="java.endorsed.dirs" value="/usr/lib/jvm/java-7-oracle/jre/lib/endorsed"/>
    <property name="os.arch" value="amd64"/>
    <property name="java.io.tmpdir" value="/tmp"/>
    <property name="line.separator" value="
"/>
    <property name="java.vm.specification.vendor" value="Oracle Corporation"/>
    <property name="os.name" value="Linux"/>
    <property name="classworlds.conf" value="/usr/share/maven/bin/m2.conf"/>
    <property name="sun.jnu.encoding" value="UTF-8"/>
    <property name="java.library.path" value="/usr/java/packages/lib/amd64:/usr/lib64:/lib64:/lib:/usr/lib"/>
    <property name="java.specification.name" value="Java Platform API Specification"/>
    <property name="java.class.version" value="51.0"/>
    <property name="sun.management.compiler" value="HotSpot 64-Bit Tiered Compilers"/>
    <property name="os.version" value="3.16.0-55-generic"/>
    <property name="user.home" value="/home/higor"/>
    <property name="user.timezone" value="America/New_York"/>
    <property name="java.awt.printerjob" value="sun.print.PSPrinterJob"/>
    <property name="file.encoding" value="UTF-8"/>
    <property name="java.specification.version" value="1.7"/>
    <property name="user.name" value="higor"/>
    <property name="java.class.path" value="/usr/share/maven/boot/plexus-classworlds-2.x.jar:/usr/share/java/jayatanaag.jar"/>
    <property name="java.vm.specification.version" value="1.7"/>
    <property name="sun.arch.data.model" value="64"/>
    <property name="java.home" value="/usr/lib/jvm/java-7-oracle/jre"/>
    <property name="sun.java.command" value="org.codehaus.plexus.classworlds.launcher.Launcher clean install"/>
    <property name="java.specification.vendor" value="Oracle Corporation"/>
    <property name="user.language" value="en"/>
    <property name="awt.toolkit" value="sun.awt.X11.XToolkit"/>
    <property name="java.vm.info" value="mixed mode"/>
    <property name="java.version" value="1.7.0_80"/>
    <property name="java.ext.dirs" value="/usr/lib/jvm/java-7-oracle/jre/lib/ext:/usr/java/packages/lib/ext"/>
    <property name="securerandom.source" value="file:/dev/./urandom"/>
    <property name="sun.boot.class.path" value="/usr/lib/jvm/java-7-oracle/jre/lib/resources.jar:/usr/lib/jvm/java-7-oracle/jre/lib/rt.jar:/usr/lib/jvm/java-7-oracle/jre/lib/sunrsasign.jar:/usr/lib/jvm/java-7-oracle/jre/lib/jsse.jar:/usr/lib/jvm/java-7-oracle/jre/lib/jce.jar:/usr/lib/jvm/java-7-oracle/jre/lib/charsets.jar:/usr/lib/jvm/java-7-oracle/jre/lib/jfr.jar:/usr/lib/jvm/java-7-oracle/jre/classes"/>
    <property name="java.vendor" value="Oracle Corporation"/>
    <property name="maven.home" value="/usr/share/maven"/>
    <property name="file.separator" value="/"/>
    <property name="java.vendor.url.bug" value="http://bugreport.sun.com/bugreport/"/>
    <property name="sun.cpu.endian" value="little"/>
    <property name="sun.io.unicode.encoding" value="UnicodeLittle"/>
    <property name="sun.desktop" value="gnome"/>
    <property name="sun.cpu.isalist" value=""/>
  </properties>
  <testcase time="0.001" classname="org.jsoup.parser.HtmlParserTest" name="testRelaxedTags"/>
  <testcase time="0" classname="org.jsoup.parser.HtmlParserTest" name="parsesUnterminatedComments"/>
  <testcase time="0" classname="org.jsoup.parser.HtmlParserTest" name="dropsUnterminatedTag"/>
  <testcase time="0" classname="org.jsoup.parser.HtmlParserTest" name="dropsUnterminatedAttribute"/>
  <testcase time="0" classname="org.jsoup.parser.HtmlParserTest" name="parsesUnterminatedTextarea"/>
  <testcase time="0.001" classname="org.jsoup.parser.HtmlParserTest" name="parsesUnterminatedOption"/>
  <testcase time="0" classname="org.jsoup.parser.HtmlParserTest" name="testSpaceAfterTag"/>
  <testcase time="0.001" classname="org.jsoup.parser.HtmlParserTest" name="createsDocumentStructure"/>
  <testcase time="0" classname="org.jsoup.parser.HtmlParserTest" name="createsStructureFromBodySnippet"/>
  <testcase time="0" classname="org.jsoup.parser.HtmlParserTest" name="handlesEscapedData"/>
  <testcase time="0" classname="org.jsoup.parser.HtmlParserTest" name="handlesDataOnlyTags"/>
  <testcase time="0" classname="org.jsoup.parser.HtmlParserTest" name="handlesTextAfterData"/>
  <testcase time="0.001" classname="org.jsoup.parser.HtmlParserTest" name="handlesTextArea"/>
  <testcase time="0" classname="org.jsoup.parser.HtmlParserTest" name="preservesSpaceInTextArea"/>
  <testcase time="0" classname="org.jsoup.parser.HtmlParserTest" name="preservesSpaceInScript"/>
  <testcase time="0" classname="org.jsoup.parser.HtmlParserTest" name="doesNotCreateImplicitLists"/>
  <testcase time="0" classname="org.jsoup.parser.HtmlParserTest" name="discardsNakedTds"/>
  <testcase time="0.001" classname="org.jsoup.parser.HtmlParserTest" name="handlesNestedImplicitTable"/>
  <testcase time="0.001" classname="org.jsoup.parser.HtmlParserTest" name="handlesWhatWgExpensesTableExample"/>
  <testcase time="0" classname="org.jsoup.parser.HtmlParserTest" name="handlesTbodyTable"/>
  <testcase time="0.001" classname="org.jsoup.parser.HtmlParserTest" name="handlesImplicitCaptionClose"/>
  <testcase time="0" classname="org.jsoup.parser.HtmlParserTest" name="noTableDirectInTable"/>
  <testcase time="0.001" classname="org.jsoup.parser.HtmlParserTest" name="ignoresDupeEndTrTag"/>
  <testcase time="0" classname="org.jsoup.parser.HtmlParserTest" name="handlesBaseTags"/>
  <testcase time="0" classname="org.jsoup.parser.HtmlParserTest" name="handlesProtocolRelativeUrl"/>
  <testcase time="0.001" classname="org.jsoup.parser.HtmlParserTest" name="handlesCdata"/>
  <testcase time="0" classname="org.jsoup.parser.HtmlParserTest" name="handlesUnclosedCdataAtEOF"/>
  <testcase time="0" classname="org.jsoup.parser.HtmlParserTest" name="handlesInvalidStartTags"/>
  <testcase time="0" classname="org.jsoup.parser.HtmlParserTest" name="handlesUnknownTags"/>
  <testcase time="0.001" classname="org.jsoup.parser.HtmlParserTest" name="handlesUnknownInlineTags"/>
  <testcase time="0" classname="org.jsoup.parser.HtmlParserTest" name="parsesBodyFragment"/>
  <testcase time="0.001" classname="org.jsoup.parser.HtmlParserTest" name="handlesUnknownNamespaceTags"/>
  <testcase time="0" classname="org.jsoup.parser.HtmlParserTest" name="handlesKnownEmptyBlocks"/>
  <testcase time="0" classname="org.jsoup.parser.HtmlParserTest" name="handlesSolidusAtAttributeEnd"/>
  <testcase time="0.001" classname="org.jsoup.parser.HtmlParserTest" name="handlesMultiClosingBody"/>
  <testcase time="0" classname="org.jsoup.parser.HtmlParserTest" name="handlesUnclosedDefinitionLists"/>
  <testcase time="0" classname="org.jsoup.parser.HtmlParserTest" name="handlesBlocksInDefinitions"/>
  <testcase time="0.001" classname="org.jsoup.parser.HtmlParserTest" name="handlesFrames"/>
  <testcase time="0" classname="org.jsoup.parser.HtmlParserTest" name="ignoresContentAfterFrameset"/>
  <testcase time="0" classname="org.jsoup.parser.HtmlParserTest" name="handlesJavadocFont"/>
  <testcase time="0" classname="org.jsoup.parser.HtmlParserTest" name="handlesBaseWithoutHref"/>
  <testcase time="0" classname="org.jsoup.parser.HtmlParserTest" name="normalisesDocument"/>
  <testcase time="0" classname="org.jsoup.parser.HtmlParserTest" name="parsesRoughAttributes"/>
  <testcase time="0" classname="org.jsoup.parser.HtmlParserTest" name="parsesQuiteRoughAttributes"/>
  <testcase time="0" classname="org.jsoup.parser.HtmlParserTest" name="parsesComments"/>
  <testcase time="0" classname="org.jsoup.parser.HtmlParserTest" name="parsesSimpleDocument"/>
  <testcase time="0" classname="org.jsoup.parser.HtmlParserTest" name="normalisesEmptyDocument"/>
  <testcase time="0" classname="org.jsoup.parser.HtmlParserTest" name="normalisesHeadlessBody"/>
  <testcase time="0" classname="org.jsoup.parser.HtmlParserTest" name="normalisedBodyAfterContent"/>
  <testcase time="0" classname="org.jsoup.parser.HtmlParserTest" name="findsCharsetInMalformedMeta"/>
  <testcase time="0" classname="org.jsoup.parser.HtmlParserTest" name="testHgroup"/>
  <testcase time="0" classname="org.jsoup.parser.HtmlParserTest" name="testHeaderContents"/>
  <testcase time="0.001" classname="org.jsoup.parser.HtmlParserTest" name="testSpanContents"/>
  <testcase time="0" classname="org.jsoup.parser.HtmlParserTest" name="testNoImagesInNoScriptInHead"/>
  <testcase time="0" classname="org.jsoup.parser.HtmlParserTest" name="testAFlowContents"/>
  <testcase time="0.001" classname="org.jsoup.parser.HtmlParserTest" name="testFontFlowContents"/>
  <testcase time="0" classname="org.jsoup.parser.HtmlParserTest" name="handlesMisnestedTagsBI"/>
  <testcase time="0" classname="org.jsoup.parser.HtmlParserTest" name="handlesMisnestedTagsBP"/>
  <testcase time="0.001" classname="org.jsoup.parser.HtmlParserTest" name="handlesUnexpectedMarkupInTables"/>
  <testcase time="0" classname="org.jsoup.parser.HtmlParserTest" name="handlesUnclosedFormattingElements"/>
  <testcase time="0.001" classname="org.jsoup.parser.HtmlParserTest" name="handlesUnclosedAnchors"/>
  <testcase time="0" classname="org.jsoup.parser.HtmlParserTest" name="reconstructFormattingElements"/>
  <testcase time="0" classname="org.jsoup.parser.HtmlParserTest" name="reconstructFormattingElementsInTable"/>
  <testcase time="0.001" classname="org.jsoup.parser.HtmlParserTest" name="commentBeforeHtml"/>
  <testcase time="0" classname="org.jsoup.parser.HtmlParserTest" name="emptyTdTag"/>
  <testcase time="0" classname="org.jsoup.parser.HtmlParserTest" name="handlesSolidusInA"/>
  <testcase time="0" classname="org.jsoup.parser.HtmlParserTest" name="handlesSpanInTbody"/>
  <testcase time="0.001" classname="org.jsoup.parser.HtmlParserTest" name="handlesUnclosedTitleAtEof"/>
  <testcase time="0" classname="org.jsoup.parser.HtmlParserTest" name="handlesUnclosedTitle"/>
  <testcase time="0.001" classname="org.jsoup.parser.HtmlParserTest" name="handlesUnclosedScriptAtEof"/>
  <testcase time="0" classname="org.jsoup.parser.HtmlParserTest" name="handlesUnclosedRawtextAtEof"/>
  <testcase time="0" classname="org.jsoup.parser.HtmlParserTest" name="noImplicitFormForTextAreas"/>
  <testcase time="0.001" classname="org.jsoup.parser.HtmlParserTest" name="handlesEscapedScript"/>
  <testcase time="0" classname="org.jsoup.parser.HtmlParserTest" name="handles0CharacterAsText"/>
  <testcase time="0" classname="org.jsoup.parser.HtmlParserTest" name="handlesNullInData"/>
  <testcase time="0.001" classname="org.jsoup.parser.HtmlParserTest" name="handlesNullInComments"/>
  <testcase time="0" classname="org.jsoup.parser.HtmlParserTest" name="handlesNewlinesAndWhitespaceInTag"/>
  <testcase time="0" classname="org.jsoup.parser.HtmlParserTest" name="handlesWhitespaceInoDocType"/>
  <testcase time="0.001" classname="org.jsoup.parser.HtmlParserTest" name="tracksErrorsWhenRequested"/>
  <testcase time="0.001" classname="org.jsoup.parser.HtmlParserTest" name="tracksLimitedErrorsWhenRequested"/>
  <testcase time="0" classname="org.jsoup.parser.HtmlParserTest" name="noErrorsByDefault"/>
  <testcase time="0" classname="org.jsoup.parser.HtmlParserTest" name="handlesCommentsInTable"/>
  <testcase time="0" classname="org.jsoup.parser.HtmlParserTest" name="handlesQuotesInCommentsInScripts"/>
  <testcase time="0" classname="org.jsoup.parser.HtmlParserTest" name="handleNullContextInParseFragment"/>
  <testcase time="0" classname="org.jsoup.parser.HtmlParserTest" name="doesNotFindShortestMatchingEntity"/>
  <testcase time="0" classname="org.jsoup.parser.HtmlParserTest" name="relaxedBaseEntityMatchAndStrictExtendedMatch"/>
  <testcase time="0.001" classname="org.jsoup.parser.HtmlParserTest" name="handlesXmlDeclarationAsBogusComment"/>
  <testcase time="0" classname="org.jsoup.parser.HtmlParserTest" name="handlesTagsInTextarea"/>
  <testcase time="0" classname="org.jsoup.parser.HtmlParserTest" name="createsFormElements"/>
  <testcase time="0.001" classname="org.jsoup.parser.HtmlParserTest" name="associatedFormControlsWithDisjointForms"/>
  <testcase time="0" classname="org.jsoup.parser.HtmlParserTest" name="handlesInputInTable"/>
  <testcase time="0" classname="org.jsoup.parser.HtmlParserTest" name="convertsImageToImg"/>
  <testcase time="0.001" classname="org.jsoup.parser.HtmlParserTest" name="handlesInvalidDoctypes"/>
  <testcase time="0.2" classname="org.jsoup.parser.HtmlParserTest" name="handlesManyChildren"/>
  <testcase time="0.001" classname="org.jsoup.parser.HtmlParserTest" name="testInvalidTableContents"/>
  <testcase time="0" classname="org.jsoup.parser.HtmlParserTest" name="testNormalisesIsIndex"/>
  <testcase time="0.001" classname="org.jsoup.parser.HtmlParserTest" name="testReinsertionModeForThCelss"/>
</testsuite>