<?xml version="1.0" encoding="UTF-8"?><testrun name="hsqldb" project="hsqldb" tests="3934" started="3934" failures="1" errors="0" ignored="16">
  <testsuite name="org.hsqldb.test.TestDbBackup" time="11.022">
    <testcase name="testSanity" classname="org.hsqldb.test.TestDbBackup" time="1.828"/>
    <testcase name="testBasicBackup" classname="org.hsqldb.test.TestDbBackup" time="1.084"/>
    <testcase name="testMainAlreadyOpen" classname="org.hsqldb.test.TestDbBackup" time="1.326"/>
    <testcase name="testGzip" classname="org.hsqldb.test.TestDbBackup" time="0.951"/>
    <testcase name="testOnlineBackup" classname="org.hsqldb.test.TestDbBackup" time="3.401"/>
    <testcase name="testTarFileNames" classname="org.hsqldb.test.TestDbBackup" time="1.141"/>
    <testcase name="testAutoNaming" classname="org.hsqldb.test.TestDbBackup" time="1.291"/>
  </testsuite>
  <testsuite name="org.hsqldb.test.TestViewAsterisks" time="1.092">
    <testcase name="test" classname="org.hsqldb.test.TestViewAsterisks" time="1.092"/>
  </testsuite>
  <testsuite name="org.hsqldb.auth.AuthFunctionTest" time="0.16">
    <testcase name="testRemoteAccountRemoteRoles" classname="org.hsqldb.auth.AuthFunctionTest" time="0.057"/>
    <testcase name="testLocalUserAccountLocalRoles" classname="org.hsqldb.auth.AuthFunctionTest" time="0.016"/>
    <testcase name="testNoPullSchema" classname="org.hsqldb.auth.AuthFunctionTest" time="0.016"/>
    <testcase name="testLocalUserAccountLocalRemoteRoles" classname="org.hsqldb.auth.AuthFunctionTest" time="0.015"/>
    <testcase name="testLocalUserAccountLocalRemote0Roles" classname="org.hsqldb.auth.AuthFunctionTest" time="0.015"/>
    <testcase name="testLocalOnlyAccess" classname="org.hsqldb.auth.AuthFunctionTest" time="0.014"/>
    <testcase name="testPullSchema" classname="org.hsqldb.auth.AuthFunctionTest" time="0.014"/>
    <testcase name="testVirtualAccount" classname="org.hsqldb.auth.AuthFunctionTest" time="0.013"/>
  </testsuite>
  <testsuite name="org.hsqldb.test.TestCollation" time="3.774">
    <testcase name="testVerifyCollation" classname="org.hsqldb.test.TestCollation" time="3.774"/>
  </testsuite>
  <testsuite name="org.hsqldb.types.IntervalTypeTest" time="0.001">
    <testcase name="testIntervalType" classname="org.hsqldb.types.IntervalTypeTest" time="0.001"/>
  </testsuite>
  <testcase name="org.hsqldb.test.TestSubselect" classname="org.hsqldb.test.TestSubselect" time="0.0" ignored="true"/>
  <testcase name="org.hsqldb.jdbc.JdbcSuite" classname="org.hsqldb.jdbc.JdbcSuite" time="0.0" ignored="true"/>
  <testsuite name="org.hsqldb.test.TestUpdatableResultSets" time="0.505">
    <testcase name="testUpdatable" classname="org.hsqldb.test.TestUpdatableResultSets" time="0.297"/>
    <testcase name="testScrollable" classname="org.hsqldb.test.TestUpdatableResultSets" time="0.208"/>
  </testsuite>
  <testsuite name="UtilTest Suite" time="0.056">
    <testcase name="testSqlException_TOKEN_REQUIRED_1" classname="org.hsqldb.jdbc.UtilTest" time="0.002"/>
    <testcase name="testSqlException_CONSTRAINT_2" classname="org.hsqldb.jdbc.UtilTest" time="0.0"/>
    <testcase name="testSqlException_COLUMN_CONSTRAINT_3" classname="org.hsqldb.jdbc.UtilTest" time="0.0"/>
    <testcase name="testSqlException_M_ERROR_IN_BINARY_SCRIPT_1_21" classname="org.hsqldb.jdbc.UtilTest" time="0.0"/>
    <testcase name="testSqlException_M_ERROR_IN_BINARY_SCRIPT_2_22" classname="org.hsqldb.jdbc.UtilTest" time="0.0"/>
    <testcase name="testSqlException_M_DatabaseManager_getDatabase_23" classname="org.hsqldb.jdbc.UtilTest" time="0.001"/>
    <testcase name="testSqlException_M_parse_line_24" classname="org.hsqldb.jdbc.UtilTest" time="0.0"/>
    <testcase name="testSqlException_M_DatabaseScriptReader_read_25" classname="org.hsqldb.jdbc.UtilTest" time="0.0"/>
    <testcase name="testSqlException_M_Message_Pair_26" classname="org.hsqldb.jdbc.UtilTest" time="0.0"/>
    <testcase name="testSqlException_M_LOAD_SAVE_PROPERTIES_27" classname="org.hsqldb.jdbc.UtilTest" time="0.0"/>
    <testcase name="testSqlException_M_HsqlProperties_load_28" classname="org.hsqldb.jdbc.UtilTest" time="0.0"/>
    <testcase name="testSqlException_M_TEXT_SOURCE_FIELD_ERROR_41" classname="org.hsqldb.jdbc.UtilTest" time="0.0"/>
    <testcase name="testSqlException_M_TextCache_openning_file_error_42" classname="org.hsqldb.jdbc.UtilTest" time="0.001"/>
    <testcase name="testSqlException_M_TextCache_closing_file_error_43" classname="org.hsqldb.jdbc.UtilTest" time="0.0"/>
    <testcase name="testSqlException_M_TextCache_purging_file_error_44" classname="org.hsqldb.jdbc.UtilTest" time="0.0"/>
    <testcase name="testSqlException_M_DataFileCache_makeRow_51" classname="org.hsqldb.jdbc.UtilTest" time="0.0"/>
    <testcase name="testSqlException_M_DataFileCache_open_52" classname="org.hsqldb.jdbc.UtilTest" time="0.0"/>
    <testcase name="testSqlException_M_DataFileCache_close_53" classname="org.hsqldb.jdbc.UtilTest" time="0.0"/>
    <testcase name="testSqlException_M_SERVER_OPEN_SERVER_SOCKET_1_61" classname="org.hsqldb.jdbc.UtilTest" time="0.0"/>
    <testcase name="testSqlException_M_SERVER_OPEN_SERVER_SOCKET_2_62" classname="org.hsqldb.jdbc.UtilTest" time="0.0"/>
    <testcase name="testSqlException_M_SERVER_SECURE_VERIFY_1_63" classname="org.hsqldb.jdbc.UtilTest" time="0.001"/>
    <testcase name="testSqlException_M_SERVER_SECURE_VERIFY_2_64" classname="org.hsqldb.jdbc.UtilTest" time="0.0"/>
    <testcase name="testSqlException_M_SERVER_SECURE_VERIFY_3_65" classname="org.hsqldb.jdbc.UtilTest" time="0.0"/>
    <testcase name="testSqlException_M_RS_EMPTY_70" classname="org.hsqldb.jdbc.UtilTest" time="0.0"/>
    <testcase name="testSqlException_M_RS_BEFORE_FIRST_71" classname="org.hsqldb.jdbc.UtilTest" time="0.0"/>
    <testcase name="testSqlException_M_RS_AFTER_LAST_72" classname="org.hsqldb.jdbc.UtilTest" time="0.0"/>
    <testcase name="testSqlException_M_INVALID_LIMIT_81" classname="org.hsqldb.jdbc.UtilTest" time="0.0"/>
    <testcase name="testSqlException_S_00000_0" classname="org.hsqldb.jdbc.UtilTest" time="0.0"/>
    <testcase name="testSqlException_U_S0500_201" classname="org.hsqldb.jdbc.UtilTest" time="0.0"/>
    <testcase name="testSqlException_X_S0501_301" classname="org.hsqldb.jdbc.UtilTest" time="0.0"/>
    <testcase name="testSqlException_X_S0502_302" classname="org.hsqldb.jdbc.UtilTest" time="0.0"/>
    <testcase name="testSqlException_X_S0503_303" classname="org.hsqldb.jdbc.UtilTest" time="0.0"/>
    <testcase name="testSqlException_X_S0504_304" classname="org.hsqldb.jdbc.UtilTest" time="0.0"/>
    <testcase name="testSqlException_X_S0521_320" classname="org.hsqldb.jdbc.UtilTest" time="0.0"/>
    <testcase name="testSqlException_X_S0522_321" classname="org.hsqldb.jdbc.UtilTest" time="0.0"/>
    <testcase name="testSqlException_X_S0531_331" classname="org.hsqldb.jdbc.UtilTest" time="0.0"/>
    <testcase name="testSqlException_PASSWORD_COMPLEXITY_391" classname="org.hsqldb.jdbc.UtilTest" time="0.0"/>
    <testcase name="testSqlException_SERVER_TRANSFER_CORRUPTED_401" classname="org.hsqldb.jdbc.UtilTest" time="0.0"/>
    <testcase name="testSqlException_SERVER_DATABASE_DISCONNECTED_402" classname="org.hsqldb.jdbc.UtilTest" time="0.0"/>
    <testcase name="testSqlException_SERVER_VERSIONS_INCOMPATIBLE_403" classname="org.hsqldb.jdbc.UtilTest" time="0.0"/>
    <testcase name="testSqlException_SERVER_UNKNOWN_CLIENT_404" classname="org.hsqldb.jdbc.UtilTest" time="0.0"/>
    <testcase name="testSqlException_SERVER_HTTP_NOT_HSQL_PROTOCOL_405" classname="org.hsqldb.jdbc.UtilTest" time="0.0"/>
    <testcase name="testSqlException_SERVER_INCOMPLETE_HANDSHAKE_READ_406" classname="org.hsqldb.jdbc.UtilTest" time="0.0"/>
    <testcase name="testSqlException_SERVER_NO_DATABASE_407" classname="org.hsqldb.jdbc.UtilTest" time="0.0"/>
    <testcase name="testSqlException_JDBC_COLUMN_NOT_FOUND_421" classname="org.hsqldb.jdbc.UtilTest" time="0.0"/>
    <testcase name="testSqlException_JDBC_INPUTSTREAM_ERROR_422" classname="org.hsqldb.jdbc.UtilTest" time="0.001"/>
    <testcase name="testSqlException_JDBC_INVALID_ARGUMENT_423" classname="org.hsqldb.jdbc.UtilTest" time="0.0"/>
    <testcase name="testSqlException_JDBC_PARAMETER_NOT_SET_424" classname="org.hsqldb.jdbc.UtilTest" time="0.0"/>
    <testcase name="testSqlException_JDBC_CONNECTION_NATIVE_SQL_425" classname="org.hsqldb.jdbc.UtilTest" time="0.0"/>
    <testcase name="testSqlException_LOCK_FILE_ACQUISITION_FAILURE_451" classname="org.hsqldb.jdbc.UtilTest" time="0.0"/>
    <testcase name="testSqlException_FILE_IO_ERROR_452" classname="org.hsqldb.jdbc.UtilTest" time="0.0"/>
    <testcase name="testSqlException_WRONG_DATABASE_FILE_VERSION_453" classname="org.hsqldb.jdbc.UtilTest" time="0.0"/>
    <testcase name="testSqlException_DATA_FILE_BACKUP_MISMATCH_454" classname="org.hsqldb.jdbc.UtilTest" time="0.0"/>
    <testcase name="testSqlException_DATABASE_IS_READONLY_455" classname="org.hsqldb.jdbc.UtilTest" time="0.0"/>
    <testcase name="testSqlException_DATA_IS_READONLY_456" classname="org.hsqldb.jdbc.UtilTest" time="0.001"/>
    <testcase name="testSqlException_ACCESS_IS_DENIED_457" classname="org.hsqldb.jdbc.UtilTest" time="0.0"/>
    <testcase name="testSqlException_GENERAL_ERROR_458" classname="org.hsqldb.jdbc.UtilTest" time="0.0"/>
    <testcase name="testSqlException_DATABASE_IS_MEMORY_ONLY_459" classname="org.hsqldb.jdbc.UtilTest" time="0.0"/>
    <testcase name="testSqlException_OUT_OF_MEMORY_460" classname="org.hsqldb.jdbc.UtilTest" time="0.0"/>
    <testcase name="testSqlException_ERROR_IN_SCRIPT_FILE_461" classname="org.hsqldb.jdbc.UtilTest" time="0.0"/>
    <testcase name="testSqlException_UNSUPPORTED_FILENAME_SUFFIX_462" classname="org.hsqldb.jdbc.UtilTest" time="0.0"/>
    <testcase name="testSqlException_COMPRESSION_SUFFIX_MISMATCH_463" classname="org.hsqldb.jdbc.UtilTest" time="0.0"/>
    <testcase name="testSqlException_DATABASE_IS_NON_FILE_464" classname="org.hsqldb.jdbc.UtilTest" time="0.001"/>
    <testcase name="testSqlException_DATABASE_NOT_EXISTS_465" classname="org.hsqldb.jdbc.UtilTest" time="0.0"/>
    <testcase name="testSqlException_DATA_FILE_ERROR_466" classname="org.hsqldb.jdbc.UtilTest" time="0.0"/>
    <testcase name="testSqlException_GENERAL_IO_ERROR_467" classname="org.hsqldb.jdbc.UtilTest" time="0.0"/>
    <testcase name="testSqlException_DATA_FILE_IS_FULL_468" classname="org.hsqldb.jdbc.UtilTest" time="0.0"/>
    <testcase name="testSqlException_DATA_FILE_IN_USE_469" classname="org.hsqldb.jdbc.UtilTest" time="0.0"/>
    <testcase name="testSqlException_TEXT_TABLE_UNKNOWN_DATA_SOURCE_481" classname="org.hsqldb.jdbc.UtilTest" time="0.0"/>
    <testcase name="testSqlException_TEXT_TABLE_SOURCE_482" classname="org.hsqldb.jdbc.UtilTest" time="0.001"/>
    <testcase name="testSqlException_TEXT_FILE_483" classname="org.hsqldb.jdbc.UtilTest" time="0.0"/>
    <testcase name="testSqlException_TEXT_FILE_IO_484" classname="org.hsqldb.jdbc.UtilTest" time="0.0"/>
    <testcase name="testSqlException_TEXT_STRING_HAS_NEWLINE_485" classname="org.hsqldb.jdbc.UtilTest" time="0.0"/>
    <testcase name="testSqlException_TEXT_TABLE_HEADER_486" classname="org.hsqldb.jdbc.UtilTest" time="0.0"/>
    <testcase name="testSqlException_TEXT_SOURCE_EXISTS_487" classname="org.hsqldb.jdbc.UtilTest" time="0.0"/>
    <testcase name="testSqlException_TEXT_SOURCE_NO_END_SEPARATOR_488" classname="org.hsqldb.jdbc.UtilTest" time="0.0"/>
    <testcase name="testSqlException_W_01000_1000" classname="org.hsqldb.jdbc.UtilTest" time="0.0"/>
    <testcase name="testSqlException_W_01001_1001" classname="org.hsqldb.jdbc.UtilTest" time="0.0"/>
    <testcase name="testSqlException_W_01002_1002" classname="org.hsqldb.jdbc.UtilTest" time="0.001"/>
    <testcase name="testSqlException_W_01003_1003" classname="org.hsqldb.jdbc.UtilTest" time="0.0"/>
    <testcase name="testSqlException_W_01004_1004" classname="org.hsqldb.jdbc.UtilTest" time="0.0"/>
    <testcase name="testSqlException_W_01005_1005" classname="org.hsqldb.jdbc.UtilTest" time="0.0"/>
    <testcase name="testSqlException_W_01006_1006" classname="org.hsqldb.jdbc.UtilTest" time="0.0"/>
    <testcase name="testSqlException_W_01007_1007" classname="org.hsqldb.jdbc.UtilTest" time="0.0"/>
    <testcase name="testSqlException_W_01009_1009" classname="org.hsqldb.jdbc.UtilTest" time="0.0"/>
    <testcase name="testSqlException_W_0100A_1010" classname="org.hsqldb.jdbc.UtilTest" time="0.0"/>
    <testcase name="testSqlException_W_0100B_1011" classname="org.hsqldb.jdbc.UtilTest" time="0.0"/>
    <testcase name="testSqlException_W_0100C_1012" classname="org.hsqldb.jdbc.UtilTest" time="0.001"/>
    <testcase name="testSqlException_W_0100D_1013" classname="org.hsqldb.jdbc.UtilTest" time="0.0"/>
    <testcase name="testSqlException_W_0100E_1014" classname="org.hsqldb.jdbc.UtilTest" time="0.0"/>
    <testcase name="testSqlException_W_0100F_1015" classname="org.hsqldb.jdbc.UtilTest" time="0.0"/>
    <testcase name="testSqlException_W_01011_1016" classname="org.hsqldb.jdbc.UtilTest" time="0.0"/>
    <testcase name="testSqlException_W_0102F_1017" classname="org.hsqldb.jdbc.UtilTest" time="0.0"/>
    <testcase name="testSqlException_N_02000_1100" classname="org.hsqldb.jdbc.UtilTest" time="0.0"/>
    <testcase name="testSqlException_N_02001_1101" classname="org.hsqldb.jdbc.UtilTest" time="0.0"/>
    <testcase name="testSqlException_X_07000_1200" classname="org.hsqldb.jdbc.UtilTest" time="0.0"/>
    <testcase name="testSqlException_X_07001_1201" classname="org.hsqldb.jdbc.UtilTest" time="0.001"/>
    <testcase name="testSqlException_X_07002_1202" classname="org.hsqldb.jdbc.UtilTest" time="0.0"/>
    <testcase name="testSqlException_X_07003_1203" classname="org.hsqldb.jdbc.UtilTest" time="0.0"/>
    <testcase name="testSqlException_X_07004_1204" classname="org.hsqldb.jdbc.UtilTest" time="0.0"/>
    <testcase name="testSqlException_X_07005_1205" classname="org.hsqldb.jdbc.UtilTest" time="0.0"/>
    <testcase name="testSqlException_X_07006_1206" classname="org.hsqldb.jdbc.UtilTest" time="0.0"/>
    <testcase name="testSqlException_X_07007_1207" classname="org.hsqldb.jdbc.UtilTest" time="0.0"/>
    <testcase name="testSqlException_X_07008_1208" classname="org.hsqldb.jdbc.UtilTest" time="0.0"/>
    <testcase name="testSqlException_X_07009_1209" classname="org.hsqldb.jdbc.UtilTest" time="0.0"/>
    <testcase name="testSqlException_X_0700B_1211" classname="org.hsqldb.jdbc.UtilTest" time="0.0"/>
    <testcase name="testSqlException_X_0700C_1212" classname="org.hsqldb.jdbc.UtilTest" time="0.001"/>
    <testcase name="testSqlException_X_0700D_1213" classname="org.hsqldb.jdbc.UtilTest" time="0.0"/>
    <testcase name="testSqlException_X_0700E_1214" classname="org.hsqldb.jdbc.UtilTest" time="0.0"/>
    <testcase name="testSqlException_X_0700F_1215" classname="org.hsqldb.jdbc.UtilTest" time="0.0"/>
    <testcase name="testSqlException_X_07501_1251" classname="org.hsqldb.jdbc.UtilTest" time="0.0"/>
    <testcase name="testSqlException_X_07502_1252" classname="org.hsqldb.jdbc.UtilTest" time="0.0"/>
    <testcase name="testSqlException_X_07503_1253" classname="org.hsqldb.jdbc.UtilTest" time="0.0"/>
    <testcase name="testSqlException_X_07504_1254" classname="org.hsqldb.jdbc.UtilTest" time="0.0"/>
    <testcase name="testSqlException_X_07505_1255" classname="org.hsqldb.jdbc.UtilTest" time="0.0"/>
    <testcase name="testSqlException_X_07506_1256" classname="org.hsqldb.jdbc.UtilTest" time="0.001"/>
    <testcase name="testSqlException_X_08000_1300" classname="org.hsqldb.jdbc.UtilTest" time="0.0"/>
    <testcase name="testSqlException_X_08001_1301" classname="org.hsqldb.jdbc.UtilTest" time="0.0"/>
    <testcase name="testSqlException_X_08002_1302" classname="org.hsqldb.jdbc.UtilTest" time="0.0"/>
    <testcase name="testSqlException_X_08003_1303" classname="org.hsqldb.jdbc.UtilTest" time="0.0"/>
    <testcase name="testSqlException_X_08004_1304" classname="org.hsqldb.jdbc.UtilTest" time="0.0"/>
    <testcase name="testSqlException_X_08006_1305" classname="org.hsqldb.jdbc.UtilTest" time="0.0"/>
    <testcase name="testSqlException_X_08007_1306" classname="org.hsqldb.jdbc.UtilTest" time="0.001"/>
    <testcase name="testSqlException_X_08501_1351" classname="org.hsqldb.jdbc.UtilTest" time="0.0"/>
    <testcase name="testSqlException_X_08502_1352" classname="org.hsqldb.jdbc.UtilTest" time="0.0"/>
    <testcase name="testSqlException_X_08503_1353" classname="org.hsqldb.jdbc.UtilTest" time="0.0"/>
    <testcase name="testSqlException_X_09000_1400" classname="org.hsqldb.jdbc.UtilTest" time="0.0"/>
    <testcase name="testSqlException_X_0A000_1500" classname="org.hsqldb.jdbc.UtilTest" time="0.0"/>
    <testcase name="testSqlException_X_0A001_1501" classname="org.hsqldb.jdbc.UtilTest" time="0.0"/>
    <testcase name="testSqlException_X_0A501_1551" classname="org.hsqldb.jdbc.UtilTest" time="0.0"/>
    <testcase name="testSqlException_X_0D000_1600" classname="org.hsqldb.jdbc.UtilTest" time="0.001"/>
    <testcase name="testSqlException_X_0E000_1700" classname="org.hsqldb.jdbc.UtilTest" time="0.0"/>
    <testcase name="testSqlException_X_0F000_1800" classname="org.hsqldb.jdbc.UtilTest" time="0.0"/>
    <testcase name="testSqlException_X_0F001_1801" classname="org.hsqldb.jdbc.UtilTest" time="0.0"/>
    <testcase name="testSqlException_X_0F502_3474" classname="org.hsqldb.jdbc.UtilTest" time="0.0"/>
    <testcase name="testSqlException_X_0F503_3475" classname="org.hsqldb.jdbc.UtilTest" time="0.0"/>
    <testcase name="testSqlException_X_0K000_1900" classname="org.hsqldb.jdbc.UtilTest" time="0.0"/>
    <testcase name="testSqlException_X_0L000_2000" classname="org.hsqldb.jdbc.UtilTest" time="0.0"/>
    <testcase name="testSqlException_X_0L501_2051" classname="org.hsqldb.jdbc.UtilTest" time="0.0"/>
    <testcase name="testSqlException_X_0M000_2100" classname="org.hsqldb.jdbc.UtilTest" time="0.001"/>
    <testcase name="testSqlException_X_0P000_2200" classname="org.hsqldb.jdbc.UtilTest" time="0.0"/>
    <testcase name="testSqlException_X_0P501_2251" classname="org.hsqldb.jdbc.UtilTest" time="0.0"/>
    <testcase name="testSqlException_X_0P502_2252" classname="org.hsqldb.jdbc.UtilTest" time="0.0"/>
    <testcase name="testSqlException_X_0P503_2253" classname="org.hsqldb.jdbc.UtilTest" time="0.0"/>
    <testcase name="testSqlException_X_0S000_2300" classname="org.hsqldb.jdbc.UtilTest" time="0.0"/>
    <testcase name="testSqlException_X_0T000_2400" classname="org.hsqldb.jdbc.UtilTest" time="0.0"/>
    <testcase name="testSqlException_X_0U000_2500" classname="org.hsqldb.jdbc.UtilTest" time="0.0"/>
    <testcase name="testSqlException_X_0V000_2600" classname="org.hsqldb.jdbc.UtilTest" time="0.001"/>
    <testcase name="testSqlException_X_0W000_2700" classname="org.hsqldb.jdbc.UtilTest" time="0.0"/>
    <testcase name="testSqlException_X_0X000_2800" classname="org.hsqldb.jdbc.UtilTest" time="0.0"/>
    <testcase name="testSqlException_X_0Y000_2900" classname="org.hsqldb.jdbc.UtilTest" time="0.0"/>
    <testcase name="testSqlException_X_0Y001_2901" classname="org.hsqldb.jdbc.UtilTest" time="0.0"/>
    <testcase name="testSqlException_X_0Y002_2902" classname="org.hsqldb.jdbc.UtilTest" time="0.0"/>
    <testcase name="testSqlException_X_0Z000_3000" classname="org.hsqldb.jdbc.UtilTest" time="0.001"/>
    <testcase name="testSqlException_X_0Z001_3001" classname="org.hsqldb.jdbc.UtilTest" time="0.0"/>
    <testcase name="testSqlException_X_0Z002_3003" classname="org.hsqldb.jdbc.UtilTest" time="0.0"/>
    <testcase name="testSqlException_X_20000_3100" classname="org.hsqldb.jdbc.UtilTest" time="0.0"/>
    <testcase name="testSqlException_X_21000_3201" classname="org.hsqldb.jdbc.UtilTest" time="0.0"/>
    <testcase name="testSqlException_X_22000_3400" classname="org.hsqldb.jdbc.UtilTest" time="0.0"/>
    <testcase name="testSqlException_X_22001_3401" classname="org.hsqldb.jdbc.UtilTest" time="0.001"/>
    <testcase name="testSqlException_X_22002_3402" classname="org.hsqldb.jdbc.UtilTest" time="0.0"/>
    <testcase name="testSqlException_X_22003_3403" classname="org.hsqldb.jdbc.UtilTest" time="0.0"/>
    <testcase name="testSqlException_X_22004_3404" classname="org.hsqldb.jdbc.UtilTest" time="0.0"/>
    <testcase name="testSqlException_X_22005_3405" classname="org.hsqldb.jdbc.UtilTest" time="0.0"/>
    <testcase name="testSqlException_X_22006_3406" classname="org.hsqldb.jdbc.UtilTest" time="0.0"/>
    <testcase name="testSqlException_X_22007_3407" classname="org.hsqldb.jdbc.UtilTest" time="0.001"/>
    <testcase name="testSqlException_X_22008_3408" classname="org.hsqldb.jdbc.UtilTest" time="0.0"/>
    <testcase name="testSqlException_X_22009_3409" classname="org.hsqldb.jdbc.UtilTest" time="0.0"/>
    <testcase name="testSqlException_X_2200B_3410" classname="org.hsqldb.jdbc.UtilTest" time="0.0"/>
    <testcase name="testSqlException_X_2200C_3411" classname="org.hsqldb.jdbc.UtilTest" time="0.0"/>
    <testcase name="testSqlException_X_2200D_3412" classname="org.hsqldb.jdbc.UtilTest" time="0.0"/>
    <testcase name="testSqlException_X_2200E_3413" classname="org.hsqldb.jdbc.UtilTest" time="0.0"/>
    <testcase name="testSqlException_X_2200F_3414" classname="org.hsqldb.jdbc.UtilTest" time="0.0"/>
    <testcase name="testSqlException_X_2200G_3415" classname="org.hsqldb.jdbc.UtilTest" time="0.0"/>
    <testcase name="testSqlException_X_2200H_3416" classname="org.hsqldb.jdbc.UtilTest" time="0.001"/>
    <testcase name="testSqlException_X_2200J_3417" classname="org.hsqldb.jdbc.UtilTest" time="0.0"/>
    <testcase name="testSqlException_X_2200K_3418" classname="org.hsqldb.jdbc.UtilTest" time="0.0"/>
    <testcase name="testSqlException_X_2200L_3419" classname="org.hsqldb.jdbc.UtilTest" time="0.0"/>
    <testcase name="testSqlException_X_2200M_3420" classname="org.hsqldb.jdbc.UtilTest" time="0.0"/>
    <testcase name="testSqlException_X_2200N_3421" classname="org.hsqldb.jdbc.UtilTest" time="0.0"/>
    <testcase name="testSqlException_X_2200P_3422" classname="org.hsqldb.jdbc.UtilTest" time="0.0"/>
    <testcase name="testSqlException_X_2200Q_3423" classname="org.hsqldb.jdbc.UtilTest" time="0.0"/>
    <testcase name="testSqlException_X_2200R_3424" classname="org.hsqldb.jdbc.UtilTest" time="0.0"/>
    <testcase name="testSqlException_X_2200S_3425" classname="org.hsqldb.jdbc.UtilTest" time="0.001"/>
    <testcase name="testSqlException_X_2200T_3426" classname="org.hsqldb.jdbc.UtilTest" time="0.0"/>
    <testcase name="testSqlException_X_2200U_3427" classname="org.hsqldb.jdbc.UtilTest" time="0.0"/>
    <testcase name="testSqlException_X_2200V_3428" classname="org.hsqldb.jdbc.UtilTest" time="0.0"/>
    <testcase name="testSqlException_X_2200W_3429" classname="org.hsqldb.jdbc.UtilTest" time="0.0"/>
    <testcase name="testSqlException_X_22010_3430" classname="org.hsqldb.jdbc.UtilTest" time="0.0"/>
    <testcase name="testSqlException_X_22011_3431" classname="org.hsqldb.jdbc.UtilTest" time="0.0"/>
    <testcase name="testSqlException_X_22012_3432" classname="org.hsqldb.jdbc.UtilTest" time="0.0"/>
    <testcase name="testSqlException_X_22013_3433" classname="org.hsqldb.jdbc.UtilTest" time="0.0"/>
    <testcase name="testSqlException_X_22014_3434" classname="org.hsqldb.jdbc.UtilTest" time="0.001"/>
    <testcase name="testSqlException_X_22015_3435" classname="org.hsqldb.jdbc.UtilTest" time="0.0"/>
    <testcase name="testSqlException_X_22016_3436" classname="org.hsqldb.jdbc.UtilTest" time="0.0"/>
    <testcase name="testSqlException_X_22017_3437" classname="org.hsqldb.jdbc.UtilTest" time="0.0"/>
    <testcase name="testSqlException_X_22018_3438" classname="org.hsqldb.jdbc.UtilTest" time="0.0"/>
    <testcase name="testSqlException_X_22019_3439" classname="org.hsqldb.jdbc.UtilTest" time="0.0"/>
    <testcase name="testSqlException_X_2201A_3440" classname="org.hsqldb.jdbc.UtilTest" time="0.0"/>
    <testcase name="testSqlException_X_2201B_3441" classname="org.hsqldb.jdbc.UtilTest" time="0.0"/>
    <testcase name="testSqlException_X_2201C_3442" classname="org.hsqldb.jdbc.UtilTest" time="0.0"/>
    <testcase name="testSqlException_X_2201D_3443" classname="org.hsqldb.jdbc.UtilTest" time="0.0"/>
    <testcase name="testSqlException_X_2201E_3444" classname="org.hsqldb.jdbc.UtilTest" time="0.001"/>
    <testcase name="testSqlException_X_2201F_3445" classname="org.hsqldb.jdbc.UtilTest" time="0.0"/>
    <testcase name="testSqlException_X_2201G_3446" classname="org.hsqldb.jdbc.UtilTest" time="0.0"/>
    <testcase name="testSqlException_X_2201J_3447" classname="org.hsqldb.jdbc.UtilTest" time="0.0"/>
    <testcase name="testSqlException_X_2201S_3448" classname="org.hsqldb.jdbc.UtilTest" time="0.0"/>
    <testcase name="testSqlException_X_2201T_3449" classname="org.hsqldb.jdbc.UtilTest" time="0.0"/>
    <testcase name="testSqlException_X_2201U_3450" classname="org.hsqldb.jdbc.UtilTest" time="0.0"/>
    <testcase name="testSqlException_X_2201V_3451" classname="org.hsqldb.jdbc.UtilTest" time="0.0"/>
    <testcase name="testSqlException_X_2201W_3452" classname="org.hsqldb.jdbc.UtilTest" time="0.0"/>
    <testcase name="testSqlException_X_2201X_3453" classname="org.hsqldb.jdbc.UtilTest" time="0.0"/>
    <testcase name="testSqlException_X_22021_3454" classname="org.hsqldb.jdbc.UtilTest" time="0.001"/>
    <testcase name="testSqlException_X_22022_3455" classname="org.hsqldb.jdbc.UtilTest" time="0.0"/>
    <testcase name="testSqlException_X_22023_3456" classname="org.hsqldb.jdbc.UtilTest" time="0.0"/>
    <testcase name="testSqlException_X_22024_3457" classname="org.hsqldb.jdbc.UtilTest" time="0.0"/>
    <testcase name="testSqlException_X_22025_3458" classname="org.hsqldb.jdbc.UtilTest" time="0.0"/>
    <testcase name="testSqlException_X_22026_3459" classname="org.hsqldb.jdbc.UtilTest" time="0.0"/>
    <testcase name="testSqlException_X_22027_3460" classname="org.hsqldb.jdbc.UtilTest" time="0.0"/>
    <testcase name="testSqlException_X_22029_3461" classname="org.hsqldb.jdbc.UtilTest" time="0.0"/>
    <testcase name="testSqlException_X_22501_3471" classname="org.hsqldb.jdbc.UtilTest" time="0.0"/>
    <testcase name="testSqlException_X_22511_3472" classname="org.hsqldb.jdbc.UtilTest" time="0.0"/>
    <testcase name="testSqlException_X_22521_3473" classname="org.hsqldb.jdbc.UtilTest" time="0.001"/>
    <testcase name="testSqlException_X_2202A_3488" classname="org.hsqldb.jdbc.UtilTest" time="0.0"/>
    <testcase name="testSqlException_X_2202D_3489" classname="org.hsqldb.jdbc.UtilTest" time="0.0"/>
    <testcase name="testSqlException_X_2202E_3490" classname="org.hsqldb.jdbc.UtilTest" time="0.0"/>
    <testcase name="testSqlException_X_2202F_3491" classname="org.hsqldb.jdbc.UtilTest" time="0.0"/>
    <testcase name="testSqlException_X_2202G_3492" classname="org.hsqldb.jdbc.UtilTest" time="0.0"/>
    <testcase name="testSqlException_X_2202H_3493" classname="org.hsqldb.jdbc.UtilTest" time="0.0"/>
    <testcase name="testSqlException_X_23000_3500" classname="org.hsqldb.jdbc.UtilTest" time="0.0"/>
    <testcase name="testSqlException_X_23001_3501" classname="org.hsqldb.jdbc.UtilTest" time="0.0"/>
    <testcase name="testSqlException_X_23502_10" classname="org.hsqldb.jdbc.UtilTest" time="0.001"/>
    <testcase name="testSqlException_X_23503_177" classname="org.hsqldb.jdbc.UtilTest" time="0.0"/>
    <testcase name="testSqlException_X_23504_8" classname="org.hsqldb.jdbc.UtilTest" time="0.0"/>
    <testcase name="testSqlException_X_23505_104" classname="org.hsqldb.jdbc.UtilTest" time="0.0"/>
    <testcase name="testSqlException_X_23513_157" classname="org.hsqldb.jdbc.UtilTest" time="0.0"/>
    <testcase name="testSqlException_X_24000_3600" classname="org.hsqldb.jdbc.UtilTest" time="0.0"/>
    <testcase name="testSqlException_X_24501_3601" classname="org.hsqldb.jdbc.UtilTest" time="0.0"/>
    <testcase name="testSqlException_X_24502_3602" classname="org.hsqldb.jdbc.UtilTest" time="0.0"/>
    <testcase name="testSqlException_X_24504_3603" classname="org.hsqldb.jdbc.UtilTest" time="0.0"/>
    <testcase name="testSqlException_X_24513_3604" classname="org.hsqldb.jdbc.UtilTest" time="0.0"/>
    <testcase name="testSqlException_X_24514_3605" classname="org.hsqldb.jdbc.UtilTest" time="0.001"/>
    <testcase name="testSqlException_X_24515_3606" classname="org.hsqldb.jdbc.UtilTest" time="0.0"/>
    <testcase name="testSqlException_X_24521_3621" classname="org.hsqldb.jdbc.UtilTest" time="0.0"/>
    <testcase name="testSqlException_X_25000_3700" classname="org.hsqldb.jdbc.UtilTest" time="0.0"/>
    <testcase name="testSqlException_X_25001_3701" classname="org.hsqldb.jdbc.UtilTest" time="0.0"/>
    <testcase name="testSqlException_X_25002_3702" classname="org.hsqldb.jdbc.UtilTest" time="0.0"/>
    <testcase name="testSqlException_X_25003_3703" classname="org.hsqldb.jdbc.UtilTest" time="0.0"/>
    <testcase name="testSqlException_X_25004_3704" classname="org.hsqldb.jdbc.UtilTest" time="0.0"/>
    <testcase name="testSqlException_X_25005_3705" classname="org.hsqldb.jdbc.UtilTest" time="0.0"/>
    <testcase name="testSqlException_X_25006_3706" classname="org.hsqldb.jdbc.UtilTest" time="0.0"/>
    <testcase name="testSqlException_X_25007_3707" classname="org.hsqldb.jdbc.UtilTest" time="0.001"/>
    <testcase name="testSqlException_X_25008_3708" classname="org.hsqldb.jdbc.UtilTest" time="0.0"/>
    <testcase name="testSqlException_X_26000_3800" classname="org.hsqldb.jdbc.UtilTest" time="0.0"/>
    <testcase name="testSqlException_X_27000_3900" classname="org.hsqldb.jdbc.UtilTest" time="0.0"/>
    <testcase name="testSqlException_X_28000_4000" classname="org.hsqldb.jdbc.UtilTest" time="0.0"/>
    <testcase name="testSqlException_X_28501_4001" classname="org.hsqldb.jdbc.UtilTest" time="0.0"/>
    <testcase name="testSqlException_X_28502_4002" classname="org.hsqldb.jdbc.UtilTest" time="0.0"/>
    <testcase name="testSqlException_X_28503_4003" classname="org.hsqldb.jdbc.UtilTest" time="0.0"/>
    <testcase name="testSqlException_X_2A000_4100" classname="org.hsqldb.jdbc.UtilTest" time="0.001"/>
    <testcase name="testSqlException_X_2B000_4200" classname="org.hsqldb.jdbc.UtilTest" time="0.0"/>
    <testcase name="testSqlException_X_2C000_4300" classname="org.hsqldb.jdbc.UtilTest" time="0.0"/>
    <testcase name="testSqlException_X_2D000_4400" classname="org.hsqldb.jdbc.UtilTest" time="0.0"/>
    <testcase name="testSqlException_X_2D522_4401" classname="org.hsqldb.jdbc.UtilTest" time="0.0"/>
    <testcase name="testSqlException_X_2E000_4500" classname="org.hsqldb.jdbc.UtilTest" time="0.0"/>
    <testcase name="testSqlException_X_2F000_4600" classname="org.hsqldb.jdbc.UtilTest" time="0.0"/>
    <testcase name="testSqlException_X_2F002_4602" classname="org.hsqldb.jdbc.UtilTest" time="0.0"/>
    <testcase name="testSqlException_X_2F003_4603" classname="org.hsqldb.jdbc.UtilTest" time="0.0"/>
    <testcase name="testSqlException_X_2F004_4604" classname="org.hsqldb.jdbc.UtilTest" time="0.001"/>
    <testcase name="testSqlException_X_2F005_4605" classname="org.hsqldb.jdbc.UtilTest" time="0.0"/>
    <testcase name="testSqlException_X_2H000_4650" classname="org.hsqldb.jdbc.UtilTest" time="0.0"/>
    <testcase name="testSqlException_X_30000_4660" classname="org.hsqldb.jdbc.UtilTest" time="0.0"/>
    <testcase name="testSqlException_X_33000_4670" classname="org.hsqldb.jdbc.UtilTest" time="0.0"/>
    <testcase name="testSqlException_X_34000_4680" classname="org.hsqldb.jdbc.UtilTest" time="0.0"/>
    <testcase name="testSqlException_X_35000_4690" classname="org.hsqldb.jdbc.UtilTest" time="0.0"/>
    <testcase name="testSqlException_X_36000_4700" classname="org.hsqldb.jdbc.UtilTest" time="0.0"/>
    <testcase name="testSqlException_X_36001_4701" classname="org.hsqldb.jdbc.UtilTest" time="0.0"/>
    <testcase name="testSqlException_X_36002_4702" classname="org.hsqldb.jdbc.UtilTest" time="0.001"/>
    <testcase name="testSqlException_W_36501_4711" classname="org.hsqldb.jdbc.UtilTest" time="0.0"/>
    <testcase name="testSqlException_W_36502_4712" classname="org.hsqldb.jdbc.UtilTest" time="0.0"/>
    <testcase name="testSqlException_W_36503_4713" classname="org.hsqldb.jdbc.UtilTest" time="0.0"/>
    <testcase name="testSqlException_X_37000_4790" classname="org.hsqldb.jdbc.UtilTest" time="0.0"/>
    <testcase name="testSqlException_X_38000_4800" classname="org.hsqldb.jdbc.UtilTest" time="0.0"/>
    <testcase name="testSqlException_X_38001_4801" classname="org.hsqldb.jdbc.UtilTest" time="0.0"/>
    <testcase name="testSqlException_X_38002_4802" classname="org.hsqldb.jdbc.UtilTest" time="0.0"/>
    <testcase name="testSqlException_X_38003_4803" classname="org.hsqldb.jdbc.UtilTest" time="0.0"/>
    <testcase name="testSqlException_X_38004_4804" classname="org.hsqldb.jdbc.UtilTest" time="0.0"/>
    <testcase name="testSqlException_X_39000_4810" classname="org.hsqldb.jdbc.UtilTest" time="0.0"/>
    <testcase name="testSqlException_X_39004_4811" classname="org.hsqldb.jdbc.UtilTest" time="0.0"/>
    <testcase name="testSqlException_X_3B000_4820" classname="org.hsqldb.jdbc.UtilTest" time="0.0"/>
    <testcase name="testSqlException_X_3B001_4821" classname="org.hsqldb.jdbc.UtilTest" time="0.0"/>
    <testcase name="testSqlException_X_3B002_4822" classname="org.hsqldb.jdbc.UtilTest" time="0.0"/>
    <testcase name="testSqlException_X_3C000_4830" classname="org.hsqldb.jdbc.UtilTest" time="0.0"/>
    <testcase name="testSqlException_X_3D000_4840" classname="org.hsqldb.jdbc.UtilTest" time="0.0"/>
    <testcase name="testSqlException_X_3F000_4850" classname="org.hsqldb.jdbc.UtilTest" time="0.0"/>
    <testcase name="testSqlException_X_40000_4860" classname="org.hsqldb.jdbc.UtilTest" time="0.001"/>
    <testcase name="testSqlException_X_40001_4861" classname="org.hsqldb.jdbc.UtilTest" time="0.0"/>
    <testcase name="testSqlException_X_40002_4862" classname="org.hsqldb.jdbc.UtilTest" time="0.0"/>
    <testcase name="testSqlException_X_40003_4863" classname="org.hsqldb.jdbc.UtilTest" time="0.0"/>
    <testcase name="testSqlException_X_40004_4864" classname="org.hsqldb.jdbc.UtilTest" time="0.0"/>
    <testcase name="testSqlException_X_40501_4871" classname="org.hsqldb.jdbc.UtilTest" time="0.0"/>
    <testcase name="testSqlException_X_42000_5000" classname="org.hsqldb.jdbc.UtilTest" time="0.0"/>
    <testcase name="testSqlException_X_42501_5501" classname="org.hsqldb.jdbc.UtilTest" time="0.0"/>
    <testcase name="testSqlException_X_42502_5502" classname="org.hsqldb.jdbc.UtilTest" time="0.0"/>
    <testcase name="testSqlException_X_42503_5503" classname="org.hsqldb.jdbc.UtilTest" time="0.0"/>
    <testcase name="testSqlException_X_42504_5504" classname="org.hsqldb.jdbc.UtilTest" time="0.001"/>
    <testcase name="testSqlException_X_42505_5505" classname="org.hsqldb.jdbc.UtilTest" time="0.0"/>
    <testcase name="testSqlException_X_42506_5506" classname="org.hsqldb.jdbc.UtilTest" time="0.0"/>
    <testcase name="testSqlException_X_42507_5507" classname="org.hsqldb.jdbc.UtilTest" time="0.0"/>
    <testcase name="testSqlException_X_42508_5508" classname="org.hsqldb.jdbc.UtilTest" time="0.0"/>
    <testcase name="testSqlException_X_42509_5509" classname="org.hsqldb.jdbc.UtilTest" time="0.0"/>
    <testcase name="testSqlException_X_42510_5510" classname="org.hsqldb.jdbc.UtilTest" time="0.001"/>
    <testcase name="testSqlException_X_42512_5512" classname="org.hsqldb.jdbc.UtilTest" time="0.0"/>
    <testcase name="testSqlException_X_42513_5513" classname="org.hsqldb.jdbc.UtilTest" time="0.0"/>
    <testcase name="testSqlException_X_42520_5520" classname="org.hsqldb.jdbc.UtilTest" time="0.0"/>
    <testcase name="testSqlException_X_42521_5521" classname="org.hsqldb.jdbc.UtilTest" time="0.0"/>
    <testcase name="testSqlException_X_42522_5522" classname="org.hsqldb.jdbc.UtilTest" time="0.001"/>
    <testcase name="testSqlException_X_42523_5523" classname="org.hsqldb.jdbc.UtilTest" time="0.0"/>
    <testcase name="testSqlException_X_42524_5524" classname="org.hsqldb.jdbc.UtilTest" time="0.0"/>
    <testcase name="testSqlException_X_42525_5525" classname="org.hsqldb.jdbc.UtilTest" time="0.0"/>
    <testcase name="testSqlException_X_42526_5526" classname="org.hsqldb.jdbc.UtilTest" time="0.0"/>
    <testcase name="testSqlException_X_42527_5527" classname="org.hsqldb.jdbc.UtilTest" time="0.001"/>
    <testcase name="testSqlException_X_42528_5528" classname="org.hsqldb.jdbc.UtilTest" time="0.0"/>
    <testcase name="testSqlException_X_42529_5529" classname="org.hsqldb.jdbc.UtilTest" time="0.0"/>
    <testcase name="testSqlException_X_42530_5530" classname="org.hsqldb.jdbc.UtilTest" time="0.0"/>
    <testcase name="testSqlException_X_42531_5531" classname="org.hsqldb.jdbc.UtilTest" time="0.0"/>
    <testcase name="testSqlException_X_42532_5532" classname="org.hsqldb.jdbc.UtilTest" time="0.0"/>
    <testcase name="testSqlException_X_42533_5533" classname="org.hsqldb.jdbc.UtilTest" time="0.001"/>
    <testcase name="testSqlException_X_42534_5534" classname="org.hsqldb.jdbc.UtilTest" time="0.0"/>
    <testcase name="testSqlException_X_42535_5535" classname="org.hsqldb.jdbc.UtilTest" time="0.0"/>
    <testcase name="testSqlException_X_42536_5536" classname="org.hsqldb.jdbc.UtilTest" time="0.0"/>
    <testcase name="testSqlException_X_42537_5537" classname="org.hsqldb.jdbc.UtilTest" time="0.0"/>
    <testcase name="testSqlException_X_42538_5538" classname="org.hsqldb.jdbc.UtilTest" time="0.0"/>
    <testcase name="testSqlException_X_42539_5539" classname="org.hsqldb.jdbc.UtilTest" time="0.001"/>
    <testcase name="testSqlException_X_42541_5541" classname="org.hsqldb.jdbc.UtilTest" time="0.0"/>
    <testcase name="testSqlException_X_42542_5542" classname="org.hsqldb.jdbc.UtilTest" time="0.0"/>
    <testcase name="testSqlException_X_42543_5543" classname="org.hsqldb.jdbc.UtilTest" time="0.0"/>
    <testcase name="testSqlException_X_42544_5544" classname="org.hsqldb.jdbc.UtilTest" time="0.0"/>
    <testcase name="testSqlException_X_42545_5545" classname="org.hsqldb.jdbc.UtilTest" time="0.0"/>
    <testcase name="testSqlException_X_42546_5546" classname="org.hsqldb.jdbc.UtilTest" time="0.001"/>
    <testcase name="testSqlException_X_42547_5547" classname="org.hsqldb.jdbc.UtilTest" time="0.0"/>
    <testcase name="testSqlException_X_42548_5548" classname="org.hsqldb.jdbc.UtilTest" time="0.0"/>
    <testcase name="testSqlException_X_42549_5549" classname="org.hsqldb.jdbc.UtilTest" time="0.0"/>
    <testcase name="testSqlException_X_42551_5551" classname="org.hsqldb.jdbc.UtilTest" time="0.0"/>
    <testcase name="testSqlException_X_42555_5555" classname="org.hsqldb.jdbc.UtilTest" time="0.0"/>
    <testcase name="testSqlException_X_42556_5556" classname="org.hsqldb.jdbc.UtilTest" time="0.0"/>
    <testcase name="testSqlException_X_42561_5561" classname="org.hsqldb.jdbc.UtilTest" time="0.0"/>
    <testcase name="testSqlException_X_42562_5562" classname="org.hsqldb.jdbc.UtilTest" time="0.0"/>
    <testcase name="testSqlException_X_42563_5563" classname="org.hsqldb.jdbc.UtilTest" time="0.001"/>
    <testcase name="testSqlException_X_42564_5564" classname="org.hsqldb.jdbc.UtilTest" time="0.0"/>
    <testcase name="testSqlException_X_42565_5565" classname="org.hsqldb.jdbc.UtilTest" time="0.0"/>
    <testcase name="testSqlException_X_42566_5566" classname="org.hsqldb.jdbc.UtilTest" time="0.0"/>
    <testcase name="testSqlException_X_42567_5567" classname="org.hsqldb.jdbc.UtilTest" time="0.0"/>
    <testcase name="testSqlException_X_42568_5568" classname="org.hsqldb.jdbc.UtilTest" time="0.0"/>
    <testcase name="testSqlException_X_42569_5569" classname="org.hsqldb.jdbc.UtilTest" time="0.0"/>
    <testcase name="testSqlException_X_42570_5570" classname="org.hsqldb.jdbc.UtilTest" time="0.0"/>
    <testcase name="testSqlException_X_42571_5571" classname="org.hsqldb.jdbc.UtilTest" time="0.0"/>
    <testcase name="testSqlException_X_42572_5572" classname="org.hsqldb.jdbc.UtilTest" time="0.001"/>
    <testcase name="testSqlException_X_42573_5573" classname="org.hsqldb.jdbc.UtilTest" time="0.0"/>
    <testcase name="testSqlException_X_42574_5574" classname="org.hsqldb.jdbc.UtilTest" time="0.0"/>
    <testcase name="testSqlException_X_42575_5575" classname="org.hsqldb.jdbc.UtilTest" time="0.0"/>
    <testcase name="testSqlException_X_42576_5576" classname="org.hsqldb.jdbc.UtilTest" time="0.0"/>
    <testcase name="testSqlException_X_42577_5577" classname="org.hsqldb.jdbc.UtilTest" time="0.0"/>
    <testcase name="testSqlException_X_42578_5578" classname="org.hsqldb.jdbc.UtilTest" time="0.0"/>
    <testcase name="testSqlException_X_42579_5579" classname="org.hsqldb.jdbc.UtilTest" time="0.0"/>
    <testcase name="testSqlException_X_42580_5580" classname="org.hsqldb.jdbc.UtilTest" time="0.0"/>
    <testcase name="testSqlException_X_42581_5581" classname="org.hsqldb.jdbc.UtilTest" time="0.001"/>
    <testcase name="testSqlException_X_42582_5582" classname="org.hsqldb.jdbc.UtilTest" time="0.0"/>
    <testcase name="testSqlException_X_42583_5583" classname="org.hsqldb.jdbc.UtilTest" time="0.0"/>
    <testcase name="testSqlException_X_42584_5584" classname="org.hsqldb.jdbc.UtilTest" time="0.0"/>
    <testcase name="testSqlException_X_42585_5585" classname="org.hsqldb.jdbc.UtilTest" time="0.0"/>
    <testcase name="testSqlException_X_42586_5586" classname="org.hsqldb.jdbc.UtilTest" time="0.0"/>
    <testcase name="testSqlException_X_42587_5587" classname="org.hsqldb.jdbc.UtilTest" time="0.0"/>
    <testcase name="testSqlException_X_42588_5588" classname="org.hsqldb.jdbc.UtilTest" time="0.0"/>
    <testcase name="testSqlException_X_42589_5589" classname="org.hsqldb.jdbc.UtilTest" time="0.0"/>
    <testcase name="testSqlException_X_42590_5590" classname="org.hsqldb.jdbc.UtilTest" time="0.001"/>
    <testcase name="testSqlException_X_42591_5591" classname="org.hsqldb.jdbc.UtilTest" time="0.0"/>
    <testcase name="testSqlException_X_42592_5592" classname="org.hsqldb.jdbc.UtilTest" time="0.0"/>
    <testcase name="testSqlException_X_42593_5593" classname="org.hsqldb.jdbc.UtilTest" time="0.0"/>
    <testcase name="testSqlException_X_42594_5594" classname="org.hsqldb.jdbc.UtilTest" time="0.0"/>
    <testcase name="testSqlException_X_42595_5595" classname="org.hsqldb.jdbc.UtilTest" time="0.0"/>
    <testcase name="testSqlException_X_42596_5596" classname="org.hsqldb.jdbc.UtilTest" time="0.0"/>
    <testcase name="testSqlException_X_42597_5597" classname="org.hsqldb.jdbc.UtilTest" time="0.0"/>
    <testcase name="testSqlException_X_42598_5598" classname="org.hsqldb.jdbc.UtilTest" time="0.0"/>
    <testcase name="testSqlException_X_42599_5599" classname="org.hsqldb.jdbc.UtilTest" time="0.001"/>
    <testcase name="testSqlException_X_42601_5601" classname="org.hsqldb.jdbc.UtilTest" time="0.0"/>
    <testcase name="testSqlException_X_42602_5602" classname="org.hsqldb.jdbc.UtilTest" time="0.0"/>
    <testcase name="testSqlException_X_42603_5603" classname="org.hsqldb.jdbc.UtilTest" time="0.0"/>
    <testcase name="testSqlException_X_42604_5604" classname="org.hsqldb.jdbc.UtilTest" time="0.0"/>
    <testcase name="testSqlException_X_42605_5605" classname="org.hsqldb.jdbc.UtilTest" time="0.0"/>
    <testcase name="testSqlException_X_42606_5606" classname="org.hsqldb.jdbc.UtilTest" time="0.0"/>
    <testcase name="testSqlException_X_42607_5607" classname="org.hsqldb.jdbc.UtilTest" time="0.0"/>
    <testcase name="testSqlException_X_42608_5608" classname="org.hsqldb.jdbc.UtilTest" time="0.001"/>
    <testcase name="testSqlException_X_42609_5609" classname="org.hsqldb.jdbc.UtilTest" time="0.0"/>
    <testcase name="testSqlException_X_42610_5610" classname="org.hsqldb.jdbc.UtilTest" time="0.0"/>
    <testcase name="testSqlException_X_44000_5700" classname="org.hsqldb.jdbc.UtilTest" time="0.0"/>
    <testcase name="testSqlException_X_45000_5800" classname="org.hsqldb.jdbc.UtilTest" time="0.0"/>
    <testcase name="testSqlException_X_46000_6000" classname="org.hsqldb.jdbc.UtilTest" time="0.0"/>
    <testcase name="testSqlException_X_46001_6001" classname="org.hsqldb.jdbc.UtilTest" time="0.0"/>
    <testcase name="testSqlException_X_46002_6002" classname="org.hsqldb.jdbc.UtilTest" time="0.0"/>
    <testcase name="testSqlException_X_46003_6003" classname="org.hsqldb.jdbc.UtilTest" time="0.0"/>
    <testcase name="testSqlException_X_46005_6004" classname="org.hsqldb.jdbc.UtilTest" time="0.001"/>
    <testcase name="testSqlException_X_4600A_6007" classname="org.hsqldb.jdbc.UtilTest" time="0.0"/>
    <testcase name="testSqlException_X_4600B_6008" classname="org.hsqldb.jdbc.UtilTest" time="0.0"/>
    <testcase name="testSqlException_X_4600C_6009" classname="org.hsqldb.jdbc.UtilTest" time="0.0"/>
    <testcase name="testSqlException_X_4600D_6010" classname="org.hsqldb.jdbc.UtilTest" time="0.0"/>
    <testcase name="testSqlException_X_4600E_6011" classname="org.hsqldb.jdbc.UtilTest" time="0.0"/>
    <testcase name="testSqlException_X_46102_6012" classname="org.hsqldb.jdbc.UtilTest" time="0.0"/>
    <testcase name="testSqlException_X_46103_6013" classname="org.hsqldb.jdbc.UtilTest" time="0.0"/>
    <testcase name="testSqlException_X_46511_6021" classname="org.hsqldb.jdbc.UtilTest" time="0.0"/>
    <testcase name="testSqlException_X_99000_6500" classname="org.hsqldb.jdbc.UtilTest" time="0.001"/>
    <testcase name="testSqlException_X_99099_6501" classname="org.hsqldb.jdbc.UtilTest" time="0.0"/>
    <testcase name="testSqlException_X_HV000_6600" classname="org.hsqldb.jdbc.UtilTest" time="0.0"/>
    <testcase name="testSqlException_X_HV001_6601" classname="org.hsqldb.jdbc.UtilTest" time="0.0"/>
    <testcase name="testSqlException_X_HV002_6602" classname="org.hsqldb.jdbc.UtilTest" time="0.0"/>
    <testcase name="testSqlException_X_HV004_6603" classname="org.hsqldb.jdbc.UtilTest" time="0.0"/>
    <testcase name="testSqlException_X_HV005_6604" classname="org.hsqldb.jdbc.UtilTest" time="0.0"/>
    <testcase name="testSqlException_X_HV006_6605" classname="org.hsqldb.jdbc.UtilTest" time="0.0"/>
    <testcase name="testSqlException_X_HV007_6606" classname="org.hsqldb.jdbc.UtilTest" time="0.001"/>
    <testcase name="testSqlException_X_HV008_6607" classname="org.hsqldb.jdbc.UtilTest" time="0.0"/>
    <testcase name="testSqlException_X_HV009_6608" classname="org.hsqldb.jdbc.UtilTest" time="0.0"/>
    <testcase name="testSqlException_X_HV00A_6609" classname="org.hsqldb.jdbc.UtilTest" time="0.0"/>
    <testcase name="testSqlException_X_HV00B_6610" classname="org.hsqldb.jdbc.UtilTest" time="0.0"/>
    <testcase name="testSqlException_X_HV00C_6611" classname="org.hsqldb.jdbc.UtilTest" time="0.0"/>
    <testcase name="testSqlException_X_HV00D_6612" classname="org.hsqldb.jdbc.UtilTest" time="0.0"/>
    <testcase name="testSqlException_X_HV00J_6613" classname="org.hsqldb.jdbc.UtilTest" time="0.0"/>
    <testcase name="testSqlException_X_HV00K_6614" classname="org.hsqldb.jdbc.UtilTest" time="0.0"/>
    <testcase name="testSqlException_X_HV00L_6615" classname="org.hsqldb.jdbc.UtilTest" time="0.001"/>
    <testcase name="testSqlException_X_HV00M_6616" classname="org.hsqldb.jdbc.UtilTest" time="0.0"/>
    <testcase name="testSqlException_X_HV00N_6617" classname="org.hsqldb.jdbc.UtilTest" time="0.0"/>
    <testcase name="testSqlException_X_HV00P_6618" classname="org.hsqldb.jdbc.UtilTest" time="0.0"/>
    <testcase name="testSqlException_X_HV00Q_6619" classname="org.hsqldb.jdbc.UtilTest" time="0.0"/>
    <testcase name="testSqlException_X_HV00R_6620" classname="org.hsqldb.jdbc.UtilTest" time="0.0"/>
    <testcase name="testSqlException_X_HV010_6621" classname="org.hsqldb.jdbc.UtilTest" time="0.0"/>
    <testcase name="testSqlException_X_HV014_6622" classname="org.hsqldb.jdbc.UtilTest" time="0.0"/>
    <testcase name="testSqlException_X_HV021_6623" classname="org.hsqldb.jdbc.UtilTest" time="0.0"/>
    <testcase name="testSqlException_X_HV024_6624" classname="org.hsqldb.jdbc.UtilTest" time="0.001"/>
    <testcase name="testSqlException_X_HV090_6625" classname="org.hsqldb.jdbc.UtilTest" time="0.0"/>
    <testcase name="testSqlException_X_HV091_6626" classname="org.hsqldb.jdbc.UtilTest" time="0.0"/>
    <testcase name="testSqlException_X_HW000_6700" classname="org.hsqldb.jdbc.UtilTest" time="0.0"/>
    <testcase name="testSqlException_X_HW001_6701" classname="org.hsqldb.jdbc.UtilTest" time="0.0"/>
    <testcase name="testSqlException_X_HW002_6702" classname="org.hsqldb.jdbc.UtilTest" time="0.0"/>
    <testcase name="testSqlException_X_HW003_6703" classname="org.hsqldb.jdbc.UtilTest" time="0.0"/>
    <testcase name="testSqlException_X_HW004_6704" classname="org.hsqldb.jdbc.UtilTest" time="0.0"/>
    <testcase name="testSqlException_X_HW005_6705" classname="org.hsqldb.jdbc.UtilTest" time="0.0"/>
    <testcase name="testSqlException_X_HW006_6706" classname="org.hsqldb.jdbc.UtilTest" time="0.0"/>
    <testcase name="testSqlException_X_HW007_6707" classname="org.hsqldb.jdbc.UtilTest" time="0.001"/>
    <testcase name="testSqlException_X_HY093_6800" classname="org.hsqldb.jdbc.UtilTest" time="0.0"/>
  </testsuite>
  <testsuite name="org.hsqldb.jdbc.JDBCCallableStatementWhileClosedTest" time="0.479">
    <testcase name="testRegisterOutParameter" classname="org.hsqldb.jdbc.JDBCCallableStatementWhileClosedTest" time="0.029"/>
    <testcase name="testSetAsciiStream" classname="org.hsqldb.jdbc.JDBCCallableStatementWhileClosedTest" time="0.014"/>
    <testcase name="testSetBoolean" classname="org.hsqldb.jdbc.JDBCCallableStatementWhileClosedTest" time="0.01"/>
    <testcase name="testSetBinaryStream" classname="org.hsqldb.jdbc.JDBCCallableStatementWhileClosedTest" time="0.008"/>
    <testcase name="testSetTimestamp" classname="org.hsqldb.jdbc.JDBCCallableStatementWhileClosedTest" time="0.008"/>
    <testcase name="testGetArray" classname="org.hsqldb.jdbc.JDBCCallableStatementWhileClosedTest" time="0.009"/>
    <testcase name="testGetBytes" classname="org.hsqldb.jdbc.JDBCCallableStatementWhileClosedTest" time="0.008"/>
    <testcase name="testGetFloat" classname="org.hsqldb.jdbc.JDBCCallableStatementWhileClosedTest" time="0.021"/>
    <testcase name="testGetRowId" classname="org.hsqldb.jdbc.JDBCCallableStatementWhileClosedTest" time="0.008"/>
    <testcase name="testGetShort" classname="org.hsqldb.jdbc.JDBCCallableStatementWhileClosedTest" time="0.009"/>
    <testcase name="testClose" classname="org.hsqldb.jdbc.JDBCCallableStatementWhileClosedTest" time="0.0"/>
    <testcase name="testSetNString" classname="org.hsqldb.jdbc.JDBCCallableStatementWhileClosedTest" time="0.008"/>
    <testcase name="testGetBlob" classname="org.hsqldb.jdbc.JDBCCallableStatementWhileClosedTest" time="0.008"/>
    <testcase name="testGetByte" classname="org.hsqldb.jdbc.JDBCCallableStatementWhileClosedTest" time="0.008"/>
    <testcase name="testGetClob" classname="org.hsqldb.jdbc.JDBCCallableStatementWhileClosedTest" time="0.008"/>
    <testcase name="testGetDate" classname="org.hsqldb.jdbc.JDBCCallableStatementWhileClosedTest" time="0.008"/>
    <testcase name="testGetLong" classname="org.hsqldb.jdbc.JDBCCallableStatementWhileClosedTest" time="0.009"/>
    <testcase name="testGetTime" classname="org.hsqldb.jdbc.JDBCCallableStatementWhileClosedTest" time="0.009"/>
    <testcase name="testSetNCharacterStream" classname="org.hsqldb.jdbc.JDBCCallableStatementWhileClosedTest" time="0.01"/>
    <testcase name="testGetBoolean" classname="org.hsqldb.jdbc.JDBCCallableStatementWhileClosedTest" time="0.009"/>
    <testcase name="testWasNull" classname="org.hsqldb.jdbc.JDBCCallableStatementWhileClosedTest" time="0.01"/>
    <testcase name="testSetDouble" classname="org.hsqldb.jdbc.JDBCCallableStatementWhileClosedTest" time="0.008"/>
    <testcase name="testSetCharacterStream" classname="org.hsqldb.jdbc.JDBCCallableStatementWhileClosedTest" time="0.008"/>
    <testcase name="testGetDouble" classname="org.hsqldb.jdbc.JDBCCallableStatementWhileClosedTest" time="0.008"/>
    <testcase name="testGetBigDecimal" classname="org.hsqldb.jdbc.JDBCCallableStatementWhileClosedTest" time="0.02"/>
    <testcase name="testGetTimestamp" classname="org.hsqldb.jdbc.JDBCCallableStatementWhileClosedTest" time="0.01"/>
    <testcase name="testSetObject" classname="org.hsqldb.jdbc.JDBCCallableStatementWhileClosedTest" time="0.01"/>
    <testcase name="testSetString" classname="org.hsqldb.jdbc.JDBCCallableStatementWhileClosedTest" time="0.009"/>
    <testcase name="testGetObject" classname="org.hsqldb.jdbc.JDBCCallableStatementWhileClosedTest" time="0.009"/>
    <testcase name="testGetInt" classname="org.hsqldb.jdbc.JDBCCallableStatementWhileClosedTest" time="0.008"/>
    <testcase name="testGetRef" classname="org.hsqldb.jdbc.JDBCCallableStatementWhileClosedTest" time="0.008"/>
    <testcase name="testGetURL" classname="org.hsqldb.jdbc.JDBCCallableStatementWhileClosedTest" time="0.009"/>
    <testcase name="testGetString" classname="org.hsqldb.jdbc.JDBCCallableStatementWhileClosedTest" time="0.011"/>
    <testcase name="testSetByte" classname="org.hsqldb.jdbc.JDBCCallableStatementWhileClosedTest" time="0.009"/>
    <testcase name="testSetClob" classname="org.hsqldb.jdbc.JDBCCallableStatementWhileClosedTest" time="0.025"/>
    <testcase name="testSetDate" classname="org.hsqldb.jdbc.JDBCCallableStatementWhileClosedTest" time="0.009"/>
    <testcase name="testSetLong" classname="org.hsqldb.jdbc.JDBCCallableStatementWhileClosedTest" time="0.01"/>
    <testcase name="testSetNull" classname="org.hsqldb.jdbc.JDBCCallableStatementWhileClosedTest" time="0.011"/>
    <testcase name="testSetTime" classname="org.hsqldb.jdbc.JDBCCallableStatementWhileClosedTest" time="0.008"/>
    <testcase name="testSetInt" classname="org.hsqldb.jdbc.JDBCCallableStatementWhileClosedTest" time="0.019"/>
    <testcase name="testSetURL" classname="org.hsqldb.jdbc.JDBCCallableStatementWhileClosedTest" time="0.009"/>
    <testcase name="testSetBigDecimal" classname="org.hsqldb.jdbc.JDBCCallableStatementWhileClosedTest" time="0.007"/>
    <testcase name="testSetBytes" classname="org.hsqldb.jdbc.JDBCCallableStatementWhileClosedTest" time="0.008"/>
    <testcase name="testSetFloat" classname="org.hsqldb.jdbc.JDBCCallableStatementWhileClosedTest" time="0.007"/>
    <testcase name="testSetNClob" classname="org.hsqldb.jdbc.JDBCCallableStatementWhileClosedTest" time="0.012"/>
    <testcase name="testSetRowId" classname="org.hsqldb.jdbc.JDBCCallableStatementWhileClosedTest" time="0.009"/>
    <testcase name="testSetShort" classname="org.hsqldb.jdbc.JDBCCallableStatementWhileClosedTest" time="0.007"/>
  </testsuite>
  <testsuite name="org.hsqldb.test.TestBug808460" time="0.305">
    <testcase name="test" classname="org.hsqldb.test.TestBug808460" time="0.305"/>
  </testsuite>
  <testsuite name="org.hsqldb.jdbc.JDBCClobFileTest" time="0.011">
    <testcase name="testLength" classname="org.hsqldb.jdbc.JDBCClobFileTest" time="0.009">
      <failure>junit.framework.AssertionFailedError: expected:&lt;14&gt; but was:&lt;56&gt;
	at junit.framework.Assert.fail(Assert.java:57)
	at junit.framework.Assert.failNotEquals(Assert.java:329)
	at junit.framework.Assert.assertEquals(Assert.java:78)
	at junit.framework.Assert.assertEquals(Assert.java:159)
	at junit.framework.Assert.assertEquals(Assert.java:166)
	at junit.framework.TestCase.assertEquals(TestCase.java:324)
	at org.hsqldb.jdbc.JDBCClobFileTest.testLength(JDBCClobFileTest.java:69)
	at sun.reflect.NativeMethodAccessorImpl.invoke0(Native Method)
	at sun.reflect.NativeMethodAccessorImpl.invoke(NativeMethodAccessorImpl.java:57)
	at sun.reflect.DelegatingMethodAccessorImpl.invoke(DelegatingMethodAccessorImpl.java:43)
	at java.lang.reflect.Method.invoke(Method.java:606)
	at org.hsqldb.testbase.BaseTestCase.runTest(BaseTestCase.java:948)
	at junit.framework.TestCase.runBare(TestCase.java:141)
	at junit.framework.TestResult$1.protect(TestResult.java:122)
	at junit.framework.TestResult.runProtected(TestResult.java:142)
	at junit.framework.TestResult.run(TestResult.java:125)
	at junit.framework.TestCase.run(TestCase.java:129)
	at junit.framework.TestSuite.runTest(TestSuite.java:255)
	at junit.framework.TestSuite.run(TestSuite.java:250)
	at org.junit.internal.runners.JUnit38ClassRunner.run(JUnit38ClassRunner.java:84)
	at org.eclipse.jdt.internal.junit4.runner.JUnit4TestReference.run(JUnit4TestReference.java:50)
	at org.eclipse.jdt.internal.junit.runner.TestExecution.run(TestExecution.java:38)
	at org.eclipse.jdt.internal.junit.runner.RemoteTestRunner.runTests(RemoteTestRunner.java:459)
	at org.eclipse.jdt.internal.junit.runner.RemoteTestRunner.runTests(RemoteTestRunner.java:675)
	at org.eclipse.jdt.internal.junit.runner.RemoteTestRunner.run(RemoteTestRunner.java:382)
	at org.eclipse.jdt.internal.junit.runner.RemoteTestRunner.main(RemoteTestRunner.java:192)

</failure>
    </testcase>
    <testcase name="testFree" classname="org.hsqldb.jdbc.JDBCClobFileTest" time="0.001"/>
    <testcase name="testGetSubString" classname="org.hsqldb.jdbc.JDBCClobFileTest" time="0.001"/>
  </testsuite>
  <testsuite name="org.hsqldb.test.TestINPredicateParameterizationAndCorrelation" time="0.215">
    <testcase name="test" classname="org.hsqldb.test.TestINPredicateParameterizationAndCorrelation" time="0.215"/>
  </testsuite>
  <testsuite name="org.hsqldb.util.preprocessor.OptionTest" incomplete="true">
    <testcase name="testSetVerbose" classname="org.hsqldb.util.preprocessor.OptionTest" incomplete="true"/>
    <testcase name="testSetDefault" classname="org.hsqldb.util.preprocessor.OptionTest" incomplete="true"/>
    <testcase name="testIsBackup" classname="org.hsqldb.util.preprocessor.OptionTest" incomplete="true"/>
    <testcase name="testIsFilter" classname="org.hsqldb.util.preprocessor.OptionTest" incomplete="true"/>
    <testcase name="testSetTestOnly" classname="org.hsqldb.util.preprocessor.OptionTest" incomplete="true"/>
    <testcase name="testIsIndent" classname="org.hsqldb.util.preprocessor.OptionTest" incomplete="true"/>
    <testcase name="testIsVerbose" classname="org.hsqldb.util.preprocessor.OptionTest" incomplete="true"/>
    <testcase name="testSetBackup" classname="org.hsqldb.util.preprocessor.OptionTest" incomplete="true"/>
    <testcase name="testSetFilter" classname="org.hsqldb.util.preprocessor.OptionTest" incomplete="true"/>
    <testcase name="testSetIndent" classname="org.hsqldb.util.preprocessor.OptionTest" incomplete="true"/>
    <testcase name="testIsDefault" classname="org.hsqldb.util.preprocessor.OptionTest" incomplete="true"/>
    <testcase name="testIsTestOnly" classname="org.hsqldb.util.preprocessor.OptionTest" incomplete="true"/>
  </testsuite>
  <testsuite name="org.hsqldb.test.TestAcl" time="0.001">
    <testcase name="testDefaultWithNames" classname="org.hsqldb.test.TestAcl" time="0.0"/>
    <testcase name="testDefaultWithIPs" classname="org.hsqldb.test.TestAcl" time="0.0"/>
    <testcase name="testDenyAllWithNames" classname="org.hsqldb.test.TestAcl" time="0.0"/>
    <testcase name="testDenyAllWithIPs" classname="org.hsqldb.test.TestAcl" time="0.0"/>
    <testcase name="testLocalhostOnlyWithNames" classname="org.hsqldb.test.TestAcl" time="0.0"/>
    <testcase name="testLocalhostOnlyWithIPs" classname="org.hsqldb.test.TestAcl" time="0.0"/>
    <testcase name="testNoLocalhostOnlyWithNames" classname="org.hsqldb.test.TestAcl" time="0.001"/>
    <testcase name="testNoLocalhostOnlyWithIPs" classname="org.hsqldb.test.TestAcl" time="0.0"/>
    <testcase name="testLocalNetOnlyWithNames" classname="org.hsqldb.test.TestAcl" time="0.0"/>
    <testcase name="testLocalNetOnlyWithIPs" classname="org.hsqldb.test.TestAcl" time="0.0"/>
    <testcase name="testNoLocalNetOnlyWithNames" classname="org.hsqldb.test.TestAcl" time="0.0"/>
    <testcase name="testNoLocalNetOnlyWithIPs" classname="org.hsqldb.test.TestAcl" time="0.0"/>
  </testsuite>
  <testsuite name="org.hsqldb.test.TestMultiInsert" time="0.207">
    <testcase name="testMultiInsert" classname="org.hsqldb.test.TestMultiInsert" time="0.207"/>
  </testsuite>
  <testsuite name="org.hsqldb.auth.SlaveAuthBeanTest" time="0.022">
    <testcase name="testBasic" classname="org.hsqldb.auth.SlaveAuthBeanTest" time="0.022"/>
  </testsuite>
  <testsuite name="org.hsqldb.test.TestDatetimeSimple" time="0.017">
    <testcase name="testSimple" classname="org.hsqldb.test.TestDatetimeSimple" time="0.009"/>
    <testcase name="testValues" classname="org.hsqldb.test.TestDatetimeSimple" time="0.008"/>
  </testsuite>
  <testsuite name="org.hsqldb.test.TestBug785429" time="0.226">
    <testcase name="test" classname="org.hsqldb.test.TestBug785429" time="0.226"/>
  </testsuite>
  <testsuite name="org.hsqldb.test.TestBug778213" time="0.894">
    <testcase name="test" classname="org.hsqldb.test.TestBug778213" time="0.894"/>
  </testsuite>
  <testsuite name="org.hsqldb.jdbc.JDBCBlobTest" incomplete="true">
    <testcase name="testSetBinaryStream" classname="org.hsqldb.jdbc.JDBCBlobTest" incomplete="true"/>
    <testcase name="testTruncate" classname="org.hsqldb.jdbc.JDBCBlobTest" incomplete="true"/>
    <testcase name="testGetBytes" classname="org.hsqldb.jdbc.JDBCBlobTest" incomplete="true"/>
    <testcase name="testFree" classname="org.hsqldb.jdbc.JDBCBlobTest" incomplete="true"/>
    <testcase name="testPositionAfterFree_byte_array_pattern" classname="org.hsqldb.jdbc.JDBCBlobTest" incomplete="true"/>
    <testcase name="testSetBinaryStreamAfterFree" classname="org.hsqldb.jdbc.JDBCBlobTest" incomplete="true"/>
    <testcase name="testPosition_byte_array_pattern" classname="org.hsqldb.jdbc.JDBCBlobTest" incomplete="true"/>
    <testcase name="testLengthAfterFree" classname="org.hsqldb.jdbc.JDBCBlobTest" incomplete="true"/>
    <testcase name="testSetBytesAfterFree" classname="org.hsqldb.jdbc.JDBCBlobTest" incomplete="true"/>
    <testcase name="testGetBinaryStreamAfterFree" classname="org.hsqldb.jdbc.JDBCBlobTest" incomplete="true"/>
    <testcase name="testPositionAfterFree_blob_pattern" classname="org.hsqldb.jdbc.JDBCBlobTest" incomplete="true"/>
    <testcase name="testGetBytesAfterFree" classname="org.hsqldb.jdbc.JDBCBlobTest" incomplete="true"/>
    <testcase name="testTruncateAfterFree" classname="org.hsqldb.jdbc.JDBCBlobTest" incomplete="true"/>
    <testcase name="testGetBinaryStream" classname="org.hsqldb.jdbc.JDBCBlobTest" incomplete="true"/>
    <testcase name="testLength" classname="org.hsqldb.jdbc.JDBCBlobTest" incomplete="true"/>
    <testcase name="testPosition_blob_pattern" classname="org.hsqldb.jdbc.JDBCBlobTest" incomplete="true"/>
    <testcase name="testSetBytes" classname="org.hsqldb.jdbc.JDBCBlobTest" incomplete="true"/>
  </testsuite>
  <testsuite name="org.hsqldb.auth.AuthBeanMultiplexerTest" time="0.009">
    <testcase name="testPrecedences" classname="org.hsqldb.auth.AuthBeanMultiplexerTest" time="0.001"/>
    <testcase name="testFunctions" classname="org.hsqldb.auth.AuthBeanMultiplexerTest" time="0.008"/>
  </testsuite>
  <testsuite name="org.hsqldb.test.TestSchemaParse" time="0.115">
    <testcase name="testSanityCheck" classname="org.hsqldb.test.TestSchemaParse" time="0.023"/>
    <testcase name="testThreePartNames" classname="org.hsqldb.test.TestSchemaParse" time="0.008"/>
    <testcase name="testBasicQueries" classname="org.hsqldb.test.TestSchemaParse" time="0.009"/>
    <testcase name="test2pTables" classname="org.hsqldb.test.TestSchemaParse" time="0.012"/>
    <testcase name="test2pViews" classname="org.hsqldb.test.TestSchemaParse" time="0.011"/>
    <testcase name="test2pSequences" classname="org.hsqldb.test.TestSchemaParse" time="0.01"/>
    <testcase name="test2pIndexes" classname="org.hsqldb.test.TestSchemaParse" time="0.011"/>
    <testcase name="test2pAliases" classname="org.hsqldb.test.TestSchemaParse" time="0.01"/>
    <testcase name="test2pConstraints" classname="org.hsqldb.test.TestSchemaParse" time="0.011"/>
    <testcase name="test2pTriggers" classname="org.hsqldb.test.TestSchemaParse" time="0.01"/>
  </testsuite>
  <testcase name="org.hsqldb.jdbc.pool.JDBCXADataSourceTest" classname="org.hsqldb.jdbc.pool.JDBCXADataSourceTest" time="0.0" ignored="true"/>
  <testsuite name="org.hsqldb.jdbc.JDBCBlobFileTest" time="1.24">
    <testcase name="testSetBinaryStream" classname="org.hsqldb.jdbc.JDBCBlobFileTest" time="0.045"/>
    <testcase name="testTruncate" classname="org.hsqldb.jdbc.JDBCBlobFileTest" time="0.044"/>
    <testcase name="testGetBytes" classname="org.hsqldb.jdbc.JDBCBlobFileTest" time="0.045"/>
    <testcase name="testFree" classname="org.hsqldb.jdbc.JDBCBlobFileTest" time="0.045"/>
    <testcase name="testPositionAfterFree_byte_array_pattern" classname="org.hsqldb.jdbc.JDBCBlobFileTest" time="0.045"/>
    <testcase name="testSetBinaryStreamAfterFree" classname="org.hsqldb.jdbc.JDBCBlobFileTest" time="0.044"/>
    <testcase name="testPosition_byte_array_pattern" classname="org.hsqldb.jdbc.JDBCBlobFileTest" time="0.169"/>
    <testcase name="testLengthAfterFree" classname="org.hsqldb.jdbc.JDBCBlobFileTest" time="0.044"/>
    <testcase name="testSetBytesAfterFree" classname="org.hsqldb.jdbc.JDBCBlobFileTest" time="0.045"/>
    <testcase name="testGetBinaryStreamAfterFree" classname="org.hsqldb.jdbc.JDBCBlobFileTest" time="0.078"/>
    <testcase name="testPositionAfterFree_blob_pattern" classname="org.hsqldb.jdbc.JDBCBlobFileTest" time="0.09"/>
    <testcase name="testGetBytesAfterFree" classname="org.hsqldb.jdbc.JDBCBlobFileTest" time="0.066"/>
    <testcase name="testTruncateAfterFree" classname="org.hsqldb.jdbc.JDBCBlobFileTest" time="0.056"/>
    <testcase name="testGetBinaryStream" classname="org.hsqldb.jdbc.JDBCBlobFileTest" time="0.045"/>
    <testcase name="testLength" classname="org.hsqldb.jdbc.JDBCBlobFileTest" time="0.056"/>
    <testcase name="testPosition_blob_pattern" classname="org.hsqldb.jdbc.JDBCBlobFileTest" time="0.281"/>
    <testcase name="testSetBytes" classname="org.hsqldb.jdbc.JDBCBlobFileTest" time="0.042"/>
  </testsuite>
  <testsuite name="org.hsqldb.jdbc.JDBCClobTest" time="0.002">
    <testcase name="testFree" classname="org.hsqldb.jdbc.JDBCClobTest" time="0.001"/>
    <testcase name="testGetSubString" classname="org.hsqldb.jdbc.JDBCClobTest" time="0.001"/>
  </testsuite>
  <testsuite name="org.hsqldb.jdbc.JDBCPreparedStatementTest" time="0.737">
    <testcase name="testSetAsciiStream" classname="org.hsqldb.jdbc.JDBCPreparedStatementTest" time="0.092"/>
    <testcase name="testSetBoolean" classname="org.hsqldb.jdbc.JDBCPreparedStatementTest" time="0.013"/>
    <testcase name="testSetBinaryStream" classname="org.hsqldb.jdbc.JDBCPreparedStatementTest" time="0.03"/>
    <testcase name="testSetClobClob" classname="org.hsqldb.jdbc.JDBCPreparedStatementTest" time="0.018"/>
    <testcase name="testExecute" classname="org.hsqldb.jdbc.JDBCPreparedStatementTest" time="0.015"/>
    <testcase name="testSetTimestamp" classname="org.hsqldb.jdbc.JDBCPreparedStatementTest" time="0.013"/>
    <testcase name="testSetEscapeProcessing" classname="org.hsqldb.jdbc.JDBCPreparedStatementTest" time="0.013"/>
    <testcase name="testExecuteUpdate" classname="org.hsqldb.jdbc.JDBCPreparedStatementTest" time="0.014"/>
    <testcase name="testGetParameterMetaData" classname="org.hsqldb.jdbc.JDBCPreparedStatementTest" time="0.015"/>
    <testcase name="testClose" classname="org.hsqldb.jdbc.JDBCPreparedStatementTest" time="0.02"/>
    <testcase name="testIsPoolable" classname="org.hsqldb.jdbc.JDBCPreparedStatementTest" time="0.013"/>
    <testcase name="testSetNullArray" classname="org.hsqldb.jdbc.JDBCPreparedStatementTest" time="0.013"/>
    <testcase name="testSetNString" classname="org.hsqldb.jdbc.JDBCPreparedStatementTest" time="0.015"/>
    <testcase name="testAddBatch" classname="org.hsqldb.jdbc.JDBCPreparedStatementTest" time="0.016"/>
    <testcase name="testClearParameters" classname="org.hsqldb.jdbc.JDBCPreparedStatementTest" time="0.012"/>
    <testcase name="testExecuteBatch" classname="org.hsqldb.jdbc.JDBCPreparedStatementTest" time="0.013"/>
    <testcase name="testExecuteQuery" classname="org.hsqldb.jdbc.JDBCPreparedStatementTest" time="0.012"/>
    <testcase name="testSetNCharacterStream" classname="org.hsqldb.jdbc.JDBCPreparedStatementTest" time="0.011"/>
    <testcase name="testSetDouble" classname="org.hsqldb.jdbc.JDBCPreparedStatementTest" time="0.01"/>
    <testcase name="testSetCharacterStream" classname="org.hsqldb.jdbc.JDBCPreparedStatementTest" time="0.012"/>
    <testcase name="testGetMetaData" classname="org.hsqldb.jdbc.JDBCPreparedStatementTest" time="0.047"/>
    <testcase name="testSetUnicodeStream" classname="org.hsqldb.jdbc.JDBCPreparedStatementTest" time="0.017"/>
    <testcase name="testSetObject" classname="org.hsqldb.jdbc.JDBCPreparedStatementTest" time="0.048"/>
    <testcase name="testSetSQLXML" classname="org.hsqldb.jdbc.JDBCPreparedStatementTest" time="0.009"/>
    <testcase name="testSetString" classname="org.hsqldb.jdbc.JDBCPreparedStatementTest" time="0.009"/>
    <testcase name="testSetArrayToNull" classname="org.hsqldb.jdbc.JDBCPreparedStatementTest" time="0.01"/>
    <testcase name="testSetBlob" classname="org.hsqldb.jdbc.JDBCPreparedStatementTest" time="0.009"/>
    <testcase name="testSetByte" classname="org.hsqldb.jdbc.JDBCPreparedStatementTest" time="0.01"/>
    <testcase name="testSetClob" classname="org.hsqldb.jdbc.JDBCPreparedStatementTest" time="0.009"/>
    <testcase name="testSetDate" classname="org.hsqldb.jdbc.JDBCPreparedStatementTest" time="0.013"/>
    <testcase name="testSetLong" classname="org.hsqldb.jdbc.JDBCPreparedStatementTest" time="0.009"/>
    <testcase name="testSetNull" classname="org.hsqldb.jdbc.JDBCPreparedStatementTest" time="0.012"/>
    <testcase name="testSetTime" classname="org.hsqldb.jdbc.JDBCPreparedStatementTest" time="0.009"/>
    <testcase name="testSetInt" classname="org.hsqldb.jdbc.JDBCPreparedStatementTest" time="0.025"/>
    <testcase name="testSetRef" classname="org.hsqldb.jdbc.JDBCPreparedStatementTest" time="0.011"/>
    <testcase name="testSetURL" classname="org.hsqldb.jdbc.JDBCPreparedStatementTest" time="0.012"/>
    <testcase name="testSetBigDecimal" classname="org.hsqldb.jdbc.JDBCPreparedStatementTest" time="0.013"/>
    <testcase name="testSetPoolable" classname="org.hsqldb.jdbc.JDBCPreparedStatementTest" time="0.014"/>
    <testcase name="testSetArray" classname="org.hsqldb.jdbc.JDBCPreparedStatementTest" time="0.016"/>
    <testcase name="testSetBytes" classname="org.hsqldb.jdbc.JDBCPreparedStatementTest" time="0.013"/>
    <testcase name="testSetFloat" classname="org.hsqldb.jdbc.JDBCPreparedStatementTest" time="0.013"/>
    <testcase name="testSetNClob" classname="org.hsqldb.jdbc.JDBCPreparedStatementTest" time="0.012"/>
    <testcase name="testSetRowId" classname="org.hsqldb.jdbc.JDBCPreparedStatementTest" time="0.012"/>
    <testcase name="testSetShort" classname="org.hsqldb.jdbc.JDBCPreparedStatementTest" time="0.015"/>
  </testsuite>
  <testsuite name="org.hsqldb.test.TestSql" time="2.175">
    <testcase name="testAny" classname="org.hsqldb.test.TestSql" time="0.204"/>
    <testcase name="testBinds" classname="org.hsqldb.test.TestSql" time="0.206"/>
    <testcase name="testPreparedWithManyParams" classname="org.hsqldb.test.TestSql" time="0.206"/>
    <testcase name="testX1" classname="org.hsqldb.test.TestSql" time="0.263"/>
    <testcase name="testBinaryFunction" classname="org.hsqldb.test.TestSql" time="0.356"/>
    <testcase name="testDoubleNaN" classname="org.hsqldb.test.TestSql" time="0.212"/>
    <testcase name="testUnionSubquery" classname="org.hsqldb.test.TestSql" time="0.206"/>
    <testcase name="testUnionColumnTypes" classname="org.hsqldb.test.TestSql" time="0.306"/>
    <testcase name="testMetaData" classname="org.hsqldb.test.TestSql" time="0.216"/>
  </testsuite>
  <testsuite name="org.hsqldb.lib.HsqlTimerTest" time="0.0">
    <testcase name="testHsqlTimer" classname="org.hsqldb.lib.HsqlTimerTest" time="0.0"/>
  </testsuite>
  <testsuite name="org.hsqldb.DatabaseURLTest" time="0.001">
    <testcase name="testHsqldbUrls" classname="org.hsqldb.DatabaseURLTest" time="0.001"/>
  </testsuite>
  <testsuite name="org.hsqldb.jdbc.JDBCClobClientTest" time="0.048">
    <testcase name="testFree" classname="org.hsqldb.jdbc.JDBCClobClientTest" time="0.037"/>
    <testcase name="testGetSubString" classname="org.hsqldb.jdbc.JDBCClobClientTest" time="0.011"/>
  </testsuite>
  <testsuite name="org.hsqldb.server.OdbcPacketInputStreamTest" time="0.031">
    <testcase name="testTypeMix" classname="org.hsqldb.server.OdbcPacketInputStreamTest" time="0.031"/>
  </testsuite>
  <testsuite name="org.hsqldb.jdbc.JDBCSQLXMLTest" time="1.55">
    <testcase name="testSetBinaryStream" classname="org.hsqldb.jdbc.JDBCSQLXMLTest" time="0.663"/>
    <testcase name="testSetStAXResult" classname="org.hsqldb.jdbc.JDBCSQLXMLTest" time="0.081"/>
    <testcase name="testGetDOMSource" classname="org.hsqldb.jdbc.JDBCSQLXMLTest" time="0.004"/>
    <testcase name="testFree" classname="org.hsqldb.jdbc.JDBCSQLXMLTest" time="0.127"/>
    <testcase name="testGetSAXSource" classname="org.hsqldb.jdbc.JDBCSQLXMLTest" time="0.005"/>
    <testcase name="testGetCharacterStream" classname="org.hsqldb.jdbc.JDBCSQLXMLTest" time="0.255"/>
    <testcase name="testGetStreamSource" classname="org.hsqldb.jdbc.JDBCSQLXMLTest" time="0.003"/>
    <testcase name="testSetDOMResult" classname="org.hsqldb.jdbc.JDBCSQLXMLTest" time="0.003"/>
    <testcase name="testSetCharacterStream" classname="org.hsqldb.jdbc.JDBCSQLXMLTest" time="0.138"/>
    <testcase name="testSetStreamResult" classname="org.hsqldb.jdbc.JDBCSQLXMLTest" time="0.003"/>
    <testcase name="testSetString" classname="org.hsqldb.jdbc.JDBCSQLXMLTest" time="0.002"/>
    <testcase name="testSetSAXResult" classname="org.hsqldb.jdbc.JDBCSQLXMLTest" time="0.004"/>
    <testcase name="testGetBinaryStream" classname="org.hsqldb.jdbc.JDBCSQLXMLTest" time="0.071"/>
    <testcase name="testGetString" classname="org.hsqldb.jdbc.JDBCSQLXMLTest" time="0.132"/>
    <testcase name="testGetStAXSource" classname="org.hsqldb.jdbc.JDBCSQLXMLTest" time="0.059"/>
  </testsuite>
  <testsuite name="org.hsqldb.jdbc.pool.JDBCPooledDataSourceTest" time="0.04">
    <testcase name="testGetPooledConnection_String_String" classname="org.hsqldb.jdbc.pool.JDBCPooledDataSourceTest" time="0.011"/>
    <testcase name="testGetPooledConnection_0args" classname="org.hsqldb.jdbc.pool.JDBCPooledDataSourceTest" time="0.029"/>
    <testcase name="testGetReference" classname="org.hsqldb.jdbc.pool.JDBCPooledDataSourceTest" time="0.0"/>
  </testsuite>
  <testsuite name="org.hsqldb.test.TestDatabaseMetaData" time="1.189">
    <testcase name="testOne" classname="org.hsqldb.test.TestDatabaseMetaData" time="0.238"/>
    <testcase name="testTwo" classname="org.hsqldb.test.TestDatabaseMetaData" time="0.534"/>
    <testcase name="testThree" classname="org.hsqldb.test.TestDatabaseMetaData" time="0.417"/>
  </testsuite>
  <testsuite name="org.hsqldb.jdbc.JDBCArrayTest" time="0.158">
    <testcase name="testGetResultSet_long_int" classname="org.hsqldb.jdbc.JDBCArrayTest" time="0.039"/>
    <testcase name="testGetArray_long_int_Map" classname="org.hsqldb.jdbc.JDBCArrayTest" time="0.003"/>
    <testcase name="testFree" classname="org.hsqldb.jdbc.JDBCArrayTest" time="0.012"/>
    <testcase name="testGetResultSet_Map" classname="org.hsqldb.jdbc.JDBCArrayTest" time="0.01"/>
    <testcase name="testToString" classname="org.hsqldb.jdbc.JDBCArrayTest" time="0.014"/>
    <testcase name="testGetBaseTypeName" classname="org.hsqldb.jdbc.JDBCArrayTest" time="0.014"/>
    <testcase name="testGetArray_0args" classname="org.hsqldb.jdbc.JDBCArrayTest" time="0.012"/>
    <testcase name="testGetArray_Map" classname="org.hsqldb.jdbc.JDBCArrayTest" time="0.009"/>
    <testcase name="testGetBaseType" classname="org.hsqldb.jdbc.JDBCArrayTest" time="0.011"/>
    <testcase name="testGetArray_long_int" classname="org.hsqldb.jdbc.JDBCArrayTest" time="0.011"/>
    <testcase name="testGetResultSet_0args" classname="org.hsqldb.jdbc.JDBCArrayTest" time="0.013"/>
    <testcase name="testGetResultSet_long_int_Map" classname="org.hsqldb.jdbc.JDBCArrayTest" time="0.01"/>
  </testsuite>
  <testcase name="org.hsqldb.jdbc.pool.JDBCXIDTest" classname="org.hsqldb.jdbc.pool.JDBCXIDTest" time="0.006" ignored="true"/>
  <testsuite name="JDBCDatabaseMetaDataSupportsConvertTest" time="8.084">
    <testcase name="testSupportsConvert_to_ARRAY_from_ARRAY" classname="org.hsqldb.jdbc.JDBCDatabaseMetaDataSupportsConvertTest" time="0.009"/>
    <testcase name="testSupportsConvert_to_ARRAY_from_BIGINT" classname="org.hsqldb.jdbc.JDBCDatabaseMetaDataSupportsConvertTest" time="0.007"/>
    <testcase name="testSupportsConvert_to_ARRAY_from_BINARY" classname="org.hsqldb.jdbc.JDBCDatabaseMetaDataSupportsConvertTest" time="0.007"/>
    <testcase name="testSupportsConvert_to_ARRAY_from_BIT" classname="org.hsqldb.jdbc.JDBCDatabaseMetaDataSupportsConvertTest" time="0.007"/>
    <testcase name="testSupportsConvert_to_ARRAY_from_BLOB" classname="org.hsqldb.jdbc.JDBCDatabaseMetaDataSupportsConvertTest" time="0.006"/>
    <testcase name="testSupportsConvert_to_ARRAY_from_BOOLEAN" classname="org.hsqldb.jdbc.JDBCDatabaseMetaDataSupportsConvertTest" time="0.007"/>
    <testcase name="testSupportsConvert_to_ARRAY_from_CHAR" classname="org.hsqldb.jdbc.JDBCDatabaseMetaDataSupportsConvertTest" time="0.027"/>
    <testcase name="testSupportsConvert_to_ARRAY_from_CLOB" classname="org.hsqldb.jdbc.JDBCDatabaseMetaDataSupportsConvertTest" time="0.006"/>
    <testcase name="testSupportsConvert_to_ARRAY_from_DATALINK" classname="org.hsqldb.jdbc.JDBCDatabaseMetaDataSupportsConvertTest" time="0.007"/>
    <testcase name="testSupportsConvert_to_ARRAY_from_DATE" classname="org.hsqldb.jdbc.JDBCDatabaseMetaDataSupportsConvertTest" time="0.007"/>
    <testcase name="testSupportsConvert_to_ARRAY_from_DECIMAL" classname="org.hsqldb.jdbc.JDBCDatabaseMetaDataSupportsConvertTest" time="0.006"/>
    <testcase name="testSupportsConvert_to_ARRAY_from_DISTINCT" classname="org.hsqldb.jdbc.JDBCDatabaseMetaDataSupportsConvertTest" time="0.006"/>
    <testcase name="testSupportsConvert_to_ARRAY_from_DOUBLE" classname="org.hsqldb.jdbc.JDBCDatabaseMetaDataSupportsConvertTest" time="0.006"/>
    <testcase name="testSupportsConvert_to_ARRAY_from_FLOAT" classname="org.hsqldb.jdbc.JDBCDatabaseMetaDataSupportsConvertTest" time="0.005"/>
    <testcase name="testSupportsConvert_to_ARRAY_from_INTEGER" classname="org.hsqldb.jdbc.JDBCDatabaseMetaDataSupportsConvertTest" time="0.005"/>
    <testcase name="testSupportsConvert_to_ARRAY_from_JAVA_OBJECT" classname="org.hsqldb.jdbc.JDBCDatabaseMetaDataSupportsConvertTest" time="0.004"/>
    <testcase name="testSupportsConvert_to_ARRAY_from_LONGNVARCHAR" classname="org.hsqldb.jdbc.JDBCDatabaseMetaDataSupportsConvertTest" time="0.005"/>
    <testcase name="testSupportsConvert_to_ARRAY_from_LONGVARCHAR" classname="org.hsqldb.jdbc.JDBCDatabaseMetaDataSupportsConvertTest" time="0.006"/>
    <testcase name="testSupportsConvert_to_ARRAY_from_LONGVARBINARY" classname="org.hsqldb.jdbc.JDBCDatabaseMetaDataSupportsConvertTest" time="0.006"/>
    <testcase name="testSupportsConvert_to_ARRAY_from_NCHAR" classname="org.hsqldb.jdbc.JDBCDatabaseMetaDataSupportsConvertTest" time="0.006"/>
    <testcase name="testSupportsConvert_to_ARRAY_from_NCLOB" classname="org.hsqldb.jdbc.JDBCDatabaseMetaDataSupportsConvertTest" time="0.006"/>
    <testcase name="testSupportsConvert_to_ARRAY_from_NULL" classname="org.hsqldb.jdbc.JDBCDatabaseMetaDataSupportsConvertTest" time="0.005"/>
    <testcase name="testSupportsConvert_to_ARRAY_from_NUMERIC" classname="org.hsqldb.jdbc.JDBCDatabaseMetaDataSupportsConvertTest" time="0.005"/>
    <testcase name="testSupportsConvert_to_ARRAY_from_NVARCHAR" classname="org.hsqldb.jdbc.JDBCDatabaseMetaDataSupportsConvertTest" time="0.005"/>
    <testcase name="testSupportsConvert_to_ARRAY_from_OTHER" classname="org.hsqldb.jdbc.JDBCDatabaseMetaDataSupportsConvertTest" time="0.005"/>
    <testcase name="testSupportsConvert_to_ARRAY_from_REAL" classname="org.hsqldb.jdbc.JDBCDatabaseMetaDataSupportsConvertTest" time="0.006"/>
    <testcase name="testSupportsConvert_to_ARRAY_from_REF" classname="org.hsqldb.jdbc.JDBCDatabaseMetaDataSupportsConvertTest" time="0.005"/>
    <testcase name="testSupportsConvert_to_ARRAY_from_ROWID" classname="org.hsqldb.jdbc.JDBCDatabaseMetaDataSupportsConvertTest" time="0.005"/>
    <testcase name="testSupportsConvert_to_ARRAY_from_SMALLINT" classname="org.hsqldb.jdbc.JDBCDatabaseMetaDataSupportsConvertTest" time="0.005"/>
    <testcase name="testSupportsConvert_to_ARRAY_from_STRUCT" classname="org.hsqldb.jdbc.JDBCDatabaseMetaDataSupportsConvertTest" time="0.005"/>
    <testcase name="testSupportsConvert_to_ARRAY_from_TIME" classname="org.hsqldb.jdbc.JDBCDatabaseMetaDataSupportsConvertTest" time="0.005"/>
    <testcase name="testSupportsConvert_to_ARRAY_from_TIMESTAMP" classname="org.hsqldb.jdbc.JDBCDatabaseMetaDataSupportsConvertTest" time="0.005"/>
    <testcase name="testSupportsConvert_to_ARRAY_from_TIME_WITH_TIME_ZONE" classname="org.hsqldb.jdbc.JDBCDatabaseMetaDataSupportsConvertTest" time="0.005"/>
    <testcase name="testSupportsConvert_to_ARRAY_from_TIMESTAMP_WITH_TIME_ZONE" classname="org.hsqldb.jdbc.JDBCDatabaseMetaDataSupportsConvertTest" time="0.005"/>
    <testcase name="testSupportsConvert_to_ARRAY_from_TINYINT" classname="org.hsqldb.jdbc.JDBCDatabaseMetaDataSupportsConvertTest" time="0.005"/>
    <testcase name="testSupportsConvert_to_ARRAY_from_VARBINARY" classname="org.hsqldb.jdbc.JDBCDatabaseMetaDataSupportsConvertTest" time="0.005"/>
    <testcase name="testSupportsConvert_to_ARRAY_from_VARCHAR" classname="org.hsqldb.jdbc.JDBCDatabaseMetaDataSupportsConvertTest" time="0.005"/>
    <testcase name="testSupportsConvert_to_ARRAY_from_VARCHAR_IGNORECASE" classname="org.hsqldb.jdbc.JDBCDatabaseMetaDataSupportsConvertTest" time="0.005"/>
    <testcase name="testSupportsConvert_to_ARRAY_from_INTERVAL_YEAR" classname="org.hsqldb.jdbc.JDBCDatabaseMetaDataSupportsConvertTest" time="0.005"/>
    <testcase name="testSupportsConvert_to_ARRAY_from_INTERVAL_MONTH" classname="org.hsqldb.jdbc.JDBCDatabaseMetaDataSupportsConvertTest" time="0.006"/>
    <testcase name="testSupportsConvert_to_ARRAY_from_INTERVAL_DAY" classname="org.hsqldb.jdbc.JDBCDatabaseMetaDataSupportsConvertTest" time="0.005"/>
    <testcase name="testSupportsConvert_to_ARRAY_from_INTERVAL_HOUR" classname="org.hsqldb.jdbc.JDBCDatabaseMetaDataSupportsConvertTest" time="0.005"/>
    <testcase name="testSupportsConvert_to_ARRAY_from_INTERVAL_MINUTE" classname="org.hsqldb.jdbc.JDBCDatabaseMetaDataSupportsConvertTest" time="0.006"/>
    <testcase name="testSupportsConvert_to_ARRAY_from_INTERVAL_SECOND" classname="org.hsqldb.jdbc.JDBCDatabaseMetaDataSupportsConvertTest" time="0.005"/>
    <testcase name="testSupportsConvert_to_ARRAY_from_INTERVAL_YEAR_TO_MONTH" classname="org.hsqldb.jdbc.JDBCDatabaseMetaDataSupportsConvertTest" time="0.004"/>
    <testcase name="testSupportsConvert_to_ARRAY_from_INTERVAL_DAY_TO_HOUR" classname="org.hsqldb.jdbc.JDBCDatabaseMetaDataSupportsConvertTest" time="0.005"/>
    <testcase name="testSupportsConvert_to_ARRAY_from_INTERVAL_DAY_TO_MINUTE" classname="org.hsqldb.jdbc.JDBCDatabaseMetaDataSupportsConvertTest" time="0.005"/>
    <testcase name="testSupportsConvert_to_ARRAY_from_INTERVAL_DAY_TO_SECOND" classname="org.hsqldb.jdbc.JDBCDatabaseMetaDataSupportsConvertTest" time="0.005"/>
    <testcase name="testSupportsConvert_to_ARRAY_from_INTERVAL_HOUR_TO_MINUTE" classname="org.hsqldb.jdbc.JDBCDatabaseMetaDataSupportsConvertTest" time="0.005"/>
    <testcase name="testSupportsConvert_to_ARRAY_from_INTERVAL_HOUR_TO_SECOND" classname="org.hsqldb.jdbc.JDBCDatabaseMetaDataSupportsConvertTest" time="0.004"/>
    <testcase name="testSupportsConvert_to_ARRAY_from_INTERVAL_MINUTE_TO_SECOND" classname="org.hsqldb.jdbc.JDBCDatabaseMetaDataSupportsConvertTest" time="0.005"/>
    <testcase name="testSupportsConvert_to_BIGINT_from_ARRAY" classname="org.hsqldb.jdbc.JDBCDatabaseMetaDataSupportsConvertTest" time="0.004"/>
    <testcase name="testSupportsConvert_to_BIGINT_from_BIGINT" classname="org.hsqldb.jdbc.JDBCDatabaseMetaDataSupportsConvertTest" time="0.005"/>
    <testcase name="testSupportsConvert_to_BIGINT_from_BINARY" classname="org.hsqldb.jdbc.JDBCDatabaseMetaDataSupportsConvertTest" time="0.004"/>
    <testcase name="testSupportsConvert_to_BIGINT_from_BIT" classname="org.hsqldb.jdbc.JDBCDatabaseMetaDataSupportsConvertTest" time="0.004"/>
    <testcase name="testSupportsConvert_to_BIGINT_from_BLOB" classname="org.hsqldb.jdbc.JDBCDatabaseMetaDataSupportsConvertTest" time="0.004"/>
    <testcase name="testSupportsConvert_to_BIGINT_from_BOOLEAN" classname="org.hsqldb.jdbc.JDBCDatabaseMetaDataSupportsConvertTest" time="0.004"/>
    <testcase name="testSupportsConvert_to_BIGINT_from_CHAR" classname="org.hsqldb.jdbc.JDBCDatabaseMetaDataSupportsConvertTest" time="0.004"/>
    <testcase name="testSupportsConvert_to_BIGINT_from_CLOB" classname="org.hsqldb.jdbc.JDBCDatabaseMetaDataSupportsConvertTest" time="0.004"/>
    <testcase name="testSupportsConvert_to_BIGINT_from_DATALINK" classname="org.hsqldb.jdbc.JDBCDatabaseMetaDataSupportsConvertTest" time="0.004"/>
    <testcase name="testSupportsConvert_to_BIGINT_from_DATE" classname="org.hsqldb.jdbc.JDBCDatabaseMetaDataSupportsConvertTest" time="0.004"/>
    <testcase name="testSupportsConvert_to_BIGINT_from_DECIMAL" classname="org.hsqldb.jdbc.JDBCDatabaseMetaDataSupportsConvertTest" time="0.005"/>
    <testcase name="testSupportsConvert_to_BIGINT_from_DISTINCT" classname="org.hsqldb.jdbc.JDBCDatabaseMetaDataSupportsConvertTest" time="0.004"/>
    <testcase name="testSupportsConvert_to_BIGINT_from_DOUBLE" classname="org.hsqldb.jdbc.JDBCDatabaseMetaDataSupportsConvertTest" time="0.004"/>
    <testcase name="testSupportsConvert_to_BIGINT_from_FLOAT" classname="org.hsqldb.jdbc.JDBCDatabaseMetaDataSupportsConvertTest" time="0.004"/>
    <testcase name="testSupportsConvert_to_BIGINT_from_INTEGER" classname="org.hsqldb.jdbc.JDBCDatabaseMetaDataSupportsConvertTest" time="0.004"/>
    <testcase name="testSupportsConvert_to_BIGINT_from_JAVA_OBJECT" classname="org.hsqldb.jdbc.JDBCDatabaseMetaDataSupportsConvertTest" time="0.004"/>
    <testcase name="testSupportsConvert_to_BIGINT_from_LONGNVARCHAR" classname="org.hsqldb.jdbc.JDBCDatabaseMetaDataSupportsConvertTest" time="0.005"/>
    <testcase name="testSupportsConvert_to_BIGINT_from_LONGVARCHAR" classname="org.hsqldb.jdbc.JDBCDatabaseMetaDataSupportsConvertTest" time="0.004"/>
    <testcase name="testSupportsConvert_to_BIGINT_from_LONGVARBINARY" classname="org.hsqldb.jdbc.JDBCDatabaseMetaDataSupportsConvertTest" time="0.005"/>
    <testcase name="testSupportsConvert_to_BIGINT_from_NCHAR" classname="org.hsqldb.jdbc.JDBCDatabaseMetaDataSupportsConvertTest" time="0.004"/>
    <testcase name="testSupportsConvert_to_BIGINT_from_NCLOB" classname="org.hsqldb.jdbc.JDBCDatabaseMetaDataSupportsConvertTest" time="0.006"/>
    <testcase name="testSupportsConvert_to_BIGINT_from_NULL" classname="org.hsqldb.jdbc.JDBCDatabaseMetaDataSupportsConvertTest" time="0.005"/>
    <testcase name="testSupportsConvert_to_BIGINT_from_NUMERIC" classname="org.hsqldb.jdbc.JDBCDatabaseMetaDataSupportsConvertTest" time="0.005"/>
    <testcase name="testSupportsConvert_to_BIGINT_from_NVARCHAR" classname="org.hsqldb.jdbc.JDBCDatabaseMetaDataSupportsConvertTest" time="0.006"/>
    <testcase name="testSupportsConvert_to_BIGINT_from_OTHER" classname="org.hsqldb.jdbc.JDBCDatabaseMetaDataSupportsConvertTest" time="0.005"/>
    <testcase name="testSupportsConvert_to_BIGINT_from_REAL" classname="org.hsqldb.jdbc.JDBCDatabaseMetaDataSupportsConvertTest" time="0.004"/>
    <testcase name="testSupportsConvert_to_BIGINT_from_REF" classname="org.hsqldb.jdbc.JDBCDatabaseMetaDataSupportsConvertTest" time="0.005"/>
    <testcase name="testSupportsConvert_to_BIGINT_from_ROWID" classname="org.hsqldb.jdbc.JDBCDatabaseMetaDataSupportsConvertTest" time="0.004"/>
    <testcase name="testSupportsConvert_to_BIGINT_from_SMALLINT" classname="org.hsqldb.jdbc.JDBCDatabaseMetaDataSupportsConvertTest" time="0.004"/>
    <testcase name="testSupportsConvert_to_BIGINT_from_STRUCT" classname="org.hsqldb.jdbc.JDBCDatabaseMetaDataSupportsConvertTest" time="0.005"/>
    <testcase name="testSupportsConvert_to_BIGINT_from_TIME" classname="org.hsqldb.jdbc.JDBCDatabaseMetaDataSupportsConvertTest" time="0.004"/>
    <testcase name="testSupportsConvert_to_BIGINT_from_TIMESTAMP" classname="org.hsqldb.jdbc.JDBCDatabaseMetaDataSupportsConvertTest" time="0.005"/>
    <testcase name="testSupportsConvert_to_BIGINT_from_TIME_WITH_TIME_ZONE" classname="org.hsqldb.jdbc.JDBCDatabaseMetaDataSupportsConvertTest" time="0.004"/>
    <testcase name="testSupportsConvert_to_BIGINT_from_TIMESTAMP_WITH_TIME_ZONE" classname="org.hsqldb.jdbc.JDBCDatabaseMetaDataSupportsConvertTest" time="0.005"/>
    <testcase name="testSupportsConvert_to_BIGINT_from_TINYINT" classname="org.hsqldb.jdbc.JDBCDatabaseMetaDataSupportsConvertTest" time="0.004"/>
    <testcase name="testSupportsConvert_to_BIGINT_from_VARBINARY" classname="org.hsqldb.jdbc.JDBCDatabaseMetaDataSupportsConvertTest" time="0.005"/>
    <testcase name="testSupportsConvert_to_BIGINT_from_VARCHAR" classname="org.hsqldb.jdbc.JDBCDatabaseMetaDataSupportsConvertTest" time="0.004"/>
    <testcase name="testSupportsConvert_to_BIGINT_from_VARCHAR_IGNORECASE" classname="org.hsqldb.jdbc.JDBCDatabaseMetaDataSupportsConvertTest" time="0.004"/>
    <testcase name="testSupportsConvert_to_BIGINT_from_INTERVAL_YEAR" classname="org.hsqldb.jdbc.JDBCDatabaseMetaDataSupportsConvertTest" time="0.004"/>
    <testcase name="testSupportsConvert_to_BIGINT_from_INTERVAL_MONTH" classname="org.hsqldb.jdbc.JDBCDatabaseMetaDataSupportsConvertTest" time="0.004"/>
    <testcase name="testSupportsConvert_to_BIGINT_from_INTERVAL_DAY" classname="org.hsqldb.jdbc.JDBCDatabaseMetaDataSupportsConvertTest" time="0.004"/>
    <testcase name="testSupportsConvert_to_BIGINT_from_INTERVAL_HOUR" classname="org.hsqldb.jdbc.JDBCDatabaseMetaDataSupportsConvertTest" time="0.004"/>
    <testcase name="testSupportsConvert_to_BIGINT_from_INTERVAL_MINUTE" classname="org.hsqldb.jdbc.JDBCDatabaseMetaDataSupportsConvertTest" time="0.004"/>
    <testcase name="testSupportsConvert_to_BIGINT_from_INTERVAL_SECOND" classname="org.hsqldb.jdbc.JDBCDatabaseMetaDataSupportsConvertTest" time="0.005"/>
    <testcase name="testSupportsConvert_to_BIGINT_from_INTERVAL_YEAR_TO_MONTH" classname="org.hsqldb.jdbc.JDBCDatabaseMetaDataSupportsConvertTest" time="0.004"/>
    <testcase name="testSupportsConvert_to_BIGINT_from_INTERVAL_DAY_TO_HOUR" classname="org.hsqldb.jdbc.JDBCDatabaseMetaDataSupportsConvertTest" time="0.004"/>
    <testcase name="testSupportsConvert_to_BIGINT_from_INTERVAL_DAY_TO_MINUTE" classname="org.hsqldb.jdbc.JDBCDatabaseMetaDataSupportsConvertTest" time="0.005"/>
    <testcase name="testSupportsConvert_to_BIGINT_from_INTERVAL_DAY_TO_SECOND" classname="org.hsqldb.jdbc.JDBCDatabaseMetaDataSupportsConvertTest" time="0.004"/>
    <testcase name="testSupportsConvert_to_BIGINT_from_INTERVAL_HOUR_TO_MINUTE" classname="org.hsqldb.jdbc.JDBCDatabaseMetaDataSupportsConvertTest" time="0.004"/>
    <testcase name="testSupportsConvert_to_BIGINT_from_INTERVAL_HOUR_TO_SECOND" classname="org.hsqldb.jdbc.JDBCDatabaseMetaDataSupportsConvertTest" time="0.004"/>
    <testcase name="testSupportsConvert_to_BIGINT_from_INTERVAL_MINUTE_TO_SECOND" classname="org.hsqldb.jdbc.JDBCDatabaseMetaDataSupportsConvertTest" time="0.005"/>
    <testcase name="testSupportsConvert_to_BINARY_from_ARRAY" classname="org.hsqldb.jdbc.JDBCDatabaseMetaDataSupportsConvertTest" time="0.004"/>
    <testcase name="testSupportsConvert_to_BINARY_from_BIGINT" classname="org.hsqldb.jdbc.JDBCDatabaseMetaDataSupportsConvertTest" time="0.004"/>
    <testcase name="testSupportsConvert_to_BINARY_from_BINARY" classname="org.hsqldb.jdbc.JDBCDatabaseMetaDataSupportsConvertTest" time="0.004"/>
    <testcase name="testSupportsConvert_to_BINARY_from_BIT" classname="org.hsqldb.jdbc.JDBCDatabaseMetaDataSupportsConvertTest" time="0.005"/>
    <testcase name="testSupportsConvert_to_BINARY_from_BLOB" classname="org.hsqldb.jdbc.JDBCDatabaseMetaDataSupportsConvertTest" time="0.004"/>
    <testcase name="testSupportsConvert_to_BINARY_from_BOOLEAN" classname="org.hsqldb.jdbc.JDBCDatabaseMetaDataSupportsConvertTest" time="0.004"/>
    <testcase name="testSupportsConvert_to_BINARY_from_CHAR" classname="org.hsqldb.jdbc.JDBCDatabaseMetaDataSupportsConvertTest" time="0.042"/>
    <testcase name="testSupportsConvert_to_BINARY_from_CLOB" classname="org.hsqldb.jdbc.JDBCDatabaseMetaDataSupportsConvertTest" time="0.005"/>
    <testcase name="testSupportsConvert_to_BINARY_from_DATALINK" classname="org.hsqldb.jdbc.JDBCDatabaseMetaDataSupportsConvertTest" time="0.004"/>
    <testcase name="testSupportsConvert_to_BINARY_from_DATE" classname="org.hsqldb.jdbc.JDBCDatabaseMetaDataSupportsConvertTest" time="0.005"/>
    <testcase name="testSupportsConvert_to_BINARY_from_DECIMAL" classname="org.hsqldb.jdbc.JDBCDatabaseMetaDataSupportsConvertTest" time="0.005"/>
    <testcase name="testSupportsConvert_to_BINARY_from_DISTINCT" classname="org.hsqldb.jdbc.JDBCDatabaseMetaDataSupportsConvertTest" time="0.004"/>
    <testcase name="testSupportsConvert_to_BINARY_from_DOUBLE" classname="org.hsqldb.jdbc.JDBCDatabaseMetaDataSupportsConvertTest" time="0.005"/>
    <testcase name="testSupportsConvert_to_BINARY_from_FLOAT" classname="org.hsqldb.jdbc.JDBCDatabaseMetaDataSupportsConvertTest" time="0.004"/>
    <testcase name="testSupportsConvert_to_BINARY_from_INTEGER" classname="org.hsqldb.jdbc.JDBCDatabaseMetaDataSupportsConvertTest" time="0.004"/>
    <testcase name="testSupportsConvert_to_BINARY_from_JAVA_OBJECT" classname="org.hsqldb.jdbc.JDBCDatabaseMetaDataSupportsConvertTest" time="0.004"/>
    <testcase name="testSupportsConvert_to_BINARY_from_LONGNVARCHAR" classname="org.hsqldb.jdbc.JDBCDatabaseMetaDataSupportsConvertTest" time="0.005"/>
    <testcase name="testSupportsConvert_to_BINARY_from_LONGVARCHAR" classname="org.hsqldb.jdbc.JDBCDatabaseMetaDataSupportsConvertTest" time="0.005"/>
    <testcase name="testSupportsConvert_to_BINARY_from_LONGVARBINARY" classname="org.hsqldb.jdbc.JDBCDatabaseMetaDataSupportsConvertTest" time="0.004"/>
    <testcase name="testSupportsConvert_to_BINARY_from_NCHAR" classname="org.hsqldb.jdbc.JDBCDatabaseMetaDataSupportsConvertTest" time="0.003"/>
    <testcase name="testSupportsConvert_to_BINARY_from_NCLOB" classname="org.hsqldb.jdbc.JDBCDatabaseMetaDataSupportsConvertTest" time="0.004"/>
    <testcase name="testSupportsConvert_to_BINARY_from_NULL" classname="org.hsqldb.jdbc.JDBCDatabaseMetaDataSupportsConvertTest" time="0.004"/>
    <testcase name="testSupportsConvert_to_BINARY_from_NUMERIC" classname="org.hsqldb.jdbc.JDBCDatabaseMetaDataSupportsConvertTest" time="0.004"/>
    <testcase name="testSupportsConvert_to_BINARY_from_NVARCHAR" classname="org.hsqldb.jdbc.JDBCDatabaseMetaDataSupportsConvertTest" time="0.004"/>
    <testcase name="testSupportsConvert_to_BINARY_from_OTHER" classname="org.hsqldb.jdbc.JDBCDatabaseMetaDataSupportsConvertTest" time="0.004"/>
    <testcase name="testSupportsConvert_to_BINARY_from_REAL" classname="org.hsqldb.jdbc.JDBCDatabaseMetaDataSupportsConvertTest" time="0.003"/>
    <testcase name="testSupportsConvert_to_BINARY_from_REF" classname="org.hsqldb.jdbc.JDBCDatabaseMetaDataSupportsConvertTest" time="0.003"/>
    <testcase name="testSupportsConvert_to_BINARY_from_ROWID" classname="org.hsqldb.jdbc.JDBCDatabaseMetaDataSupportsConvertTest" time="0.005"/>
    <testcase name="testSupportsConvert_to_BINARY_from_SMALLINT" classname="org.hsqldb.jdbc.JDBCDatabaseMetaDataSupportsConvertTest" time="0.004"/>
    <testcase name="testSupportsConvert_to_BINARY_from_STRUCT" classname="org.hsqldb.jdbc.JDBCDatabaseMetaDataSupportsConvertTest" time="0.004"/>
    <testcase name="testSupportsConvert_to_BINARY_from_TIME" classname="org.hsqldb.jdbc.JDBCDatabaseMetaDataSupportsConvertTest" time="0.005"/>
    <testcase name="testSupportsConvert_to_BINARY_from_TIMESTAMP" classname="org.hsqldb.jdbc.JDBCDatabaseMetaDataSupportsConvertTest" time="0.005"/>
    <testcase name="testSupportsConvert_to_BINARY_from_TIME_WITH_TIME_ZONE" classname="org.hsqldb.jdbc.JDBCDatabaseMetaDataSupportsConvertTest" time="0.004"/>
    <testcase name="testSupportsConvert_to_BINARY_from_TIMESTAMP_WITH_TIME_ZONE" classname="org.hsqldb.jdbc.JDBCDatabaseMetaDataSupportsConvertTest" time="0.004"/>
    <testcase name="testSupportsConvert_to_BINARY_from_TINYINT" classname="org.hsqldb.jdbc.JDBCDatabaseMetaDataSupportsConvertTest" time="0.004"/>
    <testcase name="testSupportsConvert_to_BINARY_from_VARBINARY" classname="org.hsqldb.jdbc.JDBCDatabaseMetaDataSupportsConvertTest" time="0.004"/>
    <testcase name="testSupportsConvert_to_BINARY_from_VARCHAR" classname="org.hsqldb.jdbc.JDBCDatabaseMetaDataSupportsConvertTest" time="0.003"/>
    <testcase name="testSupportsConvert_to_BINARY_from_VARCHAR_IGNORECASE" classname="org.hsqldb.jdbc.JDBCDatabaseMetaDataSupportsConvertTest" time="0.004"/>
    <testcase name="testSupportsConvert_to_BINARY_from_INTERVAL_YEAR" classname="org.hsqldb.jdbc.JDBCDatabaseMetaDataSupportsConvertTest" time="0.005"/>
    <testcase name="testSupportsConvert_to_BINARY_from_INTERVAL_MONTH" classname="org.hsqldb.jdbc.JDBCDatabaseMetaDataSupportsConvertTest" time="0.004"/>
    <testcase name="testSupportsConvert_to_BINARY_from_INTERVAL_DAY" classname="org.hsqldb.jdbc.JDBCDatabaseMetaDataSupportsConvertTest" time="0.004"/>
    <testcase name="testSupportsConvert_to_BINARY_from_INTERVAL_HOUR" classname="org.hsqldb.jdbc.JDBCDatabaseMetaDataSupportsConvertTest" time="0.004"/>
    <testcase name="testSupportsConvert_to_BINARY_from_INTERVAL_MINUTE" classname="org.hsqldb.jdbc.JDBCDatabaseMetaDataSupportsConvertTest" time="0.004"/>
    <testcase name="testSupportsConvert_to_BINARY_from_INTERVAL_SECOND" classname="org.hsqldb.jdbc.JDBCDatabaseMetaDataSupportsConvertTest" time="0.003"/>
    <testcase name="testSupportsConvert_to_BINARY_from_INTERVAL_YEAR_TO_MONTH" classname="org.hsqldb.jdbc.JDBCDatabaseMetaDataSupportsConvertTest" time="0.004"/>
    <testcase name="testSupportsConvert_to_BINARY_from_INTERVAL_DAY_TO_HOUR" classname="org.hsqldb.jdbc.JDBCDatabaseMetaDataSupportsConvertTest" time="0.003"/>
    <testcase name="testSupportsConvert_to_BINARY_from_INTERVAL_DAY_TO_MINUTE" classname="org.hsqldb.jdbc.JDBCDatabaseMetaDataSupportsConvertTest" time="0.004"/>
    <testcase name="testSupportsConvert_to_BINARY_from_INTERVAL_DAY_TO_SECOND" classname="org.hsqldb.jdbc.JDBCDatabaseMetaDataSupportsConvertTest" time="0.004"/>
    <testcase name="testSupportsConvert_to_BINARY_from_INTERVAL_HOUR_TO_MINUTE" classname="org.hsqldb.jdbc.JDBCDatabaseMetaDataSupportsConvertTest" time="0.003"/>
    <testcase name="testSupportsConvert_to_BINARY_from_INTERVAL_HOUR_TO_SECOND" classname="org.hsqldb.jdbc.JDBCDatabaseMetaDataSupportsConvertTest" time="0.004"/>
    <testcase name="testSupportsConvert_to_BINARY_from_INTERVAL_MINUTE_TO_SECOND" classname="org.hsqldb.jdbc.JDBCDatabaseMetaDataSupportsConvertTest" time="0.003"/>
    <testcase name="testSupportsConvert_to_BIT_from_ARRAY" classname="org.hsqldb.jdbc.JDBCDatabaseMetaDataSupportsConvertTest" time="0.004"/>
    <testcase name="testSupportsConvert_to_BIT_from_BIGINT" classname="org.hsqldb.jdbc.JDBCDatabaseMetaDataSupportsConvertTest" time="0.003"/>
    <testcase name="testSupportsConvert_to_BIT_from_BINARY" classname="org.hsqldb.jdbc.JDBCDatabaseMetaDataSupportsConvertTest" time="0.003"/>
    <testcase name="testSupportsConvert_to_BIT_from_BIT" classname="org.hsqldb.jdbc.JDBCDatabaseMetaDataSupportsConvertTest" time="0.005"/>
    <testcase name="testSupportsConvert_to_BIT_from_BLOB" classname="org.hsqldb.jdbc.JDBCDatabaseMetaDataSupportsConvertTest" time="0.004"/>
    <testcase name="testSupportsConvert_to_BIT_from_BOOLEAN" classname="org.hsqldb.jdbc.JDBCDatabaseMetaDataSupportsConvertTest" time="0.003"/>
    <testcase name="testSupportsConvert_to_BIT_from_CHAR" classname="org.hsqldb.jdbc.JDBCDatabaseMetaDataSupportsConvertTest" time="0.004"/>
    <testcase name="testSupportsConvert_to_BIT_from_CLOB" classname="org.hsqldb.jdbc.JDBCDatabaseMetaDataSupportsConvertTest" time="0.004"/>
    <testcase name="testSupportsConvert_to_BIT_from_DATALINK" classname="org.hsqldb.jdbc.JDBCDatabaseMetaDataSupportsConvertTest" time="0.004"/>
    <testcase name="testSupportsConvert_to_BIT_from_DATE" classname="org.hsqldb.jdbc.JDBCDatabaseMetaDataSupportsConvertTest" time="0.004"/>
    <testcase name="testSupportsConvert_to_BIT_from_DECIMAL" classname="org.hsqldb.jdbc.JDBCDatabaseMetaDataSupportsConvertTest" time="0.003"/>
    <testcase name="testSupportsConvert_to_BIT_from_DISTINCT" classname="org.hsqldb.jdbc.JDBCDatabaseMetaDataSupportsConvertTest" time="0.004"/>
    <testcase name="testSupportsConvert_to_BIT_from_DOUBLE" classname="org.hsqldb.jdbc.JDBCDatabaseMetaDataSupportsConvertTest" time="0.004"/>
    <testcase name="testSupportsConvert_to_BIT_from_FLOAT" classname="org.hsqldb.jdbc.JDBCDatabaseMetaDataSupportsConvertTest" time="0.004"/>
    <testcase name="testSupportsConvert_to_BIT_from_INTEGER" classname="org.hsqldb.jdbc.JDBCDatabaseMetaDataSupportsConvertTest" time="0.005"/>
    <testcase name="testSupportsConvert_to_BIT_from_JAVA_OBJECT" classname="org.hsqldb.jdbc.JDBCDatabaseMetaDataSupportsConvertTest" time="0.004"/>
    <testcase name="testSupportsConvert_to_BIT_from_LONGNVARCHAR" classname="org.hsqldb.jdbc.JDBCDatabaseMetaDataSupportsConvertTest" time="0.004"/>
    <testcase name="testSupportsConvert_to_BIT_from_LONGVARCHAR" classname="org.hsqldb.jdbc.JDBCDatabaseMetaDataSupportsConvertTest" time="0.004"/>
    <testcase name="testSupportsConvert_to_BIT_from_LONGVARBINARY" classname="org.hsqldb.jdbc.JDBCDatabaseMetaDataSupportsConvertTest" time="0.004"/>
    <testcase name="testSupportsConvert_to_BIT_from_NCHAR" classname="org.hsqldb.jdbc.JDBCDatabaseMetaDataSupportsConvertTest" time="0.003"/>
    <testcase name="testSupportsConvert_to_BIT_from_NCLOB" classname="org.hsqldb.jdbc.JDBCDatabaseMetaDataSupportsConvertTest" time="0.003"/>
    <testcase name="testSupportsConvert_to_BIT_from_NULL" classname="org.hsqldb.jdbc.JDBCDatabaseMetaDataSupportsConvertTest" time="0.004"/>
    <testcase name="testSupportsConvert_to_BIT_from_NUMERIC" classname="org.hsqldb.jdbc.JDBCDatabaseMetaDataSupportsConvertTest" time="0.003"/>
    <testcase name="testSupportsConvert_to_BIT_from_NVARCHAR" classname="org.hsqldb.jdbc.JDBCDatabaseMetaDataSupportsConvertTest" time="0.004"/>
    <testcase name="testSupportsConvert_to_BIT_from_OTHER" classname="org.hsqldb.jdbc.JDBCDatabaseMetaDataSupportsConvertTest" time="0.003"/>
    <testcase name="testSupportsConvert_to_BIT_from_REAL" classname="org.hsqldb.jdbc.JDBCDatabaseMetaDataSupportsConvertTest" time="0.004"/>
    <testcase name="testSupportsConvert_to_BIT_from_REF" classname="org.hsqldb.jdbc.JDBCDatabaseMetaDataSupportsConvertTest" time="0.003"/>
    <testcase name="testSupportsConvert_to_BIT_from_ROWID" classname="org.hsqldb.jdbc.JDBCDatabaseMetaDataSupportsConvertTest" time="0.004"/>
    <testcase name="testSupportsConvert_to_BIT_from_SMALLINT" classname="org.hsqldb.jdbc.JDBCDatabaseMetaDataSupportsConvertTest" time="0.003"/>
    <testcase name="testSupportsConvert_to_BIT_from_STRUCT" classname="org.hsqldb.jdbc.JDBCDatabaseMetaDataSupportsConvertTest" time="0.003"/>
    <testcase name="testSupportsConvert_to_BIT_from_TIME" classname="org.hsqldb.jdbc.JDBCDatabaseMetaDataSupportsConvertTest" time="0.004"/>
    <testcase name="testSupportsConvert_to_BIT_from_TIMESTAMP" classname="org.hsqldb.jdbc.JDBCDatabaseMetaDataSupportsConvertTest" time="0.005"/>
    <testcase name="testSupportsConvert_to_BIT_from_TIME_WITH_TIME_ZONE" classname="org.hsqldb.jdbc.JDBCDatabaseMetaDataSupportsConvertTest" time="0.004"/>
    <testcase name="testSupportsConvert_to_BIT_from_TIMESTAMP_WITH_TIME_ZONE" classname="org.hsqldb.jdbc.JDBCDatabaseMetaDataSupportsConvertTest" time="0.004"/>
    <testcase name="testSupportsConvert_to_BIT_from_TINYINT" classname="org.hsqldb.jdbc.JDBCDatabaseMetaDataSupportsConvertTest" time="0.004"/>
    <testcase name="testSupportsConvert_to_BIT_from_VARBINARY" classname="org.hsqldb.jdbc.JDBCDatabaseMetaDataSupportsConvertTest" time="0.005"/>
    <testcase name="testSupportsConvert_to_BIT_from_VARCHAR" classname="org.hsqldb.jdbc.JDBCDatabaseMetaDataSupportsConvertTest" time="0.004"/>
    <testcase name="testSupportsConvert_to_BIT_from_VARCHAR_IGNORECASE" classname="org.hsqldb.jdbc.JDBCDatabaseMetaDataSupportsConvertTest" time="0.003"/>
    <testcase name="testSupportsConvert_to_BIT_from_INTERVAL_YEAR" classname="org.hsqldb.jdbc.JDBCDatabaseMetaDataSupportsConvertTest" time="0.004"/>
    <testcase name="testSupportsConvert_to_BIT_from_INTERVAL_MONTH" classname="org.hsqldb.jdbc.JDBCDatabaseMetaDataSupportsConvertTest" time="0.004"/>
    <testcase name="testSupportsConvert_to_BIT_from_INTERVAL_DAY" classname="org.hsqldb.jdbc.JDBCDatabaseMetaDataSupportsConvertTest" time="0.004"/>
    <testcase name="testSupportsConvert_to_BIT_from_INTERVAL_HOUR" classname="org.hsqldb.jdbc.JDBCDatabaseMetaDataSupportsConvertTest" time="0.003"/>
    <testcase name="testSupportsConvert_to_BIT_from_INTERVAL_MINUTE" classname="org.hsqldb.jdbc.JDBCDatabaseMetaDataSupportsConvertTest" time="0.004"/>
    <testcase name="testSupportsConvert_to_BIT_from_INTERVAL_SECOND" classname="org.hsqldb.jdbc.JDBCDatabaseMetaDataSupportsConvertTest" time="0.004"/>
    <testcase name="testSupportsConvert_to_BIT_from_INTERVAL_YEAR_TO_MONTH" classname="org.hsqldb.jdbc.JDBCDatabaseMetaDataSupportsConvertTest" time="0.003"/>
    <testcase name="testSupportsConvert_to_BIT_from_INTERVAL_DAY_TO_HOUR" classname="org.hsqldb.jdbc.JDBCDatabaseMetaDataSupportsConvertTest" time="0.003"/>
    <testcase name="testSupportsConvert_to_BIT_from_INTERVAL_DAY_TO_MINUTE" classname="org.hsqldb.jdbc.JDBCDatabaseMetaDataSupportsConvertTest" time="0.004"/>
    <testcase name="testSupportsConvert_to_BIT_from_INTERVAL_DAY_TO_SECOND" classname="org.hsqldb.jdbc.JDBCDatabaseMetaDataSupportsConvertTest" time="0.003"/>
    <testcase name="testSupportsConvert_to_BIT_from_INTERVAL_HOUR_TO_MINUTE" classname="org.hsqldb.jdbc.JDBCDatabaseMetaDataSupportsConvertTest" time="0.004"/>
    <testcase name="testSupportsConvert_to_BIT_from_INTERVAL_HOUR_TO_SECOND" classname="org.hsqldb.jdbc.JDBCDatabaseMetaDataSupportsConvertTest" time="0.003"/>
    <testcase name="testSupportsConvert_to_BIT_from_INTERVAL_MINUTE_TO_SECOND" classname="org.hsqldb.jdbc.JDBCDatabaseMetaDataSupportsConvertTest" time="0.004"/>
    <testcase name="testSupportsConvert_to_BLOB_from_ARRAY" classname="org.hsqldb.jdbc.JDBCDatabaseMetaDataSupportsConvertTest" time="0.004"/>
    <testcase name="testSupportsConvert_to_BLOB_from_BIGINT" classname="org.hsqldb.jdbc.JDBCDatabaseMetaDataSupportsConvertTest" time="0.003"/>
    <testcase name="testSupportsConvert_to_BLOB_from_BINARY" classname="org.hsqldb.jdbc.JDBCDatabaseMetaDataSupportsConvertTest" time="0.004"/>
    <testcase name="testSupportsConvert_to_BLOB_from_BIT" classname="org.hsqldb.jdbc.JDBCDatabaseMetaDataSupportsConvertTest" time="0.004"/>
    <testcase name="testSupportsConvert_to_BLOB_from_BLOB" classname="org.hsqldb.jdbc.JDBCDatabaseMetaDataSupportsConvertTest" time="0.003"/>
    <testcase name="testSupportsConvert_to_BLOB_from_BOOLEAN" classname="org.hsqldb.jdbc.JDBCDatabaseMetaDataSupportsConvertTest" time="0.004"/>
    <testcase name="testSupportsConvert_to_BLOB_from_CHAR" classname="org.hsqldb.jdbc.JDBCDatabaseMetaDataSupportsConvertTest" time="0.003"/>
    <testcase name="testSupportsConvert_to_BLOB_from_CLOB" classname="org.hsqldb.jdbc.JDBCDatabaseMetaDataSupportsConvertTest" time="0.04"/>
    <testcase name="testSupportsConvert_to_BLOB_from_DATALINK" classname="org.hsqldb.jdbc.JDBCDatabaseMetaDataSupportsConvertTest" time="0.004"/>
    <testcase name="testSupportsConvert_to_BLOB_from_DATE" classname="org.hsqldb.jdbc.JDBCDatabaseMetaDataSupportsConvertTest" time="0.003"/>
    <testcase name="testSupportsConvert_to_BLOB_from_DECIMAL" classname="org.hsqldb.jdbc.JDBCDatabaseMetaDataSupportsConvertTest" time="0.003"/>
    <testcase name="testSupportsConvert_to_BLOB_from_DISTINCT" classname="org.hsqldb.jdbc.JDBCDatabaseMetaDataSupportsConvertTest" time="0.004"/>
    <testcase name="testSupportsConvert_to_BLOB_from_DOUBLE" classname="org.hsqldb.jdbc.JDBCDatabaseMetaDataSupportsConvertTest" time="0.003"/>
    <testcase name="testSupportsConvert_to_BLOB_from_FLOAT" classname="org.hsqldb.jdbc.JDBCDatabaseMetaDataSupportsConvertTest" time="0.003"/>
    <testcase name="testSupportsConvert_to_BLOB_from_INTEGER" classname="org.hsqldb.jdbc.JDBCDatabaseMetaDataSupportsConvertTest" time="0.004"/>
    <testcase name="testSupportsConvert_to_BLOB_from_JAVA_OBJECT" classname="org.hsqldb.jdbc.JDBCDatabaseMetaDataSupportsConvertTest" time="0.003"/>
    <testcase name="testSupportsConvert_to_BLOB_from_LONGNVARCHAR" classname="org.hsqldb.jdbc.JDBCDatabaseMetaDataSupportsConvertTest" time="0.003"/>
    <testcase name="testSupportsConvert_to_BLOB_from_LONGVARCHAR" classname="org.hsqldb.jdbc.JDBCDatabaseMetaDataSupportsConvertTest" time="0.004"/>
    <testcase name="testSupportsConvert_to_BLOB_from_LONGVARBINARY" classname="org.hsqldb.jdbc.JDBCDatabaseMetaDataSupportsConvertTest" time="0.004"/>
    <testcase name="testSupportsConvert_to_BLOB_from_NCHAR" classname="org.hsqldb.jdbc.JDBCDatabaseMetaDataSupportsConvertTest" time="0.004"/>
    <testcase name="testSupportsConvert_to_BLOB_from_NCLOB" classname="org.hsqldb.jdbc.JDBCDatabaseMetaDataSupportsConvertTest" time="0.004"/>
    <testcase name="testSupportsConvert_to_BLOB_from_NULL" classname="org.hsqldb.jdbc.JDBCDatabaseMetaDataSupportsConvertTest" time="0.004"/>
    <testcase name="testSupportsConvert_to_BLOB_from_NUMERIC" classname="org.hsqldb.jdbc.JDBCDatabaseMetaDataSupportsConvertTest" time="0.004"/>
    <testcase name="testSupportsConvert_to_BLOB_from_NVARCHAR" classname="org.hsqldb.jdbc.JDBCDatabaseMetaDataSupportsConvertTest" time="0.004"/>
    <testcase name="testSupportsConvert_to_BLOB_from_OTHER" classname="org.hsqldb.jdbc.JDBCDatabaseMetaDataSupportsConvertTest" time="0.004"/>
    <testcase name="testSupportsConvert_to_BLOB_from_REAL" classname="org.hsqldb.jdbc.JDBCDatabaseMetaDataSupportsConvertTest" time="0.004"/>
    <testcase name="testSupportsConvert_to_BLOB_from_REF" classname="org.hsqldb.jdbc.JDBCDatabaseMetaDataSupportsConvertTest" time="0.003"/>
    <testcase name="testSupportsConvert_to_BLOB_from_ROWID" classname="org.hsqldb.jdbc.JDBCDatabaseMetaDataSupportsConvertTest" time="0.004"/>
    <testcase name="testSupportsConvert_to_BLOB_from_SMALLINT" classname="org.hsqldb.jdbc.JDBCDatabaseMetaDataSupportsConvertTest" time="0.003"/>
    <testcase name="testSupportsConvert_to_BLOB_from_STRUCT" classname="org.hsqldb.jdbc.JDBCDatabaseMetaDataSupportsConvertTest" time="0.004"/>
    <testcase name="testSupportsConvert_to_BLOB_from_TIME" classname="org.hsqldb.jdbc.JDBCDatabaseMetaDataSupportsConvertTest" time="0.003"/>
    <testcase name="testSupportsConvert_to_BLOB_from_TIMESTAMP" classname="org.hsqldb.jdbc.JDBCDatabaseMetaDataSupportsConvertTest" time="0.004"/>
    <testcase name="testSupportsConvert_to_BLOB_from_TIME_WITH_TIME_ZONE" classname="org.hsqldb.jdbc.JDBCDatabaseMetaDataSupportsConvertTest" time="0.004"/>
    <testcase name="testSupportsConvert_to_BLOB_from_TIMESTAMP_WITH_TIME_ZONE" classname="org.hsqldb.jdbc.JDBCDatabaseMetaDataSupportsConvertTest" time="0.004"/>
    <testcase name="testSupportsConvert_to_BLOB_from_TINYINT" classname="org.hsqldb.jdbc.JDBCDatabaseMetaDataSupportsConvertTest" time="0.003"/>
    <testcase name="testSupportsConvert_to_BLOB_from_VARBINARY" classname="org.hsqldb.jdbc.JDBCDatabaseMetaDataSupportsConvertTest" time="0.004"/>
    <testcase name="testSupportsConvert_to_BLOB_from_VARCHAR" classname="org.hsqldb.jdbc.JDBCDatabaseMetaDataSupportsConvertTest" time="0.004"/>
    <testcase name="testSupportsConvert_to_BLOB_from_VARCHAR_IGNORECASE" classname="org.hsqldb.jdbc.JDBCDatabaseMetaDataSupportsConvertTest" time="0.004"/>
    <testcase name="testSupportsConvert_to_BLOB_from_INTERVAL_YEAR" classname="org.hsqldb.jdbc.JDBCDatabaseMetaDataSupportsConvertTest" time="0.004"/>
    <testcase name="testSupportsConvert_to_BLOB_from_INTERVAL_MONTH" classname="org.hsqldb.jdbc.JDBCDatabaseMetaDataSupportsConvertTest" time="0.004"/>
    <testcase name="testSupportsConvert_to_BLOB_from_INTERVAL_DAY" classname="org.hsqldb.jdbc.JDBCDatabaseMetaDataSupportsConvertTest" time="0.003"/>
    <testcase name="testSupportsConvert_to_BLOB_from_INTERVAL_HOUR" classname="org.hsqldb.jdbc.JDBCDatabaseMetaDataSupportsConvertTest" time="0.003"/>
    <testcase name="testSupportsConvert_to_BLOB_from_INTERVAL_MINUTE" classname="org.hsqldb.jdbc.JDBCDatabaseMetaDataSupportsConvertTest" time="0.004"/>
    <testcase name="testSupportsConvert_to_BLOB_from_INTERVAL_SECOND" classname="org.hsqldb.jdbc.JDBCDatabaseMetaDataSupportsConvertTest" time="0.003"/>
    <testcase name="testSupportsConvert_to_BLOB_from_INTERVAL_YEAR_TO_MONTH" classname="org.hsqldb.jdbc.JDBCDatabaseMetaDataSupportsConvertTest" time="0.003"/>
    <testcase name="testSupportsConvert_to_BLOB_from_INTERVAL_DAY_TO_HOUR" classname="org.hsqldb.jdbc.JDBCDatabaseMetaDataSupportsConvertTest" time="0.003"/>
    <testcase name="testSupportsConvert_to_BLOB_from_INTERVAL_DAY_TO_MINUTE" classname="org.hsqldb.jdbc.JDBCDatabaseMetaDataSupportsConvertTest" time="0.003"/>
    <testcase name="testSupportsConvert_to_BLOB_from_INTERVAL_DAY_TO_SECOND" classname="org.hsqldb.jdbc.JDBCDatabaseMetaDataSupportsConvertTest" time="0.004"/>
    <testcase name="testSupportsConvert_to_BLOB_from_INTERVAL_HOUR_TO_MINUTE" classname="org.hsqldb.jdbc.JDBCDatabaseMetaDataSupportsConvertTest" time="0.003"/>
    <testcase name="testSupportsConvert_to_BLOB_from_INTERVAL_HOUR_TO_SECOND" classname="org.hsqldb.jdbc.JDBCDatabaseMetaDataSupportsConvertTest" time="0.003"/>
    <testcase name="testSupportsConvert_to_BLOB_from_INTERVAL_MINUTE_TO_SECOND" classname="org.hsqldb.jdbc.JDBCDatabaseMetaDataSupportsConvertTest" time="0.004"/>
    <testcase name="testSupportsConvert_to_BOOLEAN_from_ARRAY" classname="org.hsqldb.jdbc.JDBCDatabaseMetaDataSupportsConvertTest" time="0.003"/>
    <testcase name="testSupportsConvert_to_BOOLEAN_from_BIGINT" classname="org.hsqldb.jdbc.JDBCDatabaseMetaDataSupportsConvertTest" time="0.004"/>
    <testcase name="testSupportsConvert_to_BOOLEAN_from_BINARY" classname="org.hsqldb.jdbc.JDBCDatabaseMetaDataSupportsConvertTest" time="0.003"/>
    <testcase name="testSupportsConvert_to_BOOLEAN_from_BIT" classname="org.hsqldb.jdbc.JDBCDatabaseMetaDataSupportsConvertTest" time="0.004"/>
    <testcase name="testSupportsConvert_to_BOOLEAN_from_BLOB" classname="org.hsqldb.jdbc.JDBCDatabaseMetaDataSupportsConvertTest" time="0.004"/>
    <testcase name="testSupportsConvert_to_BOOLEAN_from_BOOLEAN" classname="org.hsqldb.jdbc.JDBCDatabaseMetaDataSupportsConvertTest" time="0.004"/>
    <testcase name="testSupportsConvert_to_BOOLEAN_from_CHAR" classname="org.hsqldb.jdbc.JDBCDatabaseMetaDataSupportsConvertTest" time="0.003"/>
    <testcase name="testSupportsConvert_to_BOOLEAN_from_CLOB" classname="org.hsqldb.jdbc.JDBCDatabaseMetaDataSupportsConvertTest" time="0.004"/>
    <testcase name="testSupportsConvert_to_BOOLEAN_from_DATALINK" classname="org.hsqldb.jdbc.JDBCDatabaseMetaDataSupportsConvertTest" time="0.004"/>
    <testcase name="testSupportsConvert_to_BOOLEAN_from_DATE" classname="org.hsqldb.jdbc.JDBCDatabaseMetaDataSupportsConvertTest" time="0.004"/>
    <testcase name="testSupportsConvert_to_BOOLEAN_from_DECIMAL" classname="org.hsqldb.jdbc.JDBCDatabaseMetaDataSupportsConvertTest" time="0.003"/>
    <testcase name="testSupportsConvert_to_BOOLEAN_from_DISTINCT" classname="org.hsqldb.jdbc.JDBCDatabaseMetaDataSupportsConvertTest" time="0.003"/>
    <testcase name="testSupportsConvert_to_BOOLEAN_from_DOUBLE" classname="org.hsqldb.jdbc.JDBCDatabaseMetaDataSupportsConvertTest" time="0.003"/>
    <testcase name="testSupportsConvert_to_BOOLEAN_from_FLOAT" classname="org.hsqldb.jdbc.JDBCDatabaseMetaDataSupportsConvertTest" time="0.004"/>
    <testcase name="testSupportsConvert_to_BOOLEAN_from_INTEGER" classname="org.hsqldb.jdbc.JDBCDatabaseMetaDataSupportsConvertTest" time="0.003"/>
    <testcase name="testSupportsConvert_to_BOOLEAN_from_JAVA_OBJECT" classname="org.hsqldb.jdbc.JDBCDatabaseMetaDataSupportsConvertTest" time="0.003"/>
    <testcase name="testSupportsConvert_to_BOOLEAN_from_LONGNVARCHAR" classname="org.hsqldb.jdbc.JDBCDatabaseMetaDataSupportsConvertTest" time="0.004"/>
    <testcase name="testSupportsConvert_to_BOOLEAN_from_LONGVARCHAR" classname="org.hsqldb.jdbc.JDBCDatabaseMetaDataSupportsConvertTest" time="0.003"/>
    <testcase name="testSupportsConvert_to_BOOLEAN_from_LONGVARBINARY" classname="org.hsqldb.jdbc.JDBCDatabaseMetaDataSupportsConvertTest" time="0.003"/>
    <testcase name="testSupportsConvert_to_BOOLEAN_from_NCHAR" classname="org.hsqldb.jdbc.JDBCDatabaseMetaDataSupportsConvertTest" time="0.003"/>
    <testcase name="testSupportsConvert_to_BOOLEAN_from_NCLOB" classname="org.hsqldb.jdbc.JDBCDatabaseMetaDataSupportsConvertTest" time="0.003"/>
    <testcase name="testSupportsConvert_to_BOOLEAN_from_NULL" classname="org.hsqldb.jdbc.JDBCDatabaseMetaDataSupportsConvertTest" time="0.004"/>
    <testcase name="testSupportsConvert_to_BOOLEAN_from_NUMERIC" classname="org.hsqldb.jdbc.JDBCDatabaseMetaDataSupportsConvertTest" time="0.004"/>
    <testcase name="testSupportsConvert_to_BOOLEAN_from_NVARCHAR" classname="org.hsqldb.jdbc.JDBCDatabaseMetaDataSupportsConvertTest" time="0.003"/>
    <testcase name="testSupportsConvert_to_BOOLEAN_from_OTHER" classname="org.hsqldb.jdbc.JDBCDatabaseMetaDataSupportsConvertTest" time="0.004"/>
    <testcase name="testSupportsConvert_to_BOOLEAN_from_REAL" classname="org.hsqldb.jdbc.JDBCDatabaseMetaDataSupportsConvertTest" time="0.004"/>
    <testcase name="testSupportsConvert_to_BOOLEAN_from_REF" classname="org.hsqldb.jdbc.JDBCDatabaseMetaDataSupportsConvertTest" time="0.004"/>
    <testcase name="testSupportsConvert_to_BOOLEAN_from_ROWID" classname="org.hsqldb.jdbc.JDBCDatabaseMetaDataSupportsConvertTest" time="0.003"/>
    <testcase name="testSupportsConvert_to_BOOLEAN_from_SMALLINT" classname="org.hsqldb.jdbc.JDBCDatabaseMetaDataSupportsConvertTest" time="0.004"/>
    <testcase name="testSupportsConvert_to_BOOLEAN_from_STRUCT" classname="org.hsqldb.jdbc.JDBCDatabaseMetaDataSupportsConvertTest" time="0.003"/>
    <testcase name="testSupportsConvert_to_BOOLEAN_from_TIME" classname="org.hsqldb.jdbc.JDBCDatabaseMetaDataSupportsConvertTest" time="0.004"/>
    <testcase name="testSupportsConvert_to_BOOLEAN_from_TIMESTAMP" classname="org.hsqldb.jdbc.JDBCDatabaseMetaDataSupportsConvertTest" time="0.003"/>
    <testcase name="testSupportsConvert_to_BOOLEAN_from_TIME_WITH_TIME_ZONE" classname="org.hsqldb.jdbc.JDBCDatabaseMetaDataSupportsConvertTest" time="0.004"/>
    <testcase name="testSupportsConvert_to_BOOLEAN_from_TIMESTAMP_WITH_TIME_ZONE" classname="org.hsqldb.jdbc.JDBCDatabaseMetaDataSupportsConvertTest" time="0.004"/>
    <testcase name="testSupportsConvert_to_BOOLEAN_from_TINYINT" classname="org.hsqldb.jdbc.JDBCDatabaseMetaDataSupportsConvertTest" time="0.003"/>
    <testcase name="testSupportsConvert_to_BOOLEAN_from_VARBINARY" classname="org.hsqldb.jdbc.JDBCDatabaseMetaDataSupportsConvertTest" time="0.004"/>
    <testcase name="testSupportsConvert_to_BOOLEAN_from_VARCHAR" classname="org.hsqldb.jdbc.JDBCDatabaseMetaDataSupportsConvertTest" time="0.004"/>
    <testcase name="testSupportsConvert_to_BOOLEAN_from_VARCHAR_IGNORECASE" classname="org.hsqldb.jdbc.JDBCDatabaseMetaDataSupportsConvertTest" time="0.003"/>
    <testcase name="testSupportsConvert_to_BOOLEAN_from_INTERVAL_YEAR" classname="org.hsqldb.jdbc.JDBCDatabaseMetaDataSupportsConvertTest" time="0.004"/>
    <testcase name="testSupportsConvert_to_BOOLEAN_from_INTERVAL_MONTH" classname="org.hsqldb.jdbc.JDBCDatabaseMetaDataSupportsConvertTest" time="0.003"/>
    <testcase name="testSupportsConvert_to_BOOLEAN_from_INTERVAL_DAY" classname="org.hsqldb.jdbc.JDBCDatabaseMetaDataSupportsConvertTest" time="0.004"/>
    <testcase name="testSupportsConvert_to_BOOLEAN_from_INTERVAL_HOUR" classname="org.hsqldb.jdbc.JDBCDatabaseMetaDataSupportsConvertTest" time="0.004"/>
    <testcase name="testSupportsConvert_to_BOOLEAN_from_INTERVAL_MINUTE" classname="org.hsqldb.jdbc.JDBCDatabaseMetaDataSupportsConvertTest" time="0.003"/>
    <testcase name="testSupportsConvert_to_BOOLEAN_from_INTERVAL_SECOND" classname="org.hsqldb.jdbc.JDBCDatabaseMetaDataSupportsConvertTest" time="0.004"/>
    <testcase name="testSupportsConvert_to_BOOLEAN_from_INTERVAL_YEAR_TO_MONTH" classname="org.hsqldb.jdbc.JDBCDatabaseMetaDataSupportsConvertTest" time="0.004"/>
    <testcase name="testSupportsConvert_to_BOOLEAN_from_INTERVAL_DAY_TO_HOUR" classname="org.hsqldb.jdbc.JDBCDatabaseMetaDataSupportsConvertTest" time="0.004"/>
    <testcase name="testSupportsConvert_to_BOOLEAN_from_INTERVAL_DAY_TO_MINUTE" classname="org.hsqldb.jdbc.JDBCDatabaseMetaDataSupportsConvertTest" time="0.004"/>
    <testcase name="testSupportsConvert_to_BOOLEAN_from_INTERVAL_DAY_TO_SECOND" classname="org.hsqldb.jdbc.JDBCDatabaseMetaDataSupportsConvertTest" time="0.004"/>
    <testcase name="testSupportsConvert_to_BOOLEAN_from_INTERVAL_HOUR_TO_MINUTE" classname="org.hsqldb.jdbc.JDBCDatabaseMetaDataSupportsConvertTest" time="0.003"/>
    <testcase name="testSupportsConvert_to_BOOLEAN_from_INTERVAL_HOUR_TO_SECOND" classname="org.hsqldb.jdbc.JDBCDatabaseMetaDataSupportsConvertTest" time="0.004"/>
    <testcase name="testSupportsConvert_to_BOOLEAN_from_INTERVAL_MINUTE_TO_SECOND" classname="org.hsqldb.jdbc.JDBCDatabaseMetaDataSupportsConvertTest" time="0.004"/>
    <testcase name="testSupportsConvert_to_CHAR_from_ARRAY" classname="org.hsqldb.jdbc.JDBCDatabaseMetaDataSupportsConvertTest" time="0.004"/>
    <testcase name="testSupportsConvert_to_CHAR_from_BIGINT" classname="org.hsqldb.jdbc.JDBCDatabaseMetaDataSupportsConvertTest" time="0.004"/>
    <testcase name="testSupportsConvert_to_CHAR_from_BINARY" classname="org.hsqldb.jdbc.JDBCDatabaseMetaDataSupportsConvertTest" time="0.004"/>
    <testcase name="testSupportsConvert_to_CHAR_from_BIT" classname="org.hsqldb.jdbc.JDBCDatabaseMetaDataSupportsConvertTest" time="0.003"/>
    <testcase name="testSupportsConvert_to_CHAR_from_BLOB" classname="org.hsqldb.jdbc.JDBCDatabaseMetaDataSupportsConvertTest" time="0.004"/>
    <testcase name="testSupportsConvert_to_CHAR_from_BOOLEAN" classname="org.hsqldb.jdbc.JDBCDatabaseMetaDataSupportsConvertTest" time="0.005"/>
    <testcase name="testSupportsConvert_to_CHAR_from_CHAR" classname="org.hsqldb.jdbc.JDBCDatabaseMetaDataSupportsConvertTest" time="0.004"/>
    <testcase name="testSupportsConvert_to_CHAR_from_CLOB" classname="org.hsqldb.jdbc.JDBCDatabaseMetaDataSupportsConvertTest" time="0.004"/>
    <testcase name="testSupportsConvert_to_CHAR_from_DATALINK" classname="org.hsqldb.jdbc.JDBCDatabaseMetaDataSupportsConvertTest" time="0.004"/>
    <testcase name="testSupportsConvert_to_CHAR_from_DATE" classname="org.hsqldb.jdbc.JDBCDatabaseMetaDataSupportsConvertTest" time="0.003"/>
    <testcase name="testSupportsConvert_to_CHAR_from_DECIMAL" classname="org.hsqldb.jdbc.JDBCDatabaseMetaDataSupportsConvertTest" time="0.004"/>
    <testcase name="testSupportsConvert_to_CHAR_from_DISTINCT" classname="org.hsqldb.jdbc.JDBCDatabaseMetaDataSupportsConvertTest" time="0.004"/>
    <testcase name="testSupportsConvert_to_CHAR_from_DOUBLE" classname="org.hsqldb.jdbc.JDBCDatabaseMetaDataSupportsConvertTest" time="0.004"/>
    <testcase name="testSupportsConvert_to_CHAR_from_FLOAT" classname="org.hsqldb.jdbc.JDBCDatabaseMetaDataSupportsConvertTest" time="0.003"/>
    <testcase name="testSupportsConvert_to_CHAR_from_INTEGER" classname="org.hsqldb.jdbc.JDBCDatabaseMetaDataSupportsConvertTest" time="0.004"/>
    <testcase name="testSupportsConvert_to_CHAR_from_JAVA_OBJECT" classname="org.hsqldb.jdbc.JDBCDatabaseMetaDataSupportsConvertTest" time="0.004"/>
    <testcase name="testSupportsConvert_to_CHAR_from_LONGNVARCHAR" classname="org.hsqldb.jdbc.JDBCDatabaseMetaDataSupportsConvertTest" time="0.004"/>
    <testcase name="testSupportsConvert_to_CHAR_from_LONGVARCHAR" classname="org.hsqldb.jdbc.JDBCDatabaseMetaDataSupportsConvertTest" time="0.004"/>
    <testcase name="testSupportsConvert_to_CHAR_from_LONGVARBINARY" classname="org.hsqldb.jdbc.JDBCDatabaseMetaDataSupportsConvertTest" time="0.004"/>
    <testcase name="testSupportsConvert_to_CHAR_from_NCHAR" classname="org.hsqldb.jdbc.JDBCDatabaseMetaDataSupportsConvertTest" time="0.004"/>
    <testcase name="testSupportsConvert_to_CHAR_from_NCLOB" classname="org.hsqldb.jdbc.JDBCDatabaseMetaDataSupportsConvertTest" time="0.004"/>
    <testcase name="testSupportsConvert_to_CHAR_from_NULL" classname="org.hsqldb.jdbc.JDBCDatabaseMetaDataSupportsConvertTest" time="0.003"/>
    <testcase name="testSupportsConvert_to_CHAR_from_NUMERIC" classname="org.hsqldb.jdbc.JDBCDatabaseMetaDataSupportsConvertTest" time="0.004"/>
    <testcase name="testSupportsConvert_to_CHAR_from_NVARCHAR" classname="org.hsqldb.jdbc.JDBCDatabaseMetaDataSupportsConvertTest" time="0.004"/>
    <testcase name="testSupportsConvert_to_CHAR_from_OTHER" classname="org.hsqldb.jdbc.JDBCDatabaseMetaDataSupportsConvertTest" time="0.004"/>
    <testcase name="testSupportsConvert_to_CHAR_from_REAL" classname="org.hsqldb.jdbc.JDBCDatabaseMetaDataSupportsConvertTest" time="0.003"/>
    <testcase name="testSupportsConvert_to_CHAR_from_REF" classname="org.hsqldb.jdbc.JDBCDatabaseMetaDataSupportsConvertTest" time="0.004"/>
    <testcase name="testSupportsConvert_to_CHAR_from_ROWID" classname="org.hsqldb.jdbc.JDBCDatabaseMetaDataSupportsConvertTest" time="0.004"/>
    <testcase name="testSupportsConvert_to_CHAR_from_SMALLINT" classname="org.hsqldb.jdbc.JDBCDatabaseMetaDataSupportsConvertTest" time="0.004"/>
    <testcase name="testSupportsConvert_to_CHAR_from_STRUCT" classname="org.hsqldb.jdbc.JDBCDatabaseMetaDataSupportsConvertTest" time="0.004"/>
    <testcase name="testSupportsConvert_to_CHAR_from_TIME" classname="org.hsqldb.jdbc.JDBCDatabaseMetaDataSupportsConvertTest" time="0.004"/>
    <testcase name="testSupportsConvert_to_CHAR_from_TIMESTAMP" classname="org.hsqldb.jdbc.JDBCDatabaseMetaDataSupportsConvertTest" time="0.003"/>
    <testcase name="testSupportsConvert_to_CHAR_from_TIME_WITH_TIME_ZONE" classname="org.hsqldb.jdbc.JDBCDatabaseMetaDataSupportsConvertTest" time="0.004"/>
    <testcase name="testSupportsConvert_to_CHAR_from_TIMESTAMP_WITH_TIME_ZONE" classname="org.hsqldb.jdbc.JDBCDatabaseMetaDataSupportsConvertTest" time="0.004"/>
    <testcase name="testSupportsConvert_to_CHAR_from_TINYINT" classname="org.hsqldb.jdbc.JDBCDatabaseMetaDataSupportsConvertTest" time="0.004"/>
    <testcase name="testSupportsConvert_to_CHAR_from_VARBINARY" classname="org.hsqldb.jdbc.JDBCDatabaseMetaDataSupportsConvertTest" time="0.004"/>
    <testcase name="testSupportsConvert_to_CHAR_from_VARCHAR" classname="org.hsqldb.jdbc.JDBCDatabaseMetaDataSupportsConvertTest" time="0.003"/>
    <testcase name="testSupportsConvert_to_CHAR_from_VARCHAR_IGNORECASE" classname="org.hsqldb.jdbc.JDBCDatabaseMetaDataSupportsConvertTest" time="0.004"/>
    <testcase name="testSupportsConvert_to_CHAR_from_INTERVAL_YEAR" classname="org.hsqldb.jdbc.JDBCDatabaseMetaDataSupportsConvertTest" time="0.004"/>
    <testcase name="testSupportsConvert_to_CHAR_from_INTERVAL_MONTH" classname="org.hsqldb.jdbc.JDBCDatabaseMetaDataSupportsConvertTest" time="0.004"/>
    <testcase name="testSupportsConvert_to_CHAR_from_INTERVAL_DAY" classname="org.hsqldb.jdbc.JDBCDatabaseMetaDataSupportsConvertTest" time="0.004"/>
    <testcase name="testSupportsConvert_to_CHAR_from_INTERVAL_HOUR" classname="org.hsqldb.jdbc.JDBCDatabaseMetaDataSupportsConvertTest" time="0.004"/>
    <testcase name="testSupportsConvert_to_CHAR_from_INTERVAL_MINUTE" classname="org.hsqldb.jdbc.JDBCDatabaseMetaDataSupportsConvertTest" time="0.003"/>
    <testcase name="testSupportsConvert_to_CHAR_from_INTERVAL_SECOND" classname="org.hsqldb.jdbc.JDBCDatabaseMetaDataSupportsConvertTest" time="0.004"/>
    <testcase name="testSupportsConvert_to_CHAR_from_INTERVAL_YEAR_TO_MONTH" classname="org.hsqldb.jdbc.JDBCDatabaseMetaDataSupportsConvertTest" time="0.004"/>
    <testcase name="testSupportsConvert_to_CHAR_from_INTERVAL_DAY_TO_HOUR" classname="org.hsqldb.jdbc.JDBCDatabaseMetaDataSupportsConvertTest" time="0.003"/>
    <testcase name="testSupportsConvert_to_CHAR_from_INTERVAL_DAY_TO_MINUTE" classname="org.hsqldb.jdbc.JDBCDatabaseMetaDataSupportsConvertTest" time="0.22"/>
    <testcase name="testSupportsConvert_to_CHAR_from_INTERVAL_DAY_TO_SECOND" classname="org.hsqldb.jdbc.JDBCDatabaseMetaDataSupportsConvertTest" time="0.003"/>
    <testcase name="testSupportsConvert_to_CHAR_from_INTERVAL_HOUR_TO_MINUTE" classname="org.hsqldb.jdbc.JDBCDatabaseMetaDataSupportsConvertTest" time="0.004"/>
    <testcase name="testSupportsConvert_to_CHAR_from_INTERVAL_HOUR_TO_SECOND" classname="org.hsqldb.jdbc.JDBCDatabaseMetaDataSupportsConvertTest" time="0.004"/>
    <testcase name="testSupportsConvert_to_CHAR_from_INTERVAL_MINUTE_TO_SECOND" classname="org.hsqldb.jdbc.JDBCDatabaseMetaDataSupportsConvertTest" time="0.003"/>
    <testcase name="testSupportsConvert_to_CLOB_from_ARRAY" classname="org.hsqldb.jdbc.JDBCDatabaseMetaDataSupportsConvertTest" time="0.003"/>
    <testcase name="testSupportsConvert_to_CLOB_from_BIGINT" classname="org.hsqldb.jdbc.JDBCDatabaseMetaDataSupportsConvertTest" time="0.004"/>
    <testcase name="testSupportsConvert_to_CLOB_from_BINARY" classname="org.hsqldb.jdbc.JDBCDatabaseMetaDataSupportsConvertTest" time="0.003"/>
    <testcase name="testSupportsConvert_to_CLOB_from_BIT" classname="org.hsqldb.jdbc.JDBCDatabaseMetaDataSupportsConvertTest" time="0.004"/>
    <testcase name="testSupportsConvert_to_CLOB_from_BLOB" classname="org.hsqldb.jdbc.JDBCDatabaseMetaDataSupportsConvertTest" time="0.003"/>
    <testcase name="testSupportsConvert_to_CLOB_from_BOOLEAN" classname="org.hsqldb.jdbc.JDBCDatabaseMetaDataSupportsConvertTest" time="0.003"/>
    <testcase name="testSupportsConvert_to_CLOB_from_CHAR" classname="org.hsqldb.jdbc.JDBCDatabaseMetaDataSupportsConvertTest" time="0.004"/>
    <testcase name="testSupportsConvert_to_CLOB_from_CLOB" classname="org.hsqldb.jdbc.JDBCDatabaseMetaDataSupportsConvertTest" time="0.003"/>
    <testcase name="testSupportsConvert_to_CLOB_from_DATALINK" classname="org.hsqldb.jdbc.JDBCDatabaseMetaDataSupportsConvertTest" time="0.004"/>
    <testcase name="testSupportsConvert_to_CLOB_from_DATE" classname="org.hsqldb.jdbc.JDBCDatabaseMetaDataSupportsConvertTest" time="0.003"/>
    <testcase name="testSupportsConvert_to_CLOB_from_DECIMAL" classname="org.hsqldb.jdbc.JDBCDatabaseMetaDataSupportsConvertTest" time="0.003"/>
    <testcase name="testSupportsConvert_to_CLOB_from_DISTINCT" classname="org.hsqldb.jdbc.JDBCDatabaseMetaDataSupportsConvertTest" time="0.004"/>
    <testcase name="testSupportsConvert_to_CLOB_from_DOUBLE" classname="org.hsqldb.jdbc.JDBCDatabaseMetaDataSupportsConvertTest" time="0.003"/>
    <testcase name="testSupportsConvert_to_CLOB_from_FLOAT" classname="org.hsqldb.jdbc.JDBCDatabaseMetaDataSupportsConvertTest" time="0.004"/>
    <testcase name="testSupportsConvert_to_CLOB_from_INTEGER" classname="org.hsqldb.jdbc.JDBCDatabaseMetaDataSupportsConvertTest" time="0.003"/>
    <testcase name="testSupportsConvert_to_CLOB_from_JAVA_OBJECT" classname="org.hsqldb.jdbc.JDBCDatabaseMetaDataSupportsConvertTest" time="0.003"/>
    <testcase name="testSupportsConvert_to_CLOB_from_LONGNVARCHAR" classname="org.hsqldb.jdbc.JDBCDatabaseMetaDataSupportsConvertTest" time="0.003"/>
    <testcase name="testSupportsConvert_to_CLOB_from_LONGVARCHAR" classname="org.hsqldb.jdbc.JDBCDatabaseMetaDataSupportsConvertTest" time="0.004"/>
    <testcase name="testSupportsConvert_to_CLOB_from_LONGVARBINARY" classname="org.hsqldb.jdbc.JDBCDatabaseMetaDataSupportsConvertTest" time="0.003"/>
    <testcase name="testSupportsConvert_to_CLOB_from_NCHAR" classname="org.hsqldb.jdbc.JDBCDatabaseMetaDataSupportsConvertTest" time="0.003"/>
    <testcase name="testSupportsConvert_to_CLOB_from_NCLOB" classname="org.hsqldb.jdbc.JDBCDatabaseMetaDataSupportsConvertTest" time="0.003"/>
    <testcase name="testSupportsConvert_to_CLOB_from_NULL" classname="org.hsqldb.jdbc.JDBCDatabaseMetaDataSupportsConvertTest" time="0.003"/>
    <testcase name="testSupportsConvert_to_CLOB_from_NUMERIC" classname="org.hsqldb.jdbc.JDBCDatabaseMetaDataSupportsConvertTest" time="0.003"/>
    <testcase name="testSupportsConvert_to_CLOB_from_NVARCHAR" classname="org.hsqldb.jdbc.JDBCDatabaseMetaDataSupportsConvertTest" time="0.003"/>
    <testcase name="testSupportsConvert_to_CLOB_from_OTHER" classname="org.hsqldb.jdbc.JDBCDatabaseMetaDataSupportsConvertTest" time="0.003"/>
    <testcase name="testSupportsConvert_to_CLOB_from_REAL" classname="org.hsqldb.jdbc.JDBCDatabaseMetaDataSupportsConvertTest" time="0.003"/>
    <testcase name="testSupportsConvert_to_CLOB_from_REF" classname="org.hsqldb.jdbc.JDBCDatabaseMetaDataSupportsConvertTest" time="0.004"/>
    <testcase name="testSupportsConvert_to_CLOB_from_ROWID" classname="org.hsqldb.jdbc.JDBCDatabaseMetaDataSupportsConvertTest" time="0.003"/>
    <testcase name="testSupportsConvert_to_CLOB_from_SMALLINT" classname="org.hsqldb.jdbc.JDBCDatabaseMetaDataSupportsConvertTest" time="0.004"/>
    <testcase name="testSupportsConvert_to_CLOB_from_STRUCT" classname="org.hsqldb.jdbc.JDBCDatabaseMetaDataSupportsConvertTest" time="0.003"/>
    <testcase name="testSupportsConvert_to_CLOB_from_TIME" classname="org.hsqldb.jdbc.JDBCDatabaseMetaDataSupportsConvertTest" time="0.004"/>
    <testcase name="testSupportsConvert_to_CLOB_from_TIMESTAMP" classname="org.hsqldb.jdbc.JDBCDatabaseMetaDataSupportsConvertTest" time="0.003"/>
    <testcase name="testSupportsConvert_to_CLOB_from_TIME_WITH_TIME_ZONE" classname="org.hsqldb.jdbc.JDBCDatabaseMetaDataSupportsConvertTest" time="0.004"/>
    <testcase name="testSupportsConvert_to_CLOB_from_TIMESTAMP_WITH_TIME_ZONE" classname="org.hsqldb.jdbc.JDBCDatabaseMetaDataSupportsConvertTest" time="0.004"/>
    <testcase name="testSupportsConvert_to_CLOB_from_TINYINT" classname="org.hsqldb.jdbc.JDBCDatabaseMetaDataSupportsConvertTest" time="0.004"/>
    <testcase name="testSupportsConvert_to_CLOB_from_VARBINARY" classname="org.hsqldb.jdbc.JDBCDatabaseMetaDataSupportsConvertTest" time="0.004"/>
    <testcase name="testSupportsConvert_to_CLOB_from_VARCHAR" classname="org.hsqldb.jdbc.JDBCDatabaseMetaDataSupportsConvertTest" time="0.003"/>
    <testcase name="testSupportsConvert_to_CLOB_from_VARCHAR_IGNORECASE" classname="org.hsqldb.jdbc.JDBCDatabaseMetaDataSupportsConvertTest" time="0.003"/>
    <testcase name="testSupportsConvert_to_CLOB_from_INTERVAL_YEAR" classname="org.hsqldb.jdbc.JDBCDatabaseMetaDataSupportsConvertTest" time="0.004"/>
    <testcase name="testSupportsConvert_to_CLOB_from_INTERVAL_MONTH" classname="org.hsqldb.jdbc.JDBCDatabaseMetaDataSupportsConvertTest" time="0.003"/>
    <testcase name="testSupportsConvert_to_CLOB_from_INTERVAL_DAY" classname="org.hsqldb.jdbc.JDBCDatabaseMetaDataSupportsConvertTest" time="0.003"/>
    <testcase name="testSupportsConvert_to_CLOB_from_INTERVAL_HOUR" classname="org.hsqldb.jdbc.JDBCDatabaseMetaDataSupportsConvertTest" time="0.004"/>
    <testcase name="testSupportsConvert_to_CLOB_from_INTERVAL_MINUTE" classname="org.hsqldb.jdbc.JDBCDatabaseMetaDataSupportsConvertTest" time="0.004"/>
    <testcase name="testSupportsConvert_to_CLOB_from_INTERVAL_SECOND" classname="org.hsqldb.jdbc.JDBCDatabaseMetaDataSupportsConvertTest" time="0.003"/>
    <testcase name="testSupportsConvert_to_CLOB_from_INTERVAL_YEAR_TO_MONTH" classname="org.hsqldb.jdbc.JDBCDatabaseMetaDataSupportsConvertTest" time="0.004"/>
    <testcase name="testSupportsConvert_to_CLOB_from_INTERVAL_DAY_TO_HOUR" classname="org.hsqldb.jdbc.JDBCDatabaseMetaDataSupportsConvertTest" time="0.003"/>
    <testcase name="testSupportsConvert_to_CLOB_from_INTERVAL_DAY_TO_MINUTE" classname="org.hsqldb.jdbc.JDBCDatabaseMetaDataSupportsConvertTest" time="0.004"/>
    <testcase name="testSupportsConvert_to_CLOB_from_INTERVAL_DAY_TO_SECOND" classname="org.hsqldb.jdbc.JDBCDatabaseMetaDataSupportsConvertTest" time="0.003"/>
    <testcase name="testSupportsConvert_to_CLOB_from_INTERVAL_HOUR_TO_MINUTE" classname="org.hsqldb.jdbc.JDBCDatabaseMetaDataSupportsConvertTest" time="0.004"/>
    <testcase name="testSupportsConvert_to_CLOB_from_INTERVAL_HOUR_TO_SECOND" classname="org.hsqldb.jdbc.JDBCDatabaseMetaDataSupportsConvertTest" time="0.003"/>
    <testcase name="testSupportsConvert_to_CLOB_from_INTERVAL_MINUTE_TO_SECOND" classname="org.hsqldb.jdbc.JDBCDatabaseMetaDataSupportsConvertTest" time="0.003"/>
    <testcase name="testSupportsConvert_to_DATALINK_from_ARRAY" classname="org.hsqldb.jdbc.JDBCDatabaseMetaDataSupportsConvertTest" time="0.004"/>
    <testcase name="testSupportsConvert_to_DATALINK_from_BIGINT" classname="org.hsqldb.jdbc.JDBCDatabaseMetaDataSupportsConvertTest" time="0.003"/>
    <testcase name="testSupportsConvert_to_DATALINK_from_BINARY" classname="org.hsqldb.jdbc.JDBCDatabaseMetaDataSupportsConvertTest" time="0.003"/>
    <testcase name="testSupportsConvert_to_DATALINK_from_BIT" classname="org.hsqldb.jdbc.JDBCDatabaseMetaDataSupportsConvertTest" time="0.004"/>
    <testcase name="testSupportsConvert_to_DATALINK_from_BLOB" classname="org.hsqldb.jdbc.JDBCDatabaseMetaDataSupportsConvertTest" time="0.003"/>
    <testcase name="testSupportsConvert_to_DATALINK_from_BOOLEAN" classname="org.hsqldb.jdbc.JDBCDatabaseMetaDataSupportsConvertTest" time="0.003"/>
    <testcase name="testSupportsConvert_to_DATALINK_from_CHAR" classname="org.hsqldb.jdbc.JDBCDatabaseMetaDataSupportsConvertTest" time="0.004"/>
    <testcase name="testSupportsConvert_to_DATALINK_from_CLOB" classname="org.hsqldb.jdbc.JDBCDatabaseMetaDataSupportsConvertTest" time="0.003"/>
    <testcase name="testSupportsConvert_to_DATALINK_from_DATALINK" classname="org.hsqldb.jdbc.JDBCDatabaseMetaDataSupportsConvertTest" time="0.003"/>
    <testcase name="testSupportsConvert_to_DATALINK_from_DATE" classname="org.hsqldb.jdbc.JDBCDatabaseMetaDataSupportsConvertTest" time="0.003"/>
    <testcase name="testSupportsConvert_to_DATALINK_from_DECIMAL" classname="org.hsqldb.jdbc.JDBCDatabaseMetaDataSupportsConvertTest" time="0.003"/>
    <testcase name="testSupportsConvert_to_DATALINK_from_DISTINCT" classname="org.hsqldb.jdbc.JDBCDatabaseMetaDataSupportsConvertTest" time="0.004"/>
    <testcase name="testSupportsConvert_to_DATALINK_from_DOUBLE" classname="org.hsqldb.jdbc.JDBCDatabaseMetaDataSupportsConvertTest" time="0.004"/>
    <testcase name="testSupportsConvert_to_DATALINK_from_FLOAT" classname="org.hsqldb.jdbc.JDBCDatabaseMetaDataSupportsConvertTest" time="0.003"/>
    <testcase name="testSupportsConvert_to_DATALINK_from_INTEGER" classname="org.hsqldb.jdbc.JDBCDatabaseMetaDataSupportsConvertTest" time="0.004"/>
    <testcase name="testSupportsConvert_to_DATALINK_from_JAVA_OBJECT" classname="org.hsqldb.jdbc.JDBCDatabaseMetaDataSupportsConvertTest" time="0.003"/>
    <testcase name="testSupportsConvert_to_DATALINK_from_LONGNVARCHAR" classname="org.hsqldb.jdbc.JDBCDatabaseMetaDataSupportsConvertTest" time="0.003"/>
    <testcase name="testSupportsConvert_to_DATALINK_from_LONGVARCHAR" classname="org.hsqldb.jdbc.JDBCDatabaseMetaDataSupportsConvertTest" time="0.003"/>
    <testcase name="testSupportsConvert_to_DATALINK_from_LONGVARBINARY" classname="org.hsqldb.jdbc.JDBCDatabaseMetaDataSupportsConvertTest" time="0.004"/>
    <testcase name="testSupportsConvert_to_DATALINK_from_NCHAR" classname="org.hsqldb.jdbc.JDBCDatabaseMetaDataSupportsConvertTest" time="0.003"/>
    <testcase name="testSupportsConvert_to_DATALINK_from_NCLOB" classname="org.hsqldb.jdbc.JDBCDatabaseMetaDataSupportsConvertTest" time="0.004"/>
    <testcase name="testSupportsConvert_to_DATALINK_from_NULL" classname="org.hsqldb.jdbc.JDBCDatabaseMetaDataSupportsConvertTest" time="0.003"/>
    <testcase name="testSupportsConvert_to_DATALINK_from_NUMERIC" classname="org.hsqldb.jdbc.JDBCDatabaseMetaDataSupportsConvertTest" time="0.003"/>
    <testcase name="testSupportsConvert_to_DATALINK_from_NVARCHAR" classname="org.hsqldb.jdbc.JDBCDatabaseMetaDataSupportsConvertTest" time="0.004"/>
    <testcase name="testSupportsConvert_to_DATALINK_from_OTHER" classname="org.hsqldb.jdbc.JDBCDatabaseMetaDataSupportsConvertTest" time="0.003"/>
    <testcase name="testSupportsConvert_to_DATALINK_from_REAL" classname="org.hsqldb.jdbc.JDBCDatabaseMetaDataSupportsConvertTest" time="0.004"/>
    <testcase name="testSupportsConvert_to_DATALINK_from_REF" classname="org.hsqldb.jdbc.JDBCDatabaseMetaDataSupportsConvertTest" time="0.003"/>
    <testcase name="testSupportsConvert_to_DATALINK_from_ROWID" classname="org.hsqldb.jdbc.JDBCDatabaseMetaDataSupportsConvertTest" time="0.003"/>
    <testcase name="testSupportsConvert_to_DATALINK_from_SMALLINT" classname="org.hsqldb.jdbc.JDBCDatabaseMetaDataSupportsConvertTest" time="0.004"/>
    <testcase name="testSupportsConvert_to_DATALINK_from_STRUCT" classname="org.hsqldb.jdbc.JDBCDatabaseMetaDataSupportsConvertTest" time="0.003"/>
    <testcase name="testSupportsConvert_to_DATALINK_from_TIME" classname="org.hsqldb.jdbc.JDBCDatabaseMetaDataSupportsConvertTest" time="0.003"/>
    <testcase name="testSupportsConvert_to_DATALINK_from_TIMESTAMP" classname="org.hsqldb.jdbc.JDBCDatabaseMetaDataSupportsConvertTest" time="0.003"/>
    <testcase name="testSupportsConvert_to_DATALINK_from_TIME_WITH_TIME_ZONE" classname="org.hsqldb.jdbc.JDBCDatabaseMetaDataSupportsConvertTest" time="0.003"/>
    <testcase name="testSupportsConvert_to_DATALINK_from_TIMESTAMP_WITH_TIME_ZONE" classname="org.hsqldb.jdbc.JDBCDatabaseMetaDataSupportsConvertTest" time="0.003"/>
    <testcase name="testSupportsConvert_to_DATALINK_from_TINYINT" classname="org.hsqldb.jdbc.JDBCDatabaseMetaDataSupportsConvertTest" time="0.003"/>
    <testcase name="testSupportsConvert_to_DATALINK_from_VARBINARY" classname="org.hsqldb.jdbc.JDBCDatabaseMetaDataSupportsConvertTest" time="0.003"/>
    <testcase name="testSupportsConvert_to_DATALINK_from_VARCHAR" classname="org.hsqldb.jdbc.JDBCDatabaseMetaDataSupportsConvertTest" time="0.003"/>
    <testcase name="testSupportsConvert_to_DATALINK_from_VARCHAR_IGNORECASE" classname="org.hsqldb.jdbc.JDBCDatabaseMetaDataSupportsConvertTest" time="0.003"/>
    <testcase name="testSupportsConvert_to_DATALINK_from_INTERVAL_YEAR" classname="org.hsqldb.jdbc.JDBCDatabaseMetaDataSupportsConvertTest" time="0.003"/>
    <testcase name="testSupportsConvert_to_DATALINK_from_INTERVAL_MONTH" classname="org.hsqldb.jdbc.JDBCDatabaseMetaDataSupportsConvertTest" time="0.003"/>
    <testcase name="testSupportsConvert_to_DATALINK_from_INTERVAL_DAY" classname="org.hsqldb.jdbc.JDBCDatabaseMetaDataSupportsConvertTest" time="0.003"/>
    <testcase name="testSupportsConvert_to_DATALINK_from_INTERVAL_HOUR" classname="org.hsqldb.jdbc.JDBCDatabaseMetaDataSupportsConvertTest" time="0.004"/>
    <testcase name="testSupportsConvert_to_DATALINK_from_INTERVAL_MINUTE" classname="org.hsqldb.jdbc.JDBCDatabaseMetaDataSupportsConvertTest" time="0.003"/>
    <testcase name="testSupportsConvert_to_DATALINK_from_INTERVAL_SECOND" classname="org.hsqldb.jdbc.JDBCDatabaseMetaDataSupportsConvertTest" time="0.003"/>
    <testcase name="testSupportsConvert_to_DATALINK_from_INTERVAL_YEAR_TO_MONTH" classname="org.hsqldb.jdbc.JDBCDatabaseMetaDataSupportsConvertTest" time="0.003"/>
    <testcase name="testSupportsConvert_to_DATALINK_from_INTERVAL_DAY_TO_HOUR" classname="org.hsqldb.jdbc.JDBCDatabaseMetaDataSupportsConvertTest" time="0.003"/>
    <testcase name="testSupportsConvert_to_DATALINK_from_INTERVAL_DAY_TO_MINUTE" classname="org.hsqldb.jdbc.JDBCDatabaseMetaDataSupportsConvertTest" time="0.004"/>
    <testcase name="testSupportsConvert_to_DATALINK_from_INTERVAL_DAY_TO_SECOND" classname="org.hsqldb.jdbc.JDBCDatabaseMetaDataSupportsConvertTest" time="0.003"/>
    <testcase name="testSupportsConvert_to_DATALINK_from_INTERVAL_HOUR_TO_MINUTE" classname="org.hsqldb.jdbc.JDBCDatabaseMetaDataSupportsConvertTest" time="0.003"/>
    <testcase name="testSupportsConvert_to_DATALINK_from_INTERVAL_HOUR_TO_SECOND" classname="org.hsqldb.jdbc.JDBCDatabaseMetaDataSupportsConvertTest" time="0.003"/>
    <testcase name="testSupportsConvert_to_DATALINK_from_INTERVAL_MINUTE_TO_SECOND" classname="org.hsqldb.jdbc.JDBCDatabaseMetaDataSupportsConvertTest" time="0.003"/>
    <testcase name="testSupportsConvert_to_DATE_from_ARRAY" classname="org.hsqldb.jdbc.JDBCDatabaseMetaDataSupportsConvertTest" time="0.003"/>
    <testcase name="testSupportsConvert_to_DATE_from_BIGINT" classname="org.hsqldb.jdbc.JDBCDatabaseMetaDataSupportsConvertTest" time="0.003"/>
    <testcase name="testSupportsConvert_to_DATE_from_BINARY" classname="org.hsqldb.jdbc.JDBCDatabaseMetaDataSupportsConvertTest" time="0.003"/>
    <testcase name="testSupportsConvert_to_DATE_from_BIT" classname="org.hsqldb.jdbc.JDBCDatabaseMetaDataSupportsConvertTest" time="0.003"/>
    <testcase name="testSupportsConvert_to_DATE_from_BLOB" classname="org.hsqldb.jdbc.JDBCDatabaseMetaDataSupportsConvertTest" time="0.003"/>
    <testcase name="testSupportsConvert_to_DATE_from_BOOLEAN" classname="org.hsqldb.jdbc.JDBCDatabaseMetaDataSupportsConvertTest" time="0.003"/>
    <testcase name="testSupportsConvert_to_DATE_from_CHAR" classname="org.hsqldb.jdbc.JDBCDatabaseMetaDataSupportsConvertTest" time="0.003"/>
    <testcase name="testSupportsConvert_to_DATE_from_CLOB" classname="org.hsqldb.jdbc.JDBCDatabaseMetaDataSupportsConvertTest" time="0.004"/>
    <testcase name="testSupportsConvert_to_DATE_from_DATALINK" classname="org.hsqldb.jdbc.JDBCDatabaseMetaDataSupportsConvertTest" time="0.004"/>
    <testcase name="testSupportsConvert_to_DATE_from_DATE" classname="org.hsqldb.jdbc.JDBCDatabaseMetaDataSupportsConvertTest" time="0.003"/>
    <testcase name="testSupportsConvert_to_DATE_from_DECIMAL" classname="org.hsqldb.jdbc.JDBCDatabaseMetaDataSupportsConvertTest" time="0.003"/>
    <testcase name="testSupportsConvert_to_DATE_from_DISTINCT" classname="org.hsqldb.jdbc.JDBCDatabaseMetaDataSupportsConvertTest" time="0.003"/>
    <testcase name="testSupportsConvert_to_DATE_from_DOUBLE" classname="org.hsqldb.jdbc.JDBCDatabaseMetaDataSupportsConvertTest" time="0.003"/>
    <testcase name="testSupportsConvert_to_DATE_from_FLOAT" classname="org.hsqldb.jdbc.JDBCDatabaseMetaDataSupportsConvertTest" time="0.002"/>
    <testcase name="testSupportsConvert_to_DATE_from_INTEGER" classname="org.hsqldb.jdbc.JDBCDatabaseMetaDataSupportsConvertTest" time="0.003"/>
    <testcase name="testSupportsConvert_to_DATE_from_JAVA_OBJECT" classname="org.hsqldb.jdbc.JDBCDatabaseMetaDataSupportsConvertTest" time="0.003"/>
    <testcase name="testSupportsConvert_to_DATE_from_LONGNVARCHAR" classname="org.hsqldb.jdbc.JDBCDatabaseMetaDataSupportsConvertTest" time="0.003"/>
    <testcase name="testSupportsConvert_to_DATE_from_LONGVARCHAR" classname="org.hsqldb.jdbc.JDBCDatabaseMetaDataSupportsConvertTest" time="0.003"/>
    <testcase name="testSupportsConvert_to_DATE_from_LONGVARBINARY" classname="org.hsqldb.jdbc.JDBCDatabaseMetaDataSupportsConvertTest" time="0.002"/>
    <testcase name="testSupportsConvert_to_DATE_from_NCHAR" classname="org.hsqldb.jdbc.JDBCDatabaseMetaDataSupportsConvertTest" time="0.003"/>
    <testcase name="testSupportsConvert_to_DATE_from_NCLOB" classname="org.hsqldb.jdbc.JDBCDatabaseMetaDataSupportsConvertTest" time="0.002"/>
    <testcase name="testSupportsConvert_to_DATE_from_NULL" classname="org.hsqldb.jdbc.JDBCDatabaseMetaDataSupportsConvertTest" time="0.003"/>
    <testcase name="testSupportsConvert_to_DATE_from_NUMERIC" classname="org.hsqldb.jdbc.JDBCDatabaseMetaDataSupportsConvertTest" time="0.002"/>
    <testcase name="testSupportsConvert_to_DATE_from_NVARCHAR" classname="org.hsqldb.jdbc.JDBCDatabaseMetaDataSupportsConvertTest" time="0.003"/>
    <testcase name="testSupportsConvert_to_DATE_from_OTHER" classname="org.hsqldb.jdbc.JDBCDatabaseMetaDataSupportsConvertTest" time="0.003"/>
    <testcase name="testSupportsConvert_to_DATE_from_REAL" classname="org.hsqldb.jdbc.JDBCDatabaseMetaDataSupportsConvertTest" time="0.002"/>
    <testcase name="testSupportsConvert_to_DATE_from_REF" classname="org.hsqldb.jdbc.JDBCDatabaseMetaDataSupportsConvertTest" time="0.003"/>
    <testcase name="testSupportsConvert_to_DATE_from_ROWID" classname="org.hsqldb.jdbc.JDBCDatabaseMetaDataSupportsConvertTest" time="0.002"/>
    <testcase name="testSupportsConvert_to_DATE_from_SMALLINT" classname="org.hsqldb.jdbc.JDBCDatabaseMetaDataSupportsConvertTest" time="0.003"/>
    <testcase name="testSupportsConvert_to_DATE_from_STRUCT" classname="org.hsqldb.jdbc.JDBCDatabaseMetaDataSupportsConvertTest" time="0.003"/>
    <testcase name="testSupportsConvert_to_DATE_from_TIME" classname="org.hsqldb.jdbc.JDBCDatabaseMetaDataSupportsConvertTest" time="0.002"/>
    <testcase name="testSupportsConvert_to_DATE_from_TIMESTAMP" classname="org.hsqldb.jdbc.JDBCDatabaseMetaDataSupportsConvertTest" time="0.003"/>
    <testcase name="testSupportsConvert_to_DATE_from_TIME_WITH_TIME_ZONE" classname="org.hsqldb.jdbc.JDBCDatabaseMetaDataSupportsConvertTest" time="0.003"/>
    <testcase name="testSupportsConvert_to_DATE_from_TIMESTAMP_WITH_TIME_ZONE" classname="org.hsqldb.jdbc.JDBCDatabaseMetaDataSupportsConvertTest" time="0.002"/>
    <testcase name="testSupportsConvert_to_DATE_from_TINYINT" classname="org.hsqldb.jdbc.JDBCDatabaseMetaDataSupportsConvertTest" time="0.05"/>
    <testcase name="testSupportsConvert_to_DATE_from_VARBINARY" classname="org.hsqldb.jdbc.JDBCDatabaseMetaDataSupportsConvertTest" time="0.003"/>
    <testcase name="testSupportsConvert_to_DATE_from_VARCHAR" classname="org.hsqldb.jdbc.JDBCDatabaseMetaDataSupportsConvertTest" time="0.003"/>
    <testcase name="testSupportsConvert_to_DATE_from_VARCHAR_IGNORECASE" classname="org.hsqldb.jdbc.JDBCDatabaseMetaDataSupportsConvertTest" time="0.003"/>
    <testcase name="testSupportsConvert_to_DATE_from_INTERVAL_YEAR" classname="org.hsqldb.jdbc.JDBCDatabaseMetaDataSupportsConvertTest" time="0.003"/>
    <testcase name="testSupportsConvert_to_DATE_from_INTERVAL_MONTH" classname="org.hsqldb.jdbc.JDBCDatabaseMetaDataSupportsConvertTest" time="0.002"/>
    <testcase name="testSupportsConvert_to_DATE_from_INTERVAL_DAY" classname="org.hsqldb.jdbc.JDBCDatabaseMetaDataSupportsConvertTest" time="0.003"/>
    <testcase name="testSupportsConvert_to_DATE_from_INTERVAL_HOUR" classname="org.hsqldb.jdbc.JDBCDatabaseMetaDataSupportsConvertTest" time="0.002"/>
    <testcase name="testSupportsConvert_to_DATE_from_INTERVAL_MINUTE" classname="org.hsqldb.jdbc.JDBCDatabaseMetaDataSupportsConvertTest" time="0.003"/>
    <testcase name="testSupportsConvert_to_DATE_from_INTERVAL_SECOND" classname="org.hsqldb.jdbc.JDBCDatabaseMetaDataSupportsConvertTest" time="0.003"/>
    <testcase name="testSupportsConvert_to_DATE_from_INTERVAL_YEAR_TO_MONTH" classname="org.hsqldb.jdbc.JDBCDatabaseMetaDataSupportsConvertTest" time="0.002"/>
    <testcase name="testSupportsConvert_to_DATE_from_INTERVAL_DAY_TO_HOUR" classname="org.hsqldb.jdbc.JDBCDatabaseMetaDataSupportsConvertTest" time="0.003"/>
    <testcase name="testSupportsConvert_to_DATE_from_INTERVAL_DAY_TO_MINUTE" classname="org.hsqldb.jdbc.JDBCDatabaseMetaDataSupportsConvertTest" time="0.003"/>
    <testcase name="testSupportsConvert_to_DATE_from_INTERVAL_DAY_TO_SECOND" classname="org.hsqldb.jdbc.JDBCDatabaseMetaDataSupportsConvertTest" time="0.003"/>
    <testcase name="testSupportsConvert_to_DATE_from_INTERVAL_HOUR_TO_MINUTE" classname="org.hsqldb.jdbc.JDBCDatabaseMetaDataSupportsConvertTest" time="0.003"/>
    <testcase name="testSupportsConvert_to_DATE_from_INTERVAL_HOUR_TO_SECOND" classname="org.hsqldb.jdbc.JDBCDatabaseMetaDataSupportsConvertTest" time="0.002"/>
    <testcase name="testSupportsConvert_to_DATE_from_INTERVAL_MINUTE_TO_SECOND" classname="org.hsqldb.jdbc.JDBCDatabaseMetaDataSupportsConvertTest" time="0.003"/>
    <testcase name="testSupportsConvert_to_DECIMAL_from_ARRAY" classname="org.hsqldb.jdbc.JDBCDatabaseMetaDataSupportsConvertTest" time="0.003"/>
    <testcase name="testSupportsConvert_to_DECIMAL_from_BIGINT" classname="org.hsqldb.jdbc.JDBCDatabaseMetaDataSupportsConvertTest" time="0.002"/>
    <testcase name="testSupportsConvert_to_DECIMAL_from_BINARY" classname="org.hsqldb.jdbc.JDBCDatabaseMetaDataSupportsConvertTest" time="0.003"/>
    <testcase name="testSupportsConvert_to_DECIMAL_from_BIT" classname="org.hsqldb.jdbc.JDBCDatabaseMetaDataSupportsConvertTest" time="0.003"/>
    <testcase name="testSupportsConvert_to_DECIMAL_from_BLOB" classname="org.hsqldb.jdbc.JDBCDatabaseMetaDataSupportsConvertTest" time="0.003"/>
    <testcase name="testSupportsConvert_to_DECIMAL_from_BOOLEAN" classname="org.hsqldb.jdbc.JDBCDatabaseMetaDataSupportsConvertTest" time="0.003"/>
    <testcase name="testSupportsConvert_to_DECIMAL_from_CHAR" classname="org.hsqldb.jdbc.JDBCDatabaseMetaDataSupportsConvertTest" time="0.003"/>
    <testcase name="testSupportsConvert_to_DECIMAL_from_CLOB" classname="org.hsqldb.jdbc.JDBCDatabaseMetaDataSupportsConvertTest" time="0.002"/>
    <testcase name="testSupportsConvert_to_DECIMAL_from_DATALINK" classname="org.hsqldb.jdbc.JDBCDatabaseMetaDataSupportsConvertTest" time="0.003"/>
    <testcase name="testSupportsConvert_to_DECIMAL_from_DATE" classname="org.hsqldb.jdbc.JDBCDatabaseMetaDataSupportsConvertTest" time="0.003"/>
    <testcase name="testSupportsConvert_to_DECIMAL_from_DECIMAL" classname="org.hsqldb.jdbc.JDBCDatabaseMetaDataSupportsConvertTest" time="0.003"/>
    <testcase name="testSupportsConvert_to_DECIMAL_from_DISTINCT" classname="org.hsqldb.jdbc.JDBCDatabaseMetaDataSupportsConvertTest" time="0.002"/>
    <testcase name="testSupportsConvert_to_DECIMAL_from_DOUBLE" classname="org.hsqldb.jdbc.JDBCDatabaseMetaDataSupportsConvertTest" time="0.003"/>
    <testcase name="testSupportsConvert_to_DECIMAL_from_FLOAT" classname="org.hsqldb.jdbc.JDBCDatabaseMetaDataSupportsConvertTest" time="0.004"/>
    <testcase name="testSupportsConvert_to_DECIMAL_from_INTEGER" classname="org.hsqldb.jdbc.JDBCDatabaseMetaDataSupportsConvertTest" time="0.002"/>
    <testcase name="testSupportsConvert_to_DECIMAL_from_JAVA_OBJECT" classname="org.hsqldb.jdbc.JDBCDatabaseMetaDataSupportsConvertTest" time="0.003"/>
    <testcase name="testSupportsConvert_to_DECIMAL_from_LONGNVARCHAR" classname="org.hsqldb.jdbc.JDBCDatabaseMetaDataSupportsConvertTest" time="0.003"/>
    <testcase name="testSupportsConvert_to_DECIMAL_from_LONGVARCHAR" classname="org.hsqldb.jdbc.JDBCDatabaseMetaDataSupportsConvertTest" time="0.003"/>
    <testcase name="testSupportsConvert_to_DECIMAL_from_LONGVARBINARY" classname="org.hsqldb.jdbc.JDBCDatabaseMetaDataSupportsConvertTest" time="0.003"/>
    <testcase name="testSupportsConvert_to_DECIMAL_from_NCHAR" classname="org.hsqldb.jdbc.JDBCDatabaseMetaDataSupportsConvertTest" time="0.003"/>
    <testcase name="testSupportsConvert_to_DECIMAL_from_NCLOB" classname="org.hsqldb.jdbc.JDBCDatabaseMetaDataSupportsConvertTest" time="0.003"/>
    <testcase name="testSupportsConvert_to_DECIMAL_from_NULL" classname="org.hsqldb.jdbc.JDBCDatabaseMetaDataSupportsConvertTest" time="0.004"/>
    <testcase name="testSupportsConvert_to_DECIMAL_from_NUMERIC" classname="org.hsqldb.jdbc.JDBCDatabaseMetaDataSupportsConvertTest" time="0.004"/>
    <testcase name="testSupportsConvert_to_DECIMAL_from_NVARCHAR" classname="org.hsqldb.jdbc.JDBCDatabaseMetaDataSupportsConvertTest" time="0.002"/>
    <testcase name="testSupportsConvert_to_DECIMAL_from_OTHER" classname="org.hsqldb.jdbc.JDBCDatabaseMetaDataSupportsConvertTest" time="0.002"/>
    <testcase name="testSupportsConvert_to_DECIMAL_from_REAL" classname="org.hsqldb.jdbc.JDBCDatabaseMetaDataSupportsConvertTest" time="0.003"/>
    <testcase name="testSupportsConvert_to_DECIMAL_from_REF" classname="org.hsqldb.jdbc.JDBCDatabaseMetaDataSupportsConvertTest" time="0.002"/>
    <testcase name="testSupportsConvert_to_DECIMAL_from_ROWID" classname="org.hsqldb.jdbc.JDBCDatabaseMetaDataSupportsConvertTest" time="0.003"/>
    <testcase name="testSupportsConvert_to_DECIMAL_from_SMALLINT" classname="org.hsqldb.jdbc.JDBCDatabaseMetaDataSupportsConvertTest" time="0.003"/>
    <testcase name="testSupportsConvert_to_DECIMAL_from_STRUCT" classname="org.hsqldb.jdbc.JDBCDatabaseMetaDataSupportsConvertTest" time="0.002"/>
    <testcase name="testSupportsConvert_to_DECIMAL_from_TIME" classname="org.hsqldb.jdbc.JDBCDatabaseMetaDataSupportsConvertTest" time="0.003"/>
    <testcase name="testSupportsConvert_to_DECIMAL_from_TIMESTAMP" classname="org.hsqldb.jdbc.JDBCDatabaseMetaDataSupportsConvertTest" time="0.003"/>
    <testcase name="testSupportsConvert_to_DECIMAL_from_TIME_WITH_TIME_ZONE" classname="org.hsqldb.jdbc.JDBCDatabaseMetaDataSupportsConvertTest" time="0.002"/>
    <testcase name="testSupportsConvert_to_DECIMAL_from_TIMESTAMP_WITH_TIME_ZONE" classname="org.hsqldb.jdbc.JDBCDatabaseMetaDataSupportsConvertTest" time="0.003"/>
    <testcase name="testSupportsConvert_to_DECIMAL_from_TINYINT" classname="org.hsqldb.jdbc.JDBCDatabaseMetaDataSupportsConvertTest" time="0.003"/>
    <testcase name="testSupportsConvert_to_DECIMAL_from_VARBINARY" classname="org.hsqldb.jdbc.JDBCDatabaseMetaDataSupportsConvertTest" time="0.003"/>
    <testcase name="testSupportsConvert_to_DECIMAL_from_VARCHAR" classname="org.hsqldb.jdbc.JDBCDatabaseMetaDataSupportsConvertTest" time="0.003"/>
    <testcase name="testSupportsConvert_to_DECIMAL_from_VARCHAR_IGNORECASE" classname="org.hsqldb.jdbc.JDBCDatabaseMetaDataSupportsConvertTest" time="0.003"/>
    <testcase name="testSupportsConvert_to_DECIMAL_from_INTERVAL_YEAR" classname="org.hsqldb.jdbc.JDBCDatabaseMetaDataSupportsConvertTest" time="0.003"/>
    <testcase name="testSupportsConvert_to_DECIMAL_from_INTERVAL_MONTH" classname="org.hsqldb.jdbc.JDBCDatabaseMetaDataSupportsConvertTest" time="0.003"/>
    <testcase name="testSupportsConvert_to_DECIMAL_from_INTERVAL_DAY" classname="org.hsqldb.jdbc.JDBCDatabaseMetaDataSupportsConvertTest" time="0.003"/>
    <testcase name="testSupportsConvert_to_DECIMAL_from_INTERVAL_HOUR" classname="org.hsqldb.jdbc.JDBCDatabaseMetaDataSupportsConvertTest" time="0.003"/>
    <testcase name="testSupportsConvert_to_DECIMAL_from_INTERVAL_MINUTE" classname="org.hsqldb.jdbc.JDBCDatabaseMetaDataSupportsConvertTest" time="0.003"/>
    <testcase name="testSupportsConvert_to_DECIMAL_from_INTERVAL_SECOND" classname="org.hsqldb.jdbc.JDBCDatabaseMetaDataSupportsConvertTest" time="0.003"/>
    <testcase name="testSupportsConvert_to_DECIMAL_from_INTERVAL_YEAR_TO_MONTH" classname="org.hsqldb.jdbc.JDBCDatabaseMetaDataSupportsConvertTest" time="0.003"/>
    <testcase name="testSupportsConvert_to_DECIMAL_from_INTERVAL_DAY_TO_HOUR" classname="org.hsqldb.jdbc.JDBCDatabaseMetaDataSupportsConvertTest" time="0.003"/>
    <testcase name="testSupportsConvert_to_DECIMAL_from_INTERVAL_DAY_TO_MINUTE" classname="org.hsqldb.jdbc.JDBCDatabaseMetaDataSupportsConvertTest" time="0.003"/>
    <testcase name="testSupportsConvert_to_DECIMAL_from_INTERVAL_DAY_TO_SECOND" classname="org.hsqldb.jdbc.JDBCDatabaseMetaDataSupportsConvertTest" time="0.003"/>
    <testcase name="testSupportsConvert_to_DECIMAL_from_INTERVAL_HOUR_TO_MINUTE" classname="org.hsqldb.jdbc.JDBCDatabaseMetaDataSupportsConvertTest" time="0.002"/>
    <testcase name="testSupportsConvert_to_DECIMAL_from_INTERVAL_HOUR_TO_SECOND" classname="org.hsqldb.jdbc.JDBCDatabaseMetaDataSupportsConvertTest" time="0.003"/>
    <testcase name="testSupportsConvert_to_DECIMAL_from_INTERVAL_MINUTE_TO_SECOND" classname="org.hsqldb.jdbc.JDBCDatabaseMetaDataSupportsConvertTest" time="0.003"/>
    <testcase name="testSupportsConvert_to_DISTINCT_from_ARRAY" classname="org.hsqldb.jdbc.JDBCDatabaseMetaDataSupportsConvertTest" time="0.003"/>
    <testcase name="testSupportsConvert_to_DISTINCT_from_BIGINT" classname="org.hsqldb.jdbc.JDBCDatabaseMetaDataSupportsConvertTest" time="0.003"/>
    <testcase name="testSupportsConvert_to_DISTINCT_from_BINARY" classname="org.hsqldb.jdbc.JDBCDatabaseMetaDataSupportsConvertTest" time="0.002"/>
    <testcase name="testSupportsConvert_to_DISTINCT_from_BIT" classname="org.hsqldb.jdbc.JDBCDatabaseMetaDataSupportsConvertTest" time="0.003"/>
    <testcase name="testSupportsConvert_to_DISTINCT_from_BLOB" classname="org.hsqldb.jdbc.JDBCDatabaseMetaDataSupportsConvertTest" time="0.003"/>
    <testcase name="testSupportsConvert_to_DISTINCT_from_BOOLEAN" classname="org.hsqldb.jdbc.JDBCDatabaseMetaDataSupportsConvertTest" time="0.002"/>
    <testcase name="testSupportsConvert_to_DISTINCT_from_CHAR" classname="org.hsqldb.jdbc.JDBCDatabaseMetaDataSupportsConvertTest" time="0.003"/>
    <testcase name="testSupportsConvert_to_DISTINCT_from_CLOB" classname="org.hsqldb.jdbc.JDBCDatabaseMetaDataSupportsConvertTest" time="0.002"/>
    <testcase name="testSupportsConvert_to_DISTINCT_from_DATALINK" classname="org.hsqldb.jdbc.JDBCDatabaseMetaDataSupportsConvertTest" time="0.003"/>
    <testcase name="testSupportsConvert_to_DISTINCT_from_DATE" classname="org.hsqldb.jdbc.JDBCDatabaseMetaDataSupportsConvertTest" time="0.002"/>
    <testcase name="testSupportsConvert_to_DISTINCT_from_DECIMAL" classname="org.hsqldb.jdbc.JDBCDatabaseMetaDataSupportsConvertTest" time="0.003"/>
    <testcase name="testSupportsConvert_to_DISTINCT_from_DISTINCT" classname="org.hsqldb.jdbc.JDBCDatabaseMetaDataSupportsConvertTest" time="0.002"/>
    <testcase name="testSupportsConvert_to_DISTINCT_from_DOUBLE" classname="org.hsqldb.jdbc.JDBCDatabaseMetaDataSupportsConvertTest" time="0.003"/>
    <testcase name="testSupportsConvert_to_DISTINCT_from_FLOAT" classname="org.hsqldb.jdbc.JDBCDatabaseMetaDataSupportsConvertTest" time="0.003"/>
    <testcase name="testSupportsConvert_to_DISTINCT_from_INTEGER" classname="org.hsqldb.jdbc.JDBCDatabaseMetaDataSupportsConvertTest" time="0.002"/>
    <testcase name="testSupportsConvert_to_DISTINCT_from_JAVA_OBJECT" classname="org.hsqldb.jdbc.JDBCDatabaseMetaDataSupportsConvertTest" time="0.003"/>
    <testcase name="testSupportsConvert_to_DISTINCT_from_LONGNVARCHAR" classname="org.hsqldb.jdbc.JDBCDatabaseMetaDataSupportsConvertTest" time="0.003"/>
    <testcase name="testSupportsConvert_to_DISTINCT_from_LONGVARCHAR" classname="org.hsqldb.jdbc.JDBCDatabaseMetaDataSupportsConvertTest" time="0.002"/>
    <testcase name="testSupportsConvert_to_DISTINCT_from_LONGVARBINARY" classname="org.hsqldb.jdbc.JDBCDatabaseMetaDataSupportsConvertTest" time="0.003"/>
    <testcase name="testSupportsConvert_to_DISTINCT_from_NCHAR" classname="org.hsqldb.jdbc.JDBCDatabaseMetaDataSupportsConvertTest" time="0.003"/>
    <testcase name="testSupportsConvert_to_DISTINCT_from_NCLOB" classname="org.hsqldb.jdbc.JDBCDatabaseMetaDataSupportsConvertTest" time="0.002"/>
    <testcase name="testSupportsConvert_to_DISTINCT_from_NULL" classname="org.hsqldb.jdbc.JDBCDatabaseMetaDataSupportsConvertTest" time="0.003"/>
    <testcase name="testSupportsConvert_to_DISTINCT_from_NUMERIC" classname="org.hsqldb.jdbc.JDBCDatabaseMetaDataSupportsConvertTest" time="0.002"/>
    <testcase name="testSupportsConvert_to_DISTINCT_from_NVARCHAR" classname="org.hsqldb.jdbc.JDBCDatabaseMetaDataSupportsConvertTest" time="0.003"/>
    <testcase name="testSupportsConvert_to_DISTINCT_from_OTHER" classname="org.hsqldb.jdbc.JDBCDatabaseMetaDataSupportsConvertTest" time="0.002"/>
    <testcase name="testSupportsConvert_to_DISTINCT_from_REAL" classname="org.hsqldb.jdbc.JDBCDatabaseMetaDataSupportsConvertTest" time="0.003"/>
    <testcase name="testSupportsConvert_to_DISTINCT_from_REF" classname="org.hsqldb.jdbc.JDBCDatabaseMetaDataSupportsConvertTest" time="0.003"/>
    <testcase name="testSupportsConvert_to_DISTINCT_from_ROWID" classname="org.hsqldb.jdbc.JDBCDatabaseMetaDataSupportsConvertTest" time="0.002"/>
    <testcase name="testSupportsConvert_to_DISTINCT_from_SMALLINT" classname="org.hsqldb.jdbc.JDBCDatabaseMetaDataSupportsConvertTest" time="0.003"/>
    <testcase name="testSupportsConvert_to_DISTINCT_from_STRUCT" classname="org.hsqldb.jdbc.JDBCDatabaseMetaDataSupportsConvertTest" time="0.003"/>
    <testcase name="testSupportsConvert_to_DISTINCT_from_TIME" classname="org.hsqldb.jdbc.JDBCDatabaseMetaDataSupportsConvertTest" time="0.003"/>
    <testcase name="testSupportsConvert_to_DISTINCT_from_TIMESTAMP" classname="org.hsqldb.jdbc.JDBCDatabaseMetaDataSupportsConvertTest" time="0.003"/>
    <testcase name="testSupportsConvert_to_DISTINCT_from_TIME_WITH_TIME_ZONE" classname="org.hsqldb.jdbc.JDBCDatabaseMetaDataSupportsConvertTest" time="0.003"/>
    <testcase name="testSupportsConvert_to_DISTINCT_from_TIMESTAMP_WITH_TIME_ZONE" classname="org.hsqldb.jdbc.JDBCDatabaseMetaDataSupportsConvertTest" time="0.003"/>
    <testcase name="testSupportsConvert_to_DISTINCT_from_TINYINT" classname="org.hsqldb.jdbc.JDBCDatabaseMetaDataSupportsConvertTest" time="0.002"/>
    <testcase name="testSupportsConvert_to_DISTINCT_from_VARBINARY" classname="org.hsqldb.jdbc.JDBCDatabaseMetaDataSupportsConvertTest" time="0.003"/>
    <testcase name="testSupportsConvert_to_DISTINCT_from_VARCHAR" classname="org.hsqldb.jdbc.JDBCDatabaseMetaDataSupportsConvertTest" time="0.002"/>
    <testcase name="testSupportsConvert_to_DISTINCT_from_VARCHAR_IGNORECASE" classname="org.hsqldb.jdbc.JDBCDatabaseMetaDataSupportsConvertTest" time="0.003"/>
    <testcase name="testSupportsConvert_to_DISTINCT_from_INTERVAL_YEAR" classname="org.hsqldb.jdbc.JDBCDatabaseMetaDataSupportsConvertTest" time="0.002"/>
    <testcase name="testSupportsConvert_to_DISTINCT_from_INTERVAL_MONTH" classname="org.hsqldb.jdbc.JDBCDatabaseMetaDataSupportsConvertTest" time="0.003"/>
    <testcase name="testSupportsConvert_to_DISTINCT_from_INTERVAL_DAY" classname="org.hsqldb.jdbc.JDBCDatabaseMetaDataSupportsConvertTest" time="0.002"/>
    <testcase name="testSupportsConvert_to_DISTINCT_from_INTERVAL_HOUR" classname="org.hsqldb.jdbc.JDBCDatabaseMetaDataSupportsConvertTest" time="0.002"/>
    <testcase name="testSupportsConvert_to_DISTINCT_from_INTERVAL_MINUTE" classname="org.hsqldb.jdbc.JDBCDatabaseMetaDataSupportsConvertTest" time="0.003"/>
    <testcase name="testSupportsConvert_to_DISTINCT_from_INTERVAL_SECOND" classname="org.hsqldb.jdbc.JDBCDatabaseMetaDataSupportsConvertTest" time="0.002"/>
    <testcase name="testSupportsConvert_to_DISTINCT_from_INTERVAL_YEAR_TO_MONTH" classname="org.hsqldb.jdbc.JDBCDatabaseMetaDataSupportsConvertTest" time="0.003"/>
    <testcase name="testSupportsConvert_to_DISTINCT_from_INTERVAL_DAY_TO_HOUR" classname="org.hsqldb.jdbc.JDBCDatabaseMetaDataSupportsConvertTest" time="0.002"/>
    <testcase name="testSupportsConvert_to_DISTINCT_from_INTERVAL_DAY_TO_MINUTE" classname="org.hsqldb.jdbc.JDBCDatabaseMetaDataSupportsConvertTest" time="0.003"/>
    <testcase name="testSupportsConvert_to_DISTINCT_from_INTERVAL_DAY_TO_SECOND" classname="org.hsqldb.jdbc.JDBCDatabaseMetaDataSupportsConvertTest" time="0.002"/>
    <testcase name="testSupportsConvert_to_DISTINCT_from_INTERVAL_HOUR_TO_MINUTE" classname="org.hsqldb.jdbc.JDBCDatabaseMetaDataSupportsConvertTest" time="0.003"/>
    <testcase name="testSupportsConvert_to_DISTINCT_from_INTERVAL_HOUR_TO_SECOND" classname="org.hsqldb.jdbc.JDBCDatabaseMetaDataSupportsConvertTest" time="0.002"/>
    <testcase name="testSupportsConvert_to_DISTINCT_from_INTERVAL_MINUTE_TO_SECOND" classname="org.hsqldb.jdbc.JDBCDatabaseMetaDataSupportsConvertTest" time="0.003"/>
    <testcase name="testSupportsConvert_to_DOUBLE_from_ARRAY" classname="org.hsqldb.jdbc.JDBCDatabaseMetaDataSupportsConvertTest" time="0.002"/>
    <testcase name="testSupportsConvert_to_DOUBLE_from_BIGINT" classname="org.hsqldb.jdbc.JDBCDatabaseMetaDataSupportsConvertTest" time="0.003"/>
    <testcase name="testSupportsConvert_to_DOUBLE_from_BINARY" classname="org.hsqldb.jdbc.JDBCDatabaseMetaDataSupportsConvertTest" time="0.002"/>
    <testcase name="testSupportsConvert_to_DOUBLE_from_BIT" classname="org.hsqldb.jdbc.JDBCDatabaseMetaDataSupportsConvertTest" time="0.003"/>
    <testcase name="testSupportsConvert_to_DOUBLE_from_BLOB" classname="org.hsqldb.jdbc.JDBCDatabaseMetaDataSupportsConvertTest" time="0.004"/>
    <testcase name="testSupportsConvert_to_DOUBLE_from_BOOLEAN" classname="org.hsqldb.jdbc.JDBCDatabaseMetaDataSupportsConvertTest" time="0.003"/>
    <testcase name="testSupportsConvert_to_DOUBLE_from_CHAR" classname="org.hsqldb.jdbc.JDBCDatabaseMetaDataSupportsConvertTest" time="0.003"/>
    <testcase name="testSupportsConvert_to_DOUBLE_from_CLOB" classname="org.hsqldb.jdbc.JDBCDatabaseMetaDataSupportsConvertTest" time="0.003"/>
    <testcase name="testSupportsConvert_to_DOUBLE_from_DATALINK" classname="org.hsqldb.jdbc.JDBCDatabaseMetaDataSupportsConvertTest" time="0.003"/>
    <testcase name="testSupportsConvert_to_DOUBLE_from_DATE" classname="org.hsqldb.jdbc.JDBCDatabaseMetaDataSupportsConvertTest" time="0.003"/>
    <testcase name="testSupportsConvert_to_DOUBLE_from_DECIMAL" classname="org.hsqldb.jdbc.JDBCDatabaseMetaDataSupportsConvertTest" time="0.003"/>
    <testcase name="testSupportsConvert_to_DOUBLE_from_DISTINCT" classname="org.hsqldb.jdbc.JDBCDatabaseMetaDataSupportsConvertTest" time="0.003"/>
    <testcase name="testSupportsConvert_to_DOUBLE_from_DOUBLE" classname="org.hsqldb.jdbc.JDBCDatabaseMetaDataSupportsConvertTest" time="0.002"/>
    <testcase name="testSupportsConvert_to_DOUBLE_from_FLOAT" classname="org.hsqldb.jdbc.JDBCDatabaseMetaDataSupportsConvertTest" time="0.003"/>
    <testcase name="testSupportsConvert_to_DOUBLE_from_INTEGER" classname="org.hsqldb.jdbc.JDBCDatabaseMetaDataSupportsConvertTest" time="0.002"/>
    <testcase name="testSupportsConvert_to_DOUBLE_from_JAVA_OBJECT" classname="org.hsqldb.jdbc.JDBCDatabaseMetaDataSupportsConvertTest" time="0.004"/>
    <testcase name="testSupportsConvert_to_DOUBLE_from_LONGNVARCHAR" classname="org.hsqldb.jdbc.JDBCDatabaseMetaDataSupportsConvertTest" time="0.002"/>
    <testcase name="testSupportsConvert_to_DOUBLE_from_LONGVARCHAR" classname="org.hsqldb.jdbc.JDBCDatabaseMetaDataSupportsConvertTest" time="0.003"/>
    <testcase name="testSupportsConvert_to_DOUBLE_from_LONGVARBINARY" classname="org.hsqldb.jdbc.JDBCDatabaseMetaDataSupportsConvertTest" time="0.002"/>
    <testcase name="testSupportsConvert_to_DOUBLE_from_NCHAR" classname="org.hsqldb.jdbc.JDBCDatabaseMetaDataSupportsConvertTest" time="0.003"/>
    <testcase name="testSupportsConvert_to_DOUBLE_from_NCLOB" classname="org.hsqldb.jdbc.JDBCDatabaseMetaDataSupportsConvertTest" time="0.003"/>
    <testcase name="testSupportsConvert_to_DOUBLE_from_NULL" classname="org.hsqldb.jdbc.JDBCDatabaseMetaDataSupportsConvertTest" time="0.002"/>
    <testcase name="testSupportsConvert_to_DOUBLE_from_NUMERIC" classname="org.hsqldb.jdbc.JDBCDatabaseMetaDataSupportsConvertTest" time="0.003"/>
    <testcase name="testSupportsConvert_to_DOUBLE_from_NVARCHAR" classname="org.hsqldb.jdbc.JDBCDatabaseMetaDataSupportsConvertTest" time="0.002"/>
    <testcase name="testSupportsConvert_to_DOUBLE_from_OTHER" classname="org.hsqldb.jdbc.JDBCDatabaseMetaDataSupportsConvertTest" time="0.003"/>
    <testcase name="testSupportsConvert_to_DOUBLE_from_REAL" classname="org.hsqldb.jdbc.JDBCDatabaseMetaDataSupportsConvertTest" time="0.002"/>
    <testcase name="testSupportsConvert_to_DOUBLE_from_REF" classname="org.hsqldb.jdbc.JDBCDatabaseMetaDataSupportsConvertTest" time="0.003"/>
    <testcase name="testSupportsConvert_to_DOUBLE_from_ROWID" classname="org.hsqldb.jdbc.JDBCDatabaseMetaDataSupportsConvertTest" time="0.003"/>
    <testcase name="testSupportsConvert_to_DOUBLE_from_SMALLINT" classname="org.hsqldb.jdbc.JDBCDatabaseMetaDataSupportsConvertTest" time="0.002"/>
    <testcase name="testSupportsConvert_to_DOUBLE_from_STRUCT" classname="org.hsqldb.jdbc.JDBCDatabaseMetaDataSupportsConvertTest" time="0.003"/>
    <testcase name="testSupportsConvert_to_DOUBLE_from_TIME" classname="org.hsqldb.jdbc.JDBCDatabaseMetaDataSupportsConvertTest" time="0.002"/>
    <testcase name="testSupportsConvert_to_DOUBLE_from_TIMESTAMP" classname="org.hsqldb.jdbc.JDBCDatabaseMetaDataSupportsConvertTest" time="0.003"/>
    <testcase name="testSupportsConvert_to_DOUBLE_from_TIME_WITH_TIME_ZONE" classname="org.hsqldb.jdbc.JDBCDatabaseMetaDataSupportsConvertTest" time="0.003"/>
    <testcase name="testSupportsConvert_to_DOUBLE_from_TIMESTAMP_WITH_TIME_ZONE" classname="org.hsqldb.jdbc.JDBCDatabaseMetaDataSupportsConvertTest" time="0.002"/>
    <testcase name="testSupportsConvert_to_DOUBLE_from_TINYINT" classname="org.hsqldb.jdbc.JDBCDatabaseMetaDataSupportsConvertTest" time="0.003"/>
    <testcase name="testSupportsConvert_to_DOUBLE_from_VARBINARY" classname="org.hsqldb.jdbc.JDBCDatabaseMetaDataSupportsConvertTest" time="0.002"/>
    <testcase name="testSupportsConvert_to_DOUBLE_from_VARCHAR" classname="org.hsqldb.jdbc.JDBCDatabaseMetaDataSupportsConvertTest" time="0.004"/>
    <testcase name="testSupportsConvert_to_DOUBLE_from_VARCHAR_IGNORECASE" classname="org.hsqldb.jdbc.JDBCDatabaseMetaDataSupportsConvertTest" time="0.004"/>
    <testcase name="testSupportsConvert_to_DOUBLE_from_INTERVAL_YEAR" classname="org.hsqldb.jdbc.JDBCDatabaseMetaDataSupportsConvertTest" time="0.002"/>
    <testcase name="testSupportsConvert_to_DOUBLE_from_INTERVAL_MONTH" classname="org.hsqldb.jdbc.JDBCDatabaseMetaDataSupportsConvertTest" time="0.003"/>
    <testcase name="testSupportsConvert_to_DOUBLE_from_INTERVAL_DAY" classname="org.hsqldb.jdbc.JDBCDatabaseMetaDataSupportsConvertTest" time="0.003"/>
    <testcase name="testSupportsConvert_to_DOUBLE_from_INTERVAL_HOUR" classname="org.hsqldb.jdbc.JDBCDatabaseMetaDataSupportsConvertTest" time="0.003"/>
    <testcase name="testSupportsConvert_to_DOUBLE_from_INTERVAL_MINUTE" classname="org.hsqldb.jdbc.JDBCDatabaseMetaDataSupportsConvertTest" time="0.002"/>
    <testcase name="testSupportsConvert_to_DOUBLE_from_INTERVAL_SECOND" classname="org.hsqldb.jdbc.JDBCDatabaseMetaDataSupportsConvertTest" time="0.003"/>
    <testcase name="testSupportsConvert_to_DOUBLE_from_INTERVAL_YEAR_TO_MONTH" classname="org.hsqldb.jdbc.JDBCDatabaseMetaDataSupportsConvertTest" time="0.003"/>
    <testcase name="testSupportsConvert_to_DOUBLE_from_INTERVAL_DAY_TO_HOUR" classname="org.hsqldb.jdbc.JDBCDatabaseMetaDataSupportsConvertTest" time="0.002"/>
    <testcase name="testSupportsConvert_to_DOUBLE_from_INTERVAL_DAY_TO_MINUTE" classname="org.hsqldb.jdbc.JDBCDatabaseMetaDataSupportsConvertTest" time="0.003"/>
    <testcase name="testSupportsConvert_to_DOUBLE_from_INTERVAL_DAY_TO_SECOND" classname="org.hsqldb.jdbc.JDBCDatabaseMetaDataSupportsConvertTest" time="0.003"/>
    <testcase name="testSupportsConvert_to_DOUBLE_from_INTERVAL_HOUR_TO_MINUTE" classname="org.hsqldb.jdbc.JDBCDatabaseMetaDataSupportsConvertTest" time="0.003"/>
    <testcase name="testSupportsConvert_to_DOUBLE_from_INTERVAL_HOUR_TO_SECOND" classname="org.hsqldb.jdbc.JDBCDatabaseMetaDataSupportsConvertTest" time="0.003"/>
    <testcase name="testSupportsConvert_to_DOUBLE_from_INTERVAL_MINUTE_TO_SECOND" classname="org.hsqldb.jdbc.JDBCDatabaseMetaDataSupportsConvertTest" time="0.003"/>
    <testcase name="testSupportsConvert_to_FLOAT_from_ARRAY" classname="org.hsqldb.jdbc.JDBCDatabaseMetaDataSupportsConvertTest" time="0.002"/>
    <testcase name="testSupportsConvert_to_FLOAT_from_BIGINT" classname="org.hsqldb.jdbc.JDBCDatabaseMetaDataSupportsConvertTest" time="0.004"/>
    <testcase name="testSupportsConvert_to_FLOAT_from_BINARY" classname="org.hsqldb.jdbc.JDBCDatabaseMetaDataSupportsConvertTest" time="0.003"/>
    <testcase name="testSupportsConvert_to_FLOAT_from_BIT" classname="org.hsqldb.jdbc.JDBCDatabaseMetaDataSupportsConvertTest" time="0.002"/>
    <testcase name="testSupportsConvert_to_FLOAT_from_BLOB" classname="org.hsqldb.jdbc.JDBCDatabaseMetaDataSupportsConvertTest" time="0.003"/>
    <testcase name="testSupportsConvert_to_FLOAT_from_BOOLEAN" classname="org.hsqldb.jdbc.JDBCDatabaseMetaDataSupportsConvertTest" time="0.003"/>
    <testcase name="testSupportsConvert_to_FLOAT_from_CHAR" classname="org.hsqldb.jdbc.JDBCDatabaseMetaDataSupportsConvertTest" time="0.003"/>
    <testcase name="testSupportsConvert_to_FLOAT_from_CLOB" classname="org.hsqldb.jdbc.JDBCDatabaseMetaDataSupportsConvertTest" time="0.003"/>
    <testcase name="testSupportsConvert_to_FLOAT_from_DATALINK" classname="org.hsqldb.jdbc.JDBCDatabaseMetaDataSupportsConvertTest" time="0.003"/>
    <testcase name="testSupportsConvert_to_FLOAT_from_DATE" classname="org.hsqldb.jdbc.JDBCDatabaseMetaDataSupportsConvertTest" time="0.003"/>
    <testcase name="testSupportsConvert_to_FLOAT_from_DECIMAL" classname="org.hsqldb.jdbc.JDBCDatabaseMetaDataSupportsConvertTest" time="0.003"/>
    <testcase name="testSupportsConvert_to_FLOAT_from_DISTINCT" classname="org.hsqldb.jdbc.JDBCDatabaseMetaDataSupportsConvertTest" time="0.003"/>
    <testcase name="testSupportsConvert_to_FLOAT_from_DOUBLE" classname="org.hsqldb.jdbc.JDBCDatabaseMetaDataSupportsConvertTest" time="0.003"/>
    <testcase name="testSupportsConvert_to_FLOAT_from_FLOAT" classname="org.hsqldb.jdbc.JDBCDatabaseMetaDataSupportsConvertTest" time="0.003"/>
    <testcase name="testSupportsConvert_to_FLOAT_from_INTEGER" classname="org.hsqldb.jdbc.JDBCDatabaseMetaDataSupportsConvertTest" time="0.003"/>
    <testcase name="testSupportsConvert_to_FLOAT_from_JAVA_OBJECT" classname="org.hsqldb.jdbc.JDBCDatabaseMetaDataSupportsConvertTest" time="0.003"/>
    <testcase name="testSupportsConvert_to_FLOAT_from_LONGNVARCHAR" classname="org.hsqldb.jdbc.JDBCDatabaseMetaDataSupportsConvertTest" time="0.003"/>
    <testcase name="testSupportsConvert_to_FLOAT_from_LONGVARCHAR" classname="org.hsqldb.jdbc.JDBCDatabaseMetaDataSupportsConvertTest" time="0.003"/>
    <testcase name="testSupportsConvert_to_FLOAT_from_LONGVARBINARY" classname="org.hsqldb.jdbc.JDBCDatabaseMetaDataSupportsConvertTest" time="0.003"/>
    <testcase name="testSupportsConvert_to_FLOAT_from_NCHAR" classname="org.hsqldb.jdbc.JDBCDatabaseMetaDataSupportsConvertTest" time="0.004"/>
    <testcase name="testSupportsConvert_to_FLOAT_from_NCLOB" classname="org.hsqldb.jdbc.JDBCDatabaseMetaDataSupportsConvertTest" time="0.003"/>
    <testcase name="testSupportsConvert_to_FLOAT_from_NULL" classname="org.hsqldb.jdbc.JDBCDatabaseMetaDataSupportsConvertTest" time="0.002"/>
    <testcase name="testSupportsConvert_to_FLOAT_from_NUMERIC" classname="org.hsqldb.jdbc.JDBCDatabaseMetaDataSupportsConvertTest" time="0.003"/>
    <testcase name="testSupportsConvert_to_FLOAT_from_NVARCHAR" classname="org.hsqldb.jdbc.JDBCDatabaseMetaDataSupportsConvertTest" time="0.004"/>
    <testcase name="testSupportsConvert_to_FLOAT_from_OTHER" classname="org.hsqldb.jdbc.JDBCDatabaseMetaDataSupportsConvertTest" time="0.079"/>
    <testcase name="testSupportsConvert_to_FLOAT_from_REAL" classname="org.hsqldb.jdbc.JDBCDatabaseMetaDataSupportsConvertTest" time="0.002"/>
    <testcase name="testSupportsConvert_to_FLOAT_from_REF" classname="org.hsqldb.jdbc.JDBCDatabaseMetaDataSupportsConvertTest" time="0.003"/>
    <testcase name="testSupportsConvert_to_FLOAT_from_ROWID" classname="org.hsqldb.jdbc.JDBCDatabaseMetaDataSupportsConvertTest" time="0.002"/>
    <testcase name="testSupportsConvert_to_FLOAT_from_SMALLINT" classname="org.hsqldb.jdbc.JDBCDatabaseMetaDataSupportsConvertTest" time="0.004"/>
    <testcase name="testSupportsConvert_to_FLOAT_from_STRUCT" classname="org.hsqldb.jdbc.JDBCDatabaseMetaDataSupportsConvertTest" time="0.002"/>
    <testcase name="testSupportsConvert_to_FLOAT_from_TIME" classname="org.hsqldb.jdbc.JDBCDatabaseMetaDataSupportsConvertTest" time="0.002"/>
    <testcase name="testSupportsConvert_to_FLOAT_from_TIMESTAMP" classname="org.hsqldb.jdbc.JDBCDatabaseMetaDataSupportsConvertTest" time="0.003"/>
    <testcase name="testSupportsConvert_to_FLOAT_from_TIME_WITH_TIME_ZONE" classname="org.hsqldb.jdbc.JDBCDatabaseMetaDataSupportsConvertTest" time="0.003"/>
    <testcase name="testSupportsConvert_to_FLOAT_from_TIMESTAMP_WITH_TIME_ZONE" classname="org.hsqldb.jdbc.JDBCDatabaseMetaDataSupportsConvertTest" time="0.002"/>
    <testcase name="testSupportsConvert_to_FLOAT_from_TINYINT" classname="org.hsqldb.jdbc.JDBCDatabaseMetaDataSupportsConvertTest" time="0.003"/>
    <testcase name="testSupportsConvert_to_FLOAT_from_VARBINARY" classname="org.hsqldb.jdbc.JDBCDatabaseMetaDataSupportsConvertTest" time="0.003"/>
    <testcase name="testSupportsConvert_to_FLOAT_from_VARCHAR" classname="org.hsqldb.jdbc.JDBCDatabaseMetaDataSupportsConvertTest" time="0.002"/>
    <testcase name="testSupportsConvert_to_FLOAT_from_VARCHAR_IGNORECASE" classname="org.hsqldb.jdbc.JDBCDatabaseMetaDataSupportsConvertTest" time="0.003"/>
    <testcase name="testSupportsConvert_to_FLOAT_from_INTERVAL_YEAR" classname="org.hsqldb.jdbc.JDBCDatabaseMetaDataSupportsConvertTest" time="0.003"/>
    <testcase name="testSupportsConvert_to_FLOAT_from_INTERVAL_MONTH" classname="org.hsqldb.jdbc.JDBCDatabaseMetaDataSupportsConvertTest" time="0.002"/>
    <testcase name="testSupportsConvert_to_FLOAT_from_INTERVAL_DAY" classname="org.hsqldb.jdbc.JDBCDatabaseMetaDataSupportsConvertTest" time="0.003"/>
    <testcase name="testSupportsConvert_to_FLOAT_from_INTERVAL_HOUR" classname="org.hsqldb.jdbc.JDBCDatabaseMetaDataSupportsConvertTest" time="0.003"/>
    <testcase name="testSupportsConvert_to_FLOAT_from_INTERVAL_MINUTE" classname="org.hsqldb.jdbc.JDBCDatabaseMetaDataSupportsConvertTest" time="0.002"/>
    <testcase name="testSupportsConvert_to_FLOAT_from_INTERVAL_SECOND" classname="org.hsqldb.jdbc.JDBCDatabaseMetaDataSupportsConvertTest" time="0.003"/>
    <testcase name="testSupportsConvert_to_FLOAT_from_INTERVAL_YEAR_TO_MONTH" classname="org.hsqldb.jdbc.JDBCDatabaseMetaDataSupportsConvertTest" time="0.002"/>
    <testcase name="testSupportsConvert_to_FLOAT_from_INTERVAL_DAY_TO_HOUR" classname="org.hsqldb.jdbc.JDBCDatabaseMetaDataSupportsConvertTest" time="0.003"/>
    <testcase name="testSupportsConvert_to_FLOAT_from_INTERVAL_DAY_TO_MINUTE" classname="org.hsqldb.jdbc.JDBCDatabaseMetaDataSupportsConvertTest" time="0.002"/>
    <testcase name="testSupportsConvert_to_FLOAT_from_INTERVAL_DAY_TO_SECOND" classname="org.hsqldb.jdbc.JDBCDatabaseMetaDataSupportsConvertTest" time="0.003"/>
    <testcase name="testSupportsConvert_to_FLOAT_from_INTERVAL_HOUR_TO_MINUTE" classname="org.hsqldb.jdbc.JDBCDatabaseMetaDataSupportsConvertTest" time="0.002"/>
    <testcase name="testSupportsConvert_to_FLOAT_from_INTERVAL_HOUR_TO_SECOND" classname="org.hsqldb.jdbc.JDBCDatabaseMetaDataSupportsConvertTest" time="0.002"/>
    <testcase name="testSupportsConvert_to_FLOAT_from_INTERVAL_MINUTE_TO_SECOND" classname="org.hsqldb.jdbc.JDBCDatabaseMetaDataSupportsConvertTest" time="0.003"/>
    <testcase name="testSupportsConvert_to_INTEGER_from_ARRAY" classname="org.hsqldb.jdbc.JDBCDatabaseMetaDataSupportsConvertTest" time="0.002"/>
    <testcase name="testSupportsConvert_to_INTEGER_from_BIGINT" classname="org.hsqldb.jdbc.JDBCDatabaseMetaDataSupportsConvertTest" time="0.003"/>
    <testcase name="testSupportsConvert_to_INTEGER_from_BINARY" classname="org.hsqldb.jdbc.JDBCDatabaseMetaDataSupportsConvertTest" time="0.002"/>
    <testcase name="testSupportsConvert_to_INTEGER_from_BIT" classname="org.hsqldb.jdbc.JDBCDatabaseMetaDataSupportsConvertTest" time="0.003"/>
    <testcase name="testSupportsConvert_to_INTEGER_from_BLOB" classname="org.hsqldb.jdbc.JDBCDatabaseMetaDataSupportsConvertTest" time="0.002"/>
    <testcase name="testSupportsConvert_to_INTEGER_from_BOOLEAN" classname="org.hsqldb.jdbc.JDBCDatabaseMetaDataSupportsConvertTest" time="0.003"/>
    <testcase name="testSupportsConvert_to_INTEGER_from_CHAR" classname="org.hsqldb.jdbc.JDBCDatabaseMetaDataSupportsConvertTest" time="0.002"/>
    <testcase name="testSupportsConvert_to_INTEGER_from_CLOB" classname="org.hsqldb.jdbc.JDBCDatabaseMetaDataSupportsConvertTest" time="0.002"/>
    <testcase name="testSupportsConvert_to_INTEGER_from_DATALINK" classname="org.hsqldb.jdbc.JDBCDatabaseMetaDataSupportsConvertTest" time="0.003"/>
    <testcase name="testSupportsConvert_to_INTEGER_from_DATE" classname="org.hsqldb.jdbc.JDBCDatabaseMetaDataSupportsConvertTest" time="0.002"/>
    <testcase name="testSupportsConvert_to_INTEGER_from_DECIMAL" classname="org.hsqldb.jdbc.JDBCDatabaseMetaDataSupportsConvertTest" time="0.002"/>
    <testcase name="testSupportsConvert_to_INTEGER_from_DISTINCT" classname="org.hsqldb.jdbc.JDBCDatabaseMetaDataSupportsConvertTest" time="0.003"/>
    <testcase name="testSupportsConvert_to_INTEGER_from_DOUBLE" classname="org.hsqldb.jdbc.JDBCDatabaseMetaDataSupportsConvertTest" time="0.002"/>
    <testcase name="testSupportsConvert_to_INTEGER_from_FLOAT" classname="org.hsqldb.jdbc.JDBCDatabaseMetaDataSupportsConvertTest" time="0.002"/>
    <testcase name="testSupportsConvert_to_INTEGER_from_INTEGER" classname="org.hsqldb.jdbc.JDBCDatabaseMetaDataSupportsConvertTest" time="0.003"/>
    <testcase name="testSupportsConvert_to_INTEGER_from_JAVA_OBJECT" classname="org.hsqldb.jdbc.JDBCDatabaseMetaDataSupportsConvertTest" time="0.002"/>
    <testcase name="testSupportsConvert_to_INTEGER_from_LONGNVARCHAR" classname="org.hsqldb.jdbc.JDBCDatabaseMetaDataSupportsConvertTest" time="0.003"/>
    <testcase name="testSupportsConvert_to_INTEGER_from_LONGVARCHAR" classname="org.hsqldb.jdbc.JDBCDatabaseMetaDataSupportsConvertTest" time="0.002"/>
    <testcase name="testSupportsConvert_to_INTEGER_from_LONGVARBINARY" classname="org.hsqldb.jdbc.JDBCDatabaseMetaDataSupportsConvertTest" time="0.003"/>
    <testcase name="testSupportsConvert_to_INTEGER_from_NCHAR" classname="org.hsqldb.jdbc.JDBCDatabaseMetaDataSupportsConvertTest" time="0.002"/>
    <testcase name="testSupportsConvert_to_INTEGER_from_NCLOB" classname="org.hsqldb.jdbc.JDBCDatabaseMetaDataSupportsConvertTest" time="0.003"/>
    <testcase name="testSupportsConvert_to_INTEGER_from_NULL" classname="org.hsqldb.jdbc.JDBCDatabaseMetaDataSupportsConvertTest" time="0.002"/>
    <testcase name="testSupportsConvert_to_INTEGER_from_NUMERIC" classname="org.hsqldb.jdbc.JDBCDatabaseMetaDataSupportsConvertTest" time="0.003"/>
    <testcase name="testSupportsConvert_to_INTEGER_from_NVARCHAR" classname="org.hsqldb.jdbc.JDBCDatabaseMetaDataSupportsConvertTest" time="0.002"/>
    <testcase name="testSupportsConvert_to_INTEGER_from_OTHER" classname="org.hsqldb.jdbc.JDBCDatabaseMetaDataSupportsConvertTest" time="0.003"/>
    <testcase name="testSupportsConvert_to_INTEGER_from_REAL" classname="org.hsqldb.jdbc.JDBCDatabaseMetaDataSupportsConvertTest" time="0.002"/>
    <testcase name="testSupportsConvert_to_INTEGER_from_REF" classname="org.hsqldb.jdbc.JDBCDatabaseMetaDataSupportsConvertTest" time="0.003"/>
    <testcase name="testSupportsConvert_to_INTEGER_from_ROWID" classname="org.hsqldb.jdbc.JDBCDatabaseMetaDataSupportsConvertTest" time="0.003"/>
    <testcase name="testSupportsConvert_to_INTEGER_from_SMALLINT" classname="org.hsqldb.jdbc.JDBCDatabaseMetaDataSupportsConvertTest" time="0.002"/>
    <testcase name="testSupportsConvert_to_INTEGER_from_STRUCT" classname="org.hsqldb.jdbc.JDBCDatabaseMetaDataSupportsConvertTest" time="0.003"/>
    <testcase name="testSupportsConvert_to_INTEGER_from_TIME" classname="org.hsqldb.jdbc.JDBCDatabaseMetaDataSupportsConvertTest" time="0.003"/>
    <testcase name="testSupportsConvert_to_INTEGER_from_TIMESTAMP" classname="org.hsqldb.jdbc.JDBCDatabaseMetaDataSupportsConvertTest" time="0.003"/>
    <testcase name="testSupportsConvert_to_INTEGER_from_TIME_WITH_TIME_ZONE" classname="org.hsqldb.jdbc.JDBCDatabaseMetaDataSupportsConvertTest" time="0.002"/>
    <testcase name="testSupportsConvert_to_INTEGER_from_TIMESTAMP_WITH_TIME_ZONE" classname="org.hsqldb.jdbc.JDBCDatabaseMetaDataSupportsConvertTest" time="0.002"/>
    <testcase name="testSupportsConvert_to_INTEGER_from_TINYINT" classname="org.hsqldb.jdbc.JDBCDatabaseMetaDataSupportsConvertTest" time="0.003"/>
    <testcase name="testSupportsConvert_to_INTEGER_from_VARBINARY" classname="org.hsqldb.jdbc.JDBCDatabaseMetaDataSupportsConvertTest" time="0.002"/>
    <testcase name="testSupportsConvert_to_INTEGER_from_VARCHAR" classname="org.hsqldb.jdbc.JDBCDatabaseMetaDataSupportsConvertTest" time="0.003"/>
    <testcase name="testSupportsConvert_to_INTEGER_from_VARCHAR_IGNORECASE" classname="org.hsqldb.jdbc.JDBCDatabaseMetaDataSupportsConvertTest" time="0.002"/>
    <testcase name="testSupportsConvert_to_INTEGER_from_INTERVAL_YEAR" classname="org.hsqldb.jdbc.JDBCDatabaseMetaDataSupportsConvertTest" time="0.003"/>
    <testcase name="testSupportsConvert_to_INTEGER_from_INTERVAL_MONTH" classname="org.hsqldb.jdbc.JDBCDatabaseMetaDataSupportsConvertTest" time="0.002"/>
    <testcase name="testSupportsConvert_to_INTEGER_from_INTERVAL_DAY" classname="org.hsqldb.jdbc.JDBCDatabaseMetaDataSupportsConvertTest" time="0.003"/>
    <testcase name="testSupportsConvert_to_INTEGER_from_INTERVAL_HOUR" classname="org.hsqldb.jdbc.JDBCDatabaseMetaDataSupportsConvertTest" time="0.003"/>
    <testcase name="testSupportsConvert_to_INTEGER_from_INTERVAL_MINUTE" classname="org.hsqldb.jdbc.JDBCDatabaseMetaDataSupportsConvertTest" time="0.002"/>
    <testcase name="testSupportsConvert_to_INTEGER_from_INTERVAL_SECOND" classname="org.hsqldb.jdbc.JDBCDatabaseMetaDataSupportsConvertTest" time="0.003"/>
    <testcase name="testSupportsConvert_to_INTEGER_from_INTERVAL_YEAR_TO_MONTH" classname="org.hsqldb.jdbc.JDBCDatabaseMetaDataSupportsConvertTest" time="0.002"/>
    <testcase name="testSupportsConvert_to_INTEGER_from_INTERVAL_DAY_TO_HOUR" classname="org.hsqldb.jdbc.JDBCDatabaseMetaDataSupportsConvertTest" time="0.002"/>
    <testcase name="testSupportsConvert_to_INTEGER_from_INTERVAL_DAY_TO_MINUTE" classname="org.hsqldb.jdbc.JDBCDatabaseMetaDataSupportsConvertTest" time="0.003"/>
    <testcase name="testSupportsConvert_to_INTEGER_from_INTERVAL_DAY_TO_SECOND" classname="org.hsqldb.jdbc.JDBCDatabaseMetaDataSupportsConvertTest" time="0.002"/>
    <testcase name="testSupportsConvert_to_INTEGER_from_INTERVAL_HOUR_TO_MINUTE" classname="org.hsqldb.jdbc.JDBCDatabaseMetaDataSupportsConvertTest" time="0.003"/>
    <testcase name="testSupportsConvert_to_INTEGER_from_INTERVAL_HOUR_TO_SECOND" classname="org.hsqldb.jdbc.JDBCDatabaseMetaDataSupportsConvertTest" time="0.002"/>
    <testcase name="testSupportsConvert_to_INTEGER_from_INTERVAL_MINUTE_TO_SECOND" classname="org.hsqldb.jdbc.JDBCDatabaseMetaDataSupportsConvertTest" time="0.003"/>
    <testcase name="testSupportsConvert_to_JAVA_OBJECT_from_ARRAY" classname="org.hsqldb.jdbc.JDBCDatabaseMetaDataSupportsConvertTest" time="0.002"/>
    <testcase name="testSupportsConvert_to_JAVA_OBJECT_from_BIGINT" classname="org.hsqldb.jdbc.JDBCDatabaseMetaDataSupportsConvertTest" time="0.002"/>
    <testcase name="testSupportsConvert_to_JAVA_OBJECT_from_BINARY" classname="org.hsqldb.jdbc.JDBCDatabaseMetaDataSupportsConvertTest" time="0.003"/>
    <testcase name="testSupportsConvert_to_JAVA_OBJECT_from_BIT" classname="org.hsqldb.jdbc.JDBCDatabaseMetaDataSupportsConvertTest" time="0.002"/>
    <testcase name="testSupportsConvert_to_JAVA_OBJECT_from_BLOB" classname="org.hsqldb.jdbc.JDBCDatabaseMetaDataSupportsConvertTest" time="0.003"/>
    <testcase name="testSupportsConvert_to_JAVA_OBJECT_from_BOOLEAN" classname="org.hsqldb.jdbc.JDBCDatabaseMetaDataSupportsConvertTest" time="0.002"/>
    <testcase name="testSupportsConvert_to_JAVA_OBJECT_from_CHAR" classname="org.hsqldb.jdbc.JDBCDatabaseMetaDataSupportsConvertTest" time="0.003"/>
    <testcase name="testSupportsConvert_to_JAVA_OBJECT_from_CLOB" classname="org.hsqldb.jdbc.JDBCDatabaseMetaDataSupportsConvertTest" time="0.003"/>
    <testcase name="testSupportsConvert_to_JAVA_OBJECT_from_DATALINK" classname="org.hsqldb.jdbc.JDBCDatabaseMetaDataSupportsConvertTest" time="0.002"/>
    <testcase name="testSupportsConvert_to_JAVA_OBJECT_from_DATE" classname="org.hsqldb.jdbc.JDBCDatabaseMetaDataSupportsConvertTest" time="0.003"/>
    <testcase name="testSupportsConvert_to_JAVA_OBJECT_from_DECIMAL" classname="org.hsqldb.jdbc.JDBCDatabaseMetaDataSupportsConvertTest" time="0.003"/>
    <testcase name="testSupportsConvert_to_JAVA_OBJECT_from_DISTINCT" classname="org.hsqldb.jdbc.JDBCDatabaseMetaDataSupportsConvertTest" time="0.003"/>
    <testcase name="testSupportsConvert_to_JAVA_OBJECT_from_DOUBLE" classname="org.hsqldb.jdbc.JDBCDatabaseMetaDataSupportsConvertTest" time="0.003"/>
    <testcase name="testSupportsConvert_to_JAVA_OBJECT_from_FLOAT" classname="org.hsqldb.jdbc.JDBCDatabaseMetaDataSupportsConvertTest" time="0.002"/>
    <testcase name="testSupportsConvert_to_JAVA_OBJECT_from_INTEGER" classname="org.hsqldb.jdbc.JDBCDatabaseMetaDataSupportsConvertTest" time="0.003"/>
    <testcase name="testSupportsConvert_to_JAVA_OBJECT_from_JAVA_OBJECT" classname="org.hsqldb.jdbc.JDBCDatabaseMetaDataSupportsConvertTest" time="0.003"/>
    <testcase name="testSupportsConvert_to_JAVA_OBJECT_from_LONGNVARCHAR" classname="org.hsqldb.jdbc.JDBCDatabaseMetaDataSupportsConvertTest" time="0.003"/>
    <testcase name="testSupportsConvert_to_JAVA_OBJECT_from_LONGVARCHAR" classname="org.hsqldb.jdbc.JDBCDatabaseMetaDataSupportsConvertTest" time="0.002"/>
    <testcase name="testSupportsConvert_to_JAVA_OBJECT_from_LONGVARBINARY" classname="org.hsqldb.jdbc.JDBCDatabaseMetaDataSupportsConvertTest" time="0.003"/>
    <testcase name="testSupportsConvert_to_JAVA_OBJECT_from_NCHAR" classname="org.hsqldb.jdbc.JDBCDatabaseMetaDataSupportsConvertTest" time="0.003"/>
    <testcase name="testSupportsConvert_to_JAVA_OBJECT_from_NCLOB" classname="org.hsqldb.jdbc.JDBCDatabaseMetaDataSupportsConvertTest" time="0.003"/>
    <testcase name="testSupportsConvert_to_JAVA_OBJECT_from_NULL" classname="org.hsqldb.jdbc.JDBCDatabaseMetaDataSupportsConvertTest" time="0.003"/>
    <testcase name="testSupportsConvert_to_JAVA_OBJECT_from_NUMERIC" classname="org.hsqldb.jdbc.JDBCDatabaseMetaDataSupportsConvertTest" time="0.003"/>
    <testcase name="testSupportsConvert_to_JAVA_OBJECT_from_NVARCHAR" classname="org.hsqldb.jdbc.JDBCDatabaseMetaDataSupportsConvertTest" time="0.003"/>
    <testcase name="testSupportsConvert_to_JAVA_OBJECT_from_OTHER" classname="org.hsqldb.jdbc.JDBCDatabaseMetaDataSupportsConvertTest" time="0.003"/>
    <testcase name="testSupportsConvert_to_JAVA_OBJECT_from_REAL" classname="org.hsqldb.jdbc.JDBCDatabaseMetaDataSupportsConvertTest" time="0.003"/>
    <testcase name="testSupportsConvert_to_JAVA_OBJECT_from_REF" classname="org.hsqldb.jdbc.JDBCDatabaseMetaDataSupportsConvertTest" time="0.002"/>
    <testcase name="testSupportsConvert_to_JAVA_OBJECT_from_ROWID" classname="org.hsqldb.jdbc.JDBCDatabaseMetaDataSupportsConvertTest" time="0.003"/>
    <testcase name="testSupportsConvert_to_JAVA_OBJECT_from_SMALLINT" classname="org.hsqldb.jdbc.JDBCDatabaseMetaDataSupportsConvertTest" time="0.003"/>
    <testcase name="testSupportsConvert_to_JAVA_OBJECT_from_STRUCT" classname="org.hsqldb.jdbc.JDBCDatabaseMetaDataSupportsConvertTest" time="0.002"/>
    <testcase name="testSupportsConvert_to_JAVA_OBJECT_from_TIME" classname="org.hsqldb.jdbc.JDBCDatabaseMetaDataSupportsConvertTest" time="0.003"/>
    <testcase name="testSupportsConvert_to_JAVA_OBJECT_from_TIMESTAMP" classname="org.hsqldb.jdbc.JDBCDatabaseMetaDataSupportsConvertTest" time="0.002"/>
    <testcase name="testSupportsConvert_to_JAVA_OBJECT_from_TIME_WITH_TIME_ZONE" classname="org.hsqldb.jdbc.JDBCDatabaseMetaDataSupportsConvertTest" time="0.003"/>
    <testcase name="testSupportsConvert_to_JAVA_OBJECT_from_TIMESTAMP_WITH_TIME_ZONE" classname="org.hsqldb.jdbc.JDBCDatabaseMetaDataSupportsConvertTest" time="0.002"/>
    <testcase name="testSupportsConvert_to_JAVA_OBJECT_from_TINYINT" classname="org.hsqldb.jdbc.JDBCDatabaseMetaDataSupportsConvertTest" time="0.003"/>
    <testcase name="testSupportsConvert_to_JAVA_OBJECT_from_VARBINARY" classname="org.hsqldb.jdbc.JDBCDatabaseMetaDataSupportsConvertTest" time="0.002"/>
    <testcase name="testSupportsConvert_to_JAVA_OBJECT_from_VARCHAR" classname="org.hsqldb.jdbc.JDBCDatabaseMetaDataSupportsConvertTest" time="0.003"/>
    <testcase name="testSupportsConvert_to_JAVA_OBJECT_from_VARCHAR_IGNORECASE" classname="org.hsqldb.jdbc.JDBCDatabaseMetaDataSupportsConvertTest" time="0.002"/>
    <testcase name="testSupportsConvert_to_JAVA_OBJECT_from_INTERVAL_YEAR" classname="org.hsqldb.jdbc.JDBCDatabaseMetaDataSupportsConvertTest" time="0.003"/>
    <testcase name="testSupportsConvert_to_JAVA_OBJECT_from_INTERVAL_MONTH" classname="org.hsqldb.jdbc.JDBCDatabaseMetaDataSupportsConvertTest" time="0.002"/>
    <testcase name="testSupportsConvert_to_JAVA_OBJECT_from_INTERVAL_DAY" classname="org.hsqldb.jdbc.JDBCDatabaseMetaDataSupportsConvertTest" time="0.003"/>
    <testcase name="testSupportsConvert_to_JAVA_OBJECT_from_INTERVAL_HOUR" classname="org.hsqldb.jdbc.JDBCDatabaseMetaDataSupportsConvertTest" time="0.002"/>
    <testcase name="testSupportsConvert_to_JAVA_OBJECT_from_INTERVAL_MINUTE" classname="org.hsqldb.jdbc.JDBCDatabaseMetaDataSupportsConvertTest" time="0.003"/>
    <testcase name="testSupportsConvert_to_JAVA_OBJECT_from_INTERVAL_SECOND" classname="org.hsqldb.jdbc.JDBCDatabaseMetaDataSupportsConvertTest" time="0.002"/>
    <testcase name="testSupportsConvert_to_JAVA_OBJECT_from_INTERVAL_YEAR_TO_MONTH" classname="org.hsqldb.jdbc.JDBCDatabaseMetaDataSupportsConvertTest" time="0.003"/>
    <testcase name="testSupportsConvert_to_JAVA_OBJECT_from_INTERVAL_DAY_TO_HOUR" classname="org.hsqldb.jdbc.JDBCDatabaseMetaDataSupportsConvertTest" time="0.002"/>
    <testcase name="testSupportsConvert_to_JAVA_OBJECT_from_INTERVAL_DAY_TO_MINUTE" classname="org.hsqldb.jdbc.JDBCDatabaseMetaDataSupportsConvertTest" time="0.003"/>
    <testcase name="testSupportsConvert_to_JAVA_OBJECT_from_INTERVAL_DAY_TO_SECOND" classname="org.hsqldb.jdbc.JDBCDatabaseMetaDataSupportsConvertTest" time="0.002"/>
    <testcase name="testSupportsConvert_to_JAVA_OBJECT_from_INTERVAL_HOUR_TO_MINUTE" classname="org.hsqldb.jdbc.JDBCDatabaseMetaDataSupportsConvertTest" time="0.003"/>
    <testcase name="testSupportsConvert_to_JAVA_OBJECT_from_INTERVAL_HOUR_TO_SECOND" classname="org.hsqldb.jdbc.JDBCDatabaseMetaDataSupportsConvertTest" time="0.003"/>
    <testcase name="testSupportsConvert_to_JAVA_OBJECT_from_INTERVAL_MINUTE_TO_SECOND" classname="org.hsqldb.jdbc.JDBCDatabaseMetaDataSupportsConvertTest" time="0.002"/>
    <testcase name="testSupportsConvert_to_LONGNVARCHAR_from_ARRAY" classname="org.hsqldb.jdbc.JDBCDatabaseMetaDataSupportsConvertTest" time="0.003"/>
    <testcase name="testSupportsConvert_to_LONGNVARCHAR_from_BIGINT" classname="org.hsqldb.jdbc.JDBCDatabaseMetaDataSupportsConvertTest" time="0.003"/>
    <testcase name="testSupportsConvert_to_LONGNVARCHAR_from_BINARY" classname="org.hsqldb.jdbc.JDBCDatabaseMetaDataSupportsConvertTest" time="0.003"/>
    <testcase name="testSupportsConvert_to_LONGNVARCHAR_from_BIT" classname="org.hsqldb.jdbc.JDBCDatabaseMetaDataSupportsConvertTest" time="0.003"/>
    <testcase name="testSupportsConvert_to_LONGNVARCHAR_from_BLOB" classname="org.hsqldb.jdbc.JDBCDatabaseMetaDataSupportsConvertTest" time="0.003"/>
    <testcase name="testSupportsConvert_to_LONGNVARCHAR_from_BOOLEAN" classname="org.hsqldb.jdbc.JDBCDatabaseMetaDataSupportsConvertTest" time="0.002"/>
    <testcase name="testSupportsConvert_to_LONGNVARCHAR_from_CHAR" classname="org.hsqldb.jdbc.JDBCDatabaseMetaDataSupportsConvertTest" time="0.003"/>
    <testcase name="testSupportsConvert_to_LONGNVARCHAR_from_CLOB" classname="org.hsqldb.jdbc.JDBCDatabaseMetaDataSupportsConvertTest" time="0.003"/>
    <testcase name="testSupportsConvert_to_LONGNVARCHAR_from_DATALINK" classname="org.hsqldb.jdbc.JDBCDatabaseMetaDataSupportsConvertTest" time="0.002"/>
    <testcase name="testSupportsConvert_to_LONGNVARCHAR_from_DATE" classname="org.hsqldb.jdbc.JDBCDatabaseMetaDataSupportsConvertTest" time="0.003"/>
    <testcase name="testSupportsConvert_to_LONGNVARCHAR_from_DECIMAL" classname="org.hsqldb.jdbc.JDBCDatabaseMetaDataSupportsConvertTest" time="0.002"/>
    <testcase name="testSupportsConvert_to_LONGNVARCHAR_from_DISTINCT" classname="org.hsqldb.jdbc.JDBCDatabaseMetaDataSupportsConvertTest" time="0.003"/>
    <testcase name="testSupportsConvert_to_LONGNVARCHAR_from_DOUBLE" classname="org.hsqldb.jdbc.JDBCDatabaseMetaDataSupportsConvertTest" time="0.002"/>
    <testcase name="testSupportsConvert_to_LONGNVARCHAR_from_FLOAT" classname="org.hsqldb.jdbc.JDBCDatabaseMetaDataSupportsConvertTest" time="0.002"/>
    <testcase name="testSupportsConvert_to_LONGNVARCHAR_from_INTEGER" classname="org.hsqldb.jdbc.JDBCDatabaseMetaDataSupportsConvertTest" time="0.003"/>
    <testcase name="testSupportsConvert_to_LONGNVARCHAR_from_JAVA_OBJECT" classname="org.hsqldb.jdbc.JDBCDatabaseMetaDataSupportsConvertTest" time="0.004"/>
    <testcase name="testSupportsConvert_to_LONGNVARCHAR_from_LONGNVARCHAR" classname="org.hsqldb.jdbc.JDBCDatabaseMetaDataSupportsConvertTest" time="0.002"/>
    <testcase name="testSupportsConvert_to_LONGNVARCHAR_from_LONGVARCHAR" classname="org.hsqldb.jdbc.JDBCDatabaseMetaDataSupportsConvertTest" time="0.003"/>
    <testcase name="testSupportsConvert_to_LONGNVARCHAR_from_LONGVARBINARY" classname="org.hsqldb.jdbc.JDBCDatabaseMetaDataSupportsConvertTest" time="0.003"/>
    <testcase name="testSupportsConvert_to_LONGNVARCHAR_from_NCHAR" classname="org.hsqldb.jdbc.JDBCDatabaseMetaDataSupportsConvertTest" time="0.003"/>
    <testcase name="testSupportsConvert_to_LONGNVARCHAR_from_NCLOB" classname="org.hsqldb.jdbc.JDBCDatabaseMetaDataSupportsConvertTest" time="0.003"/>
    <testcase name="testSupportsConvert_to_LONGNVARCHAR_from_NULL" classname="org.hsqldb.jdbc.JDBCDatabaseMetaDataSupportsConvertTest" time="0.003"/>
    <testcase name="testSupportsConvert_to_LONGNVARCHAR_from_NUMERIC" classname="org.hsqldb.jdbc.JDBCDatabaseMetaDataSupportsConvertTest" time="0.002"/>
    <testcase name="testSupportsConvert_to_LONGNVARCHAR_from_NVARCHAR" classname="org.hsqldb.jdbc.JDBCDatabaseMetaDataSupportsConvertTest" time="0.003"/>
    <testcase name="testSupportsConvert_to_LONGNVARCHAR_from_OTHER" classname="org.hsqldb.jdbc.JDBCDatabaseMetaDataSupportsConvertTest" time="0.003"/>
    <testcase name="testSupportsConvert_to_LONGNVARCHAR_from_REAL" classname="org.hsqldb.jdbc.JDBCDatabaseMetaDataSupportsConvertTest" time="0.003"/>
    <testcase name="testSupportsConvert_to_LONGNVARCHAR_from_REF" classname="org.hsqldb.jdbc.JDBCDatabaseMetaDataSupportsConvertTest" time="0.002"/>
    <testcase name="testSupportsConvert_to_LONGNVARCHAR_from_ROWID" classname="org.hsqldb.jdbc.JDBCDatabaseMetaDataSupportsConvertTest" time="0.003"/>
    <testcase name="testSupportsConvert_to_LONGNVARCHAR_from_SMALLINT" classname="org.hsqldb.jdbc.JDBCDatabaseMetaDataSupportsConvertTest" time="0.003"/>
    <testcase name="testSupportsConvert_to_LONGNVARCHAR_from_STRUCT" classname="org.hsqldb.jdbc.JDBCDatabaseMetaDataSupportsConvertTest" time="0.003"/>
    <testcase name="testSupportsConvert_to_LONGNVARCHAR_from_TIME" classname="org.hsqldb.jdbc.JDBCDatabaseMetaDataSupportsConvertTest" time="0.003"/>
    <testcase name="testSupportsConvert_to_LONGNVARCHAR_from_TIMESTAMP" classname="org.hsqldb.jdbc.JDBCDatabaseMetaDataSupportsConvertTest" time="0.002"/>
    <testcase name="testSupportsConvert_to_LONGNVARCHAR_from_TIME_WITH_TIME_ZONE" classname="org.hsqldb.jdbc.JDBCDatabaseMetaDataSupportsConvertTest" time="0.002"/>
    <testcase name="testSupportsConvert_to_LONGNVARCHAR_from_TIMESTAMP_WITH_TIME_ZONE" classname="org.hsqldb.jdbc.JDBCDatabaseMetaDataSupportsConvertTest" time="0.003"/>
    <testcase name="testSupportsConvert_to_LONGNVARCHAR_from_TINYINT" classname="org.hsqldb.jdbc.JDBCDatabaseMetaDataSupportsConvertTest" time="0.003"/>
    <testcase name="testSupportsConvert_to_LONGNVARCHAR_from_VARBINARY" classname="org.hsqldb.jdbc.JDBCDatabaseMetaDataSupportsConvertTest" time="0.003"/>
    <testcase name="testSupportsConvert_to_LONGNVARCHAR_from_VARCHAR" classname="org.hsqldb.jdbc.JDBCDatabaseMetaDataSupportsConvertTest" time="0.003"/>
    <testcase name="testSupportsConvert_to_LONGNVARCHAR_from_VARCHAR_IGNORECASE" classname="org.hsqldb.jdbc.JDBCDatabaseMetaDataSupportsConvertTest" time="0.003"/>
    <testcase name="testSupportsConvert_to_LONGNVARCHAR_from_INTERVAL_YEAR" classname="org.hsqldb.jdbc.JDBCDatabaseMetaDataSupportsConvertTest" time="0.002"/>
    <testcase name="testSupportsConvert_to_LONGNVARCHAR_from_INTERVAL_MONTH" classname="org.hsqldb.jdbc.JDBCDatabaseMetaDataSupportsConvertTest" time="0.003"/>
    <testcase name="testSupportsConvert_to_LONGNVARCHAR_from_INTERVAL_DAY" classname="org.hsqldb.jdbc.JDBCDatabaseMetaDataSupportsConvertTest" time="0.003"/>
    <testcase name="testSupportsConvert_to_LONGNVARCHAR_from_INTERVAL_HOUR" classname="org.hsqldb.jdbc.JDBCDatabaseMetaDataSupportsConvertTest" time="0.002"/>
    <testcase name="testSupportsConvert_to_LONGNVARCHAR_from_INTERVAL_MINUTE" classname="org.hsqldb.jdbc.JDBCDatabaseMetaDataSupportsConvertTest" time="0.003"/>
    <testcase name="testSupportsConvert_to_LONGNVARCHAR_from_INTERVAL_SECOND" classname="org.hsqldb.jdbc.JDBCDatabaseMetaDataSupportsConvertTest" time="0.003"/>
    <testcase name="testSupportsConvert_to_LONGNVARCHAR_from_INTERVAL_YEAR_TO_MONTH" classname="org.hsqldb.jdbc.JDBCDatabaseMetaDataSupportsConvertTest" time="0.002"/>
    <testcase name="testSupportsConvert_to_LONGNVARCHAR_from_INTERVAL_DAY_TO_HOUR" classname="org.hsqldb.jdbc.JDBCDatabaseMetaDataSupportsConvertTest" time="0.002"/>
    <testcase name="testSupportsConvert_to_LONGNVARCHAR_from_INTERVAL_DAY_TO_MINUTE" classname="org.hsqldb.jdbc.JDBCDatabaseMetaDataSupportsConvertTest" time="0.003"/>
    <testcase name="testSupportsConvert_to_LONGNVARCHAR_from_INTERVAL_DAY_TO_SECOND" classname="org.hsqldb.jdbc.JDBCDatabaseMetaDataSupportsConvertTest" time="0.002"/>
    <testcase name="testSupportsConvert_to_LONGNVARCHAR_from_INTERVAL_HOUR_TO_MINUTE" classname="org.hsqldb.jdbc.JDBCDatabaseMetaDataSupportsConvertTest" time="0.003"/>
    <testcase name="testSupportsConvert_to_LONGNVARCHAR_from_INTERVAL_HOUR_TO_SECOND" classname="org.hsqldb.jdbc.JDBCDatabaseMetaDataSupportsConvertTest" time="0.003"/>
    <testcase name="testSupportsConvert_to_LONGNVARCHAR_from_INTERVAL_MINUTE_TO_SECOND" classname="org.hsqldb.jdbc.JDBCDatabaseMetaDataSupportsConvertTest" time="0.002"/>
    <testcase name="testSupportsConvert_to_LONGVARCHAR_from_ARRAY" classname="org.hsqldb.jdbc.JDBCDatabaseMetaDataSupportsConvertTest" time="0.003"/>
    <testcase name="testSupportsConvert_to_LONGVARCHAR_from_BIGINT" classname="org.hsqldb.jdbc.JDBCDatabaseMetaDataSupportsConvertTest" time="0.003"/>
    <testcase name="testSupportsConvert_to_LONGVARCHAR_from_BINARY" classname="org.hsqldb.jdbc.JDBCDatabaseMetaDataSupportsConvertTest" time="0.002"/>
    <testcase name="testSupportsConvert_to_LONGVARCHAR_from_BIT" classname="org.hsqldb.jdbc.JDBCDatabaseMetaDataSupportsConvertTest" time="0.002"/>
    <testcase name="testSupportsConvert_to_LONGVARCHAR_from_BLOB" classname="org.hsqldb.jdbc.JDBCDatabaseMetaDataSupportsConvertTest" time="0.002"/>
    <testcase name="testSupportsConvert_to_LONGVARCHAR_from_BOOLEAN" classname="org.hsqldb.jdbc.JDBCDatabaseMetaDataSupportsConvertTest" time="0.003"/>
    <testcase name="testSupportsConvert_to_LONGVARCHAR_from_CHAR" classname="org.hsqldb.jdbc.JDBCDatabaseMetaDataSupportsConvertTest" time="0.002"/>
    <testcase name="testSupportsConvert_to_LONGVARCHAR_from_CLOB" classname="org.hsqldb.jdbc.JDBCDatabaseMetaDataSupportsConvertTest" time="0.003"/>
    <testcase name="testSupportsConvert_to_LONGVARCHAR_from_DATALINK" classname="org.hsqldb.jdbc.JDBCDatabaseMetaDataSupportsConvertTest" time="0.002"/>
    <testcase name="testSupportsConvert_to_LONGVARCHAR_from_DATE" classname="org.hsqldb.jdbc.JDBCDatabaseMetaDataSupportsConvertTest" time="0.004"/>
    <testcase name="testSupportsConvert_to_LONGVARCHAR_from_DECIMAL" classname="org.hsqldb.jdbc.JDBCDatabaseMetaDataSupportsConvertTest" time="0.002"/>
    <testcase name="testSupportsConvert_to_LONGVARCHAR_from_DISTINCT" classname="org.hsqldb.jdbc.JDBCDatabaseMetaDataSupportsConvertTest" time="0.002"/>
    <testcase name="testSupportsConvert_to_LONGVARCHAR_from_DOUBLE" classname="org.hsqldb.jdbc.JDBCDatabaseMetaDataSupportsConvertTest" time="0.002"/>
    <testcase name="testSupportsConvert_to_LONGVARCHAR_from_FLOAT" classname="org.hsqldb.jdbc.JDBCDatabaseMetaDataSupportsConvertTest" time="0.067"/>
    <testcase name="testSupportsConvert_to_LONGVARCHAR_from_INTEGER" classname="org.hsqldb.jdbc.JDBCDatabaseMetaDataSupportsConvertTest" time="0.003"/>
    <testcase name="testSupportsConvert_to_LONGVARCHAR_from_JAVA_OBJECT" classname="org.hsqldb.jdbc.JDBCDatabaseMetaDataSupportsConvertTest" time="0.003"/>
    <testcase name="testSupportsConvert_to_LONGVARCHAR_from_LONGNVARCHAR" classname="org.hsqldb.jdbc.JDBCDatabaseMetaDataSupportsConvertTest" time="0.002"/>
    <testcase name="testSupportsConvert_to_LONGVARCHAR_from_LONGVARCHAR" classname="org.hsqldb.jdbc.JDBCDatabaseMetaDataSupportsConvertTest" time="0.003"/>
    <testcase name="testSupportsConvert_to_LONGVARCHAR_from_LONGVARBINARY" classname="org.hsqldb.jdbc.JDBCDatabaseMetaDataSupportsConvertTest" time="0.002"/>
    <testcase name="testSupportsConvert_to_LONGVARCHAR_from_NCHAR" classname="org.hsqldb.jdbc.JDBCDatabaseMetaDataSupportsConvertTest" time="0.002"/>
    <testcase name="testSupportsConvert_to_LONGVARCHAR_from_NCLOB" classname="org.hsqldb.jdbc.JDBCDatabaseMetaDataSupportsConvertTest" time="0.003"/>
    <testcase name="testSupportsConvert_to_LONGVARCHAR_from_NULL" classname="org.hsqldb.jdbc.JDBCDatabaseMetaDataSupportsConvertTest" time="0.002"/>
    <testcase name="testSupportsConvert_to_LONGVARCHAR_from_NUMERIC" classname="org.hsqldb.jdbc.JDBCDatabaseMetaDataSupportsConvertTest" time="0.003"/>
    <testcase name="testSupportsConvert_to_LONGVARCHAR_from_NVARCHAR" classname="org.hsqldb.jdbc.JDBCDatabaseMetaDataSupportsConvertTest" time="0.002"/>
    <testcase name="testSupportsConvert_to_LONGVARCHAR_from_OTHER" classname="org.hsqldb.jdbc.JDBCDatabaseMetaDataSupportsConvertTest" time="0.002"/>
    <testcase name="testSupportsConvert_to_LONGVARCHAR_from_REAL" classname="org.hsqldb.jdbc.JDBCDatabaseMetaDataSupportsConvertTest" time="0.003"/>
    <testcase name="testSupportsConvert_to_LONGVARCHAR_from_REF" classname="org.hsqldb.jdbc.JDBCDatabaseMetaDataSupportsConvertTest" time="0.002"/>
    <testcase name="testSupportsConvert_to_LONGVARCHAR_from_ROWID" classname="org.hsqldb.jdbc.JDBCDatabaseMetaDataSupportsConvertTest" time="0.002"/>
    <testcase name="testSupportsConvert_to_LONGVARCHAR_from_SMALLINT" classname="org.hsqldb.jdbc.JDBCDatabaseMetaDataSupportsConvertTest" time="0.002"/>
    <testcase name="testSupportsConvert_to_LONGVARCHAR_from_STRUCT" classname="org.hsqldb.jdbc.JDBCDatabaseMetaDataSupportsConvertTest" time="0.002"/>
    <testcase name="testSupportsConvert_to_LONGVARCHAR_from_TIME" classname="org.hsqldb.jdbc.JDBCDatabaseMetaDataSupportsConvertTest" time="0.002"/>
    <testcase name="testSupportsConvert_to_LONGVARCHAR_from_TIMESTAMP" classname="org.hsqldb.jdbc.JDBCDatabaseMetaDataSupportsConvertTest" time="0.003"/>
    <testcase name="testSupportsConvert_to_LONGVARCHAR_from_TIME_WITH_TIME_ZONE" classname="org.hsqldb.jdbc.JDBCDatabaseMetaDataSupportsConvertTest" time="0.002"/>
    <testcase name="testSupportsConvert_to_LONGVARCHAR_from_TIMESTAMP_WITH_TIME_ZONE" classname="org.hsqldb.jdbc.JDBCDatabaseMetaDataSupportsConvertTest" time="0.002"/>
    <testcase name="testSupportsConvert_to_LONGVARCHAR_from_TINYINT" classname="org.hsqldb.jdbc.JDBCDatabaseMetaDataSupportsConvertTest" time="0.003"/>
    <testcase name="testSupportsConvert_to_LONGVARCHAR_from_VARBINARY" classname="org.hsqldb.jdbc.JDBCDatabaseMetaDataSupportsConvertTest" time="0.002"/>
    <testcase name="testSupportsConvert_to_LONGVARCHAR_from_VARCHAR" classname="org.hsqldb.jdbc.JDBCDatabaseMetaDataSupportsConvertTest" time="0.003"/>
    <testcase name="testSupportsConvert_to_LONGVARCHAR_from_VARCHAR_IGNORECASE" classname="org.hsqldb.jdbc.JDBCDatabaseMetaDataSupportsConvertTest" time="0.002"/>
    <testcase name="testSupportsConvert_to_LONGVARCHAR_from_INTERVAL_YEAR" classname="org.hsqldb.jdbc.JDBCDatabaseMetaDataSupportsConvertTest" time="0.003"/>
    <testcase name="testSupportsConvert_to_LONGVARCHAR_from_INTERVAL_MONTH" classname="org.hsqldb.jdbc.JDBCDatabaseMetaDataSupportsConvertTest" time="0.002"/>
    <testcase name="testSupportsConvert_to_LONGVARCHAR_from_INTERVAL_DAY" classname="org.hsqldb.jdbc.JDBCDatabaseMetaDataSupportsConvertTest" time="0.002"/>
    <testcase name="testSupportsConvert_to_LONGVARCHAR_from_INTERVAL_HOUR" classname="org.hsqldb.jdbc.JDBCDatabaseMetaDataSupportsConvertTest" time="0.003"/>
    <testcase name="testSupportsConvert_to_LONGVARCHAR_from_INTERVAL_MINUTE" classname="org.hsqldb.jdbc.JDBCDatabaseMetaDataSupportsConvertTest" time="0.002"/>
    <testcase name="testSupportsConvert_to_LONGVARCHAR_from_INTERVAL_SECOND" classname="org.hsqldb.jdbc.JDBCDatabaseMetaDataSupportsConvertTest" time="0.003"/>
    <testcase name="testSupportsConvert_to_LONGVARCHAR_from_INTERVAL_YEAR_TO_MONTH" classname="org.hsqldb.jdbc.JDBCDatabaseMetaDataSupportsConvertTest" time="0.002"/>
    <testcase name="testSupportsConvert_to_LONGVARCHAR_from_INTERVAL_DAY_TO_HOUR" classname="org.hsqldb.jdbc.JDBCDatabaseMetaDataSupportsConvertTest" time="0.002"/>
    <testcase name="testSupportsConvert_to_LONGVARCHAR_from_INTERVAL_DAY_TO_MINUTE" classname="org.hsqldb.jdbc.JDBCDatabaseMetaDataSupportsConvertTest" time="0.003"/>
    <testcase name="testSupportsConvert_to_LONGVARCHAR_from_INTERVAL_DAY_TO_SECOND" classname="org.hsqldb.jdbc.JDBCDatabaseMetaDataSupportsConvertTest" time="0.002"/>
    <testcase name="testSupportsConvert_to_LONGVARCHAR_from_INTERVAL_HOUR_TO_MINUTE" classname="org.hsqldb.jdbc.JDBCDatabaseMetaDataSupportsConvertTest" time="0.003"/>
    <testcase name="testSupportsConvert_to_LONGVARCHAR_from_INTERVAL_HOUR_TO_SECOND" classname="org.hsqldb.jdbc.JDBCDatabaseMetaDataSupportsConvertTest" time="0.002"/>
    <testcase name="testSupportsConvert_to_LONGVARCHAR_from_INTERVAL_MINUTE_TO_SECOND" classname="org.hsqldb.jdbc.JDBCDatabaseMetaDataSupportsConvertTest" time="0.002"/>
    <testcase name="testSupportsConvert_to_LONGVARBINARY_from_ARRAY" classname="org.hsqldb.jdbc.JDBCDatabaseMetaDataSupportsConvertTest" time="0.002"/>
    <testcase name="testSupportsConvert_to_LONGVARBINARY_from_BIGINT" classname="org.hsqldb.jdbc.JDBCDatabaseMetaDataSupportsConvertTest" time="0.002"/>
    <testcase name="testSupportsConvert_to_LONGVARBINARY_from_BINARY" classname="org.hsqldb.jdbc.JDBCDatabaseMetaDataSupportsConvertTest" time="0.003"/>
    <testcase name="testSupportsConvert_to_LONGVARBINARY_from_BIT" classname="org.hsqldb.jdbc.JDBCDatabaseMetaDataSupportsConvertTest" time="0.002"/>
    <testcase name="testSupportsConvert_to_LONGVARBINARY_from_BLOB" classname="org.hsqldb.jdbc.JDBCDatabaseMetaDataSupportsConvertTest" time="0.003"/>
    <testcase name="testSupportsConvert_to_LONGVARBINARY_from_BOOLEAN" classname="org.hsqldb.jdbc.JDBCDatabaseMetaDataSupportsConvertTest" time="0.002"/>
    <testcase name="testSupportsConvert_to_LONGVARBINARY_from_CHAR" classname="org.hsqldb.jdbc.JDBCDatabaseMetaDataSupportsConvertTest" time="0.003"/>
    <testcase name="testSupportsConvert_to_LONGVARBINARY_from_CLOB" classname="org.hsqldb.jdbc.JDBCDatabaseMetaDataSupportsConvertTest" time="0.002"/>
    <testcase name="testSupportsConvert_to_LONGVARBINARY_from_DATALINK" classname="org.hsqldb.jdbc.JDBCDatabaseMetaDataSupportsConvertTest" time="0.002"/>
    <testcase name="testSupportsConvert_to_LONGVARBINARY_from_DATE" classname="org.hsqldb.jdbc.JDBCDatabaseMetaDataSupportsConvertTest" time="0.003"/>
    <testcase name="testSupportsConvert_to_LONGVARBINARY_from_DECIMAL" classname="org.hsqldb.jdbc.JDBCDatabaseMetaDataSupportsConvertTest" time="0.002"/>
    <testcase name="testSupportsConvert_to_LONGVARBINARY_from_DISTINCT" classname="org.hsqldb.jdbc.JDBCDatabaseMetaDataSupportsConvertTest" time="0.002"/>
    <testcase name="testSupportsConvert_to_LONGVARBINARY_from_DOUBLE" classname="org.hsqldb.jdbc.JDBCDatabaseMetaDataSupportsConvertTest" time="0.003"/>
    <testcase name="testSupportsConvert_to_LONGVARBINARY_from_FLOAT" classname="org.hsqldb.jdbc.JDBCDatabaseMetaDataSupportsConvertTest" time="0.002"/>
    <testcase name="testSupportsConvert_to_LONGVARBINARY_from_INTEGER" classname="org.hsqldb.jdbc.JDBCDatabaseMetaDataSupportsConvertTest" time="0.002"/>
    <testcase name="testSupportsConvert_to_LONGVARBINARY_from_JAVA_OBJECT" classname="org.hsqldb.jdbc.JDBCDatabaseMetaDataSupportsConvertTest" time="0.003"/>
    <testcase name="testSupportsConvert_to_LONGVARBINARY_from_LONGNVARCHAR" classname="org.hsqldb.jdbc.JDBCDatabaseMetaDataSupportsConvertTest" time="0.002"/>
    <testcase name="testSupportsConvert_to_LONGVARBINARY_from_LONGVARCHAR" classname="org.hsqldb.jdbc.JDBCDatabaseMetaDataSupportsConvertTest" time="0.002"/>
    <testcase name="testSupportsConvert_to_LONGVARBINARY_from_LONGVARBINARY" classname="org.hsqldb.jdbc.JDBCDatabaseMetaDataSupportsConvertTest" time="0.003"/>
    <testcase name="testSupportsConvert_to_LONGVARBINARY_from_NCHAR" classname="org.hsqldb.jdbc.JDBCDatabaseMetaDataSupportsConvertTest" time="0.002"/>
    <testcase name="testSupportsConvert_to_LONGVARBINARY_from_NCLOB" classname="org.hsqldb.jdbc.JDBCDatabaseMetaDataSupportsConvertTest" time="0.003"/>
    <testcase name="testSupportsConvert_to_LONGVARBINARY_from_NULL" classname="org.hsqldb.jdbc.JDBCDatabaseMetaDataSupportsConvertTest" time="0.002"/>
    <testcase name="testSupportsConvert_to_LONGVARBINARY_from_NUMERIC" classname="org.hsqldb.jdbc.JDBCDatabaseMetaDataSupportsConvertTest" time="0.002"/>
    <testcase name="testSupportsConvert_to_LONGVARBINARY_from_NVARCHAR" classname="org.hsqldb.jdbc.JDBCDatabaseMetaDataSupportsConvertTest" time="0.003"/>
    <testcase name="testSupportsConvert_to_LONGVARBINARY_from_OTHER" classname="org.hsqldb.jdbc.JDBCDatabaseMetaDataSupportsConvertTest" time="0.002"/>
    <testcase name="testSupportsConvert_to_LONGVARBINARY_from_REAL" classname="org.hsqldb.jdbc.JDBCDatabaseMetaDataSupportsConvertTest" time="0.002"/>
    <testcase name="testSupportsConvert_to_LONGVARBINARY_from_REF" classname="org.hsqldb.jdbc.JDBCDatabaseMetaDataSupportsConvertTest" time="0.004"/>
    <testcase name="testSupportsConvert_to_LONGVARBINARY_from_ROWID" classname="org.hsqldb.jdbc.JDBCDatabaseMetaDataSupportsConvertTest" time="0.003"/>
    <testcase name="testSupportsConvert_to_LONGVARBINARY_from_SMALLINT" classname="org.hsqldb.jdbc.JDBCDatabaseMetaDataSupportsConvertTest" time="0.002"/>
    <testcase name="testSupportsConvert_to_LONGVARBINARY_from_STRUCT" classname="org.hsqldb.jdbc.JDBCDatabaseMetaDataSupportsConvertTest" time="0.003"/>
    <testcase name="testSupportsConvert_to_LONGVARBINARY_from_TIME" classname="org.hsqldb.jdbc.JDBCDatabaseMetaDataSupportsConvertTest" time="0.002"/>
    <testcase name="testSupportsConvert_to_LONGVARBINARY_from_TIMESTAMP" classname="org.hsqldb.jdbc.JDBCDatabaseMetaDataSupportsConvertTest" time="0.003"/>
    <testcase name="testSupportsConvert_to_LONGVARBINARY_from_TIME_WITH_TIME_ZONE" classname="org.hsqldb.jdbc.JDBCDatabaseMetaDataSupportsConvertTest" time="0.003"/>
    <testcase name="testSupportsConvert_to_LONGVARBINARY_from_TIMESTAMP_WITH_TIME_ZONE" classname="org.hsqldb.jdbc.JDBCDatabaseMetaDataSupportsConvertTest" time="0.002"/>
    <testcase name="testSupportsConvert_to_LONGVARBINARY_from_TINYINT" classname="org.hsqldb.jdbc.JDBCDatabaseMetaDataSupportsConvertTest" time="0.003"/>
    <testcase name="testSupportsConvert_to_LONGVARBINARY_from_VARBINARY" classname="org.hsqldb.jdbc.JDBCDatabaseMetaDataSupportsConvertTest" time="0.002"/>
    <testcase name="testSupportsConvert_to_LONGVARBINARY_from_VARCHAR" classname="org.hsqldb.jdbc.JDBCDatabaseMetaDataSupportsConvertTest" time="0.003"/>
    <testcase name="testSupportsConvert_to_LONGVARBINARY_from_VARCHAR_IGNORECASE" classname="org.hsqldb.jdbc.JDBCDatabaseMetaDataSupportsConvertTest" time="0.002"/>
    <testcase name="testSupportsConvert_to_LONGVARBINARY_from_INTERVAL_YEAR" classname="org.hsqldb.jdbc.JDBCDatabaseMetaDataSupportsConvertTest" time="0.003"/>
    <testcase name="testSupportsConvert_to_LONGVARBINARY_from_INTERVAL_MONTH" classname="org.hsqldb.jdbc.JDBCDatabaseMetaDataSupportsConvertTest" time="0.003"/>
    <testcase name="testSupportsConvert_to_LONGVARBINARY_from_INTERVAL_DAY" classname="org.hsqldb.jdbc.JDBCDatabaseMetaDataSupportsConvertTest" time="0.002"/>
    <testcase name="testSupportsConvert_to_LONGVARBINARY_from_INTERVAL_HOUR" classname="org.hsqldb.jdbc.JDBCDatabaseMetaDataSupportsConvertTest" time="0.002"/>
    <testcase name="testSupportsConvert_to_LONGVARBINARY_from_INTERVAL_MINUTE" classname="org.hsqldb.jdbc.JDBCDatabaseMetaDataSupportsConvertTest" time="0.003"/>
    <testcase name="testSupportsConvert_to_LONGVARBINARY_from_INTERVAL_SECOND" classname="org.hsqldb.jdbc.JDBCDatabaseMetaDataSupportsConvertTest" time="0.002"/>
    <testcase name="testSupportsConvert_to_LONGVARBINARY_from_INTERVAL_YEAR_TO_MONTH" classname="org.hsqldb.jdbc.JDBCDatabaseMetaDataSupportsConvertTest" time="0.002"/>
    <testcase name="testSupportsConvert_to_LONGVARBINARY_from_INTERVAL_DAY_TO_HOUR" classname="org.hsqldb.jdbc.JDBCDatabaseMetaDataSupportsConvertTest" time="0.003"/>
    <testcase name="testSupportsConvert_to_LONGVARBINARY_from_INTERVAL_DAY_TO_MINUTE" classname="org.hsqldb.jdbc.JDBCDatabaseMetaDataSupportsConvertTest" time="0.002"/>
    <testcase name="testSupportsConvert_to_LONGVARBINARY_from_INTERVAL_DAY_TO_SECOND" classname="org.hsqldb.jdbc.JDBCDatabaseMetaDataSupportsConvertTest" time="0.002"/>
    <testcase name="testSupportsConvert_to_LONGVARBINARY_from_INTERVAL_HOUR_TO_MINUTE" classname="org.hsqldb.jdbc.JDBCDatabaseMetaDataSupportsConvertTest" time="0.003"/>
    <testcase name="testSupportsConvert_to_LONGVARBINARY_from_INTERVAL_HOUR_TO_SECOND" classname="org.hsqldb.jdbc.JDBCDatabaseMetaDataSupportsConvertTest" time="0.002"/>
    <testcase name="testSupportsConvert_to_LONGVARBINARY_from_INTERVAL_MINUTE_TO_SECOND" classname="org.hsqldb.jdbc.JDBCDatabaseMetaDataSupportsConvertTest" time="0.003"/>
    <testcase name="testSupportsConvert_to_NCHAR_from_ARRAY" classname="org.hsqldb.jdbc.JDBCDatabaseMetaDataSupportsConvertTest" time="0.002"/>
    <testcase name="testSupportsConvert_to_NCHAR_from_BIGINT" classname="org.hsqldb.jdbc.JDBCDatabaseMetaDataSupportsConvertTest" time="0.003"/>
    <testcase name="testSupportsConvert_to_NCHAR_from_BINARY" classname="org.hsqldb.jdbc.JDBCDatabaseMetaDataSupportsConvertTest" time="0.002"/>
    <testcase name="testSupportsConvert_to_NCHAR_from_BIT" classname="org.hsqldb.jdbc.JDBCDatabaseMetaDataSupportsConvertTest" time="0.003"/>
    <testcase name="testSupportsConvert_to_NCHAR_from_BLOB" classname="org.hsqldb.jdbc.JDBCDatabaseMetaDataSupportsConvertTest" time="0.002"/>
    <testcase name="testSupportsConvert_to_NCHAR_from_BOOLEAN" classname="org.hsqldb.jdbc.JDBCDatabaseMetaDataSupportsConvertTest" time="0.003"/>
    <testcase name="testSupportsConvert_to_NCHAR_from_CHAR" classname="org.hsqldb.jdbc.JDBCDatabaseMetaDataSupportsConvertTest" time="0.002"/>
    <testcase name="testSupportsConvert_to_NCHAR_from_CLOB" classname="org.hsqldb.jdbc.JDBCDatabaseMetaDataSupportsConvertTest" time="0.003"/>
    <testcase name="testSupportsConvert_to_NCHAR_from_DATALINK" classname="org.hsqldb.jdbc.JDBCDatabaseMetaDataSupportsConvertTest" time="0.003"/>
    <testcase name="testSupportsConvert_to_NCHAR_from_DATE" classname="org.hsqldb.jdbc.JDBCDatabaseMetaDataSupportsConvertTest" time="0.004"/>
    <testcase name="testSupportsConvert_to_NCHAR_from_DECIMAL" classname="org.hsqldb.jdbc.JDBCDatabaseMetaDataSupportsConvertTest" time="0.002"/>
    <testcase name="testSupportsConvert_to_NCHAR_from_DISTINCT" classname="org.hsqldb.jdbc.JDBCDatabaseMetaDataSupportsConvertTest" time="0.003"/>
    <testcase name="testSupportsConvert_to_NCHAR_from_DOUBLE" classname="org.hsqldb.jdbc.JDBCDatabaseMetaDataSupportsConvertTest" time="0.002"/>
    <testcase name="testSupportsConvert_to_NCHAR_from_FLOAT" classname="org.hsqldb.jdbc.JDBCDatabaseMetaDataSupportsConvertTest" time="0.003"/>
    <testcase name="testSupportsConvert_to_NCHAR_from_INTEGER" classname="org.hsqldb.jdbc.JDBCDatabaseMetaDataSupportsConvertTest" time="0.003"/>
    <testcase name="testSupportsConvert_to_NCHAR_from_JAVA_OBJECT" classname="org.hsqldb.jdbc.JDBCDatabaseMetaDataSupportsConvertTest" time="0.003"/>
    <testcase name="testSupportsConvert_to_NCHAR_from_LONGNVARCHAR" classname="org.hsqldb.jdbc.JDBCDatabaseMetaDataSupportsConvertTest" time="0.003"/>
    <testcase name="testSupportsConvert_to_NCHAR_from_LONGVARCHAR" classname="org.hsqldb.jdbc.JDBCDatabaseMetaDataSupportsConvertTest" time="0.002"/>
    <testcase name="testSupportsConvert_to_NCHAR_from_LONGVARBINARY" classname="org.hsqldb.jdbc.JDBCDatabaseMetaDataSupportsConvertTest" time="0.002"/>
    <testcase name="testSupportsConvert_to_NCHAR_from_NCHAR" classname="org.hsqldb.jdbc.JDBCDatabaseMetaDataSupportsConvertTest" time="0.003"/>
    <testcase name="testSupportsConvert_to_NCHAR_from_NCLOB" classname="org.hsqldb.jdbc.JDBCDatabaseMetaDataSupportsConvertTest" time="0.002"/>
    <testcase name="testSupportsConvert_to_NCHAR_from_NULL" classname="org.hsqldb.jdbc.JDBCDatabaseMetaDataSupportsConvertTest" time="0.003"/>
    <testcase name="testSupportsConvert_to_NCHAR_from_NUMERIC" classname="org.hsqldb.jdbc.JDBCDatabaseMetaDataSupportsConvertTest" time="0.002"/>
    <testcase name="testSupportsConvert_to_NCHAR_from_NVARCHAR" classname="org.hsqldb.jdbc.JDBCDatabaseMetaDataSupportsConvertTest" time="0.003"/>
    <testcase name="testSupportsConvert_to_NCHAR_from_OTHER" classname="org.hsqldb.jdbc.JDBCDatabaseMetaDataSupportsConvertTest" time="0.002"/>
    <testcase name="testSupportsConvert_to_NCHAR_from_REAL" classname="org.hsqldb.jdbc.JDBCDatabaseMetaDataSupportsConvertTest" time="0.002"/>
    <testcase name="testSupportsConvert_to_NCHAR_from_REF" classname="org.hsqldb.jdbc.JDBCDatabaseMetaDataSupportsConvertTest" time="0.003"/>
    <testcase name="testSupportsConvert_to_NCHAR_from_ROWID" classname="org.hsqldb.jdbc.JDBCDatabaseMetaDataSupportsConvertTest" time="0.002"/>
    <testcase name="testSupportsConvert_to_NCHAR_from_SMALLINT" classname="org.hsqldb.jdbc.JDBCDatabaseMetaDataSupportsConvertTest" time="0.003"/>
    <testcase name="testSupportsConvert_to_NCHAR_from_STRUCT" classname="org.hsqldb.jdbc.JDBCDatabaseMetaDataSupportsConvertTest" time="0.002"/>
    <testcase name="testSupportsConvert_to_NCHAR_from_TIME" classname="org.hsqldb.jdbc.JDBCDatabaseMetaDataSupportsConvertTest" time="0.002"/>
    <testcase name="testSupportsConvert_to_NCHAR_from_TIMESTAMP" classname="org.hsqldb.jdbc.JDBCDatabaseMetaDataSupportsConvertTest" time="0.003"/>
    <testcase name="testSupportsConvert_to_NCHAR_from_TIME_WITH_TIME_ZONE" classname="org.hsqldb.jdbc.JDBCDatabaseMetaDataSupportsConvertTest" time="0.002"/>
    <testcase name="testSupportsConvert_to_NCHAR_from_TIMESTAMP_WITH_TIME_ZONE" classname="org.hsqldb.jdbc.JDBCDatabaseMetaDataSupportsConvertTest" time="0.003"/>
    <testcase name="testSupportsConvert_to_NCHAR_from_TINYINT" classname="org.hsqldb.jdbc.JDBCDatabaseMetaDataSupportsConvertTest" time="0.003"/>
    <testcase name="testSupportsConvert_to_NCHAR_from_VARBINARY" classname="org.hsqldb.jdbc.JDBCDatabaseMetaDataSupportsConvertTest" time="0.002"/>
    <testcase name="testSupportsConvert_to_NCHAR_from_VARCHAR" classname="org.hsqldb.jdbc.JDBCDatabaseMetaDataSupportsConvertTest" time="0.003"/>
    <testcase name="testSupportsConvert_to_NCHAR_from_VARCHAR_IGNORECASE" classname="org.hsqldb.jdbc.JDBCDatabaseMetaDataSupportsConvertTest" time="0.002"/>
    <testcase name="testSupportsConvert_to_NCHAR_from_INTERVAL_YEAR" classname="org.hsqldb.jdbc.JDBCDatabaseMetaDataSupportsConvertTest" time="0.003"/>
    <testcase name="testSupportsConvert_to_NCHAR_from_INTERVAL_MONTH" classname="org.hsqldb.jdbc.JDBCDatabaseMetaDataSupportsConvertTest" time="0.002"/>
    <testcase name="testSupportsConvert_to_NCHAR_from_INTERVAL_DAY" classname="org.hsqldb.jdbc.JDBCDatabaseMetaDataSupportsConvertTest" time="0.003"/>
    <testcase name="testSupportsConvert_to_NCHAR_from_INTERVAL_HOUR" classname="org.hsqldb.jdbc.JDBCDatabaseMetaDataSupportsConvertTest" time="0.002"/>
    <testcase name="testSupportsConvert_to_NCHAR_from_INTERVAL_MINUTE" classname="org.hsqldb.jdbc.JDBCDatabaseMetaDataSupportsConvertTest" time="0.002"/>
    <testcase name="testSupportsConvert_to_NCHAR_from_INTERVAL_SECOND" classname="org.hsqldb.jdbc.JDBCDatabaseMetaDataSupportsConvertTest" time="0.003"/>
    <testcase name="testSupportsConvert_to_NCHAR_from_INTERVAL_YEAR_TO_MONTH" classname="org.hsqldb.jdbc.JDBCDatabaseMetaDataSupportsConvertTest" time="0.002"/>
    <testcase name="testSupportsConvert_to_NCHAR_from_INTERVAL_DAY_TO_HOUR" classname="org.hsqldb.jdbc.JDBCDatabaseMetaDataSupportsConvertTest" time="0.002"/>
    <testcase name="testSupportsConvert_to_NCHAR_from_INTERVAL_DAY_TO_MINUTE" classname="org.hsqldb.jdbc.JDBCDatabaseMetaDataSupportsConvertTest" time="0.003"/>
    <testcase name="testSupportsConvert_to_NCHAR_from_INTERVAL_DAY_TO_SECOND" classname="org.hsqldb.jdbc.JDBCDatabaseMetaDataSupportsConvertTest" time="0.002"/>
    <testcase name="testSupportsConvert_to_NCHAR_from_INTERVAL_HOUR_TO_MINUTE" classname="org.hsqldb.jdbc.JDBCDatabaseMetaDataSupportsConvertTest" time="0.002"/>
    <testcase name="testSupportsConvert_to_NCHAR_from_INTERVAL_HOUR_TO_SECOND" classname="org.hsqldb.jdbc.JDBCDatabaseMetaDataSupportsConvertTest" time="0.003"/>
    <testcase name="testSupportsConvert_to_NCHAR_from_INTERVAL_MINUTE_TO_SECOND" classname="org.hsqldb.jdbc.JDBCDatabaseMetaDataSupportsConvertTest" time="0.002"/>
    <testcase name="testSupportsConvert_to_NCLOB_from_ARRAY" classname="org.hsqldb.jdbc.JDBCDatabaseMetaDataSupportsConvertTest" time="0.002"/>
    <testcase name="testSupportsConvert_to_NCLOB_from_BIGINT" classname="org.hsqldb.jdbc.JDBCDatabaseMetaDataSupportsConvertTest" time="0.002"/>
    <testcase name="testSupportsConvert_to_NCLOB_from_BINARY" classname="org.hsqldb.jdbc.JDBCDatabaseMetaDataSupportsConvertTest" time="0.003"/>
    <testcase name="testSupportsConvert_to_NCLOB_from_BIT" classname="org.hsqldb.jdbc.JDBCDatabaseMetaDataSupportsConvertTest" time="0.002"/>
    <testcase name="testSupportsConvert_to_NCLOB_from_BLOB" classname="org.hsqldb.jdbc.JDBCDatabaseMetaDataSupportsConvertTest" time="0.002"/>
    <testcase name="testSupportsConvert_to_NCLOB_from_BOOLEAN" classname="org.hsqldb.jdbc.JDBCDatabaseMetaDataSupportsConvertTest" time="0.003"/>
    <testcase name="testSupportsConvert_to_NCLOB_from_CHAR" classname="org.hsqldb.jdbc.JDBCDatabaseMetaDataSupportsConvertTest" time="0.002"/>
    <testcase name="testSupportsConvert_to_NCLOB_from_CLOB" classname="org.hsqldb.jdbc.JDBCDatabaseMetaDataSupportsConvertTest" time="0.003"/>
    <testcase name="testSupportsConvert_to_NCLOB_from_DATALINK" classname="org.hsqldb.jdbc.JDBCDatabaseMetaDataSupportsConvertTest" time="0.002"/>
    <testcase name="testSupportsConvert_to_NCLOB_from_DATE" classname="org.hsqldb.jdbc.JDBCDatabaseMetaDataSupportsConvertTest" time="0.003"/>
    <testcase name="testSupportsConvert_to_NCLOB_from_DECIMAL" classname="org.hsqldb.jdbc.JDBCDatabaseMetaDataSupportsConvertTest" time="0.002"/>
    <testcase name="testSupportsConvert_to_NCLOB_from_DISTINCT" classname="org.hsqldb.jdbc.JDBCDatabaseMetaDataSupportsConvertTest" time="0.003"/>
    <testcase name="testSupportsConvert_to_NCLOB_from_DOUBLE" classname="org.hsqldb.jdbc.JDBCDatabaseMetaDataSupportsConvertTest" time="0.002"/>
    <testcase name="testSupportsConvert_to_NCLOB_from_FLOAT" classname="org.hsqldb.jdbc.JDBCDatabaseMetaDataSupportsConvertTest" time="0.003"/>
    <testcase name="testSupportsConvert_to_NCLOB_from_INTEGER" classname="org.hsqldb.jdbc.JDBCDatabaseMetaDataSupportsConvertTest" time="0.003"/>
    <testcase name="testSupportsConvert_to_NCLOB_from_JAVA_OBJECT" classname="org.hsqldb.jdbc.JDBCDatabaseMetaDataSupportsConvertTest" time="0.002"/>
    <testcase name="testSupportsConvert_to_NCLOB_from_LONGNVARCHAR" classname="org.hsqldb.jdbc.JDBCDatabaseMetaDataSupportsConvertTest" time="0.003"/>
    <testcase name="testSupportsConvert_to_NCLOB_from_LONGVARCHAR" classname="org.hsqldb.jdbc.JDBCDatabaseMetaDataSupportsConvertTest" time="0.002"/>
    <testcase name="testSupportsConvert_to_NCLOB_from_LONGVARBINARY" classname="org.hsqldb.jdbc.JDBCDatabaseMetaDataSupportsConvertTest" time="0.002"/>
    <testcase name="testSupportsConvert_to_NCLOB_from_NCHAR" classname="org.hsqldb.jdbc.JDBCDatabaseMetaDataSupportsConvertTest" time="0.002"/>
    <testcase name="testSupportsConvert_to_NCLOB_from_NCLOB" classname="org.hsqldb.jdbc.JDBCDatabaseMetaDataSupportsConvertTest" time="0.002"/>
    <testcase name="testSupportsConvert_to_NCLOB_from_NULL" classname="org.hsqldb.jdbc.JDBCDatabaseMetaDataSupportsConvertTest" time="0.003"/>
    <testcase name="testSupportsConvert_to_NCLOB_from_NUMERIC" classname="org.hsqldb.jdbc.JDBCDatabaseMetaDataSupportsConvertTest" time="0.002"/>
    <testcase name="testSupportsConvert_to_NCLOB_from_NVARCHAR" classname="org.hsqldb.jdbc.JDBCDatabaseMetaDataSupportsConvertTest" time="0.002"/>
    <testcase name="testSupportsConvert_to_NCLOB_from_OTHER" classname="org.hsqldb.jdbc.JDBCDatabaseMetaDataSupportsConvertTest" time="0.003"/>
    <testcase name="testSupportsConvert_to_NCLOB_from_REAL" classname="org.hsqldb.jdbc.JDBCDatabaseMetaDataSupportsConvertTest" time="0.002"/>
    <testcase name="testSupportsConvert_to_NCLOB_from_REF" classname="org.hsqldb.jdbc.JDBCDatabaseMetaDataSupportsConvertTest" time="0.003"/>
    <testcase name="testSupportsConvert_to_NCLOB_from_ROWID" classname="org.hsqldb.jdbc.JDBCDatabaseMetaDataSupportsConvertTest" time="0.002"/>
    <testcase name="testSupportsConvert_to_NCLOB_from_SMALLINT" classname="org.hsqldb.jdbc.JDBCDatabaseMetaDataSupportsConvertTest" time="0.002"/>
    <testcase name="testSupportsConvert_to_NCLOB_from_STRUCT" classname="org.hsqldb.jdbc.JDBCDatabaseMetaDataSupportsConvertTest" time="0.003"/>
    <testcase name="testSupportsConvert_to_NCLOB_from_TIME" classname="org.hsqldb.jdbc.JDBCDatabaseMetaDataSupportsConvertTest" time="0.002"/>
    <testcase name="testSupportsConvert_to_NCLOB_from_TIMESTAMP" classname="org.hsqldb.jdbc.JDBCDatabaseMetaDataSupportsConvertTest" time="0.002"/>
    <testcase name="testSupportsConvert_to_NCLOB_from_TIME_WITH_TIME_ZONE" classname="org.hsqldb.jdbc.JDBCDatabaseMetaDataSupportsConvertTest" time="0.003"/>
    <testcase name="testSupportsConvert_to_NCLOB_from_TIMESTAMP_WITH_TIME_ZONE" classname="org.hsqldb.jdbc.JDBCDatabaseMetaDataSupportsConvertTest" time="0.002"/>
    <testcase name="testSupportsConvert_to_NCLOB_from_TINYINT" classname="org.hsqldb.jdbc.JDBCDatabaseMetaDataSupportsConvertTest" time="0.002"/>
    <testcase name="testSupportsConvert_to_NCLOB_from_VARBINARY" classname="org.hsqldb.jdbc.JDBCDatabaseMetaDataSupportsConvertTest" time="0.003"/>
    <testcase name="testSupportsConvert_to_NCLOB_from_VARCHAR" classname="org.hsqldb.jdbc.JDBCDatabaseMetaDataSupportsConvertTest" time="0.002"/>
    <testcase name="testSupportsConvert_to_NCLOB_from_VARCHAR_IGNORECASE" classname="org.hsqldb.jdbc.JDBCDatabaseMetaDataSupportsConvertTest" time="0.002"/>
    <testcase name="testSupportsConvert_to_NCLOB_from_INTERVAL_YEAR" classname="org.hsqldb.jdbc.JDBCDatabaseMetaDataSupportsConvertTest" time="0.003"/>
    <testcase name="testSupportsConvert_to_NCLOB_from_INTERVAL_MONTH" classname="org.hsqldb.jdbc.JDBCDatabaseMetaDataSupportsConvertTest" time="0.002"/>
    <testcase name="testSupportsConvert_to_NCLOB_from_INTERVAL_DAY" classname="org.hsqldb.jdbc.JDBCDatabaseMetaDataSupportsConvertTest" time="0.002"/>
    <testcase name="testSupportsConvert_to_NCLOB_from_INTERVAL_HOUR" classname="org.hsqldb.jdbc.JDBCDatabaseMetaDataSupportsConvertTest" time="0.003"/>
    <testcase name="testSupportsConvert_to_NCLOB_from_INTERVAL_MINUTE" classname="org.hsqldb.jdbc.JDBCDatabaseMetaDataSupportsConvertTest" time="0.002"/>
    <testcase name="testSupportsConvert_to_NCLOB_from_INTERVAL_SECOND" classname="org.hsqldb.jdbc.JDBCDatabaseMetaDataSupportsConvertTest" time="0.002"/>
    <testcase name="testSupportsConvert_to_NCLOB_from_INTERVAL_YEAR_TO_MONTH" classname="org.hsqldb.jdbc.JDBCDatabaseMetaDataSupportsConvertTest" time="0.002"/>
    <testcase name="testSupportsConvert_to_NCLOB_from_INTERVAL_DAY_TO_HOUR" classname="org.hsqldb.jdbc.JDBCDatabaseMetaDataSupportsConvertTest" time="0.003"/>
    <testcase name="testSupportsConvert_to_NCLOB_from_INTERVAL_DAY_TO_MINUTE" classname="org.hsqldb.jdbc.JDBCDatabaseMetaDataSupportsConvertTest" time="0.002"/>
    <testcase name="testSupportsConvert_to_NCLOB_from_INTERVAL_DAY_TO_SECOND" classname="org.hsqldb.jdbc.JDBCDatabaseMetaDataSupportsConvertTest" time="0.002"/>
    <testcase name="testSupportsConvert_to_NCLOB_from_INTERVAL_HOUR_TO_MINUTE" classname="org.hsqldb.jdbc.JDBCDatabaseMetaDataSupportsConvertTest" time="0.003"/>
    <testcase name="testSupportsConvert_to_NCLOB_from_INTERVAL_HOUR_TO_SECOND" classname="org.hsqldb.jdbc.JDBCDatabaseMetaDataSupportsConvertTest" time="0.002"/>
    <testcase name="testSupportsConvert_to_NCLOB_from_INTERVAL_MINUTE_TO_SECOND" classname="org.hsqldb.jdbc.JDBCDatabaseMetaDataSupportsConvertTest" time="0.002"/>
    <testcase name="testSupportsConvert_to_NULL_from_ARRAY" classname="org.hsqldb.jdbc.JDBCDatabaseMetaDataSupportsConvertTest" time="0.003"/>
    <testcase name="testSupportsConvert_to_NULL_from_BIGINT" classname="org.hsqldb.jdbc.JDBCDatabaseMetaDataSupportsConvertTest" time="0.002"/>
    <testcase name="testSupportsConvert_to_NULL_from_BINARY" classname="org.hsqldb.jdbc.JDBCDatabaseMetaDataSupportsConvertTest" time="0.002"/>
    <testcase name="testSupportsConvert_to_NULL_from_BIT" classname="org.hsqldb.jdbc.JDBCDatabaseMetaDataSupportsConvertTest" time="0.003"/>
    <testcase name="testSupportsConvert_to_NULL_from_BLOB" classname="org.hsqldb.jdbc.JDBCDatabaseMetaDataSupportsConvertTest" time="0.002"/>
    <testcase name="testSupportsConvert_to_NULL_from_BOOLEAN" classname="org.hsqldb.jdbc.JDBCDatabaseMetaDataSupportsConvertTest" time="0.002"/>
    <testcase name="testSupportsConvert_to_NULL_from_CHAR" classname="org.hsqldb.jdbc.JDBCDatabaseMetaDataSupportsConvertTest" time="0.003"/>
    <testcase name="testSupportsConvert_to_NULL_from_CLOB" classname="org.hsqldb.jdbc.JDBCDatabaseMetaDataSupportsConvertTest" time="0.002"/>
    <testcase name="testSupportsConvert_to_NULL_from_DATALINK" classname="org.hsqldb.jdbc.JDBCDatabaseMetaDataSupportsConvertTest" time="0.002"/>
    <testcase name="testSupportsConvert_to_NULL_from_DATE" classname="org.hsqldb.jdbc.JDBCDatabaseMetaDataSupportsConvertTest" time="0.003"/>
    <testcase name="testSupportsConvert_to_NULL_from_DECIMAL" classname="org.hsqldb.jdbc.JDBCDatabaseMetaDataSupportsConvertTest" time="0.002"/>
    <testcase name="testSupportsConvert_to_NULL_from_DISTINCT" classname="org.hsqldb.jdbc.JDBCDatabaseMetaDataSupportsConvertTest" time="0.002"/>
    <testcase name="testSupportsConvert_to_NULL_from_DOUBLE" classname="org.hsqldb.jdbc.JDBCDatabaseMetaDataSupportsConvertTest" time="0.003"/>
    <testcase name="testSupportsConvert_to_NULL_from_FLOAT" classname="org.hsqldb.jdbc.JDBCDatabaseMetaDataSupportsConvertTest" time="0.002"/>
    <testcase name="testSupportsConvert_to_NULL_from_INTEGER" classname="org.hsqldb.jdbc.JDBCDatabaseMetaDataSupportsConvertTest" time="0.002"/>
    <testcase name="testSupportsConvert_to_NULL_from_JAVA_OBJECT" classname="org.hsqldb.jdbc.JDBCDatabaseMetaDataSupportsConvertTest" time="0.003"/>
    <testcase name="testSupportsConvert_to_NULL_from_LONGNVARCHAR" classname="org.hsqldb.jdbc.JDBCDatabaseMetaDataSupportsConvertTest" time="0.005"/>
    <testcase name="testSupportsConvert_to_NULL_from_LONGVARCHAR" classname="org.hsqldb.jdbc.JDBCDatabaseMetaDataSupportsConvertTest" time="0.003"/>
    <testcase name="testSupportsConvert_to_NULL_from_LONGVARBINARY" classname="org.hsqldb.jdbc.JDBCDatabaseMetaDataSupportsConvertTest" time="0.002"/>
    <testcase name="testSupportsConvert_to_NULL_from_NCHAR" classname="org.hsqldb.jdbc.JDBCDatabaseMetaDataSupportsConvertTest" time="0.003"/>
    <testcase name="testSupportsConvert_to_NULL_from_NCLOB" classname="org.hsqldb.jdbc.JDBCDatabaseMetaDataSupportsConvertTest" time="0.002"/>
    <testcase name="testSupportsConvert_to_NULL_from_NULL" classname="org.hsqldb.jdbc.JDBCDatabaseMetaDataSupportsConvertTest" time="0.003"/>
    <testcase name="testSupportsConvert_to_NULL_from_NUMERIC" classname="org.hsqldb.jdbc.JDBCDatabaseMetaDataSupportsConvertTest" time="0.004"/>
    <testcase name="testSupportsConvert_to_NULL_from_NVARCHAR" classname="org.hsqldb.jdbc.JDBCDatabaseMetaDataSupportsConvertTest" time="0.002"/>
    <testcase name="testSupportsConvert_to_NULL_from_OTHER" classname="org.hsqldb.jdbc.JDBCDatabaseMetaDataSupportsConvertTest" time="0.003"/>
    <testcase name="testSupportsConvert_to_NULL_from_REAL" classname="org.hsqldb.jdbc.JDBCDatabaseMetaDataSupportsConvertTest" time="0.002"/>
    <testcase name="testSupportsConvert_to_NULL_from_REF" classname="org.hsqldb.jdbc.JDBCDatabaseMetaDataSupportsConvertTest" time="0.002"/>
    <testcase name="testSupportsConvert_to_NULL_from_ROWID" classname="org.hsqldb.jdbc.JDBCDatabaseMetaDataSupportsConvertTest" time="0.003"/>
    <testcase name="testSupportsConvert_to_NULL_from_SMALLINT" classname="org.hsqldb.jdbc.JDBCDatabaseMetaDataSupportsConvertTest" time="0.002"/>
    <testcase name="testSupportsConvert_to_NULL_from_STRUCT" classname="org.hsqldb.jdbc.JDBCDatabaseMetaDataSupportsConvertTest" time="0.002"/>
    <testcase name="testSupportsConvert_to_NULL_from_TIME" classname="org.hsqldb.jdbc.JDBCDatabaseMetaDataSupportsConvertTest" time="0.003"/>
    <testcase name="testSupportsConvert_to_NULL_from_TIMESTAMP" classname="org.hsqldb.jdbc.JDBCDatabaseMetaDataSupportsConvertTest" time="0.002"/>
    <testcase name="testSupportsConvert_to_NULL_from_TIME_WITH_TIME_ZONE" classname="org.hsqldb.jdbc.JDBCDatabaseMetaDataSupportsConvertTest" time="0.002"/>
    <testcase name="testSupportsConvert_to_NULL_from_TIMESTAMP_WITH_TIME_ZONE" classname="org.hsqldb.jdbc.JDBCDatabaseMetaDataSupportsConvertTest" time="0.003"/>
    <testcase name="testSupportsConvert_to_NULL_from_TINYINT" classname="org.hsqldb.jdbc.JDBCDatabaseMetaDataSupportsConvertTest" time="0.002"/>
    <testcase name="testSupportsConvert_to_NULL_from_VARBINARY" classname="org.hsqldb.jdbc.JDBCDatabaseMetaDataSupportsConvertTest" time="0.002"/>
    <testcase name="testSupportsConvert_to_NULL_from_VARCHAR" classname="org.hsqldb.jdbc.JDBCDatabaseMetaDataSupportsConvertTest" time="0.003"/>
    <testcase name="testSupportsConvert_to_NULL_from_VARCHAR_IGNORECASE" classname="org.hsqldb.jdbc.JDBCDatabaseMetaDataSupportsConvertTest" time="0.002"/>
    <testcase name="testSupportsConvert_to_NULL_from_INTERVAL_YEAR" classname="org.hsqldb.jdbc.JDBCDatabaseMetaDataSupportsConvertTest" time="0.002"/>
    <testcase name="testSupportsConvert_to_NULL_from_INTERVAL_MONTH" classname="org.hsqldb.jdbc.JDBCDatabaseMetaDataSupportsConvertTest" time="0.002"/>
    <testcase name="testSupportsConvert_to_NULL_from_INTERVAL_DAY" classname="org.hsqldb.jdbc.JDBCDatabaseMetaDataSupportsConvertTest" time="0.002"/>
    <testcase name="testSupportsConvert_to_NULL_from_INTERVAL_HOUR" classname="org.hsqldb.jdbc.JDBCDatabaseMetaDataSupportsConvertTest" time="0.003"/>
    <testcase name="testSupportsConvert_to_NULL_from_INTERVAL_MINUTE" classname="org.hsqldb.jdbc.JDBCDatabaseMetaDataSupportsConvertTest" time="0.002"/>
    <testcase name="testSupportsConvert_to_NULL_from_INTERVAL_SECOND" classname="org.hsqldb.jdbc.JDBCDatabaseMetaDataSupportsConvertTest" time="0.003"/>
    <testcase name="testSupportsConvert_to_NULL_from_INTERVAL_YEAR_TO_MONTH" classname="org.hsqldb.jdbc.JDBCDatabaseMetaDataSupportsConvertTest" time="0.002"/>
    <testcase name="testSupportsConvert_to_NULL_from_INTERVAL_DAY_TO_HOUR" classname="org.hsqldb.jdbc.JDBCDatabaseMetaDataSupportsConvertTest" time="0.003"/>
    <testcase name="testSupportsConvert_to_NULL_from_INTERVAL_DAY_TO_MINUTE" classname="org.hsqldb.jdbc.JDBCDatabaseMetaDataSupportsConvertTest" time="0.003"/>
    <testcase name="testSupportsConvert_to_NULL_from_INTERVAL_DAY_TO_SECOND" classname="org.hsqldb.jdbc.JDBCDatabaseMetaDataSupportsConvertTest" time="0.002"/>
    <testcase name="testSupportsConvert_to_NULL_from_INTERVAL_HOUR_TO_MINUTE" classname="org.hsqldb.jdbc.JDBCDatabaseMetaDataSupportsConvertTest" time="0.003"/>
    <testcase name="testSupportsConvert_to_NULL_from_INTERVAL_HOUR_TO_SECOND" classname="org.hsqldb.jdbc.JDBCDatabaseMetaDataSupportsConvertTest" time="0.002"/>
    <testcase name="testSupportsConvert_to_NULL_from_INTERVAL_MINUTE_TO_SECOND" classname="org.hsqldb.jdbc.JDBCDatabaseMetaDataSupportsConvertTest" time="0.003"/>
    <testcase name="testSupportsConvert_to_NUMERIC_from_ARRAY" classname="org.hsqldb.jdbc.JDBCDatabaseMetaDataSupportsConvertTest" time="0.002"/>
    <testcase name="testSupportsConvert_to_NUMERIC_from_BIGINT" classname="org.hsqldb.jdbc.JDBCDatabaseMetaDataSupportsConvertTest" time="0.002"/>
    <testcase name="testSupportsConvert_to_NUMERIC_from_BINARY" classname="org.hsqldb.jdbc.JDBCDatabaseMetaDataSupportsConvertTest" time="0.002"/>
    <testcase name="testSupportsConvert_to_NUMERIC_from_BIT" classname="org.hsqldb.jdbc.JDBCDatabaseMetaDataSupportsConvertTest" time="0.003"/>
    <testcase name="testSupportsConvert_to_NUMERIC_from_BLOB" classname="org.hsqldb.jdbc.JDBCDatabaseMetaDataSupportsConvertTest" time="0.003"/>
    <testcase name="testSupportsConvert_to_NUMERIC_from_BOOLEAN" classname="org.hsqldb.jdbc.JDBCDatabaseMetaDataSupportsConvertTest" time="0.002"/>
    <testcase name="testSupportsConvert_to_NUMERIC_from_CHAR" classname="org.hsqldb.jdbc.JDBCDatabaseMetaDataSupportsConvertTest" time="0.003"/>
    <testcase name="testSupportsConvert_to_NUMERIC_from_CLOB" classname="org.hsqldb.jdbc.JDBCDatabaseMetaDataSupportsConvertTest" time="0.002"/>
    <testcase name="testSupportsConvert_to_NUMERIC_from_DATALINK" classname="org.hsqldb.jdbc.JDBCDatabaseMetaDataSupportsConvertTest" time="0.003"/>
    <testcase name="testSupportsConvert_to_NUMERIC_from_DATE" classname="org.hsqldb.jdbc.JDBCDatabaseMetaDataSupportsConvertTest" time="0.002"/>
    <testcase name="testSupportsConvert_to_NUMERIC_from_DECIMAL" classname="org.hsqldb.jdbc.JDBCDatabaseMetaDataSupportsConvertTest" time="0.003"/>
    <testcase name="testSupportsConvert_to_NUMERIC_from_DISTINCT" classname="org.hsqldb.jdbc.JDBCDatabaseMetaDataSupportsConvertTest" time="0.002"/>
    <testcase name="testSupportsConvert_to_NUMERIC_from_DOUBLE" classname="org.hsqldb.jdbc.JDBCDatabaseMetaDataSupportsConvertTest" time="0.003"/>
    <testcase name="testSupportsConvert_to_NUMERIC_from_FLOAT" classname="org.hsqldb.jdbc.JDBCDatabaseMetaDataSupportsConvertTest" time="0.003"/>
    <testcase name="testSupportsConvert_to_NUMERIC_from_INTEGER" classname="org.hsqldb.jdbc.JDBCDatabaseMetaDataSupportsConvertTest" time="0.002"/>
    <testcase name="testSupportsConvert_to_NUMERIC_from_JAVA_OBJECT" classname="org.hsqldb.jdbc.JDBCDatabaseMetaDataSupportsConvertTest" time="0.002"/>
    <testcase name="testSupportsConvert_to_NUMERIC_from_LONGNVARCHAR" classname="org.hsqldb.jdbc.JDBCDatabaseMetaDataSupportsConvertTest" time="0.003"/>
    <testcase name="testSupportsConvert_to_NUMERIC_from_LONGVARCHAR" classname="org.hsqldb.jdbc.JDBCDatabaseMetaDataSupportsConvertTest" time="0.003"/>
    <testcase name="testSupportsConvert_to_NUMERIC_from_LONGVARBINARY" classname="org.hsqldb.jdbc.JDBCDatabaseMetaDataSupportsConvertTest" time="0.003"/>
    <testcase name="testSupportsConvert_to_NUMERIC_from_NCHAR" classname="org.hsqldb.jdbc.JDBCDatabaseMetaDataSupportsConvertTest" time="0.003"/>
    <testcase name="testSupportsConvert_to_NUMERIC_from_NCLOB" classname="org.hsqldb.jdbc.JDBCDatabaseMetaDataSupportsConvertTest" time="0.002"/>
    <testcase name="testSupportsConvert_to_NUMERIC_from_NULL" classname="org.hsqldb.jdbc.JDBCDatabaseMetaDataSupportsConvertTest" time="0.087"/>
    <testcase name="testSupportsConvert_to_NUMERIC_from_NUMERIC" classname="org.hsqldb.jdbc.JDBCDatabaseMetaDataSupportsConvertTest" time="0.002"/>
    <testcase name="testSupportsConvert_to_NUMERIC_from_NVARCHAR" classname="org.hsqldb.jdbc.JDBCDatabaseMetaDataSupportsConvertTest" time="0.003"/>
    <testcase name="testSupportsConvert_to_NUMERIC_from_OTHER" classname="org.hsqldb.jdbc.JDBCDatabaseMetaDataSupportsConvertTest" time="0.002"/>
    <testcase name="testSupportsConvert_to_NUMERIC_from_REAL" classname="org.hsqldb.jdbc.JDBCDatabaseMetaDataSupportsConvertTest" time="0.002"/>
    <testcase name="testSupportsConvert_to_NUMERIC_from_REF" classname="org.hsqldb.jdbc.JDBCDatabaseMetaDataSupportsConvertTest" time="0.002"/>
    <testcase name="testSupportsConvert_to_NUMERIC_from_ROWID" classname="org.hsqldb.jdbc.JDBCDatabaseMetaDataSupportsConvertTest" time="0.003"/>
    <testcase name="testSupportsConvert_to_NUMERIC_from_SMALLINT" classname="org.hsqldb.jdbc.JDBCDatabaseMetaDataSupportsConvertTest" time="0.002"/>
    <testcase name="testSupportsConvert_to_NUMERIC_from_STRUCT" classname="org.hsqldb.jdbc.JDBCDatabaseMetaDataSupportsConvertTest" time="0.003"/>
    <testcase name="testSupportsConvert_to_NUMERIC_from_TIME" classname="org.hsqldb.jdbc.JDBCDatabaseMetaDataSupportsConvertTest" time="0.003"/>
    <testcase name="testSupportsConvert_to_NUMERIC_from_TIMESTAMP" classname="org.hsqldb.jdbc.JDBCDatabaseMetaDataSupportsConvertTest" time="0.003"/>
    <testcase name="testSupportsConvert_to_NUMERIC_from_TIME_WITH_TIME_ZONE" classname="org.hsqldb.jdbc.JDBCDatabaseMetaDataSupportsConvertTest" time="0.002"/>
    <testcase name="testSupportsConvert_to_NUMERIC_from_TIMESTAMP_WITH_TIME_ZONE" classname="org.hsqldb.jdbc.JDBCDatabaseMetaDataSupportsConvertTest" time="0.003"/>
    <testcase name="testSupportsConvert_to_NUMERIC_from_TINYINT" classname="org.hsqldb.jdbc.JDBCDatabaseMetaDataSupportsConvertTest" time="0.002"/>
    <testcase name="testSupportsConvert_to_NUMERIC_from_VARBINARY" classname="org.hsqldb.jdbc.JDBCDatabaseMetaDataSupportsConvertTest" time="0.003"/>
    <testcase name="testSupportsConvert_to_NUMERIC_from_VARCHAR" classname="org.hsqldb.jdbc.JDBCDatabaseMetaDataSupportsConvertTest" time="0.002"/>
    <testcase name="testSupportsConvert_to_NUMERIC_from_VARCHAR_IGNORECASE" classname="org.hsqldb.jdbc.JDBCDatabaseMetaDataSupportsConvertTest" time="0.002"/>
    <testcase name="testSupportsConvert_to_NUMERIC_from_INTERVAL_YEAR" classname="org.hsqldb.jdbc.JDBCDatabaseMetaDataSupportsConvertTest" time="0.003"/>
    <testcase name="testSupportsConvert_to_NUMERIC_from_INTERVAL_MONTH" classname="org.hsqldb.jdbc.JDBCDatabaseMetaDataSupportsConvertTest" time="0.002"/>
    <testcase name="testSupportsConvert_to_NUMERIC_from_INTERVAL_DAY" classname="org.hsqldb.jdbc.JDBCDatabaseMetaDataSupportsConvertTest" time="0.002"/>
    <testcase name="testSupportsConvert_to_NUMERIC_from_INTERVAL_HOUR" classname="org.hsqldb.jdbc.JDBCDatabaseMetaDataSupportsConvertTest" time="0.003"/>
    <testcase name="testSupportsConvert_to_NUMERIC_from_INTERVAL_MINUTE" classname="org.hsqldb.jdbc.JDBCDatabaseMetaDataSupportsConvertTest" time="0.002"/>
    <testcase name="testSupportsConvert_to_NUMERIC_from_INTERVAL_SECOND" classname="org.hsqldb.jdbc.JDBCDatabaseMetaDataSupportsConvertTest" time="0.003"/>
    <testcase name="testSupportsConvert_to_NUMERIC_from_INTERVAL_YEAR_TO_MONTH" classname="org.hsqldb.jdbc.JDBCDatabaseMetaDataSupportsConvertTest" time="0.002"/>
    <testcase name="testSupportsConvert_to_NUMERIC_from_INTERVAL_DAY_TO_HOUR" classname="org.hsqldb.jdbc.JDBCDatabaseMetaDataSupportsConvertTest" time="0.003"/>
    <testcase name="testSupportsConvert_to_NUMERIC_from_INTERVAL_DAY_TO_MINUTE" classname="org.hsqldb.jdbc.JDBCDatabaseMetaDataSupportsConvertTest" time="0.002"/>
    <testcase name="testSupportsConvert_to_NUMERIC_from_INTERVAL_DAY_TO_SECOND" classname="org.hsqldb.jdbc.JDBCDatabaseMetaDataSupportsConvertTest" time="0.003"/>
    <testcase name="testSupportsConvert_to_NUMERIC_from_INTERVAL_HOUR_TO_MINUTE" classname="org.hsqldb.jdbc.JDBCDatabaseMetaDataSupportsConvertTest" time="0.002"/>
    <testcase name="testSupportsConvert_to_NUMERIC_from_INTERVAL_HOUR_TO_SECOND" classname="org.hsqldb.jdbc.JDBCDatabaseMetaDataSupportsConvertTest" time="0.002"/>
    <testcase name="testSupportsConvert_to_NUMERIC_from_INTERVAL_MINUTE_TO_SECOND" classname="org.hsqldb.jdbc.JDBCDatabaseMetaDataSupportsConvertTest" time="0.003"/>
    <testcase name="testSupportsConvert_to_NVARCHAR_from_ARRAY" classname="org.hsqldb.jdbc.JDBCDatabaseMetaDataSupportsConvertTest" time="0.002"/>
    <testcase name="testSupportsConvert_to_NVARCHAR_from_BIGINT" classname="org.hsqldb.jdbc.JDBCDatabaseMetaDataSupportsConvertTest" time="0.003"/>
    <testcase name="testSupportsConvert_to_NVARCHAR_from_BINARY" classname="org.hsqldb.jdbc.JDBCDatabaseMetaDataSupportsConvertTest" time="0.002"/>
    <testcase name="testSupportsConvert_to_NVARCHAR_from_BIT" classname="org.hsqldb.jdbc.JDBCDatabaseMetaDataSupportsConvertTest" time="0.003"/>
    <testcase name="testSupportsConvert_to_NVARCHAR_from_BLOB" classname="org.hsqldb.jdbc.JDBCDatabaseMetaDataSupportsConvertTest" time="0.002"/>
    <testcase name="testSupportsConvert_to_NVARCHAR_from_BOOLEAN" classname="org.hsqldb.jdbc.JDBCDatabaseMetaDataSupportsConvertTest" time="0.003"/>
    <testcase name="testSupportsConvert_to_NVARCHAR_from_CHAR" classname="org.hsqldb.jdbc.JDBCDatabaseMetaDataSupportsConvertTest" time="0.002"/>
    <testcase name="testSupportsConvert_to_NVARCHAR_from_CLOB" classname="org.hsqldb.jdbc.JDBCDatabaseMetaDataSupportsConvertTest" time="0.003"/>
    <testcase name="testSupportsConvert_to_NVARCHAR_from_DATALINK" classname="org.hsqldb.jdbc.JDBCDatabaseMetaDataSupportsConvertTest" time="0.002"/>
    <testcase name="testSupportsConvert_to_NVARCHAR_from_DATE" classname="org.hsqldb.jdbc.JDBCDatabaseMetaDataSupportsConvertTest" time="0.002"/>
    <testcase name="testSupportsConvert_to_NVARCHAR_from_DECIMAL" classname="org.hsqldb.jdbc.JDBCDatabaseMetaDataSupportsConvertTest" time="0.002"/>
    <testcase name="testSupportsConvert_to_NVARCHAR_from_DISTINCT" classname="org.hsqldb.jdbc.JDBCDatabaseMetaDataSupportsConvertTest" time="0.002"/>
    <testcase name="testSupportsConvert_to_NVARCHAR_from_DOUBLE" classname="org.hsqldb.jdbc.JDBCDatabaseMetaDataSupportsConvertTest" time="0.003"/>
    <testcase name="testSupportsConvert_to_NVARCHAR_from_FLOAT" classname="org.hsqldb.jdbc.JDBCDatabaseMetaDataSupportsConvertTest" time="0.002"/>
    <testcase name="testSupportsConvert_to_NVARCHAR_from_INTEGER" classname="org.hsqldb.jdbc.JDBCDatabaseMetaDataSupportsConvertTest" time="0.002"/>
    <testcase name="testSupportsConvert_to_NVARCHAR_from_JAVA_OBJECT" classname="org.hsqldb.jdbc.JDBCDatabaseMetaDataSupportsConvertTest" time="0.002"/>
    <testcase name="testSupportsConvert_to_NVARCHAR_from_LONGNVARCHAR" classname="org.hsqldb.jdbc.JDBCDatabaseMetaDataSupportsConvertTest" time="0.002"/>
    <testcase name="testSupportsConvert_to_NVARCHAR_from_LONGVARCHAR" classname="org.hsqldb.jdbc.JDBCDatabaseMetaDataSupportsConvertTest" time="0.003"/>
    <testcase name="testSupportsConvert_to_NVARCHAR_from_LONGVARBINARY" classname="org.hsqldb.jdbc.JDBCDatabaseMetaDataSupportsConvertTest" time="0.002"/>
    <testcase name="testSupportsConvert_to_NVARCHAR_from_NCHAR" classname="org.hsqldb.jdbc.JDBCDatabaseMetaDataSupportsConvertTest" time="0.002"/>
    <testcase name="testSupportsConvert_to_NVARCHAR_from_NCLOB" classname="org.hsqldb.jdbc.JDBCDatabaseMetaDataSupportsConvertTest" time="0.003"/>
    <testcase name="testSupportsConvert_to_NVARCHAR_from_NULL" classname="org.hsqldb.jdbc.JDBCDatabaseMetaDataSupportsConvertTest" time="0.002"/>
    <testcase name="testSupportsConvert_to_NVARCHAR_from_NUMERIC" classname="org.hsqldb.jdbc.JDBCDatabaseMetaDataSupportsConvertTest" time="0.002"/>
    <testcase name="testSupportsConvert_to_NVARCHAR_from_NVARCHAR" classname="org.hsqldb.jdbc.JDBCDatabaseMetaDataSupportsConvertTest" time="0.003"/>
    <testcase name="testSupportsConvert_to_NVARCHAR_from_OTHER" classname="org.hsqldb.jdbc.JDBCDatabaseMetaDataSupportsConvertTest" time="0.002"/>
    <testcase name="testSupportsConvert_to_NVARCHAR_from_REAL" classname="org.hsqldb.jdbc.JDBCDatabaseMetaDataSupportsConvertTest" time="0.002"/>
    <testcase name="testSupportsConvert_to_NVARCHAR_from_REF" classname="org.hsqldb.jdbc.JDBCDatabaseMetaDataSupportsConvertTest" time="0.003"/>
    <testcase name="testSupportsConvert_to_NVARCHAR_from_ROWID" classname="org.hsqldb.jdbc.JDBCDatabaseMetaDataSupportsConvertTest" time="0.002"/>
    <testcase name="testSupportsConvert_to_NVARCHAR_from_SMALLINT" classname="org.hsqldb.jdbc.JDBCDatabaseMetaDataSupportsConvertTest" time="0.003"/>
    <testcase name="testSupportsConvert_to_NVARCHAR_from_STRUCT" classname="org.hsqldb.jdbc.JDBCDatabaseMetaDataSupportsConvertTest" time="0.002"/>
    <testcase name="testSupportsConvert_to_NVARCHAR_from_TIME" classname="org.hsqldb.jdbc.JDBCDatabaseMetaDataSupportsConvertTest" time="0.002"/>
    <testcase name="testSupportsConvert_to_NVARCHAR_from_TIMESTAMP" classname="org.hsqldb.jdbc.JDBCDatabaseMetaDataSupportsConvertTest" time="0.003"/>
    <testcase name="testSupportsConvert_to_NVARCHAR_from_TIME_WITH_TIME_ZONE" classname="org.hsqldb.jdbc.JDBCDatabaseMetaDataSupportsConvertTest" time="0.002"/>
    <testcase name="testSupportsConvert_to_NVARCHAR_from_TIMESTAMP_WITH_TIME_ZONE" classname="org.hsqldb.jdbc.JDBCDatabaseMetaDataSupportsConvertTest" time="0.002"/>
    <testcase name="testSupportsConvert_to_NVARCHAR_from_TINYINT" classname="org.hsqldb.jdbc.JDBCDatabaseMetaDataSupportsConvertTest" time="0.003"/>
    <testcase name="testSupportsConvert_to_NVARCHAR_from_VARBINARY" classname="org.hsqldb.jdbc.JDBCDatabaseMetaDataSupportsConvertTest" time="0.002"/>
    <testcase name="testSupportsConvert_to_NVARCHAR_from_VARCHAR" classname="org.hsqldb.jdbc.JDBCDatabaseMetaDataSupportsConvertTest" time="0.002"/>
    <testcase name="testSupportsConvert_to_NVARCHAR_from_VARCHAR_IGNORECASE" classname="org.hsqldb.jdbc.JDBCDatabaseMetaDataSupportsConvertTest" time="0.002"/>
    <testcase name="testSupportsConvert_to_NVARCHAR_from_INTERVAL_YEAR" classname="org.hsqldb.jdbc.JDBCDatabaseMetaDataSupportsConvertTest" time="0.003"/>
    <testcase name="testSupportsConvert_to_NVARCHAR_from_INTERVAL_MONTH" classname="org.hsqldb.jdbc.JDBCDatabaseMetaDataSupportsConvertTest" time="0.002"/>
    <testcase name="testSupportsConvert_to_NVARCHAR_from_INTERVAL_DAY" classname="org.hsqldb.jdbc.JDBCDatabaseMetaDataSupportsConvertTest" time="0.002"/>
    <testcase name="testSupportsConvert_to_NVARCHAR_from_INTERVAL_HOUR" classname="org.hsqldb.jdbc.JDBCDatabaseMetaDataSupportsConvertTest" time="0.003"/>
    <testcase name="testSupportsConvert_to_NVARCHAR_from_INTERVAL_MINUTE" classname="org.hsqldb.jdbc.JDBCDatabaseMetaDataSupportsConvertTest" time="0.002"/>
    <testcase name="testSupportsConvert_to_NVARCHAR_from_INTERVAL_SECOND" classname="org.hsqldb.jdbc.JDBCDatabaseMetaDataSupportsConvertTest" time="0.002"/>
    <testcase name="testSupportsConvert_to_NVARCHAR_from_INTERVAL_YEAR_TO_MONTH" classname="org.hsqldb.jdbc.JDBCDatabaseMetaDataSupportsConvertTest" time="0.003"/>
    <testcase name="testSupportsConvert_to_NVARCHAR_from_INTERVAL_DAY_TO_HOUR" classname="org.hsqldb.jdbc.JDBCDatabaseMetaDataSupportsConvertTest" time="0.002"/>
    <testcase name="testSupportsConvert_to_NVARCHAR_from_INTERVAL_DAY_TO_MINUTE" classname="org.hsqldb.jdbc.JDBCDatabaseMetaDataSupportsConvertTest" time="0.002"/>
    <testcase name="testSupportsConvert_to_NVARCHAR_from_INTERVAL_DAY_TO_SECOND" classname="org.hsqldb.jdbc.JDBCDatabaseMetaDataSupportsConvertTest" time="0.002"/>
    <testcase name="testSupportsConvert_to_NVARCHAR_from_INTERVAL_HOUR_TO_MINUTE" classname="org.hsqldb.jdbc.JDBCDatabaseMetaDataSupportsConvertTest" time="0.003"/>
    <testcase name="testSupportsConvert_to_NVARCHAR_from_INTERVAL_HOUR_TO_SECOND" classname="org.hsqldb.jdbc.JDBCDatabaseMetaDataSupportsConvertTest" time="0.002"/>
    <testcase name="testSupportsConvert_to_NVARCHAR_from_INTERVAL_MINUTE_TO_SECOND" classname="org.hsqldb.jdbc.JDBCDatabaseMetaDataSupportsConvertTest" time="0.003"/>
    <testcase name="testSupportsConvert_to_OTHER_from_ARRAY" classname="org.hsqldb.jdbc.JDBCDatabaseMetaDataSupportsConvertTest" time="0.002"/>
    <testcase name="testSupportsConvert_to_OTHER_from_BIGINT" classname="org.hsqldb.jdbc.JDBCDatabaseMetaDataSupportsConvertTest" time="0.003"/>
    <testcase name="testSupportsConvert_to_OTHER_from_BINARY" classname="org.hsqldb.jdbc.JDBCDatabaseMetaDataSupportsConvertTest" time="0.002"/>
    <testcase name="testSupportsConvert_to_OTHER_from_BIT" classname="org.hsqldb.jdbc.JDBCDatabaseMetaDataSupportsConvertTest" time="0.003"/>
    <testcase name="testSupportsConvert_to_OTHER_from_BLOB" classname="org.hsqldb.jdbc.JDBCDatabaseMetaDataSupportsConvertTest" time="0.002"/>
    <testcase name="testSupportsConvert_to_OTHER_from_BOOLEAN" classname="org.hsqldb.jdbc.JDBCDatabaseMetaDataSupportsConvertTest" time="0.003"/>
    <testcase name="testSupportsConvert_to_OTHER_from_CHAR" classname="org.hsqldb.jdbc.JDBCDatabaseMetaDataSupportsConvertTest" time="0.002"/>
    <testcase name="testSupportsConvert_to_OTHER_from_CLOB" classname="org.hsqldb.jdbc.JDBCDatabaseMetaDataSupportsConvertTest" time="0.003"/>
    <testcase name="testSupportsConvert_to_OTHER_from_DATALINK" classname="org.hsqldb.jdbc.JDBCDatabaseMetaDataSupportsConvertTest" time="0.002"/>
    <testcase name="testSupportsConvert_to_OTHER_from_DATE" classname="org.hsqldb.jdbc.JDBCDatabaseMetaDataSupportsConvertTest" time="0.002"/>
    <testcase name="testSupportsConvert_to_OTHER_from_DECIMAL" classname="org.hsqldb.jdbc.JDBCDatabaseMetaDataSupportsConvertTest" time="0.003"/>
    <testcase name="testSupportsConvert_to_OTHER_from_DISTINCT" classname="org.hsqldb.jdbc.JDBCDatabaseMetaDataSupportsConvertTest" time="0.002"/>
    <testcase name="testSupportsConvert_to_OTHER_from_DOUBLE" classname="org.hsqldb.jdbc.JDBCDatabaseMetaDataSupportsConvertTest" time="0.002"/>
    <testcase name="testSupportsConvert_to_OTHER_from_FLOAT" classname="org.hsqldb.jdbc.JDBCDatabaseMetaDataSupportsConvertTest" time="0.002"/>
    <testcase name="testSupportsConvert_to_OTHER_from_INTEGER" classname="org.hsqldb.jdbc.JDBCDatabaseMetaDataSupportsConvertTest" time="0.003"/>
    <testcase name="testSupportsConvert_to_OTHER_from_JAVA_OBJECT" classname="org.hsqldb.jdbc.JDBCDatabaseMetaDataSupportsConvertTest" time="0.002"/>
    <testcase name="testSupportsConvert_to_OTHER_from_LONGNVARCHAR" classname="org.hsqldb.jdbc.JDBCDatabaseMetaDataSupportsConvertTest" time="0.002"/>
    <testcase name="testSupportsConvert_to_OTHER_from_LONGVARCHAR" classname="org.hsqldb.jdbc.JDBCDatabaseMetaDataSupportsConvertTest" time="0.003"/>
    <testcase name="testSupportsConvert_to_OTHER_from_LONGVARBINARY" classname="org.hsqldb.jdbc.JDBCDatabaseMetaDataSupportsConvertTest" time="0.002"/>
    <testcase name="testSupportsConvert_to_OTHER_from_NCHAR" classname="org.hsqldb.jdbc.JDBCDatabaseMetaDataSupportsConvertTest" time="0.002"/>
    <testcase name="testSupportsConvert_to_OTHER_from_NCLOB" classname="org.hsqldb.jdbc.JDBCDatabaseMetaDataSupportsConvertTest" time="0.003"/>
    <testcase name="testSupportsConvert_to_OTHER_from_NULL" classname="org.hsqldb.jdbc.JDBCDatabaseMetaDataSupportsConvertTest" time="0.002"/>
    <testcase name="testSupportsConvert_to_OTHER_from_NUMERIC" classname="org.hsqldb.jdbc.JDBCDatabaseMetaDataSupportsConvertTest" time="0.002"/>
    <testcase name="testSupportsConvert_to_OTHER_from_NVARCHAR" classname="org.hsqldb.jdbc.JDBCDatabaseMetaDataSupportsConvertTest" time="0.003"/>
    <testcase name="testSupportsConvert_to_OTHER_from_OTHER" classname="org.hsqldb.jdbc.JDBCDatabaseMetaDataSupportsConvertTest" time="0.002"/>
    <testcase name="testSupportsConvert_to_OTHER_from_REAL" classname="org.hsqldb.jdbc.JDBCDatabaseMetaDataSupportsConvertTest" time="0.002"/>
    <testcase name="testSupportsConvert_to_OTHER_from_REF" classname="org.hsqldb.jdbc.JDBCDatabaseMetaDataSupportsConvertTest" time="0.003"/>
    <testcase name="testSupportsConvert_to_OTHER_from_ROWID" classname="org.hsqldb.jdbc.JDBCDatabaseMetaDataSupportsConvertTest" time="0.002"/>
    <testcase name="testSupportsConvert_to_OTHER_from_SMALLINT" classname="org.hsqldb.jdbc.JDBCDatabaseMetaDataSupportsConvertTest" time="0.006"/>
    <testcase name="testSupportsConvert_to_OTHER_from_STRUCT" classname="org.hsqldb.jdbc.JDBCDatabaseMetaDataSupportsConvertTest" time="0.002"/>
    <testcase name="testSupportsConvert_to_OTHER_from_TIME" classname="org.hsqldb.jdbc.JDBCDatabaseMetaDataSupportsConvertTest" time="0.003"/>
    <testcase name="testSupportsConvert_to_OTHER_from_TIMESTAMP" classname="org.hsqldb.jdbc.JDBCDatabaseMetaDataSupportsConvertTest" time="0.003"/>
    <testcase name="testSupportsConvert_to_OTHER_from_TIME_WITH_TIME_ZONE" classname="org.hsqldb.jdbc.JDBCDatabaseMetaDataSupportsConvertTest" time="0.003"/>
    <testcase name="testSupportsConvert_to_OTHER_from_TIMESTAMP_WITH_TIME_ZONE" classname="org.hsqldb.jdbc.JDBCDatabaseMetaDataSupportsConvertTest" time="0.002"/>
    <testcase name="testSupportsConvert_to_OTHER_from_TINYINT" classname="org.hsqldb.jdbc.JDBCDatabaseMetaDataSupportsConvertTest" time="0.002"/>
    <testcase name="testSupportsConvert_to_OTHER_from_VARBINARY" classname="org.hsqldb.jdbc.JDBCDatabaseMetaDataSupportsConvertTest" time="0.003"/>
    <testcase name="testSupportsConvert_to_OTHER_from_VARCHAR" classname="org.hsqldb.jdbc.JDBCDatabaseMetaDataSupportsConvertTest" time="0.002"/>
    <testcase name="testSupportsConvert_to_OTHER_from_VARCHAR_IGNORECASE" classname="org.hsqldb.jdbc.JDBCDatabaseMetaDataSupportsConvertTest" time="0.003"/>
    <testcase name="testSupportsConvert_to_OTHER_from_INTERVAL_YEAR" classname="org.hsqldb.jdbc.JDBCDatabaseMetaDataSupportsConvertTest" time="0.002"/>
    <testcase name="testSupportsConvert_to_OTHER_from_INTERVAL_MONTH" classname="org.hsqldb.jdbc.JDBCDatabaseMetaDataSupportsConvertTest" time="0.003"/>
    <testcase name="testSupportsConvert_to_OTHER_from_INTERVAL_DAY" classname="org.hsqldb.jdbc.JDBCDatabaseMetaDataSupportsConvertTest" time="0.002"/>
    <testcase name="testSupportsConvert_to_OTHER_from_INTERVAL_HOUR" classname="org.hsqldb.jdbc.JDBCDatabaseMetaDataSupportsConvertTest" time="0.003"/>
    <testcase name="testSupportsConvert_to_OTHER_from_INTERVAL_MINUTE" classname="org.hsqldb.jdbc.JDBCDatabaseMetaDataSupportsConvertTest" time="0.003"/>
    <testcase name="testSupportsConvert_to_OTHER_from_INTERVAL_SECOND" classname="org.hsqldb.jdbc.JDBCDatabaseMetaDataSupportsConvertTest" time="0.002"/>
    <testcase name="testSupportsConvert_to_OTHER_from_INTERVAL_YEAR_TO_MONTH" classname="org.hsqldb.jdbc.JDBCDatabaseMetaDataSupportsConvertTest" time="0.003"/>
    <testcase name="testSupportsConvert_to_OTHER_from_INTERVAL_DAY_TO_HOUR" classname="org.hsqldb.jdbc.JDBCDatabaseMetaDataSupportsConvertTest" time="0.002"/>
    <testcase name="testSupportsConvert_to_OTHER_from_INTERVAL_DAY_TO_MINUTE" classname="org.hsqldb.jdbc.JDBCDatabaseMetaDataSupportsConvertTest" time="0.002"/>
    <testcase name="testSupportsConvert_to_OTHER_from_INTERVAL_DAY_TO_SECOND" classname="org.hsqldb.jdbc.JDBCDatabaseMetaDataSupportsConvertTest" time="0.002"/>
    <testcase name="testSupportsConvert_to_OTHER_from_INTERVAL_HOUR_TO_MINUTE" classname="org.hsqldb.jdbc.JDBCDatabaseMetaDataSupportsConvertTest" time="0.003"/>
    <testcase name="testSupportsConvert_to_OTHER_from_INTERVAL_HOUR_TO_SECOND" classname="org.hsqldb.jdbc.JDBCDatabaseMetaDataSupportsConvertTest" time="0.002"/>
    <testcase name="testSupportsConvert_to_OTHER_from_INTERVAL_MINUTE_TO_SECOND" classname="org.hsqldb.jdbc.JDBCDatabaseMetaDataSupportsConvertTest" time="0.003"/>
    <testcase name="testSupportsConvert_to_REAL_from_ARRAY" classname="org.hsqldb.jdbc.JDBCDatabaseMetaDataSupportsConvertTest" time="0.002"/>
    <testcase name="testSupportsConvert_to_REAL_from_BIGINT" classname="org.hsqldb.jdbc.JDBCDatabaseMetaDataSupportsConvertTest" time="0.002"/>
    <testcase name="testSupportsConvert_to_REAL_from_BINARY" classname="org.hsqldb.jdbc.JDBCDatabaseMetaDataSupportsConvertTest" time="0.003"/>
    <testcase name="testSupportsConvert_to_REAL_from_BIT" classname="org.hsqldb.jdbc.JDBCDatabaseMetaDataSupportsConvertTest" time="0.002"/>
    <testcase name="testSupportsConvert_to_REAL_from_BLOB" classname="org.hsqldb.jdbc.JDBCDatabaseMetaDataSupportsConvertTest" time="0.002"/>
    <testcase name="testSupportsConvert_to_REAL_from_BOOLEAN" classname="org.hsqldb.jdbc.JDBCDatabaseMetaDataSupportsConvertTest" time="0.002"/>
    <testcase name="testSupportsConvert_to_REAL_from_CHAR" classname="org.hsqldb.jdbc.JDBCDatabaseMetaDataSupportsConvertTest" time="0.003"/>
    <testcase name="testSupportsConvert_to_REAL_from_CLOB" classname="org.hsqldb.jdbc.JDBCDatabaseMetaDataSupportsConvertTest" time="0.002"/>
    <testcase name="testSupportsConvert_to_REAL_from_DATALINK" classname="org.hsqldb.jdbc.JDBCDatabaseMetaDataSupportsConvertTest" time="0.002"/>
    <testcase name="testSupportsConvert_to_REAL_from_DATE" classname="org.hsqldb.jdbc.JDBCDatabaseMetaDataSupportsConvertTest" time="0.003"/>
    <testcase name="testSupportsConvert_to_REAL_from_DECIMAL" classname="org.hsqldb.jdbc.JDBCDatabaseMetaDataSupportsConvertTest" time="0.002"/>
    <testcase name="testSupportsConvert_to_REAL_from_DISTINCT" classname="org.hsqldb.jdbc.JDBCDatabaseMetaDataSupportsConvertTest" time="0.002"/>
    <testcase name="testSupportsConvert_to_REAL_from_DOUBLE" classname="org.hsqldb.jdbc.JDBCDatabaseMetaDataSupportsConvertTest" time="0.002"/>
    <testcase name="testSupportsConvert_to_REAL_from_FLOAT" classname="org.hsqldb.jdbc.JDBCDatabaseMetaDataSupportsConvertTest" time="0.003"/>
    <testcase name="testSupportsConvert_to_REAL_from_INTEGER" classname="org.hsqldb.jdbc.JDBCDatabaseMetaDataSupportsConvertTest" time="0.002"/>
    <testcase name="testSupportsConvert_to_REAL_from_JAVA_OBJECT" classname="org.hsqldb.jdbc.JDBCDatabaseMetaDataSupportsConvertTest" time="0.002"/>
    <testcase name="testSupportsConvert_to_REAL_from_LONGNVARCHAR" classname="org.hsqldb.jdbc.JDBCDatabaseMetaDataSupportsConvertTest" time="0.002"/>
    <testcase name="testSupportsConvert_to_REAL_from_LONGVARCHAR" classname="org.hsqldb.jdbc.JDBCDatabaseMetaDataSupportsConvertTest" time="0.003"/>
    <testcase name="testSupportsConvert_to_REAL_from_LONGVARBINARY" classname="org.hsqldb.jdbc.JDBCDatabaseMetaDataSupportsConvertTest" time="0.002"/>
    <testcase name="testSupportsConvert_to_REAL_from_NCHAR" classname="org.hsqldb.jdbc.JDBCDatabaseMetaDataSupportsConvertTest" time="0.002"/>
    <testcase name="testSupportsConvert_to_REAL_from_NCLOB" classname="org.hsqldb.jdbc.JDBCDatabaseMetaDataSupportsConvertTest" time="0.003"/>
    <testcase name="testSupportsConvert_to_REAL_from_NULL" classname="org.hsqldb.jdbc.JDBCDatabaseMetaDataSupportsConvertTest" time="0.002"/>
    <testcase name="testSupportsConvert_to_REAL_from_NUMERIC" classname="org.hsqldb.jdbc.JDBCDatabaseMetaDataSupportsConvertTest" time="0.002"/>
    <testcase name="testSupportsConvert_to_REAL_from_NVARCHAR" classname="org.hsqldb.jdbc.JDBCDatabaseMetaDataSupportsConvertTest" time="0.002"/>
    <testcase name="testSupportsConvert_to_REAL_from_OTHER" classname="org.hsqldb.jdbc.JDBCDatabaseMetaDataSupportsConvertTest" time="0.003"/>
    <testcase name="testSupportsConvert_to_REAL_from_REAL" classname="org.hsqldb.jdbc.JDBCDatabaseMetaDataSupportsConvertTest" time="0.002"/>
    <testcase name="testSupportsConvert_to_REAL_from_REF" classname="org.hsqldb.jdbc.JDBCDatabaseMetaDataSupportsConvertTest" time="0.002"/>
    <testcase name="testSupportsConvert_to_REAL_from_ROWID" classname="org.hsqldb.jdbc.JDBCDatabaseMetaDataSupportsConvertTest" time="0.002"/>
    <testcase name="testSupportsConvert_to_REAL_from_SMALLINT" classname="org.hsqldb.jdbc.JDBCDatabaseMetaDataSupportsConvertTest" time="0.003"/>
    <testcase name="testSupportsConvert_to_REAL_from_STRUCT" classname="org.hsqldb.jdbc.JDBCDatabaseMetaDataSupportsConvertTest" time="0.002"/>
    <testcase name="testSupportsConvert_to_REAL_from_TIME" classname="org.hsqldb.jdbc.JDBCDatabaseMetaDataSupportsConvertTest" time="0.002"/>
    <testcase name="testSupportsConvert_to_REAL_from_TIMESTAMP" classname="org.hsqldb.jdbc.JDBCDatabaseMetaDataSupportsConvertTest" time="0.002"/>
    <testcase name="testSupportsConvert_to_REAL_from_TIME_WITH_TIME_ZONE" classname="org.hsqldb.jdbc.JDBCDatabaseMetaDataSupportsConvertTest" time="0.003"/>
    <testcase name="testSupportsConvert_to_REAL_from_TIMESTAMP_WITH_TIME_ZONE" classname="org.hsqldb.jdbc.JDBCDatabaseMetaDataSupportsConvertTest" time="0.002"/>
    <testcase name="testSupportsConvert_to_REAL_from_TINYINT" classname="org.hsqldb.jdbc.JDBCDatabaseMetaDataSupportsConvertTest" time="0.002"/>
    <testcase name="testSupportsConvert_to_REAL_from_VARBINARY" classname="org.hsqldb.jdbc.JDBCDatabaseMetaDataSupportsConvertTest" time="0.002"/>
    <testcase name="testSupportsConvert_to_REAL_from_VARCHAR" classname="org.hsqldb.jdbc.JDBCDatabaseMetaDataSupportsConvertTest" time="0.003"/>
    <testcase name="testSupportsConvert_to_REAL_from_VARCHAR_IGNORECASE" classname="org.hsqldb.jdbc.JDBCDatabaseMetaDataSupportsConvertTest" time="0.002"/>
    <testcase name="testSupportsConvert_to_REAL_from_INTERVAL_YEAR" classname="org.hsqldb.jdbc.JDBCDatabaseMetaDataSupportsConvertTest" time="0.002"/>
    <testcase name="testSupportsConvert_to_REAL_from_INTERVAL_MONTH" classname="org.hsqldb.jdbc.JDBCDatabaseMetaDataSupportsConvertTest" time="0.002"/>
    <testcase name="testSupportsConvert_to_REAL_from_INTERVAL_DAY" classname="org.hsqldb.jdbc.JDBCDatabaseMetaDataSupportsConvertTest" time="0.002"/>
    <testcase name="testSupportsConvert_to_REAL_from_INTERVAL_HOUR" classname="org.hsqldb.jdbc.JDBCDatabaseMetaDataSupportsConvertTest" time="0.003"/>
    <testcase name="testSupportsConvert_to_REAL_from_INTERVAL_MINUTE" classname="org.hsqldb.jdbc.JDBCDatabaseMetaDataSupportsConvertTest" time="0.002"/>
    <testcase name="testSupportsConvert_to_REAL_from_INTERVAL_SECOND" classname="org.hsqldb.jdbc.JDBCDatabaseMetaDataSupportsConvertTest" time="0.003"/>
    <testcase name="testSupportsConvert_to_REAL_from_INTERVAL_YEAR_TO_MONTH" classname="org.hsqldb.jdbc.JDBCDatabaseMetaDataSupportsConvertTest" time="0.003"/>
    <testcase name="testSupportsConvert_to_REAL_from_INTERVAL_DAY_TO_HOUR" classname="org.hsqldb.jdbc.JDBCDatabaseMetaDataSupportsConvertTest" time="0.003"/>
    <testcase name="testSupportsConvert_to_REAL_from_INTERVAL_DAY_TO_MINUTE" classname="org.hsqldb.jdbc.JDBCDatabaseMetaDataSupportsConvertTest" time="0.003"/>
    <testcase name="testSupportsConvert_to_REAL_from_INTERVAL_DAY_TO_SECOND" classname="org.hsqldb.jdbc.JDBCDatabaseMetaDataSupportsConvertTest" time="0.002"/>
    <testcase name="testSupportsConvert_to_REAL_from_INTERVAL_HOUR_TO_MINUTE" classname="org.hsqldb.jdbc.JDBCDatabaseMetaDataSupportsConvertTest" time="0.003"/>
    <testcase name="testSupportsConvert_to_REAL_from_INTERVAL_HOUR_TO_SECOND" classname="org.hsqldb.jdbc.JDBCDatabaseMetaDataSupportsConvertTest" time="0.002"/>
    <testcase name="testSupportsConvert_to_REAL_from_INTERVAL_MINUTE_TO_SECOND" classname="org.hsqldb.jdbc.JDBCDatabaseMetaDataSupportsConvertTest" time="0.002"/>
    <testcase name="testSupportsConvert_to_REF_from_ARRAY" classname="org.hsqldb.jdbc.JDBCDatabaseMetaDataSupportsConvertTest" time="0.003"/>
    <testcase name="testSupportsConvert_to_REF_from_BIGINT" classname="org.hsqldb.jdbc.JDBCDatabaseMetaDataSupportsConvertTest" time="0.002"/>
    <testcase name="testSupportsConvert_to_REF_from_BINARY" classname="org.hsqldb.jdbc.JDBCDatabaseMetaDataSupportsConvertTest" time="0.002"/>
    <testcase name="testSupportsConvert_to_REF_from_BIT" classname="org.hsqldb.jdbc.JDBCDatabaseMetaDataSupportsConvertTest" time="0.003"/>
    <testcase name="testSupportsConvert_to_REF_from_BLOB" classname="org.hsqldb.jdbc.JDBCDatabaseMetaDataSupportsConvertTest" time="0.002"/>
    <testcase name="testSupportsConvert_to_REF_from_BOOLEAN" classname="org.hsqldb.jdbc.JDBCDatabaseMetaDataSupportsConvertTest" time="0.002"/>
    <testcase name="testSupportsConvert_to_REF_from_CHAR" classname="org.hsqldb.jdbc.JDBCDatabaseMetaDataSupportsConvertTest" time="0.002"/>
    <testcase name="testSupportsConvert_to_REF_from_CLOB" classname="org.hsqldb.jdbc.JDBCDatabaseMetaDataSupportsConvertTest" time="0.003"/>
    <testcase name="testSupportsConvert_to_REF_from_DATALINK" classname="org.hsqldb.jdbc.JDBCDatabaseMetaDataSupportsConvertTest" time="0.002"/>
    <testcase name="testSupportsConvert_to_REF_from_DATE" classname="org.hsqldb.jdbc.JDBCDatabaseMetaDataSupportsConvertTest" time="0.003"/>
    <testcase name="testSupportsConvert_to_REF_from_DECIMAL" classname="org.hsqldb.jdbc.JDBCDatabaseMetaDataSupportsConvertTest" time="0.002"/>
    <testcase name="testSupportsConvert_to_REF_from_DISTINCT" classname="org.hsqldb.jdbc.JDBCDatabaseMetaDataSupportsConvertTest" time="0.003"/>
    <testcase name="testSupportsConvert_to_REF_from_DOUBLE" classname="org.hsqldb.jdbc.JDBCDatabaseMetaDataSupportsConvertTest" time="0.002"/>
    <testcase name="testSupportsConvert_to_REF_from_FLOAT" classname="org.hsqldb.jdbc.JDBCDatabaseMetaDataSupportsConvertTest" time="0.003"/>
    <testcase name="testSupportsConvert_to_REF_from_INTEGER" classname="org.hsqldb.jdbc.JDBCDatabaseMetaDataSupportsConvertTest" time="0.002"/>
    <testcase name="testSupportsConvert_to_REF_from_JAVA_OBJECT" classname="org.hsqldb.jdbc.JDBCDatabaseMetaDataSupportsConvertTest" time="0.003"/>
    <testcase name="testSupportsConvert_to_REF_from_LONGNVARCHAR" classname="org.hsqldb.jdbc.JDBCDatabaseMetaDataSupportsConvertTest" time="0.002"/>
    <testcase name="testSupportsConvert_to_REF_from_LONGVARCHAR" classname="org.hsqldb.jdbc.JDBCDatabaseMetaDataSupportsConvertTest" time="0.003"/>
    <testcase name="testSupportsConvert_to_REF_from_LONGVARBINARY" classname="org.hsqldb.jdbc.JDBCDatabaseMetaDataSupportsConvertTest" time="0.002"/>
    <testcase name="testSupportsConvert_to_REF_from_NCHAR" classname="org.hsqldb.jdbc.JDBCDatabaseMetaDataSupportsConvertTest" time="0.003"/>
    <testcase name="testSupportsConvert_to_REF_from_NCLOB" classname="org.hsqldb.jdbc.JDBCDatabaseMetaDataSupportsConvertTest" time="0.003"/>
    <testcase name="testSupportsConvert_to_REF_from_NULL" classname="org.hsqldb.jdbc.JDBCDatabaseMetaDataSupportsConvertTest" time="0.002"/>
    <testcase name="testSupportsConvert_to_REF_from_NUMERIC" classname="org.hsqldb.jdbc.JDBCDatabaseMetaDataSupportsConvertTest" time="0.002"/>
    <testcase name="testSupportsConvert_to_REF_from_NVARCHAR" classname="org.hsqldb.jdbc.JDBCDatabaseMetaDataSupportsConvertTest" time="0.002"/>
    <testcase name="testSupportsConvert_to_REF_from_OTHER" classname="org.hsqldb.jdbc.JDBCDatabaseMetaDataSupportsConvertTest" time="0.003"/>
    <testcase name="testSupportsConvert_to_REF_from_REAL" classname="org.hsqldb.jdbc.JDBCDatabaseMetaDataSupportsConvertTest" time="0.003"/>
    <testcase name="testSupportsConvert_to_REF_from_REF" classname="org.hsqldb.jdbc.JDBCDatabaseMetaDataSupportsConvertTest" time="0.003"/>
    <testcase name="testSupportsConvert_to_REF_from_ROWID" classname="org.hsqldb.jdbc.JDBCDatabaseMetaDataSupportsConvertTest" time="0.003"/>
    <testcase name="testSupportsConvert_to_REF_from_SMALLINT" classname="org.hsqldb.jdbc.JDBCDatabaseMetaDataSupportsConvertTest" time="0.002"/>
    <testcase name="testSupportsConvert_to_REF_from_STRUCT" classname="org.hsqldb.jdbc.JDBCDatabaseMetaDataSupportsConvertTest" time="0.002"/>
    <testcase name="testSupportsConvert_to_REF_from_TIME" classname="org.hsqldb.jdbc.JDBCDatabaseMetaDataSupportsConvertTest" time="0.002"/>
    <testcase name="testSupportsConvert_to_REF_from_TIMESTAMP" classname="org.hsqldb.jdbc.JDBCDatabaseMetaDataSupportsConvertTest" time="0.003"/>
    <testcase name="testSupportsConvert_to_REF_from_TIME_WITH_TIME_ZONE" classname="org.hsqldb.jdbc.JDBCDatabaseMetaDataSupportsConvertTest" time="0.003"/>
    <testcase name="testSupportsConvert_to_REF_from_TIMESTAMP_WITH_TIME_ZONE" classname="org.hsqldb.jdbc.JDBCDatabaseMetaDataSupportsConvertTest" time="0.003"/>
    <testcase name="testSupportsConvert_to_REF_from_TINYINT" classname="org.hsqldb.jdbc.JDBCDatabaseMetaDataSupportsConvertTest" time="0.002"/>
    <testcase name="testSupportsConvert_to_REF_from_VARBINARY" classname="org.hsqldb.jdbc.JDBCDatabaseMetaDataSupportsConvertTest" time="0.003"/>
    <testcase name="testSupportsConvert_to_REF_from_VARCHAR" classname="org.hsqldb.jdbc.JDBCDatabaseMetaDataSupportsConvertTest" time="0.002"/>
    <testcase name="testSupportsConvert_to_REF_from_VARCHAR_IGNORECASE" classname="org.hsqldb.jdbc.JDBCDatabaseMetaDataSupportsConvertTest" time="0.002"/>
    <testcase name="testSupportsConvert_to_REF_from_INTERVAL_YEAR" classname="org.hsqldb.jdbc.JDBCDatabaseMetaDataSupportsConvertTest" time="0.002"/>
    <testcase name="testSupportsConvert_to_REF_from_INTERVAL_MONTH" classname="org.hsqldb.jdbc.JDBCDatabaseMetaDataSupportsConvertTest" time="0.002"/>
    <testcase name="testSupportsConvert_to_REF_from_INTERVAL_DAY" classname="org.hsqldb.jdbc.JDBCDatabaseMetaDataSupportsConvertTest" time="0.003"/>
    <testcase name="testSupportsConvert_to_REF_from_INTERVAL_HOUR" classname="org.hsqldb.jdbc.JDBCDatabaseMetaDataSupportsConvertTest" time="0.003"/>
    <testcase name="testSupportsConvert_to_REF_from_INTERVAL_MINUTE" classname="org.hsqldb.jdbc.JDBCDatabaseMetaDataSupportsConvertTest" time="0.002"/>
    <testcase name="testSupportsConvert_to_REF_from_INTERVAL_SECOND" classname="org.hsqldb.jdbc.JDBCDatabaseMetaDataSupportsConvertTest" time="0.002"/>
    <testcase name="testSupportsConvert_to_REF_from_INTERVAL_YEAR_TO_MONTH" classname="org.hsqldb.jdbc.JDBCDatabaseMetaDataSupportsConvertTest" time="0.003"/>
    <testcase name="testSupportsConvert_to_REF_from_INTERVAL_DAY_TO_HOUR" classname="org.hsqldb.jdbc.JDBCDatabaseMetaDataSupportsConvertTest" time="0.002"/>
    <testcase name="testSupportsConvert_to_REF_from_INTERVAL_DAY_TO_MINUTE" classname="org.hsqldb.jdbc.JDBCDatabaseMetaDataSupportsConvertTest" time="0.002"/>
    <testcase name="testSupportsConvert_to_REF_from_INTERVAL_DAY_TO_SECOND" classname="org.hsqldb.jdbc.JDBCDatabaseMetaDataSupportsConvertTest" time="0.002"/>
    <testcase name="testSupportsConvert_to_REF_from_INTERVAL_HOUR_TO_MINUTE" classname="org.hsqldb.jdbc.JDBCDatabaseMetaDataSupportsConvertTest" time="0.002"/>
    <testcase name="testSupportsConvert_to_REF_from_INTERVAL_HOUR_TO_SECOND" classname="org.hsqldb.jdbc.JDBCDatabaseMetaDataSupportsConvertTest" time="0.003"/>
    <testcase name="testSupportsConvert_to_REF_from_INTERVAL_MINUTE_TO_SECOND" classname="org.hsqldb.jdbc.JDBCDatabaseMetaDataSupportsConvertTest" time="0.002"/>
    <testcase name="testSupportsConvert_to_ROWID_from_ARRAY" classname="org.hsqldb.jdbc.JDBCDatabaseMetaDataSupportsConvertTest" time="0.002"/>
    <testcase name="testSupportsConvert_to_ROWID_from_BIGINT" classname="org.hsqldb.jdbc.JDBCDatabaseMetaDataSupportsConvertTest" time="0.002"/>
    <testcase name="testSupportsConvert_to_ROWID_from_BINARY" classname="org.hsqldb.jdbc.JDBCDatabaseMetaDataSupportsConvertTest" time="0.003"/>
    <testcase name="testSupportsConvert_to_ROWID_from_BIT" classname="org.hsqldb.jdbc.JDBCDatabaseMetaDataSupportsConvertTest" time="0.002"/>
    <testcase name="testSupportsConvert_to_ROWID_from_BLOB" classname="org.hsqldb.jdbc.JDBCDatabaseMetaDataSupportsConvertTest" time="0.003"/>
    <testcase name="testSupportsConvert_to_ROWID_from_BOOLEAN" classname="org.hsqldb.jdbc.JDBCDatabaseMetaDataSupportsConvertTest" time="0.002"/>
    <testcase name="testSupportsConvert_to_ROWID_from_CHAR" classname="org.hsqldb.jdbc.JDBCDatabaseMetaDataSupportsConvertTest" time="0.002"/>
    <testcase name="testSupportsConvert_to_ROWID_from_CLOB" classname="org.hsqldb.jdbc.JDBCDatabaseMetaDataSupportsConvertTest" time="0.003"/>
    <testcase name="testSupportsConvert_to_ROWID_from_DATALINK" classname="org.hsqldb.jdbc.JDBCDatabaseMetaDataSupportsConvertTest" time="0.002"/>
    <testcase name="testSupportsConvert_to_ROWID_from_DATE" classname="org.hsqldb.jdbc.JDBCDatabaseMetaDataSupportsConvertTest" time="0.002"/>
    <testcase name="testSupportsConvert_to_ROWID_from_DECIMAL" classname="org.hsqldb.jdbc.JDBCDatabaseMetaDataSupportsConvertTest" time="0.003"/>
    <testcase name="testSupportsConvert_to_ROWID_from_DISTINCT" classname="org.hsqldb.jdbc.JDBCDatabaseMetaDataSupportsConvertTest" time="0.002"/>
    <testcase name="testSupportsConvert_to_ROWID_from_DOUBLE" classname="org.hsqldb.jdbc.JDBCDatabaseMetaDataSupportsConvertTest" time="0.002"/>
    <testcase name="testSupportsConvert_to_ROWID_from_FLOAT" classname="org.hsqldb.jdbc.JDBCDatabaseMetaDataSupportsConvertTest" time="0.002"/>
    <testcase name="testSupportsConvert_to_ROWID_from_INTEGER" classname="org.hsqldb.jdbc.JDBCDatabaseMetaDataSupportsConvertTest" time="0.002"/>
    <testcase name="testSupportsConvert_to_ROWID_from_JAVA_OBJECT" classname="org.hsqldb.jdbc.JDBCDatabaseMetaDataSupportsConvertTest" time="0.003"/>
    <testcase name="testSupportsConvert_to_ROWID_from_LONGNVARCHAR" classname="org.hsqldb.jdbc.JDBCDatabaseMetaDataSupportsConvertTest" time="0.002"/>
    <testcase name="testSupportsConvert_to_ROWID_from_LONGVARCHAR" classname="org.hsqldb.jdbc.JDBCDatabaseMetaDataSupportsConvertTest" time="0.002"/>
    <testcase name="testSupportsConvert_to_ROWID_from_LONGVARBINARY" classname="org.hsqldb.jdbc.JDBCDatabaseMetaDataSupportsConvertTest" time="0.002"/>
    <testcase name="testSupportsConvert_to_ROWID_from_NCHAR" classname="org.hsqldb.jdbc.JDBCDatabaseMetaDataSupportsConvertTest" time="0.003"/>
    <testcase name="testSupportsConvert_to_ROWID_from_NCLOB" classname="org.hsqldb.jdbc.JDBCDatabaseMetaDataSupportsConvertTest" time="0.002"/>
    <testcase name="testSupportsConvert_to_ROWID_from_NULL" classname="org.hsqldb.jdbc.JDBCDatabaseMetaDataSupportsConvertTest" time="0.002"/>
    <testcase name="testSupportsConvert_to_ROWID_from_NUMERIC" classname="org.hsqldb.jdbc.JDBCDatabaseMetaDataSupportsConvertTest" time="0.002"/>
    <testcase name="testSupportsConvert_to_ROWID_from_NVARCHAR" classname="org.hsqldb.jdbc.JDBCDatabaseMetaDataSupportsConvertTest" time="0.003"/>
    <testcase name="testSupportsConvert_to_ROWID_from_OTHER" classname="org.hsqldb.jdbc.JDBCDatabaseMetaDataSupportsConvertTest" time="0.002"/>
    <testcase name="testSupportsConvert_to_ROWID_from_REAL" classname="org.hsqldb.jdbc.JDBCDatabaseMetaDataSupportsConvertTest" time="0.002"/>
    <testcase name="testSupportsConvert_to_ROWID_from_REF" classname="org.hsqldb.jdbc.JDBCDatabaseMetaDataSupportsConvertTest" time="0.003"/>
    <testcase name="testSupportsConvert_to_ROWID_from_ROWID" classname="org.hsqldb.jdbc.JDBCDatabaseMetaDataSupportsConvertTest" time="0.002"/>
    <testcase name="testSupportsConvert_to_ROWID_from_SMALLINT" classname="org.hsqldb.jdbc.JDBCDatabaseMetaDataSupportsConvertTest" time="0.087"/>
    <testcase name="testSupportsConvert_to_ROWID_from_STRUCT" classname="org.hsqldb.jdbc.JDBCDatabaseMetaDataSupportsConvertTest" time="0.003"/>
    <testcase name="testSupportsConvert_to_ROWID_from_TIME" classname="org.hsqldb.jdbc.JDBCDatabaseMetaDataSupportsConvertTest" time="0.002"/>
    <testcase name="testSupportsConvert_to_ROWID_from_TIMESTAMP" classname="org.hsqldb.jdbc.JDBCDatabaseMetaDataSupportsConvertTest" time="0.002"/>
    <testcase name="testSupportsConvert_to_ROWID_from_TIME_WITH_TIME_ZONE" classname="org.hsqldb.jdbc.JDBCDatabaseMetaDataSupportsConvertTest" time="0.002"/>
    <testcase name="testSupportsConvert_to_ROWID_from_TIMESTAMP_WITH_TIME_ZONE" classname="org.hsqldb.jdbc.JDBCDatabaseMetaDataSupportsConvertTest" time="0.003"/>
    <testcase name="testSupportsConvert_to_ROWID_from_TINYINT" classname="org.hsqldb.jdbc.JDBCDatabaseMetaDataSupportsConvertTest" time="0.002"/>
    <testcase name="testSupportsConvert_to_ROWID_from_VARBINARY" classname="org.hsqldb.jdbc.JDBCDatabaseMetaDataSupportsConvertTest" time="0.002"/>
    <testcase name="testSupportsConvert_to_ROWID_from_VARCHAR" classname="org.hsqldb.jdbc.JDBCDatabaseMetaDataSupportsConvertTest" time="0.003"/>
    <testcase name="testSupportsConvert_to_ROWID_from_VARCHAR_IGNORECASE" classname="org.hsqldb.jdbc.JDBCDatabaseMetaDataSupportsConvertTest" time="0.002"/>
    <testcase name="testSupportsConvert_to_ROWID_from_INTERVAL_YEAR" classname="org.hsqldb.jdbc.JDBCDatabaseMetaDataSupportsConvertTest" time="0.003"/>
    <testcase name="testSupportsConvert_to_ROWID_from_INTERVAL_MONTH" classname="org.hsqldb.jdbc.JDBCDatabaseMetaDataSupportsConvertTest" time="0.002"/>
    <testcase name="testSupportsConvert_to_ROWID_from_INTERVAL_DAY" classname="org.hsqldb.jdbc.JDBCDatabaseMetaDataSupportsConvertTest" time="0.002"/>
    <testcase name="testSupportsConvert_to_ROWID_from_INTERVAL_HOUR" classname="org.hsqldb.jdbc.JDBCDatabaseMetaDataSupportsConvertTest" time="0.002"/>
    <testcase name="testSupportsConvert_to_ROWID_from_INTERVAL_MINUTE" classname="org.hsqldb.jdbc.JDBCDatabaseMetaDataSupportsConvertTest" time="0.003"/>
    <testcase name="testSupportsConvert_to_ROWID_from_INTERVAL_SECOND" classname="org.hsqldb.jdbc.JDBCDatabaseMetaDataSupportsConvertTest" time="0.002"/>
    <testcase name="testSupportsConvert_to_ROWID_from_INTERVAL_YEAR_TO_MONTH" classname="org.hsqldb.jdbc.JDBCDatabaseMetaDataSupportsConvertTest" time="0.002"/>
    <testcase name="testSupportsConvert_to_ROWID_from_INTERVAL_DAY_TO_HOUR" classname="org.hsqldb.jdbc.JDBCDatabaseMetaDataSupportsConvertTest" time="0.002"/>
    <testcase name="testSupportsConvert_to_ROWID_from_INTERVAL_DAY_TO_MINUTE" classname="org.hsqldb.jdbc.JDBCDatabaseMetaDataSupportsConvertTest" time="0.002"/>
    <testcase name="testSupportsConvert_to_ROWID_from_INTERVAL_DAY_TO_SECOND" classname="org.hsqldb.jdbc.JDBCDatabaseMetaDataSupportsConvertTest" time="0.003"/>
    <testcase name="testSupportsConvert_to_ROWID_from_INTERVAL_HOUR_TO_MINUTE" classname="org.hsqldb.jdbc.JDBCDatabaseMetaDataSupportsConvertTest" time="0.002"/>
    <testcase name="testSupportsConvert_to_ROWID_from_INTERVAL_HOUR_TO_SECOND" classname="org.hsqldb.jdbc.JDBCDatabaseMetaDataSupportsConvertTest" time="0.002"/>
    <testcase name="testSupportsConvert_to_ROWID_from_INTERVAL_MINUTE_TO_SECOND" classname="org.hsqldb.jdbc.JDBCDatabaseMetaDataSupportsConvertTest" time="0.002"/>
    <testcase name="testSupportsConvert_to_SMALLINT_from_ARRAY" classname="org.hsqldb.jdbc.JDBCDatabaseMetaDataSupportsConvertTest" time="0.003"/>
    <testcase name="testSupportsConvert_to_SMALLINT_from_BIGINT" classname="org.hsqldb.jdbc.JDBCDatabaseMetaDataSupportsConvertTest" time="0.002"/>
    <testcase name="testSupportsConvert_to_SMALLINT_from_BINARY" classname="org.hsqldb.jdbc.JDBCDatabaseMetaDataSupportsConvertTest" time="0.002"/>
    <testcase name="testSupportsConvert_to_SMALLINT_from_BIT" classname="org.hsqldb.jdbc.JDBCDatabaseMetaDataSupportsConvertTest" time="0.003"/>
    <testcase name="testSupportsConvert_to_SMALLINT_from_BLOB" classname="org.hsqldb.jdbc.JDBCDatabaseMetaDataSupportsConvertTest" time="0.002"/>
    <testcase name="testSupportsConvert_to_SMALLINT_from_BOOLEAN" classname="org.hsqldb.jdbc.JDBCDatabaseMetaDataSupportsConvertTest" time="0.002"/>
    <testcase name="testSupportsConvert_to_SMALLINT_from_CHAR" classname="org.hsqldb.jdbc.JDBCDatabaseMetaDataSupportsConvertTest" time="0.002"/>
    <testcase name="testSupportsConvert_to_SMALLINT_from_CLOB" classname="org.hsqldb.jdbc.JDBCDatabaseMetaDataSupportsConvertTest" time="0.003"/>
    <testcase name="testSupportsConvert_to_SMALLINT_from_DATALINK" classname="org.hsqldb.jdbc.JDBCDatabaseMetaDataSupportsConvertTest" time="0.002"/>
    <testcase name="testSupportsConvert_to_SMALLINT_from_DATE" classname="org.hsqldb.jdbc.JDBCDatabaseMetaDataSupportsConvertTest" time="0.002"/>
    <testcase name="testSupportsConvert_to_SMALLINT_from_DECIMAL" classname="org.hsqldb.jdbc.JDBCDatabaseMetaDataSupportsConvertTest" time="0.002"/>
    <testcase name="testSupportsConvert_to_SMALLINT_from_DISTINCT" classname="org.hsqldb.jdbc.JDBCDatabaseMetaDataSupportsConvertTest" time="0.003"/>
    <testcase name="testSupportsConvert_to_SMALLINT_from_DOUBLE" classname="org.hsqldb.jdbc.JDBCDatabaseMetaDataSupportsConvertTest" time="0.002"/>
    <testcase name="testSupportsConvert_to_SMALLINT_from_FLOAT" classname="org.hsqldb.jdbc.JDBCDatabaseMetaDataSupportsConvertTest" time="0.002"/>
    <testcase name="testSupportsConvert_to_SMALLINT_from_INTEGER" classname="org.hsqldb.jdbc.JDBCDatabaseMetaDataSupportsConvertTest" time="0.002"/>
    <testcase name="testSupportsConvert_to_SMALLINT_from_JAVA_OBJECT" classname="org.hsqldb.jdbc.JDBCDatabaseMetaDataSupportsConvertTest" time="0.002"/>
    <testcase name="testSupportsConvert_to_SMALLINT_from_LONGNVARCHAR" classname="org.hsqldb.jdbc.JDBCDatabaseMetaDataSupportsConvertTest" time="0.003"/>
    <testcase name="testSupportsConvert_to_SMALLINT_from_LONGVARCHAR" classname="org.hsqldb.jdbc.JDBCDatabaseMetaDataSupportsConvertTest" time="0.002"/>
    <testcase name="testSupportsConvert_to_SMALLINT_from_LONGVARBINARY" classname="org.hsqldb.jdbc.JDBCDatabaseMetaDataSupportsConvertTest" time="0.002"/>
    <testcase name="testSupportsConvert_to_SMALLINT_from_NCHAR" classname="org.hsqldb.jdbc.JDBCDatabaseMetaDataSupportsConvertTest" time="0.002"/>
    <testcase name="testSupportsConvert_to_SMALLINT_from_NCLOB" classname="org.hsqldb.jdbc.JDBCDatabaseMetaDataSupportsConvertTest" time="0.003"/>
    <testcase name="testSupportsConvert_to_SMALLINT_from_NULL" classname="org.hsqldb.jdbc.JDBCDatabaseMetaDataSupportsConvertTest" time="0.002"/>
    <testcase name="testSupportsConvert_to_SMALLINT_from_NUMERIC" classname="org.hsqldb.jdbc.JDBCDatabaseMetaDataSupportsConvertTest" time="0.002"/>
    <testcase name="testSupportsConvert_to_SMALLINT_from_NVARCHAR" classname="org.hsqldb.jdbc.JDBCDatabaseMetaDataSupportsConvertTest" time="0.002"/>
    <testcase name="testSupportsConvert_to_SMALLINT_from_OTHER" classname="org.hsqldb.jdbc.JDBCDatabaseMetaDataSupportsConvertTest" time="0.003"/>
    <testcase name="testSupportsConvert_to_SMALLINT_from_REAL" classname="org.hsqldb.jdbc.JDBCDatabaseMetaDataSupportsConvertTest" time="0.002"/>
    <testcase name="testSupportsConvert_to_SMALLINT_from_REF" classname="org.hsqldb.jdbc.JDBCDatabaseMetaDataSupportsConvertTest" time="0.002"/>
    <testcase name="testSupportsConvert_to_SMALLINT_from_ROWID" classname="org.hsqldb.jdbc.JDBCDatabaseMetaDataSupportsConvertTest" time="0.003"/>
    <testcase name="testSupportsConvert_to_SMALLINT_from_SMALLINT" classname="org.hsqldb.jdbc.JDBCDatabaseMetaDataSupportsConvertTest" time="0.002"/>
    <testcase name="testSupportsConvert_to_SMALLINT_from_STRUCT" classname="org.hsqldb.jdbc.JDBCDatabaseMetaDataSupportsConvertTest" time="0.003"/>
    <testcase name="testSupportsConvert_to_SMALLINT_from_TIME" classname="org.hsqldb.jdbc.JDBCDatabaseMetaDataSupportsConvertTest" time="0.002"/>
    <testcase name="testSupportsConvert_to_SMALLINT_from_TIMESTAMP" classname="org.hsqldb.jdbc.JDBCDatabaseMetaDataSupportsConvertTest" time="0.002"/>
    <testcase name="testSupportsConvert_to_SMALLINT_from_TIME_WITH_TIME_ZONE" classname="org.hsqldb.jdbc.JDBCDatabaseMetaDataSupportsConvertTest" time="0.002"/>
    <testcase name="testSupportsConvert_to_SMALLINT_from_TIMESTAMP_WITH_TIME_ZONE" classname="org.hsqldb.jdbc.JDBCDatabaseMetaDataSupportsConvertTest" time="0.003"/>
    <testcase name="testSupportsConvert_to_SMALLINT_from_TINYINT" classname="org.hsqldb.jdbc.JDBCDatabaseMetaDataSupportsConvertTest" time="0.002"/>
    <testcase name="testSupportsConvert_to_SMALLINT_from_VARBINARY" classname="org.hsqldb.jdbc.JDBCDatabaseMetaDataSupportsConvertTest" time="0.002"/>
    <testcase name="testSupportsConvert_to_SMALLINT_from_VARCHAR" classname="org.hsqldb.jdbc.JDBCDatabaseMetaDataSupportsConvertTest" time="0.003"/>
    <testcase name="testSupportsConvert_to_SMALLINT_from_VARCHAR_IGNORECASE" classname="org.hsqldb.jdbc.JDBCDatabaseMetaDataSupportsConvertTest" time="0.002"/>
    <testcase name="testSupportsConvert_to_SMALLINT_from_INTERVAL_YEAR" classname="org.hsqldb.jdbc.JDBCDatabaseMetaDataSupportsConvertTest" time="0.002"/>
    <testcase name="testSupportsConvert_to_SMALLINT_from_INTERVAL_MONTH" classname="org.hsqldb.jdbc.JDBCDatabaseMetaDataSupportsConvertTest" time="0.002"/>
    <testcase name="testSupportsConvert_to_SMALLINT_from_INTERVAL_DAY" classname="org.hsqldb.jdbc.JDBCDatabaseMetaDataSupportsConvertTest" time="0.002"/>
    <testcase name="testSupportsConvert_to_SMALLINT_from_INTERVAL_HOUR" classname="org.hsqldb.jdbc.JDBCDatabaseMetaDataSupportsConvertTest" time="0.003"/>
    <testcase name="testSupportsConvert_to_SMALLINT_from_INTERVAL_MINUTE" classname="org.hsqldb.jdbc.JDBCDatabaseMetaDataSupportsConvertTest" time="0.002"/>
    <testcase name="testSupportsConvert_to_SMALLINT_from_INTERVAL_SECOND" classname="org.hsqldb.jdbc.JDBCDatabaseMetaDataSupportsConvertTest" time="0.002"/>
    <testcase name="testSupportsConvert_to_SMALLINT_from_INTERVAL_YEAR_TO_MONTH" classname="org.hsqldb.jdbc.JDBCDatabaseMetaDataSupportsConvertTest" time="0.003"/>
    <testcase name="testSupportsConvert_to_SMALLINT_from_INTERVAL_DAY_TO_HOUR" classname="org.hsqldb.jdbc.JDBCDatabaseMetaDataSupportsConvertTest" time="0.002"/>
    <testcase name="testSupportsConvert_to_SMALLINT_from_INTERVAL_DAY_TO_MINUTE" classname="org.hsqldb.jdbc.JDBCDatabaseMetaDataSupportsConvertTest" time="0.002"/>
    <testcase name="testSupportsConvert_to_SMALLINT_from_INTERVAL_DAY_TO_SECOND" classname="org.hsqldb.jdbc.JDBCDatabaseMetaDataSupportsConvertTest" time="0.002"/>
    <testcase name="testSupportsConvert_to_SMALLINT_from_INTERVAL_HOUR_TO_MINUTE" classname="org.hsqldb.jdbc.JDBCDatabaseMetaDataSupportsConvertTest" time="0.002"/>
    <testcase name="testSupportsConvert_to_SMALLINT_from_INTERVAL_HOUR_TO_SECOND" classname="org.hsqldb.jdbc.JDBCDatabaseMetaDataSupportsConvertTest" time="0.003"/>
    <testcase name="testSupportsConvert_to_SMALLINT_from_INTERVAL_MINUTE_TO_SECOND" classname="org.hsqldb.jdbc.JDBCDatabaseMetaDataSupportsConvertTest" time="0.002"/>
    <testcase name="testSupportsConvert_to_STRUCT_from_ARRAY" classname="org.hsqldb.jdbc.JDBCDatabaseMetaDataSupportsConvertTest" time="0.002"/>
    <testcase name="testSupportsConvert_to_STRUCT_from_BIGINT" classname="org.hsqldb.jdbc.JDBCDatabaseMetaDataSupportsConvertTest" time="0.002"/>
    <testcase name="testSupportsConvert_to_STRUCT_from_BINARY" classname="org.hsqldb.jdbc.JDBCDatabaseMetaDataSupportsConvertTest" time="0.002"/>
    <testcase name="testSupportsConvert_to_STRUCT_from_BIT" classname="org.hsqldb.jdbc.JDBCDatabaseMetaDataSupportsConvertTest" time="0.003"/>
    <testcase name="testSupportsConvert_to_STRUCT_from_BLOB" classname="org.hsqldb.jdbc.JDBCDatabaseMetaDataSupportsConvertTest" time="0.002"/>
    <testcase name="testSupportsConvert_to_STRUCT_from_BOOLEAN" classname="org.hsqldb.jdbc.JDBCDatabaseMetaDataSupportsConvertTest" time="0.002"/>
    <testcase name="testSupportsConvert_to_STRUCT_from_CHAR" classname="org.hsqldb.jdbc.JDBCDatabaseMetaDataSupportsConvertTest" time="0.002"/>
    <testcase name="testSupportsConvert_to_STRUCT_from_CLOB" classname="org.hsqldb.jdbc.JDBCDatabaseMetaDataSupportsConvertTest" time="0.002"/>
    <testcase name="testSupportsConvert_to_STRUCT_from_DATALINK" classname="org.hsqldb.jdbc.JDBCDatabaseMetaDataSupportsConvertTest" time="0.002"/>
    <testcase name="testSupportsConvert_to_STRUCT_from_DATE" classname="org.hsqldb.jdbc.JDBCDatabaseMetaDataSupportsConvertTest" time="0.003"/>
    <testcase name="testSupportsConvert_to_STRUCT_from_DECIMAL" classname="org.hsqldb.jdbc.JDBCDatabaseMetaDataSupportsConvertTest" time="0.003"/>
    <testcase name="testSupportsConvert_to_STRUCT_from_DISTINCT" classname="org.hsqldb.jdbc.JDBCDatabaseMetaDataSupportsConvertTest" time="0.003"/>
    <testcase name="testSupportsConvert_to_STRUCT_from_DOUBLE" classname="org.hsqldb.jdbc.JDBCDatabaseMetaDataSupportsConvertTest" time="0.002"/>
    <testcase name="testSupportsConvert_to_STRUCT_from_FLOAT" classname="org.hsqldb.jdbc.JDBCDatabaseMetaDataSupportsConvertTest" time="0.003"/>
    <testcase name="testSupportsConvert_to_STRUCT_from_INTEGER" classname="org.hsqldb.jdbc.JDBCDatabaseMetaDataSupportsConvertTest" time="0.003"/>
    <testcase name="testSupportsConvert_to_STRUCT_from_JAVA_OBJECT" classname="org.hsqldb.jdbc.JDBCDatabaseMetaDataSupportsConvertTest" time="0.003"/>
    <testcase name="testSupportsConvert_to_STRUCT_from_LONGNVARCHAR" classname="org.hsqldb.jdbc.JDBCDatabaseMetaDataSupportsConvertTest" time="0.002"/>
    <testcase name="testSupportsConvert_to_STRUCT_from_LONGVARCHAR" classname="org.hsqldb.jdbc.JDBCDatabaseMetaDataSupportsConvertTest" time="0.003"/>
    <testcase name="testSupportsConvert_to_STRUCT_from_LONGVARBINARY" classname="org.hsqldb.jdbc.JDBCDatabaseMetaDataSupportsConvertTest" time="0.002"/>
    <testcase name="testSupportsConvert_to_STRUCT_from_NCHAR" classname="org.hsqldb.jdbc.JDBCDatabaseMetaDataSupportsConvertTest" time="0.003"/>
    <testcase name="testSupportsConvert_to_STRUCT_from_NCLOB" classname="org.hsqldb.jdbc.JDBCDatabaseMetaDataSupportsConvertTest" time="0.003"/>
    <testcase name="testSupportsConvert_to_STRUCT_from_NULL" classname="org.hsqldb.jdbc.JDBCDatabaseMetaDataSupportsConvertTest" time="0.002"/>
    <testcase name="testSupportsConvert_to_STRUCT_from_NUMERIC" classname="org.hsqldb.jdbc.JDBCDatabaseMetaDataSupportsConvertTest" time="0.003"/>
    <testcase name="testSupportsConvert_to_STRUCT_from_NVARCHAR" classname="org.hsqldb.jdbc.JDBCDatabaseMetaDataSupportsConvertTest" time="0.003"/>
    <testcase name="testSupportsConvert_to_STRUCT_from_OTHER" classname="org.hsqldb.jdbc.JDBCDatabaseMetaDataSupportsConvertTest" time="0.002"/>
    <testcase name="testSupportsConvert_to_STRUCT_from_REAL" classname="org.hsqldb.jdbc.JDBCDatabaseMetaDataSupportsConvertTest" time="0.003"/>
    <testcase name="testSupportsConvert_to_STRUCT_from_REF" classname="org.hsqldb.jdbc.JDBCDatabaseMetaDataSupportsConvertTest" time="0.002"/>
    <testcase name="testSupportsConvert_to_STRUCT_from_ROWID" classname="org.hsqldb.jdbc.JDBCDatabaseMetaDataSupportsConvertTest" time="0.003"/>
    <testcase name="testSupportsConvert_to_STRUCT_from_SMALLINT" classname="org.hsqldb.jdbc.JDBCDatabaseMetaDataSupportsConvertTest" time="0.002"/>
    <testcase name="testSupportsConvert_to_STRUCT_from_STRUCT" classname="org.hsqldb.jdbc.JDBCDatabaseMetaDataSupportsConvertTest" time="0.003"/>
    <testcase name="testSupportsConvert_to_STRUCT_from_TIME" classname="org.hsqldb.jdbc.JDBCDatabaseMetaDataSupportsConvertTest" time="0.002"/>
    <testcase name="testSupportsConvert_to_STRUCT_from_TIMESTAMP" classname="org.hsqldb.jdbc.JDBCDatabaseMetaDataSupportsConvertTest" time="0.002"/>
    <testcase name="testSupportsConvert_to_STRUCT_from_TIME_WITH_TIME_ZONE" classname="org.hsqldb.jdbc.JDBCDatabaseMetaDataSupportsConvertTest" time="0.002"/>
    <testcase name="testSupportsConvert_to_STRUCT_from_TIMESTAMP_WITH_TIME_ZONE" classname="org.hsqldb.jdbc.JDBCDatabaseMetaDataSupportsConvertTest" time="0.002"/>
    <testcase name="testSupportsConvert_to_STRUCT_from_TINYINT" classname="org.hsqldb.jdbc.JDBCDatabaseMetaDataSupportsConvertTest" time="0.003"/>
    <testcase name="testSupportsConvert_to_STRUCT_from_VARBINARY" classname="org.hsqldb.jdbc.JDBCDatabaseMetaDataSupportsConvertTest" time="0.002"/>
    <testcase name="testSupportsConvert_to_STRUCT_from_VARCHAR" classname="org.hsqldb.jdbc.JDBCDatabaseMetaDataSupportsConvertTest" time="0.002"/>
    <testcase name="testSupportsConvert_to_STRUCT_from_VARCHAR_IGNORECASE" classname="org.hsqldb.jdbc.JDBCDatabaseMetaDataSupportsConvertTest" time="0.003"/>
    <testcase name="testSupportsConvert_to_STRUCT_from_INTERVAL_YEAR" classname="org.hsqldb.jdbc.JDBCDatabaseMetaDataSupportsConvertTest" time="0.002"/>
    <testcase name="testSupportsConvert_to_STRUCT_from_INTERVAL_MONTH" classname="org.hsqldb.jdbc.JDBCDatabaseMetaDataSupportsConvertTest" time="0.002"/>
    <testcase name="testSupportsConvert_to_STRUCT_from_INTERVAL_DAY" classname="org.hsqldb.jdbc.JDBCDatabaseMetaDataSupportsConvertTest" time="0.002"/>
    <testcase name="testSupportsConvert_to_STRUCT_from_INTERVAL_HOUR" classname="org.hsqldb.jdbc.JDBCDatabaseMetaDataSupportsConvertTest" time="0.002"/>
    <testcase name="testSupportsConvert_to_STRUCT_from_INTERVAL_MINUTE" classname="org.hsqldb.jdbc.JDBCDatabaseMetaDataSupportsConvertTest" time="0.003"/>
    <testcase name="testSupportsConvert_to_STRUCT_from_INTERVAL_SECOND" classname="org.hsqldb.jdbc.JDBCDatabaseMetaDataSupportsConvertTest" time="0.002"/>
    <testcase name="testSupportsConvert_to_STRUCT_from_INTERVAL_YEAR_TO_MONTH" classname="org.hsqldb.jdbc.JDBCDatabaseMetaDataSupportsConvertTest" time="0.002"/>
    <testcase name="testSupportsConvert_to_STRUCT_from_INTERVAL_DAY_TO_HOUR" classname="org.hsqldb.jdbc.JDBCDatabaseMetaDataSupportsConvertTest" time="0.003"/>
    <testcase name="testSupportsConvert_to_STRUCT_from_INTERVAL_DAY_TO_MINUTE" classname="org.hsqldb.jdbc.JDBCDatabaseMetaDataSupportsConvertTest" time="0.002"/>
    <testcase name="testSupportsConvert_to_STRUCT_from_INTERVAL_DAY_TO_SECOND" classname="org.hsqldb.jdbc.JDBCDatabaseMetaDataSupportsConvertTest" time="0.002"/>
    <testcase name="testSupportsConvert_to_STRUCT_from_INTERVAL_HOUR_TO_MINUTE" classname="org.hsqldb.jdbc.JDBCDatabaseMetaDataSupportsConvertTest" time="0.002"/>
    <testcase name="testSupportsConvert_to_STRUCT_from_INTERVAL_HOUR_TO_SECOND" classname="org.hsqldb.jdbc.JDBCDatabaseMetaDataSupportsConvertTest" time="0.003"/>
    <testcase name="testSupportsConvert_to_STRUCT_from_INTERVAL_MINUTE_TO_SECOND" classname="org.hsqldb.jdbc.JDBCDatabaseMetaDataSupportsConvertTest" time="0.002"/>
    <testcase name="testSupportsConvert_to_TIME_from_ARRAY" classname="org.hsqldb.jdbc.JDBCDatabaseMetaDataSupportsConvertTest" time="0.002"/>
    <testcase name="testSupportsConvert_to_TIME_from_BIGINT" classname="org.hsqldb.jdbc.JDBCDatabaseMetaDataSupportsConvertTest" time="0.002"/>
    <testcase name="testSupportsConvert_to_TIME_from_BINARY" classname="org.hsqldb.jdbc.JDBCDatabaseMetaDataSupportsConvertTest" time="0.002"/>
    <testcase name="testSupportsConvert_to_TIME_from_BIT" classname="org.hsqldb.jdbc.JDBCDatabaseMetaDataSupportsConvertTest" time="0.003"/>
    <testcase name="testSupportsConvert_to_TIME_from_BLOB" classname="org.hsqldb.jdbc.JDBCDatabaseMetaDataSupportsConvertTest" time="0.002"/>
    <testcase name="testSupportsConvert_to_TIME_from_BOOLEAN" classname="org.hsqldb.jdbc.JDBCDatabaseMetaDataSupportsConvertTest" time="0.002"/>
    <testcase name="testSupportsConvert_to_TIME_from_CHAR" classname="org.hsqldb.jdbc.JDBCDatabaseMetaDataSupportsConvertTest" time="0.002"/>
    <testcase name="testSupportsConvert_to_TIME_from_CLOB" classname="org.hsqldb.jdbc.JDBCDatabaseMetaDataSupportsConvertTest" time="0.003"/>
    <testcase name="testSupportsConvert_to_TIME_from_DATALINK" classname="org.hsqldb.jdbc.JDBCDatabaseMetaDataSupportsConvertTest" time="0.003"/>
    <testcase name="testSupportsConvert_to_TIME_from_DATE" classname="org.hsqldb.jdbc.JDBCDatabaseMetaDataSupportsConvertTest" time="0.004"/>
    <testcase name="testSupportsConvert_to_TIME_from_DECIMAL" classname="org.hsqldb.jdbc.JDBCDatabaseMetaDataSupportsConvertTest" time="0.002"/>
    <testcase name="testSupportsConvert_to_TIME_from_DISTINCT" classname="org.hsqldb.jdbc.JDBCDatabaseMetaDataSupportsConvertTest" time="0.003"/>
    <testcase name="testSupportsConvert_to_TIME_from_DOUBLE" classname="org.hsqldb.jdbc.JDBCDatabaseMetaDataSupportsConvertTest" time="0.002"/>
    <testcase name="testSupportsConvert_to_TIME_from_FLOAT" classname="org.hsqldb.jdbc.JDBCDatabaseMetaDataSupportsConvertTest" time="0.003"/>
    <testcase name="testSupportsConvert_to_TIME_from_INTEGER" classname="org.hsqldb.jdbc.JDBCDatabaseMetaDataSupportsConvertTest" time="0.002"/>
    <testcase name="testSupportsConvert_to_TIME_from_JAVA_OBJECT" classname="org.hsqldb.jdbc.JDBCDatabaseMetaDataSupportsConvertTest" time="0.003"/>
    <testcase name="testSupportsConvert_to_TIME_from_LONGNVARCHAR" classname="org.hsqldb.jdbc.JDBCDatabaseMetaDataSupportsConvertTest" time="0.003"/>
    <testcase name="testSupportsConvert_to_TIME_from_LONGVARCHAR" classname="org.hsqldb.jdbc.JDBCDatabaseMetaDataSupportsConvertTest" time="0.002"/>
    <testcase name="testSupportsConvert_to_TIME_from_LONGVARBINARY" classname="org.hsqldb.jdbc.JDBCDatabaseMetaDataSupportsConvertTest" time="0.002"/>
    <testcase name="testSupportsConvert_to_TIME_from_NCHAR" classname="org.hsqldb.jdbc.JDBCDatabaseMetaDataSupportsConvertTest" time="0.002"/>
    <testcase name="testSupportsConvert_to_TIME_from_NCLOB" classname="org.hsqldb.jdbc.JDBCDatabaseMetaDataSupportsConvertTest" time="0.002"/>
    <testcase name="testSupportsConvert_to_TIME_from_NULL" classname="org.hsqldb.jdbc.JDBCDatabaseMetaDataSupportsConvertTest" time="0.002"/>
    <testcase name="testSupportsConvert_to_TIME_from_NUMERIC" classname="org.hsqldb.jdbc.JDBCDatabaseMetaDataSupportsConvertTest" time="0.002"/>
    <testcase name="testSupportsConvert_to_TIME_from_NVARCHAR" classname="org.hsqldb.jdbc.JDBCDatabaseMetaDataSupportsConvertTest" time="0.002"/>
    <testcase name="testSupportsConvert_to_TIME_from_OTHER" classname="org.hsqldb.jdbc.JDBCDatabaseMetaDataSupportsConvertTest" time="0.002"/>
    <testcase name="testSupportsConvert_to_TIME_from_REAL" classname="org.hsqldb.jdbc.JDBCDatabaseMetaDataSupportsConvertTest" time="0.002"/>
    <testcase name="testSupportsConvert_to_TIME_from_REF" classname="org.hsqldb.jdbc.JDBCDatabaseMetaDataSupportsConvertTest" time="0.003"/>
    <testcase name="testSupportsConvert_to_TIME_from_ROWID" classname="org.hsqldb.jdbc.JDBCDatabaseMetaDataSupportsConvertTest" time="0.002"/>
    <testcase name="testSupportsConvert_to_TIME_from_SMALLINT" classname="org.hsqldb.jdbc.JDBCDatabaseMetaDataSupportsConvertTest" time="0.002"/>
    <testcase name="testSupportsConvert_to_TIME_from_STRUCT" classname="org.hsqldb.jdbc.JDBCDatabaseMetaDataSupportsConvertTest" time="0.003"/>
    <testcase name="testSupportsConvert_to_TIME_from_TIME" classname="org.hsqldb.jdbc.JDBCDatabaseMetaDataSupportsConvertTest" time="0.002"/>
    <testcase name="testSupportsConvert_to_TIME_from_TIMESTAMP" classname="org.hsqldb.jdbc.JDBCDatabaseMetaDataSupportsConvertTest" time="0.002"/>
    <testcase name="testSupportsConvert_to_TIME_from_TIME_WITH_TIME_ZONE" classname="org.hsqldb.jdbc.JDBCDatabaseMetaDataSupportsConvertTest" time="0.002"/>
    <testcase name="testSupportsConvert_to_TIME_from_TIMESTAMP_WITH_TIME_ZONE" classname="org.hsqldb.jdbc.JDBCDatabaseMetaDataSupportsConvertTest" time="0.002"/>
    <testcase name="testSupportsConvert_to_TIME_from_TINYINT" classname="org.hsqldb.jdbc.JDBCDatabaseMetaDataSupportsConvertTest" time="0.002"/>
    <testcase name="testSupportsConvert_to_TIME_from_VARBINARY" classname="org.hsqldb.jdbc.JDBCDatabaseMetaDataSupportsConvertTest" time="0.003"/>
    <testcase name="testSupportsConvert_to_TIME_from_VARCHAR" classname="org.hsqldb.jdbc.JDBCDatabaseMetaDataSupportsConvertTest" time="0.002"/>
    <testcase name="testSupportsConvert_to_TIME_from_VARCHAR_IGNORECASE" classname="org.hsqldb.jdbc.JDBCDatabaseMetaDataSupportsConvertTest" time="0.002"/>
    <testcase name="testSupportsConvert_to_TIME_from_INTERVAL_YEAR" classname="org.hsqldb.jdbc.JDBCDatabaseMetaDataSupportsConvertTest" time="0.002"/>
    <testcase name="testSupportsConvert_to_TIME_from_INTERVAL_MONTH" classname="org.hsqldb.jdbc.JDBCDatabaseMetaDataSupportsConvertTest" time="0.002"/>
    <testcase name="testSupportsConvert_to_TIME_from_INTERVAL_DAY" classname="org.hsqldb.jdbc.JDBCDatabaseMetaDataSupportsConvertTest" time="0.002"/>
    <testcase name="testSupportsConvert_to_TIME_from_INTERVAL_HOUR" classname="org.hsqldb.jdbc.JDBCDatabaseMetaDataSupportsConvertTest" time="0.003"/>
    <testcase name="testSupportsConvert_to_TIME_from_INTERVAL_MINUTE" classname="org.hsqldb.jdbc.JDBCDatabaseMetaDataSupportsConvertTest" time="0.002"/>
    <testcase name="testSupportsConvert_to_TIME_from_INTERVAL_SECOND" classname="org.hsqldb.jdbc.JDBCDatabaseMetaDataSupportsConvertTest" time="0.002"/>
    <testcase name="testSupportsConvert_to_TIME_from_INTERVAL_YEAR_TO_MONTH" classname="org.hsqldb.jdbc.JDBCDatabaseMetaDataSupportsConvertTest" time="0.002"/>
    <testcase name="testSupportsConvert_to_TIME_from_INTERVAL_DAY_TO_HOUR" classname="org.hsqldb.jdbc.JDBCDatabaseMetaDataSupportsConvertTest" time="0.002"/>
    <testcase name="testSupportsConvert_to_TIME_from_INTERVAL_DAY_TO_MINUTE" classname="org.hsqldb.jdbc.JDBCDatabaseMetaDataSupportsConvertTest" time="0.002"/>
    <testcase name="testSupportsConvert_to_TIME_from_INTERVAL_DAY_TO_SECOND" classname="org.hsqldb.jdbc.JDBCDatabaseMetaDataSupportsConvertTest" time="0.003"/>
    <testcase name="testSupportsConvert_to_TIME_from_INTERVAL_HOUR_TO_MINUTE" classname="org.hsqldb.jdbc.JDBCDatabaseMetaDataSupportsConvertTest" time="0.002"/>
    <testcase name="testSupportsConvert_to_TIME_from_INTERVAL_HOUR_TO_SECOND" classname="org.hsqldb.jdbc.JDBCDatabaseMetaDataSupportsConvertTest" time="0.003"/>
    <testcase name="testSupportsConvert_to_TIME_from_INTERVAL_MINUTE_TO_SECOND" classname="org.hsqldb.jdbc.JDBCDatabaseMetaDataSupportsConvertTest" time="0.002"/>
    <testcase name="testSupportsConvert_to_TIMESTAMP_from_ARRAY" classname="org.hsqldb.jdbc.JDBCDatabaseMetaDataSupportsConvertTest" time="0.002"/>
    <testcase name="testSupportsConvert_to_TIMESTAMP_from_BIGINT" classname="org.hsqldb.jdbc.JDBCDatabaseMetaDataSupportsConvertTest" time="0.002"/>
    <testcase name="testSupportsConvert_to_TIMESTAMP_from_BINARY" classname="org.hsqldb.jdbc.JDBCDatabaseMetaDataSupportsConvertTest" time="0.003"/>
    <testcase name="testSupportsConvert_to_TIMESTAMP_from_BIT" classname="org.hsqldb.jdbc.JDBCDatabaseMetaDataSupportsConvertTest" time="0.002"/>
    <testcase name="testSupportsConvert_to_TIMESTAMP_from_BLOB" classname="org.hsqldb.jdbc.JDBCDatabaseMetaDataSupportsConvertTest" time="0.002"/>
    <testcase name="testSupportsConvert_to_TIMESTAMP_from_BOOLEAN" classname="org.hsqldb.jdbc.JDBCDatabaseMetaDataSupportsConvertTest" time="0.002"/>
    <testcase name="testSupportsConvert_to_TIMESTAMP_from_CHAR" classname="org.hsqldb.jdbc.JDBCDatabaseMetaDataSupportsConvertTest" time="0.002"/>
    <testcase name="testSupportsConvert_to_TIMESTAMP_from_CLOB" classname="org.hsqldb.jdbc.JDBCDatabaseMetaDataSupportsConvertTest" time="0.002"/>
    <testcase name="testSupportsConvert_to_TIMESTAMP_from_DATALINK" classname="org.hsqldb.jdbc.JDBCDatabaseMetaDataSupportsConvertTest" time="0.002"/>
    <testcase name="testSupportsConvert_to_TIMESTAMP_from_DATE" classname="org.hsqldb.jdbc.JDBCDatabaseMetaDataSupportsConvertTest" time="0.002"/>
    <testcase name="testSupportsConvert_to_TIMESTAMP_from_DECIMAL" classname="org.hsqldb.jdbc.JDBCDatabaseMetaDataSupportsConvertTest" time="0.002"/>
    <testcase name="testSupportsConvert_to_TIMESTAMP_from_DISTINCT" classname="org.hsqldb.jdbc.JDBCDatabaseMetaDataSupportsConvertTest" time="0.003"/>
    <testcase name="testSupportsConvert_to_TIMESTAMP_from_DOUBLE" classname="org.hsqldb.jdbc.JDBCDatabaseMetaDataSupportsConvertTest" time="0.002"/>
    <testcase name="testSupportsConvert_to_TIMESTAMP_from_FLOAT" classname="org.hsqldb.jdbc.JDBCDatabaseMetaDataSupportsConvertTest" time="0.002"/>
    <testcase name="testSupportsConvert_to_TIMESTAMP_from_INTEGER" classname="org.hsqldb.jdbc.JDBCDatabaseMetaDataSupportsConvertTest" time="0.002"/>
    <testcase name="testSupportsConvert_to_TIMESTAMP_from_JAVA_OBJECT" classname="org.hsqldb.jdbc.JDBCDatabaseMetaDataSupportsConvertTest" time="0.003"/>
    <testcase name="testSupportsConvert_to_TIMESTAMP_from_LONGNVARCHAR" classname="org.hsqldb.jdbc.JDBCDatabaseMetaDataSupportsConvertTest" time="0.002"/>
    <testcase name="testSupportsConvert_to_TIMESTAMP_from_LONGVARCHAR" classname="org.hsqldb.jdbc.JDBCDatabaseMetaDataSupportsConvertTest" time="0.002"/>
    <testcase name="testSupportsConvert_to_TIMESTAMP_from_LONGVARBINARY" classname="org.hsqldb.jdbc.JDBCDatabaseMetaDataSupportsConvertTest" time="0.002"/>
    <testcase name="testSupportsConvert_to_TIMESTAMP_from_NCHAR" classname="org.hsqldb.jdbc.JDBCDatabaseMetaDataSupportsConvertTest" time="0.003"/>
    <testcase name="testSupportsConvert_to_TIMESTAMP_from_NCLOB" classname="org.hsqldb.jdbc.JDBCDatabaseMetaDataSupportsConvertTest" time="0.002"/>
    <testcase name="testSupportsConvert_to_TIMESTAMP_from_NULL" classname="org.hsqldb.jdbc.JDBCDatabaseMetaDataSupportsConvertTest" time="0.002"/>
    <testcase name="testSupportsConvert_to_TIMESTAMP_from_NUMERIC" classname="org.hsqldb.jdbc.JDBCDatabaseMetaDataSupportsConvertTest" time="0.002"/>
    <testcase name="testSupportsConvert_to_TIMESTAMP_from_NVARCHAR" classname="org.hsqldb.jdbc.JDBCDatabaseMetaDataSupportsConvertTest" time="0.002"/>
    <testcase name="testSupportsConvert_to_TIMESTAMP_from_OTHER" classname="org.hsqldb.jdbc.JDBCDatabaseMetaDataSupportsConvertTest" time="0.002"/>
    <testcase name="testSupportsConvert_to_TIMESTAMP_from_REAL" classname="org.hsqldb.jdbc.JDBCDatabaseMetaDataSupportsConvertTest" time="0.002"/>
    <testcase name="testSupportsConvert_to_TIMESTAMP_from_REF" classname="org.hsqldb.jdbc.JDBCDatabaseMetaDataSupportsConvertTest" time="0.003"/>
    <testcase name="testSupportsConvert_to_TIMESTAMP_from_ROWID" classname="org.hsqldb.jdbc.JDBCDatabaseMetaDataSupportsConvertTest" time="0.002"/>
    <testcase name="testSupportsConvert_to_TIMESTAMP_from_SMALLINT" classname="org.hsqldb.jdbc.JDBCDatabaseMetaDataSupportsConvertTest" time="0.002"/>
    <testcase name="testSupportsConvert_to_TIMESTAMP_from_STRUCT" classname="org.hsqldb.jdbc.JDBCDatabaseMetaDataSupportsConvertTest" time="0.002"/>
    <testcase name="testSupportsConvert_to_TIMESTAMP_from_TIME" classname="org.hsqldb.jdbc.JDBCDatabaseMetaDataSupportsConvertTest" time="0.003"/>
    <testcase name="testSupportsConvert_to_TIMESTAMP_from_TIMESTAMP" classname="org.hsqldb.jdbc.JDBCDatabaseMetaDataSupportsConvertTest" time="0.003"/>
    <testcase name="testSupportsConvert_to_TIMESTAMP_from_TIME_WITH_TIME_ZONE" classname="org.hsqldb.jdbc.JDBCDatabaseMetaDataSupportsConvertTest" time="0.002"/>
    <testcase name="testSupportsConvert_to_TIMESTAMP_from_TIMESTAMP_WITH_TIME_ZONE" classname="org.hsqldb.jdbc.JDBCDatabaseMetaDataSupportsConvertTest" time="0.002"/>
    <testcase name="testSupportsConvert_to_TIMESTAMP_from_TINYINT" classname="org.hsqldb.jdbc.JDBCDatabaseMetaDataSupportsConvertTest" time="0.003"/>
    <testcase name="testSupportsConvert_to_TIMESTAMP_from_VARBINARY" classname="org.hsqldb.jdbc.JDBCDatabaseMetaDataSupportsConvertTest" time="0.002"/>
    <testcase name="testSupportsConvert_to_TIMESTAMP_from_VARCHAR" classname="org.hsqldb.jdbc.JDBCDatabaseMetaDataSupportsConvertTest" time="0.002"/>
    <testcase name="testSupportsConvert_to_TIMESTAMP_from_VARCHAR_IGNORECASE" classname="org.hsqldb.jdbc.JDBCDatabaseMetaDataSupportsConvertTest" time="0.002"/>
    <testcase name="testSupportsConvert_to_TIMESTAMP_from_INTERVAL_YEAR" classname="org.hsqldb.jdbc.JDBCDatabaseMetaDataSupportsConvertTest" time="0.002"/>
    <testcase name="testSupportsConvert_to_TIMESTAMP_from_INTERVAL_MONTH" classname="org.hsqldb.jdbc.JDBCDatabaseMetaDataSupportsConvertTest" time="0.002"/>
    <testcase name="testSupportsConvert_to_TIMESTAMP_from_INTERVAL_DAY" classname="org.hsqldb.jdbc.JDBCDatabaseMetaDataSupportsConvertTest" time="0.002"/>
    <testcase name="testSupportsConvert_to_TIMESTAMP_from_INTERVAL_HOUR" classname="org.hsqldb.jdbc.JDBCDatabaseMetaDataSupportsConvertTest" time="0.003"/>
    <testcase name="testSupportsConvert_to_TIMESTAMP_from_INTERVAL_MINUTE" classname="org.hsqldb.jdbc.JDBCDatabaseMetaDataSupportsConvertTest" time="0.002"/>
    <testcase name="testSupportsConvert_to_TIMESTAMP_from_INTERVAL_SECOND" classname="org.hsqldb.jdbc.JDBCDatabaseMetaDataSupportsConvertTest" time="0.002"/>
    <testcase name="testSupportsConvert_to_TIMESTAMP_from_INTERVAL_YEAR_TO_MONTH" classname="org.hsqldb.jdbc.JDBCDatabaseMetaDataSupportsConvertTest" time="0.002"/>
    <testcase name="testSupportsConvert_to_TIMESTAMP_from_INTERVAL_DAY_TO_HOUR" classname="org.hsqldb.jdbc.JDBCDatabaseMetaDataSupportsConvertTest" time="0.002"/>
    <testcase name="testSupportsConvert_to_TIMESTAMP_from_INTERVAL_DAY_TO_MINUTE" classname="org.hsqldb.jdbc.JDBCDatabaseMetaDataSupportsConvertTest" time="0.002"/>
    <testcase name="testSupportsConvert_to_TIMESTAMP_from_INTERVAL_DAY_TO_SECOND" classname="org.hsqldb.jdbc.JDBCDatabaseMetaDataSupportsConvertTest" time="0.002"/>
    <testcase name="testSupportsConvert_to_TIMESTAMP_from_INTERVAL_HOUR_TO_MINUTE" classname="org.hsqldb.jdbc.JDBCDatabaseMetaDataSupportsConvertTest" time="0.002"/>
    <testcase name="testSupportsConvert_to_TIMESTAMP_from_INTERVAL_HOUR_TO_SECOND" classname="org.hsqldb.jdbc.JDBCDatabaseMetaDataSupportsConvertTest" time="0.002"/>
    <testcase name="testSupportsConvert_to_TIMESTAMP_from_INTERVAL_MINUTE_TO_SECOND" classname="org.hsqldb.jdbc.JDBCDatabaseMetaDataSupportsConvertTest" time="0.003"/>
    <testcase name="testSupportsConvert_to_TIME_WITH_TIME_ZONE_from_ARRAY" classname="org.hsqldb.jdbc.JDBCDatabaseMetaDataSupportsConvertTest" time="0.002"/>
    <testcase name="testSupportsConvert_to_TIME_WITH_TIME_ZONE_from_BIGINT" classname="org.hsqldb.jdbc.JDBCDatabaseMetaDataSupportsConvertTest" time="0.002"/>
    <testcase name="testSupportsConvert_to_TIME_WITH_TIME_ZONE_from_BINARY" classname="org.hsqldb.jdbc.JDBCDatabaseMetaDataSupportsConvertTest" time="0.003"/>
    <testcase name="testSupportsConvert_to_TIME_WITH_TIME_ZONE_from_BIT" classname="org.hsqldb.jdbc.JDBCDatabaseMetaDataSupportsConvertTest" time="0.002"/>
    <testcase name="testSupportsConvert_to_TIME_WITH_TIME_ZONE_from_BLOB" classname="org.hsqldb.jdbc.JDBCDatabaseMetaDataSupportsConvertTest" time="0.002"/>
    <testcase name="testSupportsConvert_to_TIME_WITH_TIME_ZONE_from_BOOLEAN" classname="org.hsqldb.jdbc.JDBCDatabaseMetaDataSupportsConvertTest" time="0.002"/>
    <testcase name="testSupportsConvert_to_TIME_WITH_TIME_ZONE_from_CHAR" classname="org.hsqldb.jdbc.JDBCDatabaseMetaDataSupportsConvertTest" time="0.003"/>
    <testcase name="testSupportsConvert_to_TIME_WITH_TIME_ZONE_from_CLOB" classname="org.hsqldb.jdbc.JDBCDatabaseMetaDataSupportsConvertTest" time="0.002"/>
    <testcase name="testSupportsConvert_to_TIME_WITH_TIME_ZONE_from_DATALINK" classname="org.hsqldb.jdbc.JDBCDatabaseMetaDataSupportsConvertTest" time="0.002"/>
    <testcase name="testSupportsConvert_to_TIME_WITH_TIME_ZONE_from_DATE" classname="org.hsqldb.jdbc.JDBCDatabaseMetaDataSupportsConvertTest" time="0.002"/>
    <testcase name="testSupportsConvert_to_TIME_WITH_TIME_ZONE_from_DECIMAL" classname="org.hsqldb.jdbc.JDBCDatabaseMetaDataSupportsConvertTest" time="0.002"/>
    <testcase name="testSupportsConvert_to_TIME_WITH_TIME_ZONE_from_DISTINCT" classname="org.hsqldb.jdbc.JDBCDatabaseMetaDataSupportsConvertTest" time="0.002"/>
    <testcase name="testSupportsConvert_to_TIME_WITH_TIME_ZONE_from_DOUBLE" classname="org.hsqldb.jdbc.JDBCDatabaseMetaDataSupportsConvertTest" time="0.003"/>
    <testcase name="testSupportsConvert_to_TIME_WITH_TIME_ZONE_from_FLOAT" classname="org.hsqldb.jdbc.JDBCDatabaseMetaDataSupportsConvertTest" time="0.002"/>
    <testcase name="testSupportsConvert_to_TIME_WITH_TIME_ZONE_from_INTEGER" classname="org.hsqldb.jdbc.JDBCDatabaseMetaDataSupportsConvertTest" time="0.002"/>
    <testcase name="testSupportsConvert_to_TIME_WITH_TIME_ZONE_from_JAVA_OBJECT" classname="org.hsqldb.jdbc.JDBCDatabaseMetaDataSupportsConvertTest" time="0.002"/>
    <testcase name="testSupportsConvert_to_TIME_WITH_TIME_ZONE_from_LONGNVARCHAR" classname="org.hsqldb.jdbc.JDBCDatabaseMetaDataSupportsConvertTest" time="0.003"/>
    <testcase name="testSupportsConvert_to_TIME_WITH_TIME_ZONE_from_LONGVARCHAR" classname="org.hsqldb.jdbc.JDBCDatabaseMetaDataSupportsConvertTest" time="0.003"/>
    <testcase name="testSupportsConvert_to_TIME_WITH_TIME_ZONE_from_LONGVARBINARY" classname="org.hsqldb.jdbc.JDBCDatabaseMetaDataSupportsConvertTest" time="0.002"/>
    <testcase name="testSupportsConvert_to_TIME_WITH_TIME_ZONE_from_NCHAR" classname="org.hsqldb.jdbc.JDBCDatabaseMetaDataSupportsConvertTest" time="0.003"/>
    <testcase name="testSupportsConvert_to_TIME_WITH_TIME_ZONE_from_NCLOB" classname="org.hsqldb.jdbc.JDBCDatabaseMetaDataSupportsConvertTest" time="0.002"/>
    <testcase name="testSupportsConvert_to_TIME_WITH_TIME_ZONE_from_NULL" classname="org.hsqldb.jdbc.JDBCDatabaseMetaDataSupportsConvertTest" time="0.002"/>
    <testcase name="testSupportsConvert_to_TIME_WITH_TIME_ZONE_from_NUMERIC" classname="org.hsqldb.jdbc.JDBCDatabaseMetaDataSupportsConvertTest" time="0.002"/>
    <testcase name="testSupportsConvert_to_TIME_WITH_TIME_ZONE_from_NVARCHAR" classname="org.hsqldb.jdbc.JDBCDatabaseMetaDataSupportsConvertTest" time="0.002"/>
    <testcase name="testSupportsConvert_to_TIME_WITH_TIME_ZONE_from_OTHER" classname="org.hsqldb.jdbc.JDBCDatabaseMetaDataSupportsConvertTest" time="0.003"/>
    <testcase name="testSupportsConvert_to_TIME_WITH_TIME_ZONE_from_REAL" classname="org.hsqldb.jdbc.JDBCDatabaseMetaDataSupportsConvertTest" time="0.002"/>
    <testcase name="testSupportsConvert_to_TIME_WITH_TIME_ZONE_from_REF" classname="org.hsqldb.jdbc.JDBCDatabaseMetaDataSupportsConvertTest" time="0.002"/>
    <testcase name="testSupportsConvert_to_TIME_WITH_TIME_ZONE_from_ROWID" classname="org.hsqldb.jdbc.JDBCDatabaseMetaDataSupportsConvertTest" time="0.002"/>
    <testcase name="testSupportsConvert_to_TIME_WITH_TIME_ZONE_from_SMALLINT" classname="org.hsqldb.jdbc.JDBCDatabaseMetaDataSupportsConvertTest" time="0.002"/>
    <testcase name="testSupportsConvert_to_TIME_WITH_TIME_ZONE_from_STRUCT" classname="org.hsqldb.jdbc.JDBCDatabaseMetaDataSupportsConvertTest" time="0.003"/>
    <testcase name="testSupportsConvert_to_TIME_WITH_TIME_ZONE_from_TIME" classname="org.hsqldb.jdbc.JDBCDatabaseMetaDataSupportsConvertTest" time="0.002"/>
    <testcase name="testSupportsConvert_to_TIME_WITH_TIME_ZONE_from_TIMESTAMP" classname="org.hsqldb.jdbc.JDBCDatabaseMetaDataSupportsConvertTest" time="0.002"/>
    <testcase name="testSupportsConvert_to_TIME_WITH_TIME_ZONE_from_TIME_WITH_TIME_ZONE" classname="org.hsqldb.jdbc.JDBCDatabaseMetaDataSupportsConvertTest" time="0.002"/>
    <testcase name="testSupportsConvert_to_TIME_WITH_TIME_ZONE_from_TIMESTAMP_WITH_TIME_ZONE" classname="org.hsqldb.jdbc.JDBCDatabaseMetaDataSupportsConvertTest" time="0.002"/>
    <testcase name="testSupportsConvert_to_TIME_WITH_TIME_ZONE_from_TINYINT" classname="org.hsqldb.jdbc.JDBCDatabaseMetaDataSupportsConvertTest" time="0.003"/>
    <testcase name="testSupportsConvert_to_TIME_WITH_TIME_ZONE_from_VARBINARY" classname="org.hsqldb.jdbc.JDBCDatabaseMetaDataSupportsConvertTest" time="0.002"/>
    <testcase name="testSupportsConvert_to_TIME_WITH_TIME_ZONE_from_VARCHAR" classname="org.hsqldb.jdbc.JDBCDatabaseMetaDataSupportsConvertTest" time="0.002"/>
    <testcase name="testSupportsConvert_to_TIME_WITH_TIME_ZONE_from_VARCHAR_IGNORECASE" classname="org.hsqldb.jdbc.JDBCDatabaseMetaDataSupportsConvertTest" time="0.002"/>
    <testcase name="testSupportsConvert_to_TIME_WITH_TIME_ZONE_from_INTERVAL_YEAR" classname="org.hsqldb.jdbc.JDBCDatabaseMetaDataSupportsConvertTest" time="0.003"/>
    <testcase name="testSupportsConvert_to_TIME_WITH_TIME_ZONE_from_INTERVAL_MONTH" classname="org.hsqldb.jdbc.JDBCDatabaseMetaDataSupportsConvertTest" time="0.002"/>
    <testcase name="testSupportsConvert_to_TIME_WITH_TIME_ZONE_from_INTERVAL_DAY" classname="org.hsqldb.jdbc.JDBCDatabaseMetaDataSupportsConvertTest" time="0.002"/>
    <testcase name="testSupportsConvert_to_TIME_WITH_TIME_ZONE_from_INTERVAL_HOUR" classname="org.hsqldb.jdbc.JDBCDatabaseMetaDataSupportsConvertTest" time="0.002"/>
    <testcase name="testSupportsConvert_to_TIME_WITH_TIME_ZONE_from_INTERVAL_MINUTE" classname="org.hsqldb.jdbc.JDBCDatabaseMetaDataSupportsConvertTest" time="0.003"/>
    <testcase name="testSupportsConvert_to_TIME_WITH_TIME_ZONE_from_INTERVAL_SECOND" classname="org.hsqldb.jdbc.JDBCDatabaseMetaDataSupportsConvertTest" time="0.002"/>
    <testcase name="testSupportsConvert_to_TIME_WITH_TIME_ZONE_from_INTERVAL_YEAR_TO_MONTH" classname="org.hsqldb.jdbc.JDBCDatabaseMetaDataSupportsConvertTest" time="0.002"/>
    <testcase name="testSupportsConvert_to_TIME_WITH_TIME_ZONE_from_INTERVAL_DAY_TO_HOUR" classname="org.hsqldb.jdbc.JDBCDatabaseMetaDataSupportsConvertTest" time="0.002"/>
    <testcase name="testSupportsConvert_to_TIME_WITH_TIME_ZONE_from_INTERVAL_DAY_TO_MINUTE" classname="org.hsqldb.jdbc.JDBCDatabaseMetaDataSupportsConvertTest" time="0.003"/>
    <testcase name="testSupportsConvert_to_TIME_WITH_TIME_ZONE_from_INTERVAL_DAY_TO_SECOND" classname="org.hsqldb.jdbc.JDBCDatabaseMetaDataSupportsConvertTest" time="0.002"/>
    <testcase name="testSupportsConvert_to_TIME_WITH_TIME_ZONE_from_INTERVAL_HOUR_TO_MINUTE" classname="org.hsqldb.jdbc.JDBCDatabaseMetaDataSupportsConvertTest" time="0.002"/>
    <testcase name="testSupportsConvert_to_TIME_WITH_TIME_ZONE_from_INTERVAL_HOUR_TO_SECOND" classname="org.hsqldb.jdbc.JDBCDatabaseMetaDataSupportsConvertTest" time="0.003"/>
    <testcase name="testSupportsConvert_to_TIME_WITH_TIME_ZONE_from_INTERVAL_MINUTE_TO_SECOND" classname="org.hsqldb.jdbc.JDBCDatabaseMetaDataSupportsConvertTest" time="0.002"/>
    <testcase name="testSupportsConvert_to_TIMESTAMP_WITH_TIME_ZONE_from_ARRAY" classname="org.hsqldb.jdbc.JDBCDatabaseMetaDataSupportsConvertTest" time="0.002"/>
    <testcase name="testSupportsConvert_to_TIMESTAMP_WITH_TIME_ZONE_from_BIGINT" classname="org.hsqldb.jdbc.JDBCDatabaseMetaDataSupportsConvertTest" time="0.091"/>
    <testcase name="testSupportsConvert_to_TIMESTAMP_WITH_TIME_ZONE_from_BINARY" classname="org.hsqldb.jdbc.JDBCDatabaseMetaDataSupportsConvertTest" time="0.002"/>
    <testcase name="testSupportsConvert_to_TIMESTAMP_WITH_TIME_ZONE_from_BIT" classname="org.hsqldb.jdbc.JDBCDatabaseMetaDataSupportsConvertTest" time="0.003"/>
    <testcase name="testSupportsConvert_to_TIMESTAMP_WITH_TIME_ZONE_from_BLOB" classname="org.hsqldb.jdbc.JDBCDatabaseMetaDataSupportsConvertTest" time="0.002"/>
    <testcase name="testSupportsConvert_to_TIMESTAMP_WITH_TIME_ZONE_from_BOOLEAN" classname="org.hsqldb.jdbc.JDBCDatabaseMetaDataSupportsConvertTest" time="0.002"/>
    <testcase name="testSupportsConvert_to_TIMESTAMP_WITH_TIME_ZONE_from_CHAR" classname="org.hsqldb.jdbc.JDBCDatabaseMetaDataSupportsConvertTest" time="0.002"/>
    <testcase name="testSupportsConvert_to_TIMESTAMP_WITH_TIME_ZONE_from_CLOB" classname="org.hsqldb.jdbc.JDBCDatabaseMetaDataSupportsConvertTest" time="0.002"/>
    <testcase name="testSupportsConvert_to_TIMESTAMP_WITH_TIME_ZONE_from_DATALINK" classname="org.hsqldb.jdbc.JDBCDatabaseMetaDataSupportsConvertTest" time="0.002"/>
    <testcase name="testSupportsConvert_to_TIMESTAMP_WITH_TIME_ZONE_from_DATE" classname="org.hsqldb.jdbc.JDBCDatabaseMetaDataSupportsConvertTest" time="0.003"/>
    <testcase name="testSupportsConvert_to_TIMESTAMP_WITH_TIME_ZONE_from_DECIMAL" classname="org.hsqldb.jdbc.JDBCDatabaseMetaDataSupportsConvertTest" time="0.002"/>
    <testcase name="testSupportsConvert_to_TIMESTAMP_WITH_TIME_ZONE_from_DISTINCT" classname="org.hsqldb.jdbc.JDBCDatabaseMetaDataSupportsConvertTest" time="0.002"/>
    <testcase name="testSupportsConvert_to_TIMESTAMP_WITH_TIME_ZONE_from_DOUBLE" classname="org.hsqldb.jdbc.JDBCDatabaseMetaDataSupportsConvertTest" time="0.002"/>
    <testcase name="testSupportsConvert_to_TIMESTAMP_WITH_TIME_ZONE_from_FLOAT" classname="org.hsqldb.jdbc.JDBCDatabaseMetaDataSupportsConvertTest" time="0.003"/>
    <testcase name="testSupportsConvert_to_TIMESTAMP_WITH_TIME_ZONE_from_INTEGER" classname="org.hsqldb.jdbc.JDBCDatabaseMetaDataSupportsConvertTest" time="0.002"/>
    <testcase name="testSupportsConvert_to_TIMESTAMP_WITH_TIME_ZONE_from_JAVA_OBJECT" classname="org.hsqldb.jdbc.JDBCDatabaseMetaDataSupportsConvertTest" time="0.002"/>
    <testcase name="testSupportsConvert_to_TIMESTAMP_WITH_TIME_ZONE_from_LONGNVARCHAR" classname="org.hsqldb.jdbc.JDBCDatabaseMetaDataSupportsConvertTest" time="0.002"/>
    <testcase name="testSupportsConvert_to_TIMESTAMP_WITH_TIME_ZONE_from_LONGVARCHAR" classname="org.hsqldb.jdbc.JDBCDatabaseMetaDataSupportsConvertTest" time="0.003"/>
    <testcase name="testSupportsConvert_to_TIMESTAMP_WITH_TIME_ZONE_from_LONGVARBINARY" classname="org.hsqldb.jdbc.JDBCDatabaseMetaDataSupportsConvertTest" time="0.002"/>
    <testcase name="testSupportsConvert_to_TIMESTAMP_WITH_TIME_ZONE_from_NCHAR" classname="org.hsqldb.jdbc.JDBCDatabaseMetaDataSupportsConvertTest" time="0.002"/>
    <testcase name="testSupportsConvert_to_TIMESTAMP_WITH_TIME_ZONE_from_NCLOB" classname="org.hsqldb.jdbc.JDBCDatabaseMetaDataSupportsConvertTest" time="0.002"/>
    <testcase name="testSupportsConvert_to_TIMESTAMP_WITH_TIME_ZONE_from_NULL" classname="org.hsqldb.jdbc.JDBCDatabaseMetaDataSupportsConvertTest" time="0.003"/>
    <testcase name="testSupportsConvert_to_TIMESTAMP_WITH_TIME_ZONE_from_NUMERIC" classname="org.hsqldb.jdbc.JDBCDatabaseMetaDataSupportsConvertTest" time="0.002"/>
    <testcase name="testSupportsConvert_to_TIMESTAMP_WITH_TIME_ZONE_from_NVARCHAR" classname="org.hsqldb.jdbc.JDBCDatabaseMetaDataSupportsConvertTest" time="0.002"/>
    <testcase name="testSupportsConvert_to_TIMESTAMP_WITH_TIME_ZONE_from_OTHER" classname="org.hsqldb.jdbc.JDBCDatabaseMetaDataSupportsConvertTest" time="0.002"/>
    <testcase name="testSupportsConvert_to_TIMESTAMP_WITH_TIME_ZONE_from_REAL" classname="org.hsqldb.jdbc.JDBCDatabaseMetaDataSupportsConvertTest" time="0.003"/>
    <testcase name="testSupportsConvert_to_TIMESTAMP_WITH_TIME_ZONE_from_REF" classname="org.hsqldb.jdbc.JDBCDatabaseMetaDataSupportsConvertTest" time="0.003"/>
    <testcase name="testSupportsConvert_to_TIMESTAMP_WITH_TIME_ZONE_from_ROWID" classname="org.hsqldb.jdbc.JDBCDatabaseMetaDataSupportsConvertTest" time="0.003"/>
    <testcase name="testSupportsConvert_to_TIMESTAMP_WITH_TIME_ZONE_from_SMALLINT" classname="org.hsqldb.jdbc.JDBCDatabaseMetaDataSupportsConvertTest" time="0.003"/>
    <testcase name="testSupportsConvert_to_TIMESTAMP_WITH_TIME_ZONE_from_STRUCT" classname="org.hsqldb.jdbc.JDBCDatabaseMetaDataSupportsConvertTest" time="0.002"/>
    <testcase name="testSupportsConvert_to_TIMESTAMP_WITH_TIME_ZONE_from_TIME" classname="org.hsqldb.jdbc.JDBCDatabaseMetaDataSupportsConvertTest" time="0.002"/>
    <testcase name="testSupportsConvert_to_TIMESTAMP_WITH_TIME_ZONE_from_TIMESTAMP" classname="org.hsqldb.jdbc.JDBCDatabaseMetaDataSupportsConvertTest" time="0.003"/>
    <testcase name="testSupportsConvert_to_TIMESTAMP_WITH_TIME_ZONE_from_TIME_WITH_TIME_ZONE" classname="org.hsqldb.jdbc.JDBCDatabaseMetaDataSupportsConvertTest" time="0.003"/>
    <testcase name="testSupportsConvert_to_TIMESTAMP_WITH_TIME_ZONE_from_TIMESTAMP_WITH_TIME_ZONE" classname="org.hsqldb.jdbc.JDBCDatabaseMetaDataSupportsConvertTest" time="0.003"/>
    <testcase name="testSupportsConvert_to_TIMESTAMP_WITH_TIME_ZONE_from_TINYINT" classname="org.hsqldb.jdbc.JDBCDatabaseMetaDataSupportsConvertTest" time="0.002"/>
    <testcase name="testSupportsConvert_to_TIMESTAMP_WITH_TIME_ZONE_from_VARBINARY" classname="org.hsqldb.jdbc.JDBCDatabaseMetaDataSupportsConvertTest" time="0.003"/>
    <testcase name="testSupportsConvert_to_TIMESTAMP_WITH_TIME_ZONE_from_VARCHAR" classname="org.hsqldb.jdbc.JDBCDatabaseMetaDataSupportsConvertTest" time="0.002"/>
    <testcase name="testSupportsConvert_to_TIMESTAMP_WITH_TIME_ZONE_from_VARCHAR_IGNORECASE" classname="org.hsqldb.jdbc.JDBCDatabaseMetaDataSupportsConvertTest" time="0.003"/>
    <testcase name="testSupportsConvert_to_TIMESTAMP_WITH_TIME_ZONE_from_INTERVAL_YEAR" classname="org.hsqldb.jdbc.JDBCDatabaseMetaDataSupportsConvertTest" time="0.002"/>
    <testcase name="testSupportsConvert_to_TIMESTAMP_WITH_TIME_ZONE_from_INTERVAL_MONTH" classname="org.hsqldb.jdbc.JDBCDatabaseMetaDataSupportsConvertTest" time="0.003"/>
    <testcase name="testSupportsConvert_to_TIMESTAMP_WITH_TIME_ZONE_from_INTERVAL_DAY" classname="org.hsqldb.jdbc.JDBCDatabaseMetaDataSupportsConvertTest" time="0.002"/>
    <testcase name="testSupportsConvert_to_TIMESTAMP_WITH_TIME_ZONE_from_INTERVAL_HOUR" classname="org.hsqldb.jdbc.JDBCDatabaseMetaDataSupportsConvertTest" time="0.003"/>
    <testcase name="testSupportsConvert_to_TIMESTAMP_WITH_TIME_ZONE_from_INTERVAL_MINUTE" classname="org.hsqldb.jdbc.JDBCDatabaseMetaDataSupportsConvertTest" time="0.002"/>
    <testcase name="testSupportsConvert_to_TIMESTAMP_WITH_TIME_ZONE_from_INTERVAL_SECOND" classname="org.hsqldb.jdbc.JDBCDatabaseMetaDataSupportsConvertTest" time="0.002"/>
    <testcase name="testSupportsConvert_to_TIMESTAMP_WITH_TIME_ZONE_from_INTERVAL_YEAR_TO_MONTH" classname="org.hsqldb.jdbc.JDBCDatabaseMetaDataSupportsConvertTest" time="0.003"/>
    <testcase name="testSupportsConvert_to_TIMESTAMP_WITH_TIME_ZONE_from_INTERVAL_DAY_TO_HOUR" classname="org.hsqldb.jdbc.JDBCDatabaseMetaDataSupportsConvertTest" time="0.002"/>
    <testcase name="testSupportsConvert_to_TIMESTAMP_WITH_TIME_ZONE_from_INTERVAL_DAY_TO_MINUTE" classname="org.hsqldb.jdbc.JDBCDatabaseMetaDataSupportsConvertTest" time="0.002"/>
    <testcase name="testSupportsConvert_to_TIMESTAMP_WITH_TIME_ZONE_from_INTERVAL_DAY_TO_SECOND" classname="org.hsqldb.jdbc.JDBCDatabaseMetaDataSupportsConvertTest" time="0.003"/>
    <testcase name="testSupportsConvert_to_TIMESTAMP_WITH_TIME_ZONE_from_INTERVAL_HOUR_TO_MINUTE" classname="org.hsqldb.jdbc.JDBCDatabaseMetaDataSupportsConvertTest" time="0.002"/>
    <testcase name="testSupportsConvert_to_TIMESTAMP_WITH_TIME_ZONE_from_INTERVAL_HOUR_TO_SECOND" classname="org.hsqldb.jdbc.JDBCDatabaseMetaDataSupportsConvertTest" time="0.002"/>
    <testcase name="testSupportsConvert_to_TIMESTAMP_WITH_TIME_ZONE_from_INTERVAL_MINUTE_TO_SECOND" classname="org.hsqldb.jdbc.JDBCDatabaseMetaDataSupportsConvertTest" time="0.002"/>
    <testcase name="testSupportsConvert_to_TINYINT_from_ARRAY" classname="org.hsqldb.jdbc.JDBCDatabaseMetaDataSupportsConvertTest" time="0.003"/>
    <testcase name="testSupportsConvert_to_TINYINT_from_BIGINT" classname="org.hsqldb.jdbc.JDBCDatabaseMetaDataSupportsConvertTest" time="0.002"/>
    <testcase name="testSupportsConvert_to_TINYINT_from_BINARY" classname="org.hsqldb.jdbc.JDBCDatabaseMetaDataSupportsConvertTest" time="0.002"/>
    <testcase name="testSupportsConvert_to_TINYINT_from_BIT" classname="org.hsqldb.jdbc.JDBCDatabaseMetaDataSupportsConvertTest" time="0.002"/>
    <testcase name="testSupportsConvert_to_TINYINT_from_BLOB" classname="org.hsqldb.jdbc.JDBCDatabaseMetaDataSupportsConvertTest" time="0.003"/>
    <testcase name="testSupportsConvert_to_TINYINT_from_BOOLEAN" classname="org.hsqldb.jdbc.JDBCDatabaseMetaDataSupportsConvertTest" time="0.002"/>
    <testcase name="testSupportsConvert_to_TINYINT_from_CHAR" classname="org.hsqldb.jdbc.JDBCDatabaseMetaDataSupportsConvertTest" time="0.003"/>
    <testcase name="testSupportsConvert_to_TINYINT_from_CLOB" classname="org.hsqldb.jdbc.JDBCDatabaseMetaDataSupportsConvertTest" time="0.002"/>
    <testcase name="testSupportsConvert_to_TINYINT_from_DATALINK" classname="org.hsqldb.jdbc.JDBCDatabaseMetaDataSupportsConvertTest" time="0.002"/>
    <testcase name="testSupportsConvert_to_TINYINT_from_DATE" classname="org.hsqldb.jdbc.JDBCDatabaseMetaDataSupportsConvertTest" time="0.002"/>
    <testcase name="testSupportsConvert_to_TINYINT_from_DECIMAL" classname="org.hsqldb.jdbc.JDBCDatabaseMetaDataSupportsConvertTest" time="0.002"/>
    <testcase name="testSupportsConvert_to_TINYINT_from_DISTINCT" classname="org.hsqldb.jdbc.JDBCDatabaseMetaDataSupportsConvertTest" time="0.003"/>
    <testcase name="testSupportsConvert_to_TINYINT_from_DOUBLE" classname="org.hsqldb.jdbc.JDBCDatabaseMetaDataSupportsConvertTest" time="0.002"/>
    <testcase name="testSupportsConvert_to_TINYINT_from_FLOAT" classname="org.hsqldb.jdbc.JDBCDatabaseMetaDataSupportsConvertTest" time="0.002"/>
    <testcase name="testSupportsConvert_to_TINYINT_from_INTEGER" classname="org.hsqldb.jdbc.JDBCDatabaseMetaDataSupportsConvertTest" time="0.003"/>
    <testcase name="testSupportsConvert_to_TINYINT_from_JAVA_OBJECT" classname="org.hsqldb.jdbc.JDBCDatabaseMetaDataSupportsConvertTest" time="0.002"/>
    <testcase name="testSupportsConvert_to_TINYINT_from_LONGNVARCHAR" classname="org.hsqldb.jdbc.JDBCDatabaseMetaDataSupportsConvertTest" time="0.002"/>
    <testcase name="testSupportsConvert_to_TINYINT_from_LONGVARCHAR" classname="org.hsqldb.jdbc.JDBCDatabaseMetaDataSupportsConvertTest" time="0.002"/>
    <testcase name="testSupportsConvert_to_TINYINT_from_LONGVARBINARY" classname="org.hsqldb.jdbc.JDBCDatabaseMetaDataSupportsConvertTest" time="0.003"/>
    <testcase name="testSupportsConvert_to_TINYINT_from_NCHAR" classname="org.hsqldb.jdbc.JDBCDatabaseMetaDataSupportsConvertTest" time="0.002"/>
    <testcase name="testSupportsConvert_to_TINYINT_from_NCLOB" classname="org.hsqldb.jdbc.JDBCDatabaseMetaDataSupportsConvertTest" time="0.002"/>
    <testcase name="testSupportsConvert_to_TINYINT_from_NULL" classname="org.hsqldb.jdbc.JDBCDatabaseMetaDataSupportsConvertTest" time="0.002"/>
    <testcase name="testSupportsConvert_to_TINYINT_from_NUMERIC" classname="org.hsqldb.jdbc.JDBCDatabaseMetaDataSupportsConvertTest" time="0.003"/>
    <testcase name="testSupportsConvert_to_TINYINT_from_NVARCHAR" classname="org.hsqldb.jdbc.JDBCDatabaseMetaDataSupportsConvertTest" time="0.002"/>
    <testcase name="testSupportsConvert_to_TINYINT_from_OTHER" classname="org.hsqldb.jdbc.JDBCDatabaseMetaDataSupportsConvertTest" time="0.003"/>
    <testcase name="testSupportsConvert_to_TINYINT_from_REAL" classname="org.hsqldb.jdbc.JDBCDatabaseMetaDataSupportsConvertTest" time="0.002"/>
    <testcase name="testSupportsConvert_to_TINYINT_from_REF" classname="org.hsqldb.jdbc.JDBCDatabaseMetaDataSupportsConvertTest" time="0.002"/>
    <testcase name="testSupportsConvert_to_TINYINT_from_ROWID" classname="org.hsqldb.jdbc.JDBCDatabaseMetaDataSupportsConvertTest" time="0.003"/>
    <testcase name="testSupportsConvert_to_TINYINT_from_SMALLINT" classname="org.hsqldb.jdbc.JDBCDatabaseMetaDataSupportsConvertTest" time="0.002"/>
    <testcase name="testSupportsConvert_to_TINYINT_from_STRUCT" classname="org.hsqldb.jdbc.JDBCDatabaseMetaDataSupportsConvertTest" time="0.002"/>
    <testcase name="testSupportsConvert_to_TINYINT_from_TIME" classname="org.hsqldb.jdbc.JDBCDatabaseMetaDataSupportsConvertTest" time="0.002"/>
    <testcase name="testSupportsConvert_to_TINYINT_from_TIMESTAMP" classname="org.hsqldb.jdbc.JDBCDatabaseMetaDataSupportsConvertTest" time="0.003"/>
    <testcase name="testSupportsConvert_to_TINYINT_from_TIME_WITH_TIME_ZONE" classname="org.hsqldb.jdbc.JDBCDatabaseMetaDataSupportsConvertTest" time="0.002"/>
    <testcase name="testSupportsConvert_to_TINYINT_from_TIMESTAMP_WITH_TIME_ZONE" classname="org.hsqldb.jdbc.JDBCDatabaseMetaDataSupportsConvertTest" time="0.002"/>
    <testcase name="testSupportsConvert_to_TINYINT_from_TINYINT" classname="org.hsqldb.jdbc.JDBCDatabaseMetaDataSupportsConvertTest" time="0.002"/>
    <testcase name="testSupportsConvert_to_TINYINT_from_VARBINARY" classname="org.hsqldb.jdbc.JDBCDatabaseMetaDataSupportsConvertTest" time="0.003"/>
    <testcase name="testSupportsConvert_to_TINYINT_from_VARCHAR" classname="org.hsqldb.jdbc.JDBCDatabaseMetaDataSupportsConvertTest" time="0.003"/>
    <testcase name="testSupportsConvert_to_TINYINT_from_VARCHAR_IGNORECASE" classname="org.hsqldb.jdbc.JDBCDatabaseMetaDataSupportsConvertTest" time="0.002"/>
    <testcase name="testSupportsConvert_to_TINYINT_from_INTERVAL_YEAR" classname="org.hsqldb.jdbc.JDBCDatabaseMetaDataSupportsConvertTest" time="0.003"/>
    <testcase name="testSupportsConvert_to_TINYINT_from_INTERVAL_MONTH" classname="org.hsqldb.jdbc.JDBCDatabaseMetaDataSupportsConvertTest" time="0.002"/>
    <testcase name="testSupportsConvert_to_TINYINT_from_INTERVAL_DAY" classname="org.hsqldb.jdbc.JDBCDatabaseMetaDataSupportsConvertTest" time="0.002"/>
    <testcase name="testSupportsConvert_to_TINYINT_from_INTERVAL_HOUR" classname="org.hsqldb.jdbc.JDBCDatabaseMetaDataSupportsConvertTest" time="0.003"/>
    <testcase name="testSupportsConvert_to_TINYINT_from_INTERVAL_MINUTE" classname="org.hsqldb.jdbc.JDBCDatabaseMetaDataSupportsConvertTest" time="0.002"/>
    <testcase name="testSupportsConvert_to_TINYINT_from_INTERVAL_SECOND" classname="org.hsqldb.jdbc.JDBCDatabaseMetaDataSupportsConvertTest" time="0.002"/>
    <testcase name="testSupportsConvert_to_TINYINT_from_INTERVAL_YEAR_TO_MONTH" classname="org.hsqldb.jdbc.JDBCDatabaseMetaDataSupportsConvertTest" time="0.003"/>
    <testcase name="testSupportsConvert_to_TINYINT_from_INTERVAL_DAY_TO_HOUR" classname="org.hsqldb.jdbc.JDBCDatabaseMetaDataSupportsConvertTest" time="0.002"/>
    <testcase name="testSupportsConvert_to_TINYINT_from_INTERVAL_DAY_TO_MINUTE" classname="org.hsqldb.jdbc.JDBCDatabaseMetaDataSupportsConvertTest" time="0.002"/>
    <testcase name="testSupportsConvert_to_TINYINT_from_INTERVAL_DAY_TO_SECOND" classname="org.hsqldb.jdbc.JDBCDatabaseMetaDataSupportsConvertTest" time="0.002"/>
    <testcase name="testSupportsConvert_to_TINYINT_from_INTERVAL_HOUR_TO_MINUTE" classname="org.hsqldb.jdbc.JDBCDatabaseMetaDataSupportsConvertTest" time="0.003"/>
    <testcase name="testSupportsConvert_to_TINYINT_from_INTERVAL_HOUR_TO_SECOND" classname="org.hsqldb.jdbc.JDBCDatabaseMetaDataSupportsConvertTest" time="0.002"/>
    <testcase name="testSupportsConvert_to_TINYINT_from_INTERVAL_MINUTE_TO_SECOND" classname="org.hsqldb.jdbc.JDBCDatabaseMetaDataSupportsConvertTest" time="0.002"/>
    <testcase name="testSupportsConvert_to_VARBINARY_from_ARRAY" classname="org.hsqldb.jdbc.JDBCDatabaseMetaDataSupportsConvertTest" time="0.002"/>
    <testcase name="testSupportsConvert_to_VARBINARY_from_BIGINT" classname="org.hsqldb.jdbc.JDBCDatabaseMetaDataSupportsConvertTest" time="0.003"/>
    <testcase name="testSupportsConvert_to_VARBINARY_from_BINARY" classname="org.hsqldb.jdbc.JDBCDatabaseMetaDataSupportsConvertTest" time="0.002"/>
    <testcase name="testSupportsConvert_to_VARBINARY_from_BIT" classname="org.hsqldb.jdbc.JDBCDatabaseMetaDataSupportsConvertTest" time="0.002"/>
    <testcase name="testSupportsConvert_to_VARBINARY_from_BLOB" classname="org.hsqldb.jdbc.JDBCDatabaseMetaDataSupportsConvertTest" time="0.003"/>
    <testcase name="testSupportsConvert_to_VARBINARY_from_BOOLEAN" classname="org.hsqldb.jdbc.JDBCDatabaseMetaDataSupportsConvertTest" time="0.002"/>
    <testcase name="testSupportsConvert_to_VARBINARY_from_CHAR" classname="org.hsqldb.jdbc.JDBCDatabaseMetaDataSupportsConvertTest" time="0.002"/>
    <testcase name="testSupportsConvert_to_VARBINARY_from_CLOB" classname="org.hsqldb.jdbc.JDBCDatabaseMetaDataSupportsConvertTest" time="0.002"/>
    <testcase name="testSupportsConvert_to_VARBINARY_from_DATALINK" classname="org.hsqldb.jdbc.JDBCDatabaseMetaDataSupportsConvertTest" time="0.003"/>
    <testcase name="testSupportsConvert_to_VARBINARY_from_DATE" classname="org.hsqldb.jdbc.JDBCDatabaseMetaDataSupportsConvertTest" time="0.002"/>
    <testcase name="testSupportsConvert_to_VARBINARY_from_DECIMAL" classname="org.hsqldb.jdbc.JDBCDatabaseMetaDataSupportsConvertTest" time="0.003"/>
    <testcase name="testSupportsConvert_to_VARBINARY_from_DISTINCT" classname="org.hsqldb.jdbc.JDBCDatabaseMetaDataSupportsConvertTest" time="0.002"/>
    <testcase name="testSupportsConvert_to_VARBINARY_from_DOUBLE" classname="org.hsqldb.jdbc.JDBCDatabaseMetaDataSupportsConvertTest" time="0.002"/>
    <testcase name="testSupportsConvert_to_VARBINARY_from_FLOAT" classname="org.hsqldb.jdbc.JDBCDatabaseMetaDataSupportsConvertTest" time="0.003"/>
    <testcase name="testSupportsConvert_to_VARBINARY_from_INTEGER" classname="org.hsqldb.jdbc.JDBCDatabaseMetaDataSupportsConvertTest" time="0.002"/>
    <testcase name="testSupportsConvert_to_VARBINARY_from_JAVA_OBJECT" classname="org.hsqldb.jdbc.JDBCDatabaseMetaDataSupportsConvertTest" time="0.002"/>
    <testcase name="testSupportsConvert_to_VARBINARY_from_LONGNVARCHAR" classname="org.hsqldb.jdbc.JDBCDatabaseMetaDataSupportsConvertTest" time="0.002"/>
    <testcase name="testSupportsConvert_to_VARBINARY_from_LONGVARCHAR" classname="org.hsqldb.jdbc.JDBCDatabaseMetaDataSupportsConvertTest" time="0.002"/>
    <testcase name="testSupportsConvert_to_VARBINARY_from_LONGVARBINARY" classname="org.hsqldb.jdbc.JDBCDatabaseMetaDataSupportsConvertTest" time="0.003"/>
    <testcase name="testSupportsConvert_to_VARBINARY_from_NCHAR" classname="org.hsqldb.jdbc.JDBCDatabaseMetaDataSupportsConvertTest" time="0.002"/>
    <testcase name="testSupportsConvert_to_VARBINARY_from_NCLOB" classname="org.hsqldb.jdbc.JDBCDatabaseMetaDataSupportsConvertTest" time="0.002"/>
    <testcase name="testSupportsConvert_to_VARBINARY_from_NULL" classname="org.hsqldb.jdbc.JDBCDatabaseMetaDataSupportsConvertTest" time="0.002"/>
    <testcase name="testSupportsConvert_to_VARBINARY_from_NUMERIC" classname="org.hsqldb.jdbc.JDBCDatabaseMetaDataSupportsConvertTest" time="0.003"/>
    <testcase name="testSupportsConvert_to_VARBINARY_from_NVARCHAR" classname="org.hsqldb.jdbc.JDBCDatabaseMetaDataSupportsConvertTest" time="0.002"/>
    <testcase name="testSupportsConvert_to_VARBINARY_from_OTHER" classname="org.hsqldb.jdbc.JDBCDatabaseMetaDataSupportsConvertTest" time="0.003"/>
    <testcase name="testSupportsConvert_to_VARBINARY_from_REAL" classname="org.hsqldb.jdbc.JDBCDatabaseMetaDataSupportsConvertTest" time="0.002"/>
    <testcase name="testSupportsConvert_to_VARBINARY_from_REF" classname="org.hsqldb.jdbc.JDBCDatabaseMetaDataSupportsConvertTest" time="0.002"/>
    <testcase name="testSupportsConvert_to_VARBINARY_from_ROWID" classname="org.hsqldb.jdbc.JDBCDatabaseMetaDataSupportsConvertTest" time="0.002"/>
    <testcase name="testSupportsConvert_to_VARBINARY_from_SMALLINT" classname="org.hsqldb.jdbc.JDBCDatabaseMetaDataSupportsConvertTest" time="0.003"/>
    <testcase name="testSupportsConvert_to_VARBINARY_from_STRUCT" classname="org.hsqldb.jdbc.JDBCDatabaseMetaDataSupportsConvertTest" time="0.002"/>
    <testcase name="testSupportsConvert_to_VARBINARY_from_TIME" classname="org.hsqldb.jdbc.JDBCDatabaseMetaDataSupportsConvertTest" time="0.002"/>
    <testcase name="testSupportsConvert_to_VARBINARY_from_TIMESTAMP" classname="org.hsqldb.jdbc.JDBCDatabaseMetaDataSupportsConvertTest" time="0.003"/>
    <testcase name="testSupportsConvert_to_VARBINARY_from_TIME_WITH_TIME_ZONE" classname="org.hsqldb.jdbc.JDBCDatabaseMetaDataSupportsConvertTest" time="0.002"/>
    <testcase name="testSupportsConvert_to_VARBINARY_from_TIMESTAMP_WITH_TIME_ZONE" classname="org.hsqldb.jdbc.JDBCDatabaseMetaDataSupportsConvertTest" time="0.002"/>
    <testcase name="testSupportsConvert_to_VARBINARY_from_TINYINT" classname="org.hsqldb.jdbc.JDBCDatabaseMetaDataSupportsConvertTest" time="0.002"/>
    <testcase name="testSupportsConvert_to_VARBINARY_from_VARBINARY" classname="org.hsqldb.jdbc.JDBCDatabaseMetaDataSupportsConvertTest" time="0.002"/>
    <testcase name="testSupportsConvert_to_VARBINARY_from_VARCHAR" classname="org.hsqldb.jdbc.JDBCDatabaseMetaDataSupportsConvertTest" time="0.003"/>
    <testcase name="testSupportsConvert_to_VARBINARY_from_VARCHAR_IGNORECASE" classname="org.hsqldb.jdbc.JDBCDatabaseMetaDataSupportsConvertTest" time="0.002"/>
    <testcase name="testSupportsConvert_to_VARBINARY_from_INTERVAL_YEAR" classname="org.hsqldb.jdbc.JDBCDatabaseMetaDataSupportsConvertTest" time="0.002"/>
    <testcase name="testSupportsConvert_to_VARBINARY_from_INTERVAL_MONTH" classname="org.hsqldb.jdbc.JDBCDatabaseMetaDataSupportsConvertTest" time="0.003"/>
    <testcase name="testSupportsConvert_to_VARBINARY_from_INTERVAL_DAY" classname="org.hsqldb.jdbc.JDBCDatabaseMetaDataSupportsConvertTest" time="0.002"/>
    <testcase name="testSupportsConvert_to_VARBINARY_from_INTERVAL_HOUR" classname="org.hsqldb.jdbc.JDBCDatabaseMetaDataSupportsConvertTest" time="0.003"/>
    <testcase name="testSupportsConvert_to_VARBINARY_from_INTERVAL_MINUTE" classname="org.hsqldb.jdbc.JDBCDatabaseMetaDataSupportsConvertTest" time="0.002"/>
    <testcase name="testSupportsConvert_to_VARBINARY_from_INTERVAL_SECOND" classname="org.hsqldb.jdbc.JDBCDatabaseMetaDataSupportsConvertTest" time="0.002"/>
    <testcase name="testSupportsConvert_to_VARBINARY_from_INTERVAL_YEAR_TO_MONTH" classname="org.hsqldb.jdbc.JDBCDatabaseMetaDataSupportsConvertTest" time="0.003"/>
    <testcase name="testSupportsConvert_to_VARBINARY_from_INTERVAL_DAY_TO_HOUR" classname="org.hsqldb.jdbc.JDBCDatabaseMetaDataSupportsConvertTest" time="0.002"/>
    <testcase name="testSupportsConvert_to_VARBINARY_from_INTERVAL_DAY_TO_MINUTE" classname="org.hsqldb.jdbc.JDBCDatabaseMetaDataSupportsConvertTest" time="0.002"/>
    <testcase name="testSupportsConvert_to_VARBINARY_from_INTERVAL_DAY_TO_SECOND" classname="org.hsqldb.jdbc.JDBCDatabaseMetaDataSupportsConvertTest" time="0.003"/>
    <testcase name="testSupportsConvert_to_VARBINARY_from_INTERVAL_HOUR_TO_MINUTE" classname="org.hsqldb.jdbc.JDBCDatabaseMetaDataSupportsConvertTest" time="0.002"/>
    <testcase name="testSupportsConvert_to_VARBINARY_from_INTERVAL_HOUR_TO_SECOND" classname="org.hsqldb.jdbc.JDBCDatabaseMetaDataSupportsConvertTest" time="0.002"/>
    <testcase name="testSupportsConvert_to_VARBINARY_from_INTERVAL_MINUTE_TO_SECOND" classname="org.hsqldb.jdbc.JDBCDatabaseMetaDataSupportsConvertTest" time="0.002"/>
    <testcase name="testSupportsConvert_to_VARCHAR_from_ARRAY" classname="org.hsqldb.jdbc.JDBCDatabaseMetaDataSupportsConvertTest" time="0.003"/>
    <testcase name="testSupportsConvert_to_VARCHAR_from_BIGINT" classname="org.hsqldb.jdbc.JDBCDatabaseMetaDataSupportsConvertTest" time="0.002"/>
    <testcase name="testSupportsConvert_to_VARCHAR_from_BINARY" classname="org.hsqldb.jdbc.JDBCDatabaseMetaDataSupportsConvertTest" time="0.002"/>
    <testcase name="testSupportsConvert_to_VARCHAR_from_BIT" classname="org.hsqldb.jdbc.JDBCDatabaseMetaDataSupportsConvertTest" time="0.002"/>
    <testcase name="testSupportsConvert_to_VARCHAR_from_BLOB" classname="org.hsqldb.jdbc.JDBCDatabaseMetaDataSupportsConvertTest" time="0.003"/>
    <testcase name="testSupportsConvert_to_VARCHAR_from_BOOLEAN" classname="org.hsqldb.jdbc.JDBCDatabaseMetaDataSupportsConvertTest" time="0.002"/>
    <testcase name="testSupportsConvert_to_VARCHAR_from_CHAR" classname="org.hsqldb.jdbc.JDBCDatabaseMetaDataSupportsConvertTest" time="0.002"/>
    <testcase name="testSupportsConvert_to_VARCHAR_from_CLOB" classname="org.hsqldb.jdbc.JDBCDatabaseMetaDataSupportsConvertTest" time="0.003"/>
    <testcase name="testSupportsConvert_to_VARCHAR_from_DATALINK" classname="org.hsqldb.jdbc.JDBCDatabaseMetaDataSupportsConvertTest" time="0.002"/>
    <testcase name="testSupportsConvert_to_VARCHAR_from_DATE" classname="org.hsqldb.jdbc.JDBCDatabaseMetaDataSupportsConvertTest" time="0.002"/>
    <testcase name="testSupportsConvert_to_VARCHAR_from_DECIMAL" classname="org.hsqldb.jdbc.JDBCDatabaseMetaDataSupportsConvertTest" time="0.002"/>
    <testcase name="testSupportsConvert_to_VARCHAR_from_DISTINCT" classname="org.hsqldb.jdbc.JDBCDatabaseMetaDataSupportsConvertTest" time="0.002"/>
    <testcase name="testSupportsConvert_to_VARCHAR_from_DOUBLE" classname="org.hsqldb.jdbc.JDBCDatabaseMetaDataSupportsConvertTest" time="0.003"/>
    <testcase name="testSupportsConvert_to_VARCHAR_from_FLOAT" classname="org.hsqldb.jdbc.JDBCDatabaseMetaDataSupportsConvertTest" time="0.002"/>
    <testcase name="testSupportsConvert_to_VARCHAR_from_INTEGER" classname="org.hsqldb.jdbc.JDBCDatabaseMetaDataSupportsConvertTest" time="0.003"/>
    <testcase name="testSupportsConvert_to_VARCHAR_from_JAVA_OBJECT" classname="org.hsqldb.jdbc.JDBCDatabaseMetaDataSupportsConvertTest" time="0.002"/>
    <testcase name="testSupportsConvert_to_VARCHAR_from_LONGNVARCHAR" classname="org.hsqldb.jdbc.JDBCDatabaseMetaDataSupportsConvertTest" time="0.002"/>
    <testcase name="testSupportsConvert_to_VARCHAR_from_LONGVARCHAR" classname="org.hsqldb.jdbc.JDBCDatabaseMetaDataSupportsConvertTest" time="0.002"/>
    <testcase name="testSupportsConvert_to_VARCHAR_from_LONGVARBINARY" classname="org.hsqldb.jdbc.JDBCDatabaseMetaDataSupportsConvertTest" time="0.003"/>
    <testcase name="testSupportsConvert_to_VARCHAR_from_NCHAR" classname="org.hsqldb.jdbc.JDBCDatabaseMetaDataSupportsConvertTest" time="0.002"/>
    <testcase name="testSupportsConvert_to_VARCHAR_from_NCLOB" classname="org.hsqldb.jdbc.JDBCDatabaseMetaDataSupportsConvertTest" time="0.003"/>
    <testcase name="testSupportsConvert_to_VARCHAR_from_NULL" classname="org.hsqldb.jdbc.JDBCDatabaseMetaDataSupportsConvertTest" time="0.003"/>
    <testcase name="testSupportsConvert_to_VARCHAR_from_NUMERIC" classname="org.hsqldb.jdbc.JDBCDatabaseMetaDataSupportsConvertTest" time="0.002"/>
    <testcase name="testSupportsConvert_to_VARCHAR_from_NVARCHAR" classname="org.hsqldb.jdbc.JDBCDatabaseMetaDataSupportsConvertTest" time="0.003"/>
    <testcase name="testSupportsConvert_to_VARCHAR_from_OTHER" classname="org.hsqldb.jdbc.JDBCDatabaseMetaDataSupportsConvertTest" time="0.002"/>
    <testcase name="testSupportsConvert_to_VARCHAR_from_REAL" classname="org.hsqldb.jdbc.JDBCDatabaseMetaDataSupportsConvertTest" time="0.003"/>
    <testcase name="testSupportsConvert_to_VARCHAR_from_REF" classname="org.hsqldb.jdbc.JDBCDatabaseMetaDataSupportsConvertTest" time="0.002"/>
    <testcase name="testSupportsConvert_to_VARCHAR_from_ROWID" classname="org.hsqldb.jdbc.JDBCDatabaseMetaDataSupportsConvertTest" time="0.003"/>
    <testcase name="testSupportsConvert_to_VARCHAR_from_SMALLINT" classname="org.hsqldb.jdbc.JDBCDatabaseMetaDataSupportsConvertTest" time="0.003"/>
    <testcase name="testSupportsConvert_to_VARCHAR_from_STRUCT" classname="org.hsqldb.jdbc.JDBCDatabaseMetaDataSupportsConvertTest" time="0.002"/>
    <testcase name="testSupportsConvert_to_VARCHAR_from_TIME" classname="org.hsqldb.jdbc.JDBCDatabaseMetaDataSupportsConvertTest" time="0.003"/>
    <testcase name="testSupportsConvert_to_VARCHAR_from_TIMESTAMP" classname="org.hsqldb.jdbc.JDBCDatabaseMetaDataSupportsConvertTest" time="0.002"/>
    <testcase name="testSupportsConvert_to_VARCHAR_from_TIME_WITH_TIME_ZONE" classname="org.hsqldb.jdbc.JDBCDatabaseMetaDataSupportsConvertTest" time="0.003"/>
    <testcase name="testSupportsConvert_to_VARCHAR_from_TIMESTAMP_WITH_TIME_ZONE" classname="org.hsqldb.jdbc.JDBCDatabaseMetaDataSupportsConvertTest" time="0.002"/>
    <testcase name="testSupportsConvert_to_VARCHAR_from_TINYINT" classname="org.hsqldb.jdbc.JDBCDatabaseMetaDataSupportsConvertTest" time="0.003"/>
    <testcase name="testSupportsConvert_to_VARCHAR_from_VARBINARY" classname="org.hsqldb.jdbc.JDBCDatabaseMetaDataSupportsConvertTest" time="0.003"/>
    <testcase name="testSupportsConvert_to_VARCHAR_from_VARCHAR" classname="org.hsqldb.jdbc.JDBCDatabaseMetaDataSupportsConvertTest" time="0.002"/>
    <testcase name="testSupportsConvert_to_VARCHAR_from_VARCHAR_IGNORECASE" classname="org.hsqldb.jdbc.JDBCDatabaseMetaDataSupportsConvertTest" time="0.003"/>
    <testcase name="testSupportsConvert_to_VARCHAR_from_INTERVAL_YEAR" classname="org.hsqldb.jdbc.JDBCDatabaseMetaDataSupportsConvertTest" time="0.003"/>
    <testcase name="testSupportsConvert_to_VARCHAR_from_INTERVAL_MONTH" classname="org.hsqldb.jdbc.JDBCDatabaseMetaDataSupportsConvertTest" time="0.002"/>
    <testcase name="testSupportsConvert_to_VARCHAR_from_INTERVAL_DAY" classname="org.hsqldb.jdbc.JDBCDatabaseMetaDataSupportsConvertTest" time="0.003"/>
    <testcase name="testSupportsConvert_to_VARCHAR_from_INTERVAL_HOUR" classname="org.hsqldb.jdbc.JDBCDatabaseMetaDataSupportsConvertTest" time="0.002"/>
    <testcase name="testSupportsConvert_to_VARCHAR_from_INTERVAL_MINUTE" classname="org.hsqldb.jdbc.JDBCDatabaseMetaDataSupportsConvertTest" time="0.003"/>
    <testcase name="testSupportsConvert_to_VARCHAR_from_INTERVAL_SECOND" classname="org.hsqldb.jdbc.JDBCDatabaseMetaDataSupportsConvertTest" time="0.002"/>
    <testcase name="testSupportsConvert_to_VARCHAR_from_INTERVAL_YEAR_TO_MONTH" classname="org.hsqldb.jdbc.JDBCDatabaseMetaDataSupportsConvertTest" time="0.003"/>
    <testcase name="testSupportsConvert_to_VARCHAR_from_INTERVAL_DAY_TO_HOUR" classname="org.hsqldb.jdbc.JDBCDatabaseMetaDataSupportsConvertTest" time="0.004"/>
    <testcase name="testSupportsConvert_to_VARCHAR_from_INTERVAL_DAY_TO_MINUTE" classname="org.hsqldb.jdbc.JDBCDatabaseMetaDataSupportsConvertTest" time="0.002"/>
    <testcase name="testSupportsConvert_to_VARCHAR_from_INTERVAL_DAY_TO_SECOND" classname="org.hsqldb.jdbc.JDBCDatabaseMetaDataSupportsConvertTest" time="0.015"/>
    <testcase name="testSupportsConvert_to_VARCHAR_from_INTERVAL_HOUR_TO_MINUTE" classname="org.hsqldb.jdbc.JDBCDatabaseMetaDataSupportsConvertTest" time="0.0"/>
    <testcase name="testSupportsConvert_to_VARCHAR_from_INTERVAL_HOUR_TO_SECOND" classname="org.hsqldb.jdbc.JDBCDatabaseMetaDataSupportsConvertTest" time="0.0"/>
    <testcase name="testSupportsConvert_to_VARCHAR_from_INTERVAL_MINUTE_TO_SECOND" classname="org.hsqldb.jdbc.JDBCDatabaseMetaDataSupportsConvertTest" time="0.001"/>
    <testcase name="testSupportsConvert_to_VARCHAR_IGNORECASE_from_ARRAY" classname="org.hsqldb.jdbc.JDBCDatabaseMetaDataSupportsConvertTest" time="0.003"/>
    <testcase name="testSupportsConvert_to_VARCHAR_IGNORECASE_from_BIGINT" classname="org.hsqldb.jdbc.JDBCDatabaseMetaDataSupportsConvertTest" time="0.003"/>
    <testcase name="testSupportsConvert_to_VARCHAR_IGNORECASE_from_BINARY" classname="org.hsqldb.jdbc.JDBCDatabaseMetaDataSupportsConvertTest" time="0.002"/>
    <testcase name="testSupportsConvert_to_VARCHAR_IGNORECASE_from_BIT" classname="org.hsqldb.jdbc.JDBCDatabaseMetaDataSupportsConvertTest" time="0.003"/>
    <testcase name="testSupportsConvert_to_VARCHAR_IGNORECASE_from_BLOB" classname="org.hsqldb.jdbc.JDBCDatabaseMetaDataSupportsConvertTest" time="0.003"/>
    <testcase name="testSupportsConvert_to_VARCHAR_IGNORECASE_from_BOOLEAN" classname="org.hsqldb.jdbc.JDBCDatabaseMetaDataSupportsConvertTest" time="0.003"/>
    <testcase name="testSupportsConvert_to_VARCHAR_IGNORECASE_from_CHAR" classname="org.hsqldb.jdbc.JDBCDatabaseMetaDataSupportsConvertTest" time="0.003"/>
    <testcase name="testSupportsConvert_to_VARCHAR_IGNORECASE_from_CLOB" classname="org.hsqldb.jdbc.JDBCDatabaseMetaDataSupportsConvertTest" time="0.004"/>
    <testcase name="testSupportsConvert_to_VARCHAR_IGNORECASE_from_DATALINK" classname="org.hsqldb.jdbc.JDBCDatabaseMetaDataSupportsConvertTest" time="0.003"/>
    <testcase name="testSupportsConvert_to_VARCHAR_IGNORECASE_from_DATE" classname="org.hsqldb.jdbc.JDBCDatabaseMetaDataSupportsConvertTest" time="0.004"/>
    <testcase name="testSupportsConvert_to_VARCHAR_IGNORECASE_from_DECIMAL" classname="org.hsqldb.jdbc.JDBCDatabaseMetaDataSupportsConvertTest" time="0.003"/>
    <testcase name="testSupportsConvert_to_VARCHAR_IGNORECASE_from_DISTINCT" classname="org.hsqldb.jdbc.JDBCDatabaseMetaDataSupportsConvertTest" time="0.004"/>
    <testcase name="testSupportsConvert_to_VARCHAR_IGNORECASE_from_DOUBLE" classname="org.hsqldb.jdbc.JDBCDatabaseMetaDataSupportsConvertTest" time="0.003"/>
    <testcase name="testSupportsConvert_to_VARCHAR_IGNORECASE_from_FLOAT" classname="org.hsqldb.jdbc.JDBCDatabaseMetaDataSupportsConvertTest" time="0.003"/>
    <testcase name="testSupportsConvert_to_VARCHAR_IGNORECASE_from_INTEGER" classname="org.hsqldb.jdbc.JDBCDatabaseMetaDataSupportsConvertTest" time="0.005"/>
    <testcase name="testSupportsConvert_to_VARCHAR_IGNORECASE_from_JAVA_OBJECT" classname="org.hsqldb.jdbc.JDBCDatabaseMetaDataSupportsConvertTest" time="0.003"/>
    <testcase name="testSupportsConvert_to_VARCHAR_IGNORECASE_from_LONGNVARCHAR" classname="org.hsqldb.jdbc.JDBCDatabaseMetaDataSupportsConvertTest" time="0.003"/>
    <testcase name="testSupportsConvert_to_VARCHAR_IGNORECASE_from_LONGVARCHAR" classname="org.hsqldb.jdbc.JDBCDatabaseMetaDataSupportsConvertTest" time="0.002"/>
    <testcase name="testSupportsConvert_to_VARCHAR_IGNORECASE_from_LONGVARBINARY" classname="org.hsqldb.jdbc.JDBCDatabaseMetaDataSupportsConvertTest" time="0.005"/>
    <testcase name="testSupportsConvert_to_VARCHAR_IGNORECASE_from_NCHAR" classname="org.hsqldb.jdbc.JDBCDatabaseMetaDataSupportsConvertTest" time="0.004"/>
    <testcase name="testSupportsConvert_to_VARCHAR_IGNORECASE_from_NCLOB" classname="org.hsqldb.jdbc.JDBCDatabaseMetaDataSupportsConvertTest" time="0.003"/>
    <testcase name="testSupportsConvert_to_VARCHAR_IGNORECASE_from_NULL" classname="org.hsqldb.jdbc.JDBCDatabaseMetaDataSupportsConvertTest" time="0.003"/>
    <testcase name="testSupportsConvert_to_VARCHAR_IGNORECASE_from_NUMERIC" classname="org.hsqldb.jdbc.JDBCDatabaseMetaDataSupportsConvertTest" time="0.002"/>
    <testcase name="testSupportsConvert_to_VARCHAR_IGNORECASE_from_NVARCHAR" classname="org.hsqldb.jdbc.JDBCDatabaseMetaDataSupportsConvertTest" time="0.004"/>
    <testcase name="testSupportsConvert_to_VARCHAR_IGNORECASE_from_OTHER" classname="org.hsqldb.jdbc.JDBCDatabaseMetaDataSupportsConvertTest" time="0.003"/>
    <testcase name="testSupportsConvert_to_VARCHAR_IGNORECASE_from_REAL" classname="org.hsqldb.jdbc.JDBCDatabaseMetaDataSupportsConvertTest" time="0.002"/>
    <testcase name="testSupportsConvert_to_VARCHAR_IGNORECASE_from_REF" classname="org.hsqldb.jdbc.JDBCDatabaseMetaDataSupportsConvertTest" time="0.003"/>
    <testcase name="testSupportsConvert_to_VARCHAR_IGNORECASE_from_ROWID" classname="org.hsqldb.jdbc.JDBCDatabaseMetaDataSupportsConvertTest" time="0.002"/>
    <testcase name="testSupportsConvert_to_VARCHAR_IGNORECASE_from_SMALLINT" classname="org.hsqldb.jdbc.JDBCDatabaseMetaDataSupportsConvertTest" time="0.003"/>
    <testcase name="testSupportsConvert_to_VARCHAR_IGNORECASE_from_STRUCT" classname="org.hsqldb.jdbc.JDBCDatabaseMetaDataSupportsConvertTest" time="0.002"/>
    <testcase name="testSupportsConvert_to_VARCHAR_IGNORECASE_from_TIME" classname="org.hsqldb.jdbc.JDBCDatabaseMetaDataSupportsConvertTest" time="0.002"/>
    <testcase name="testSupportsConvert_to_VARCHAR_IGNORECASE_from_TIMESTAMP" classname="org.hsqldb.jdbc.JDBCDatabaseMetaDataSupportsConvertTest" time="0.003"/>
    <testcase name="testSupportsConvert_to_VARCHAR_IGNORECASE_from_TIME_WITH_TIME_ZONE" classname="org.hsqldb.jdbc.JDBCDatabaseMetaDataSupportsConvertTest" time="0.002"/>
    <testcase name="testSupportsConvert_to_VARCHAR_IGNORECASE_from_TIMESTAMP_WITH_TIME_ZONE" classname="org.hsqldb.jdbc.JDBCDatabaseMetaDataSupportsConvertTest" time="0.003"/>
    <testcase name="testSupportsConvert_to_VARCHAR_IGNORECASE_from_TINYINT" classname="org.hsqldb.jdbc.JDBCDatabaseMetaDataSupportsConvertTest" time="0.002"/>
    <testcase name="testSupportsConvert_to_VARCHAR_IGNORECASE_from_VARBINARY" classname="org.hsqldb.jdbc.JDBCDatabaseMetaDataSupportsConvertTest" time="0.003"/>
    <testcase name="testSupportsConvert_to_VARCHAR_IGNORECASE_from_VARCHAR" classname="org.hsqldb.jdbc.JDBCDatabaseMetaDataSupportsConvertTest" time="0.003"/>
    <testcase name="testSupportsConvert_to_VARCHAR_IGNORECASE_from_VARCHAR_IGNORECASE" classname="org.hsqldb.jdbc.JDBCDatabaseMetaDataSupportsConvertTest" time="0.003"/>
    <testcase name="testSupportsConvert_to_VARCHAR_IGNORECASE_from_INTERVAL_YEAR" classname="org.hsqldb.jdbc.JDBCDatabaseMetaDataSupportsConvertTest" time="0.002"/>
    <testcase name="testSupportsConvert_to_VARCHAR_IGNORECASE_from_INTERVAL_MONTH" classname="org.hsqldb.jdbc.JDBCDatabaseMetaDataSupportsConvertTest" time="0.003"/>
    <testcase name="testSupportsConvert_to_VARCHAR_IGNORECASE_from_INTERVAL_DAY" classname="org.hsqldb.jdbc.JDBCDatabaseMetaDataSupportsConvertTest" time="0.002"/>
    <testcase name="testSupportsConvert_to_VARCHAR_IGNORECASE_from_INTERVAL_HOUR" classname="org.hsqldb.jdbc.JDBCDatabaseMetaDataSupportsConvertTest" time="0.002"/>
    <testcase name="testSupportsConvert_to_VARCHAR_IGNORECASE_from_INTERVAL_MINUTE" classname="org.hsqldb.jdbc.JDBCDatabaseMetaDataSupportsConvertTest" time="0.003"/>
    <testcase name="testSupportsConvert_to_VARCHAR_IGNORECASE_from_INTERVAL_SECOND" classname="org.hsqldb.jdbc.JDBCDatabaseMetaDataSupportsConvertTest" time="0.003"/>
    <testcase name="testSupportsConvert_to_VARCHAR_IGNORECASE_from_INTERVAL_YEAR_TO_MONTH" classname="org.hsqldb.jdbc.JDBCDatabaseMetaDataSupportsConvertTest" time="0.002"/>
    <testcase name="testSupportsConvert_to_VARCHAR_IGNORECASE_from_INTERVAL_DAY_TO_HOUR" classname="org.hsqldb.jdbc.JDBCDatabaseMetaDataSupportsConvertTest" time="0.002"/>
    <testcase name="testSupportsConvert_to_VARCHAR_IGNORECASE_from_INTERVAL_DAY_TO_MINUTE" classname="org.hsqldb.jdbc.JDBCDatabaseMetaDataSupportsConvertTest" time="0.003"/>
    <testcase name="testSupportsConvert_to_VARCHAR_IGNORECASE_from_INTERVAL_DAY_TO_SECOND" classname="org.hsqldb.jdbc.JDBCDatabaseMetaDataSupportsConvertTest" time="0.002"/>
    <testcase name="testSupportsConvert_to_VARCHAR_IGNORECASE_from_INTERVAL_HOUR_TO_MINUTE" classname="org.hsqldb.jdbc.JDBCDatabaseMetaDataSupportsConvertTest" time="0.002"/>
    <testcase name="testSupportsConvert_to_VARCHAR_IGNORECASE_from_INTERVAL_HOUR_TO_SECOND" classname="org.hsqldb.jdbc.JDBCDatabaseMetaDataSupportsConvertTest" time="0.002"/>
    <testcase name="testSupportsConvert_to_VARCHAR_IGNORECASE_from_INTERVAL_MINUTE_TO_SECOND" classname="org.hsqldb.jdbc.JDBCDatabaseMetaDataSupportsConvertTest" time="0.003"/>
    <testcase name="testSupportsConvert_to_INTERVAL_YEAR_from_ARRAY" classname="org.hsqldb.jdbc.JDBCDatabaseMetaDataSupportsConvertTest" time="0.003"/>
    <testcase name="testSupportsConvert_to_INTERVAL_YEAR_from_BIGINT" classname="org.hsqldb.jdbc.JDBCDatabaseMetaDataSupportsConvertTest" time="0.002"/>
    <testcase name="testSupportsConvert_to_INTERVAL_YEAR_from_BINARY" classname="org.hsqldb.jdbc.JDBCDatabaseMetaDataSupportsConvertTest" time="0.002"/>
    <testcase name="testSupportsConvert_to_INTERVAL_YEAR_from_BIT" classname="org.hsqldb.jdbc.JDBCDatabaseMetaDataSupportsConvertTest" time="0.002"/>
    <testcase name="testSupportsConvert_to_INTERVAL_YEAR_from_BLOB" classname="org.hsqldb.jdbc.JDBCDatabaseMetaDataSupportsConvertTest" time="0.003"/>
    <testcase name="testSupportsConvert_to_INTERVAL_YEAR_from_BOOLEAN" classname="org.hsqldb.jdbc.JDBCDatabaseMetaDataSupportsConvertTest" time="0.002"/>
    <testcase name="testSupportsConvert_to_INTERVAL_YEAR_from_CHAR" classname="org.hsqldb.jdbc.JDBCDatabaseMetaDataSupportsConvertTest" time="0.003"/>
    <testcase name="testSupportsConvert_to_INTERVAL_YEAR_from_CLOB" classname="org.hsqldb.jdbc.JDBCDatabaseMetaDataSupportsConvertTest" time="0.002"/>
    <testcase name="testSupportsConvert_to_INTERVAL_YEAR_from_DATALINK" classname="org.hsqldb.jdbc.JDBCDatabaseMetaDataSupportsConvertTest" time="0.002"/>
    <testcase name="testSupportsConvert_to_INTERVAL_YEAR_from_DATE" classname="org.hsqldb.jdbc.JDBCDatabaseMetaDataSupportsConvertTest" time="0.003"/>
    <testcase name="testSupportsConvert_to_INTERVAL_YEAR_from_DECIMAL" classname="org.hsqldb.jdbc.JDBCDatabaseMetaDataSupportsConvertTest" time="0.002"/>
    <testcase name="testSupportsConvert_to_INTERVAL_YEAR_from_DISTINCT" classname="org.hsqldb.jdbc.JDBCDatabaseMetaDataSupportsConvertTest" time="0.002"/>
    <testcase name="testSupportsConvert_to_INTERVAL_YEAR_from_DOUBLE" classname="org.hsqldb.jdbc.JDBCDatabaseMetaDataSupportsConvertTest" time="0.002"/>
    <testcase name="testSupportsConvert_to_INTERVAL_YEAR_from_FLOAT" classname="org.hsqldb.jdbc.JDBCDatabaseMetaDataSupportsConvertTest" time="0.003"/>
    <testcase name="testSupportsConvert_to_INTERVAL_YEAR_from_INTEGER" classname="org.hsqldb.jdbc.JDBCDatabaseMetaDataSupportsConvertTest" time="0.002"/>
    <testcase name="testSupportsConvert_to_INTERVAL_YEAR_from_JAVA_OBJECT" classname="org.hsqldb.jdbc.JDBCDatabaseMetaDataSupportsConvertTest" time="0.003"/>
    <testcase name="testSupportsConvert_to_INTERVAL_YEAR_from_LONGNVARCHAR" classname="org.hsqldb.jdbc.JDBCDatabaseMetaDataSupportsConvertTest" time="0.002"/>
    <testcase name="testSupportsConvert_to_INTERVAL_YEAR_from_LONGVARCHAR" classname="org.hsqldb.jdbc.JDBCDatabaseMetaDataSupportsConvertTest" time="0.002"/>
    <testcase name="testSupportsConvert_to_INTERVAL_YEAR_from_LONGVARBINARY" classname="org.hsqldb.jdbc.JDBCDatabaseMetaDataSupportsConvertTest" time="0.003"/>
    <testcase name="testSupportsConvert_to_INTERVAL_YEAR_from_NCHAR" classname="org.hsqldb.jdbc.JDBCDatabaseMetaDataSupportsConvertTest" time="0.002"/>
    <testcase name="testSupportsConvert_to_INTERVAL_YEAR_from_NCLOB" classname="org.hsqldb.jdbc.JDBCDatabaseMetaDataSupportsConvertTest" time="0.002"/>
    <testcase name="testSupportsConvert_to_INTERVAL_YEAR_from_NULL" classname="org.hsqldb.jdbc.JDBCDatabaseMetaDataSupportsConvertTest" time="0.002"/>
    <testcase name="testSupportsConvert_to_INTERVAL_YEAR_from_NUMERIC" classname="org.hsqldb.jdbc.JDBCDatabaseMetaDataSupportsConvertTest" time="0.003"/>
    <testcase name="testSupportsConvert_to_INTERVAL_YEAR_from_NVARCHAR" classname="org.hsqldb.jdbc.JDBCDatabaseMetaDataSupportsConvertTest" time="0.002"/>
    <testcase name="testSupportsConvert_to_INTERVAL_YEAR_from_OTHER" classname="org.hsqldb.jdbc.JDBCDatabaseMetaDataSupportsConvertTest" time="0.002"/>
    <testcase name="testSupportsConvert_to_INTERVAL_YEAR_from_REAL" classname="org.hsqldb.jdbc.JDBCDatabaseMetaDataSupportsConvertTest" time="0.089"/>
    <testcase name="testSupportsConvert_to_INTERVAL_YEAR_from_REF" classname="org.hsqldb.jdbc.JDBCDatabaseMetaDataSupportsConvertTest" time="0.002"/>
    <testcase name="testSupportsConvert_to_INTERVAL_YEAR_from_ROWID" classname="org.hsqldb.jdbc.JDBCDatabaseMetaDataSupportsConvertTest" time="0.003"/>
    <testcase name="testSupportsConvert_to_INTERVAL_YEAR_from_SMALLINT" classname="org.hsqldb.jdbc.JDBCDatabaseMetaDataSupportsConvertTest" time="0.002"/>
    <testcase name="testSupportsConvert_to_INTERVAL_YEAR_from_STRUCT" classname="org.hsqldb.jdbc.JDBCDatabaseMetaDataSupportsConvertTest" time="0.003"/>
    <testcase name="testSupportsConvert_to_INTERVAL_YEAR_from_TIME" classname="org.hsqldb.jdbc.JDBCDatabaseMetaDataSupportsConvertTest" time="0.002"/>
    <testcase name="testSupportsConvert_to_INTERVAL_YEAR_from_TIMESTAMP" classname="org.hsqldb.jdbc.JDBCDatabaseMetaDataSupportsConvertTest" time="0.002"/>
    <testcase name="testSupportsConvert_to_INTERVAL_YEAR_from_TIME_WITH_TIME_ZONE" classname="org.hsqldb.jdbc.JDBCDatabaseMetaDataSupportsConvertTest" time="0.002"/>
    <testcase name="testSupportsConvert_to_INTERVAL_YEAR_from_TIMESTAMP_WITH_TIME_ZONE" classname="org.hsqldb.jdbc.JDBCDatabaseMetaDataSupportsConvertTest" time="0.003"/>
    <testcase name="testSupportsConvert_to_INTERVAL_YEAR_from_TINYINT" classname="org.hsqldb.jdbc.JDBCDatabaseMetaDataSupportsConvertTest" time="0.002"/>
    <testcase name="testSupportsConvert_to_INTERVAL_YEAR_from_VARBINARY" classname="org.hsqldb.jdbc.JDBCDatabaseMetaDataSupportsConvertTest" time="0.002"/>
    <testcase name="testSupportsConvert_to_INTERVAL_YEAR_from_VARCHAR" classname="org.hsqldb.jdbc.JDBCDatabaseMetaDataSupportsConvertTest" time="0.003"/>
    <testcase name="testSupportsConvert_to_INTERVAL_YEAR_from_VARCHAR_IGNORECASE" classname="org.hsqldb.jdbc.JDBCDatabaseMetaDataSupportsConvertTest" time="0.004"/>
    <testcase name="testSupportsConvert_to_INTERVAL_YEAR_from_INTERVAL_YEAR" classname="org.hsqldb.jdbc.JDBCDatabaseMetaDataSupportsConvertTest" time="0.002"/>
    <testcase name="testSupportsConvert_to_INTERVAL_YEAR_from_INTERVAL_MONTH" classname="org.hsqldb.jdbc.JDBCDatabaseMetaDataSupportsConvertTest" time="0.002"/>
    <testcase name="testSupportsConvert_to_INTERVAL_YEAR_from_INTERVAL_DAY" classname="org.hsqldb.jdbc.JDBCDatabaseMetaDataSupportsConvertTest" time="0.003"/>
    <testcase name="testSupportsConvert_to_INTERVAL_YEAR_from_INTERVAL_HOUR" classname="org.hsqldb.jdbc.JDBCDatabaseMetaDataSupportsConvertTest" time="0.002"/>
    <testcase name="testSupportsConvert_to_INTERVAL_YEAR_from_INTERVAL_MINUTE" classname="org.hsqldb.jdbc.JDBCDatabaseMetaDataSupportsConvertTest" time="0.002"/>
    <testcase name="testSupportsConvert_to_INTERVAL_YEAR_from_INTERVAL_SECOND" classname="org.hsqldb.jdbc.JDBCDatabaseMetaDataSupportsConvertTest" time="0.002"/>
    <testcase name="testSupportsConvert_to_INTERVAL_YEAR_from_INTERVAL_YEAR_TO_MONTH" classname="org.hsqldb.jdbc.JDBCDatabaseMetaDataSupportsConvertTest" time="0.002"/>
    <testcase name="testSupportsConvert_to_INTERVAL_YEAR_from_INTERVAL_DAY_TO_HOUR" classname="org.hsqldb.jdbc.JDBCDatabaseMetaDataSupportsConvertTest" time="0.003"/>
    <testcase name="testSupportsConvert_to_INTERVAL_YEAR_from_INTERVAL_DAY_TO_MINUTE" classname="org.hsqldb.jdbc.JDBCDatabaseMetaDataSupportsConvertTest" time="0.002"/>
    <testcase name="testSupportsConvert_to_INTERVAL_YEAR_from_INTERVAL_DAY_TO_SECOND" classname="org.hsqldb.jdbc.JDBCDatabaseMetaDataSupportsConvertTest" time="0.002"/>
    <testcase name="testSupportsConvert_to_INTERVAL_YEAR_from_INTERVAL_HOUR_TO_MINUTE" classname="org.hsqldb.jdbc.JDBCDatabaseMetaDataSupportsConvertTest" time="0.002"/>
    <testcase name="testSupportsConvert_to_INTERVAL_YEAR_from_INTERVAL_HOUR_TO_SECOND" classname="org.hsqldb.jdbc.JDBCDatabaseMetaDataSupportsConvertTest" time="0.002"/>
    <testcase name="testSupportsConvert_to_INTERVAL_YEAR_from_INTERVAL_MINUTE_TO_SECOND" classname="org.hsqldb.jdbc.JDBCDatabaseMetaDataSupportsConvertTest" time="0.003"/>
    <testcase name="testSupportsConvert_to_INTERVAL_MONTH_from_ARRAY" classname="org.hsqldb.jdbc.JDBCDatabaseMetaDataSupportsConvertTest" time="0.002"/>
    <testcase name="testSupportsConvert_to_INTERVAL_MONTH_from_BIGINT" classname="org.hsqldb.jdbc.JDBCDatabaseMetaDataSupportsConvertTest" time="0.002"/>
    <testcase name="testSupportsConvert_to_INTERVAL_MONTH_from_BINARY" classname="org.hsqldb.jdbc.JDBCDatabaseMetaDataSupportsConvertTest" time="0.003"/>
    <testcase name="testSupportsConvert_to_INTERVAL_MONTH_from_BIT" classname="org.hsqldb.jdbc.JDBCDatabaseMetaDataSupportsConvertTest" time="0.002"/>
    <testcase name="testSupportsConvert_to_INTERVAL_MONTH_from_BLOB" classname="org.hsqldb.jdbc.JDBCDatabaseMetaDataSupportsConvertTest" time="0.002"/>
    <testcase name="testSupportsConvert_to_INTERVAL_MONTH_from_BOOLEAN" classname="org.hsqldb.jdbc.JDBCDatabaseMetaDataSupportsConvertTest" time="0.002"/>
    <testcase name="testSupportsConvert_to_INTERVAL_MONTH_from_CHAR" classname="org.hsqldb.jdbc.JDBCDatabaseMetaDataSupportsConvertTest" time="0.003"/>
    <testcase name="testSupportsConvert_to_INTERVAL_MONTH_from_CLOB" classname="org.hsqldb.jdbc.JDBCDatabaseMetaDataSupportsConvertTest" time="0.002"/>
    <testcase name="testSupportsConvert_to_INTERVAL_MONTH_from_DATALINK" classname="org.hsqldb.jdbc.JDBCDatabaseMetaDataSupportsConvertTest" time="0.004"/>
    <testcase name="testSupportsConvert_to_INTERVAL_MONTH_from_DATE" classname="org.hsqldb.jdbc.JDBCDatabaseMetaDataSupportsConvertTest" time="0.003"/>
    <testcase name="testSupportsConvert_to_INTERVAL_MONTH_from_DECIMAL" classname="org.hsqldb.jdbc.JDBCDatabaseMetaDataSupportsConvertTest" time="0.002"/>
    <testcase name="testSupportsConvert_to_INTERVAL_MONTH_from_DISTINCT" classname="org.hsqldb.jdbc.JDBCDatabaseMetaDataSupportsConvertTest" time="0.003"/>
    <testcase name="testSupportsConvert_to_INTERVAL_MONTH_from_DOUBLE" classname="org.hsqldb.jdbc.JDBCDatabaseMetaDataSupportsConvertTest" time="0.002"/>
    <testcase name="testSupportsConvert_to_INTERVAL_MONTH_from_FLOAT" classname="org.hsqldb.jdbc.JDBCDatabaseMetaDataSupportsConvertTest" time="0.002"/>
    <testcase name="testSupportsConvert_to_INTERVAL_MONTH_from_INTEGER" classname="org.hsqldb.jdbc.JDBCDatabaseMetaDataSupportsConvertTest" time="0.003"/>
    <testcase name="testSupportsConvert_to_INTERVAL_MONTH_from_JAVA_OBJECT" classname="org.hsqldb.jdbc.JDBCDatabaseMetaDataSupportsConvertTest" time="0.002"/>
    <testcase name="testSupportsConvert_to_INTERVAL_MONTH_from_LONGNVARCHAR" classname="org.hsqldb.jdbc.JDBCDatabaseMetaDataSupportsConvertTest" time="0.002"/>
    <testcase name="testSupportsConvert_to_INTERVAL_MONTH_from_LONGVARCHAR" classname="org.hsqldb.jdbc.JDBCDatabaseMetaDataSupportsConvertTest" time="0.002"/>
    <testcase name="testSupportsConvert_to_INTERVAL_MONTH_from_LONGVARBINARY" classname="org.hsqldb.jdbc.JDBCDatabaseMetaDataSupportsConvertTest" time="0.003"/>
    <testcase name="testSupportsConvert_to_INTERVAL_MONTH_from_NCHAR" classname="org.hsqldb.jdbc.JDBCDatabaseMetaDataSupportsConvertTest" time="0.002"/>
    <testcase name="testSupportsConvert_to_INTERVAL_MONTH_from_NCLOB" classname="org.hsqldb.jdbc.JDBCDatabaseMetaDataSupportsConvertTest" time="0.002"/>
    <testcase name="testSupportsConvert_to_INTERVAL_MONTH_from_NULL" classname="org.hsqldb.jdbc.JDBCDatabaseMetaDataSupportsConvertTest" time="0.003"/>
    <testcase name="testSupportsConvert_to_INTERVAL_MONTH_from_NUMERIC" classname="org.hsqldb.jdbc.JDBCDatabaseMetaDataSupportsConvertTest" time="0.002"/>
    <testcase name="testSupportsConvert_to_INTERVAL_MONTH_from_NVARCHAR" classname="org.hsqldb.jdbc.JDBCDatabaseMetaDataSupportsConvertTest" time="0.002"/>
    <testcase name="testSupportsConvert_to_INTERVAL_MONTH_from_OTHER" classname="org.hsqldb.jdbc.JDBCDatabaseMetaDataSupportsConvertTest" time="0.002"/>
    <testcase name="testSupportsConvert_to_INTERVAL_MONTH_from_REAL" classname="org.hsqldb.jdbc.JDBCDatabaseMetaDataSupportsConvertTest" time="0.003"/>
    <testcase name="testSupportsConvert_to_INTERVAL_MONTH_from_REF" classname="org.hsqldb.jdbc.JDBCDatabaseMetaDataSupportsConvertTest" time="0.002"/>
    <testcase name="testSupportsConvert_to_INTERVAL_MONTH_from_ROWID" classname="org.hsqldb.jdbc.JDBCDatabaseMetaDataSupportsConvertTest" time="0.002"/>
    <testcase name="testSupportsConvert_to_INTERVAL_MONTH_from_SMALLINT" classname="org.hsqldb.jdbc.JDBCDatabaseMetaDataSupportsConvertTest" time="0.002"/>
    <testcase name="testSupportsConvert_to_INTERVAL_MONTH_from_STRUCT" classname="org.hsqldb.jdbc.JDBCDatabaseMetaDataSupportsConvertTest" time="0.003"/>
    <testcase name="testSupportsConvert_to_INTERVAL_MONTH_from_TIME" classname="org.hsqldb.jdbc.JDBCDatabaseMetaDataSupportsConvertTest" time="0.002"/>
    <testcase name="testSupportsConvert_to_INTERVAL_MONTH_from_TIMESTAMP" classname="org.hsqldb.jdbc.JDBCDatabaseMetaDataSupportsConvertTest" time="0.002"/>
    <testcase name="testSupportsConvert_to_INTERVAL_MONTH_from_TIME_WITH_TIME_ZONE" classname="org.hsqldb.jdbc.JDBCDatabaseMetaDataSupportsConvertTest" time="0.003"/>
    <testcase name="testSupportsConvert_to_INTERVAL_MONTH_from_TIMESTAMP_WITH_TIME_ZONE" classname="org.hsqldb.jdbc.JDBCDatabaseMetaDataSupportsConvertTest" time="0.003"/>
    <testcase name="testSupportsConvert_to_INTERVAL_MONTH_from_TINYINT" classname="org.hsqldb.jdbc.JDBCDatabaseMetaDataSupportsConvertTest" time="0.004"/>
    <testcase name="testSupportsConvert_to_INTERVAL_MONTH_from_VARBINARY" classname="org.hsqldb.jdbc.JDBCDatabaseMetaDataSupportsConvertTest" time="0.002"/>
    <testcase name="testSupportsConvert_to_INTERVAL_MONTH_from_VARCHAR" classname="org.hsqldb.jdbc.JDBCDatabaseMetaDataSupportsConvertTest" time="0.002"/>
    <testcase name="testSupportsConvert_to_INTERVAL_MONTH_from_VARCHAR_IGNORECASE" classname="org.hsqldb.jdbc.JDBCDatabaseMetaDataSupportsConvertTest" time="0.003"/>
    <testcase name="testSupportsConvert_to_INTERVAL_MONTH_from_INTERVAL_YEAR" classname="org.hsqldb.jdbc.JDBCDatabaseMetaDataSupportsConvertTest" time="0.002"/>
    <testcase name="testSupportsConvert_to_INTERVAL_MONTH_from_INTERVAL_MONTH" classname="org.hsqldb.jdbc.JDBCDatabaseMetaDataSupportsConvertTest" time="0.002"/>
    <testcase name="testSupportsConvert_to_INTERVAL_MONTH_from_INTERVAL_DAY" classname="org.hsqldb.jdbc.JDBCDatabaseMetaDataSupportsConvertTest" time="0.002"/>
    <testcase name="testSupportsConvert_to_INTERVAL_MONTH_from_INTERVAL_HOUR" classname="org.hsqldb.jdbc.JDBCDatabaseMetaDataSupportsConvertTest" time="0.002"/>
    <testcase name="testSupportsConvert_to_INTERVAL_MONTH_from_INTERVAL_MINUTE" classname="org.hsqldb.jdbc.JDBCDatabaseMetaDataSupportsConvertTest" time="0.002"/>
    <testcase name="testSupportsConvert_to_INTERVAL_MONTH_from_INTERVAL_SECOND" classname="org.hsqldb.jdbc.JDBCDatabaseMetaDataSupportsConvertTest" time="0.003"/>
    <testcase name="testSupportsConvert_to_INTERVAL_MONTH_from_INTERVAL_YEAR_TO_MONTH" classname="org.hsqldb.jdbc.JDBCDatabaseMetaDataSupportsConvertTest" time="0.002"/>
    <testcase name="testSupportsConvert_to_INTERVAL_MONTH_from_INTERVAL_DAY_TO_HOUR" classname="org.hsqldb.jdbc.JDBCDatabaseMetaDataSupportsConvertTest" time="0.002"/>
    <testcase name="testSupportsConvert_to_INTERVAL_MONTH_from_INTERVAL_DAY_TO_MINUTE" classname="org.hsqldb.jdbc.JDBCDatabaseMetaDataSupportsConvertTest" time="0.002"/>
    <testcase name="testSupportsConvert_to_INTERVAL_MONTH_from_INTERVAL_DAY_TO_SECOND" classname="org.hsqldb.jdbc.JDBCDatabaseMetaDataSupportsConvertTest" time="0.002"/>
    <testcase name="testSupportsConvert_to_INTERVAL_MONTH_from_INTERVAL_HOUR_TO_MINUTE" classname="org.hsqldb.jdbc.JDBCDatabaseMetaDataSupportsConvertTest" time="0.002"/>
    <testcase name="testSupportsConvert_to_INTERVAL_MONTH_from_INTERVAL_HOUR_TO_SECOND" classname="org.hsqldb.jdbc.JDBCDatabaseMetaDataSupportsConvertTest" time="0.003"/>
    <testcase name="testSupportsConvert_to_INTERVAL_MONTH_from_INTERVAL_MINUTE_TO_SECOND" classname="org.hsqldb.jdbc.JDBCDatabaseMetaDataSupportsConvertTest" time="0.002"/>
    <testcase name="testSupportsConvert_to_INTERVAL_DAY_from_ARRAY" classname="org.hsqldb.jdbc.JDBCDatabaseMetaDataSupportsConvertTest" time="0.002"/>
    <testcase name="testSupportsConvert_to_INTERVAL_DAY_from_BIGINT" classname="org.hsqldb.jdbc.JDBCDatabaseMetaDataSupportsConvertTest" time="0.002"/>
    <testcase name="testSupportsConvert_to_INTERVAL_DAY_from_BINARY" classname="org.hsqldb.jdbc.JDBCDatabaseMetaDataSupportsConvertTest" time="0.002"/>
    <testcase name="testSupportsConvert_to_INTERVAL_DAY_from_BIT" classname="org.hsqldb.jdbc.JDBCDatabaseMetaDataSupportsConvertTest" time="0.002"/>
    <testcase name="testSupportsConvert_to_INTERVAL_DAY_from_BLOB" classname="org.hsqldb.jdbc.JDBCDatabaseMetaDataSupportsConvertTest" time="0.002"/>
    <testcase name="testSupportsConvert_to_INTERVAL_DAY_from_BOOLEAN" classname="org.hsqldb.jdbc.JDBCDatabaseMetaDataSupportsConvertTest" time="0.005"/>
    <testcase name="testSupportsConvert_to_INTERVAL_DAY_from_CHAR" classname="org.hsqldb.jdbc.JDBCDatabaseMetaDataSupportsConvertTest" time="0.003"/>
    <testcase name="testSupportsConvert_to_INTERVAL_DAY_from_CLOB" classname="org.hsqldb.jdbc.JDBCDatabaseMetaDataSupportsConvertTest" time="0.002"/>
    <testcase name="testSupportsConvert_to_INTERVAL_DAY_from_DATALINK" classname="org.hsqldb.jdbc.JDBCDatabaseMetaDataSupportsConvertTest" time="0.003"/>
    <testcase name="testSupportsConvert_to_INTERVAL_DAY_from_DATE" classname="org.hsqldb.jdbc.JDBCDatabaseMetaDataSupportsConvertTest" time="0.002"/>
    <testcase name="testSupportsConvert_to_INTERVAL_DAY_from_DECIMAL" classname="org.hsqldb.jdbc.JDBCDatabaseMetaDataSupportsConvertTest" time="0.002"/>
    <testcase name="testSupportsConvert_to_INTERVAL_DAY_from_DISTINCT" classname="org.hsqldb.jdbc.JDBCDatabaseMetaDataSupportsConvertTest" time="0.003"/>
    <testcase name="testSupportsConvert_to_INTERVAL_DAY_from_DOUBLE" classname="org.hsqldb.jdbc.JDBCDatabaseMetaDataSupportsConvertTest" time="0.002"/>
    <testcase name="testSupportsConvert_to_INTERVAL_DAY_from_FLOAT" classname="org.hsqldb.jdbc.JDBCDatabaseMetaDataSupportsConvertTest" time="0.002"/>
    <testcase name="testSupportsConvert_to_INTERVAL_DAY_from_INTEGER" classname="org.hsqldb.jdbc.JDBCDatabaseMetaDataSupportsConvertTest" time="0.002"/>
    <testcase name="testSupportsConvert_to_INTERVAL_DAY_from_JAVA_OBJECT" classname="org.hsqldb.jdbc.JDBCDatabaseMetaDataSupportsConvertTest" time="0.004"/>
    <testcase name="testSupportsConvert_to_INTERVAL_DAY_from_LONGNVARCHAR" classname="org.hsqldb.jdbc.JDBCDatabaseMetaDataSupportsConvertTest" time="0.004"/>
    <testcase name="testSupportsConvert_to_INTERVAL_DAY_from_LONGVARCHAR" classname="org.hsqldb.jdbc.JDBCDatabaseMetaDataSupportsConvertTest" time="0.003"/>
    <testcase name="testSupportsConvert_to_INTERVAL_DAY_from_LONGVARBINARY" classname="org.hsqldb.jdbc.JDBCDatabaseMetaDataSupportsConvertTest" time="0.003"/>
    <testcase name="testSupportsConvert_to_INTERVAL_DAY_from_NCHAR" classname="org.hsqldb.jdbc.JDBCDatabaseMetaDataSupportsConvertTest" time="0.002"/>
    <testcase name="testSupportsConvert_to_INTERVAL_DAY_from_NCLOB" classname="org.hsqldb.jdbc.JDBCDatabaseMetaDataSupportsConvertTest" time="0.002"/>
    <testcase name="testSupportsConvert_to_INTERVAL_DAY_from_NULL" classname="org.hsqldb.jdbc.JDBCDatabaseMetaDataSupportsConvertTest" time="0.002"/>
    <testcase name="testSupportsConvert_to_INTERVAL_DAY_from_NUMERIC" classname="org.hsqldb.jdbc.JDBCDatabaseMetaDataSupportsConvertTest" time="0.003"/>
    <testcase name="testSupportsConvert_to_INTERVAL_DAY_from_NVARCHAR" classname="org.hsqldb.jdbc.JDBCDatabaseMetaDataSupportsConvertTest" time="0.002"/>
    <testcase name="testSupportsConvert_to_INTERVAL_DAY_from_OTHER" classname="org.hsqldb.jdbc.JDBCDatabaseMetaDataSupportsConvertTest" time="0.002"/>
    <testcase name="testSupportsConvert_to_INTERVAL_DAY_from_REAL" classname="org.hsqldb.jdbc.JDBCDatabaseMetaDataSupportsConvertTest" time="0.002"/>
    <testcase name="testSupportsConvert_to_INTERVAL_DAY_from_REF" classname="org.hsqldb.jdbc.JDBCDatabaseMetaDataSupportsConvertTest" time="0.002"/>
    <testcase name="testSupportsConvert_to_INTERVAL_DAY_from_ROWID" classname="org.hsqldb.jdbc.JDBCDatabaseMetaDataSupportsConvertTest" time="0.002"/>
    <testcase name="testSupportsConvert_to_INTERVAL_DAY_from_SMALLINT" classname="org.hsqldb.jdbc.JDBCDatabaseMetaDataSupportsConvertTest" time="0.002"/>
    <testcase name="testSupportsConvert_to_INTERVAL_DAY_from_STRUCT" classname="org.hsqldb.jdbc.JDBCDatabaseMetaDataSupportsConvertTest" time="0.002"/>
    <testcase name="testSupportsConvert_to_INTERVAL_DAY_from_TIME" classname="org.hsqldb.jdbc.JDBCDatabaseMetaDataSupportsConvertTest" time="0.002"/>
    <testcase name="testSupportsConvert_to_INTERVAL_DAY_from_TIMESTAMP" classname="org.hsqldb.jdbc.JDBCDatabaseMetaDataSupportsConvertTest" time="0.002"/>
    <testcase name="testSupportsConvert_to_INTERVAL_DAY_from_TIME_WITH_TIME_ZONE" classname="org.hsqldb.jdbc.JDBCDatabaseMetaDataSupportsConvertTest" time="0.003"/>
    <testcase name="testSupportsConvert_to_INTERVAL_DAY_from_TIMESTAMP_WITH_TIME_ZONE" classname="org.hsqldb.jdbc.JDBCDatabaseMetaDataSupportsConvertTest" time="0.003"/>
    <testcase name="testSupportsConvert_to_INTERVAL_DAY_from_TINYINT" classname="org.hsqldb.jdbc.JDBCDatabaseMetaDataSupportsConvertTest" time="0.002"/>
    <testcase name="testSupportsConvert_to_INTERVAL_DAY_from_VARBINARY" classname="org.hsqldb.jdbc.JDBCDatabaseMetaDataSupportsConvertTest" time="0.003"/>
    <testcase name="testSupportsConvert_to_INTERVAL_DAY_from_VARCHAR" classname="org.hsqldb.jdbc.JDBCDatabaseMetaDataSupportsConvertTest" time="0.002"/>
    <testcase name="testSupportsConvert_to_INTERVAL_DAY_from_VARCHAR_IGNORECASE" classname="org.hsqldb.jdbc.JDBCDatabaseMetaDataSupportsConvertTest" time="0.003"/>
    <testcase name="testSupportsConvert_to_INTERVAL_DAY_from_INTERVAL_YEAR" classname="org.hsqldb.jdbc.JDBCDatabaseMetaDataSupportsConvertTest" time="0.003"/>
    <testcase name="testSupportsConvert_to_INTERVAL_DAY_from_INTERVAL_MONTH" classname="org.hsqldb.jdbc.JDBCDatabaseMetaDataSupportsConvertTest" time="0.003"/>
    <testcase name="testSupportsConvert_to_INTERVAL_DAY_from_INTERVAL_DAY" classname="org.hsqldb.jdbc.JDBCDatabaseMetaDataSupportsConvertTest" time="0.003"/>
    <testcase name="testSupportsConvert_to_INTERVAL_DAY_from_INTERVAL_HOUR" classname="org.hsqldb.jdbc.JDBCDatabaseMetaDataSupportsConvertTest" time="0.002"/>
    <testcase name="testSupportsConvert_to_INTERVAL_DAY_from_INTERVAL_MINUTE" classname="org.hsqldb.jdbc.JDBCDatabaseMetaDataSupportsConvertTest" time="0.002"/>
    <testcase name="testSupportsConvert_to_INTERVAL_DAY_from_INTERVAL_SECOND" classname="org.hsqldb.jdbc.JDBCDatabaseMetaDataSupportsConvertTest" time="0.003"/>
    <testcase name="testSupportsConvert_to_INTERVAL_DAY_from_INTERVAL_YEAR_TO_MONTH" classname="org.hsqldb.jdbc.JDBCDatabaseMetaDataSupportsConvertTest" time="0.002"/>
    <testcase name="testSupportsConvert_to_INTERVAL_DAY_from_INTERVAL_DAY_TO_HOUR" classname="org.hsqldb.jdbc.JDBCDatabaseMetaDataSupportsConvertTest" time="0.002"/>
    <testcase name="testSupportsConvert_to_INTERVAL_DAY_from_INTERVAL_DAY_TO_MINUTE" classname="org.hsqldb.jdbc.JDBCDatabaseMetaDataSupportsConvertTest" time="0.002"/>
    <testcase name="testSupportsConvert_to_INTERVAL_DAY_from_INTERVAL_DAY_TO_SECOND" classname="org.hsqldb.jdbc.JDBCDatabaseMetaDataSupportsConvertTest" time="0.003"/>
    <testcase name="testSupportsConvert_to_INTERVAL_DAY_from_INTERVAL_HOUR_TO_MINUTE" classname="org.hsqldb.jdbc.JDBCDatabaseMetaDataSupportsConvertTest" time="0.002"/>
    <testcase name="testSupportsConvert_to_INTERVAL_DAY_from_INTERVAL_HOUR_TO_SECOND" classname="org.hsqldb.jdbc.JDBCDatabaseMetaDataSupportsConvertTest" time="0.002"/>
    <testcase name="testSupportsConvert_to_INTERVAL_DAY_from_INTERVAL_MINUTE_TO_SECOND" classname="org.hsqldb.jdbc.JDBCDatabaseMetaDataSupportsConvertTest" time="0.003"/>
    <testcase name="testSupportsConvert_to_INTERVAL_HOUR_from_ARRAY" classname="org.hsqldb.jdbc.JDBCDatabaseMetaDataSupportsConvertTest" time="0.002"/>
    <testcase name="testSupportsConvert_to_INTERVAL_HOUR_from_BIGINT" classname="org.hsqldb.jdbc.JDBCDatabaseMetaDataSupportsConvertTest" time="0.002"/>
    <testcase name="testSupportsConvert_to_INTERVAL_HOUR_from_BINARY" classname="org.hsqldb.jdbc.JDBCDatabaseMetaDataSupportsConvertTest" time="0.003"/>
    <testcase name="testSupportsConvert_to_INTERVAL_HOUR_from_BIT" classname="org.hsqldb.jdbc.JDBCDatabaseMetaDataSupportsConvertTest" time="0.003"/>
    <testcase name="testSupportsConvert_to_INTERVAL_HOUR_from_BLOB" classname="org.hsqldb.jdbc.JDBCDatabaseMetaDataSupportsConvertTest" time="0.003"/>
    <testcase name="testSupportsConvert_to_INTERVAL_HOUR_from_BOOLEAN" classname="org.hsqldb.jdbc.JDBCDatabaseMetaDataSupportsConvertTest" time="0.002"/>
    <testcase name="testSupportsConvert_to_INTERVAL_HOUR_from_CHAR" classname="org.hsqldb.jdbc.JDBCDatabaseMetaDataSupportsConvertTest" time="0.002"/>
    <testcase name="testSupportsConvert_to_INTERVAL_HOUR_from_CLOB" classname="org.hsqldb.jdbc.JDBCDatabaseMetaDataSupportsConvertTest" time="0.002"/>
    <testcase name="testSupportsConvert_to_INTERVAL_HOUR_from_DATALINK" classname="org.hsqldb.jdbc.JDBCDatabaseMetaDataSupportsConvertTest" time="0.002"/>
    <testcase name="testSupportsConvert_to_INTERVAL_HOUR_from_DATE" classname="org.hsqldb.jdbc.JDBCDatabaseMetaDataSupportsConvertTest" time="0.002"/>
    <testcase name="testSupportsConvert_to_INTERVAL_HOUR_from_DECIMAL" classname="org.hsqldb.jdbc.JDBCDatabaseMetaDataSupportsConvertTest" time="0.002"/>
    <testcase name="testSupportsConvert_to_INTERVAL_HOUR_from_DISTINCT" classname="org.hsqldb.jdbc.JDBCDatabaseMetaDataSupportsConvertTest" time="0.003"/>
    <testcase name="testSupportsConvert_to_INTERVAL_HOUR_from_DOUBLE" classname="org.hsqldb.jdbc.JDBCDatabaseMetaDataSupportsConvertTest" time="0.002"/>
    <testcase name="testSupportsConvert_to_INTERVAL_HOUR_from_FLOAT" classname="org.hsqldb.jdbc.JDBCDatabaseMetaDataSupportsConvertTest" time="0.002"/>
    <testcase name="testSupportsConvert_to_INTERVAL_HOUR_from_INTEGER" classname="org.hsqldb.jdbc.JDBCDatabaseMetaDataSupportsConvertTest" time="0.002"/>
    <testcase name="testSupportsConvert_to_INTERVAL_HOUR_from_JAVA_OBJECT" classname="org.hsqldb.jdbc.JDBCDatabaseMetaDataSupportsConvertTest" time="0.002"/>
    <testcase name="testSupportsConvert_to_INTERVAL_HOUR_from_LONGNVARCHAR" classname="org.hsqldb.jdbc.JDBCDatabaseMetaDataSupportsConvertTest" time="0.003"/>
    <testcase name="testSupportsConvert_to_INTERVAL_HOUR_from_LONGVARCHAR" classname="org.hsqldb.jdbc.JDBCDatabaseMetaDataSupportsConvertTest" time="0.002"/>
    <testcase name="testSupportsConvert_to_INTERVAL_HOUR_from_LONGVARBINARY" classname="org.hsqldb.jdbc.JDBCDatabaseMetaDataSupportsConvertTest" time="0.002"/>
    <testcase name="testSupportsConvert_to_INTERVAL_HOUR_from_NCHAR" classname="org.hsqldb.jdbc.JDBCDatabaseMetaDataSupportsConvertTest" time="0.002"/>
    <testcase name="testSupportsConvert_to_INTERVAL_HOUR_from_NCLOB" classname="org.hsqldb.jdbc.JDBCDatabaseMetaDataSupportsConvertTest" time="0.002"/>
    <testcase name="testSupportsConvert_to_INTERVAL_HOUR_from_NULL" classname="org.hsqldb.jdbc.JDBCDatabaseMetaDataSupportsConvertTest" time="0.003"/>
    <testcase name="testSupportsConvert_to_INTERVAL_HOUR_from_NUMERIC" classname="org.hsqldb.jdbc.JDBCDatabaseMetaDataSupportsConvertTest" time="0.002"/>
    <testcase name="testSupportsConvert_to_INTERVAL_HOUR_from_NVARCHAR" classname="org.hsqldb.jdbc.JDBCDatabaseMetaDataSupportsConvertTest" time="0.002"/>
    <testcase name="testSupportsConvert_to_INTERVAL_HOUR_from_OTHER" classname="org.hsqldb.jdbc.JDBCDatabaseMetaDataSupportsConvertTest" time="0.002"/>
    <testcase name="testSupportsConvert_to_INTERVAL_HOUR_from_REAL" classname="org.hsqldb.jdbc.JDBCDatabaseMetaDataSupportsConvertTest" time="0.002"/>
    <testcase name="testSupportsConvert_to_INTERVAL_HOUR_from_REF" classname="org.hsqldb.jdbc.JDBCDatabaseMetaDataSupportsConvertTest" time="0.002"/>
    <testcase name="testSupportsConvert_to_INTERVAL_HOUR_from_ROWID" classname="org.hsqldb.jdbc.JDBCDatabaseMetaDataSupportsConvertTest" time="0.003"/>
    <testcase name="testSupportsConvert_to_INTERVAL_HOUR_from_SMALLINT" classname="org.hsqldb.jdbc.JDBCDatabaseMetaDataSupportsConvertTest" time="0.002"/>
    <testcase name="testSupportsConvert_to_INTERVAL_HOUR_from_STRUCT" classname="org.hsqldb.jdbc.JDBCDatabaseMetaDataSupportsConvertTest" time="0.002"/>
    <testcase name="testSupportsConvert_to_INTERVAL_HOUR_from_TIME" classname="org.hsqldb.jdbc.JDBCDatabaseMetaDataSupportsConvertTest" time="0.002"/>
    <testcase name="testSupportsConvert_to_INTERVAL_HOUR_from_TIMESTAMP" classname="org.hsqldb.jdbc.JDBCDatabaseMetaDataSupportsConvertTest" time="0.002"/>
    <testcase name="testSupportsConvert_to_INTERVAL_HOUR_from_TIME_WITH_TIME_ZONE" classname="org.hsqldb.jdbc.JDBCDatabaseMetaDataSupportsConvertTest" time="0.002"/>
    <testcase name="testSupportsConvert_to_INTERVAL_HOUR_from_TIMESTAMP_WITH_TIME_ZONE" classname="org.hsqldb.jdbc.JDBCDatabaseMetaDataSupportsConvertTest" time="0.002"/>
    <testcase name="testSupportsConvert_to_INTERVAL_HOUR_from_TINYINT" classname="org.hsqldb.jdbc.JDBCDatabaseMetaDataSupportsConvertTest" time="0.002"/>
    <testcase name="testSupportsConvert_to_INTERVAL_HOUR_from_VARBINARY" classname="org.hsqldb.jdbc.JDBCDatabaseMetaDataSupportsConvertTest" time="0.002"/>
    <testcase name="testSupportsConvert_to_INTERVAL_HOUR_from_VARCHAR" classname="org.hsqldb.jdbc.JDBCDatabaseMetaDataSupportsConvertTest" time="0.002"/>
    <testcase name="testSupportsConvert_to_INTERVAL_HOUR_from_VARCHAR_IGNORECASE" classname="org.hsqldb.jdbc.JDBCDatabaseMetaDataSupportsConvertTest" time="0.003"/>
    <testcase name="testSupportsConvert_to_INTERVAL_HOUR_from_INTERVAL_YEAR" classname="org.hsqldb.jdbc.JDBCDatabaseMetaDataSupportsConvertTest" time="0.003"/>
    <testcase name="testSupportsConvert_to_INTERVAL_HOUR_from_INTERVAL_MONTH" classname="org.hsqldb.jdbc.JDBCDatabaseMetaDataSupportsConvertTest" time="0.002"/>
    <testcase name="testSupportsConvert_to_INTERVAL_HOUR_from_INTERVAL_DAY" classname="org.hsqldb.jdbc.JDBCDatabaseMetaDataSupportsConvertTest" time="0.002"/>
    <testcase name="testSupportsConvert_to_INTERVAL_HOUR_from_INTERVAL_HOUR" classname="org.hsqldb.jdbc.JDBCDatabaseMetaDataSupportsConvertTest" time="0.002"/>
    <testcase name="testSupportsConvert_to_INTERVAL_HOUR_from_INTERVAL_MINUTE" classname="org.hsqldb.jdbc.JDBCDatabaseMetaDataSupportsConvertTest" time="0.003"/>
    <testcase name="testSupportsConvert_to_INTERVAL_HOUR_from_INTERVAL_SECOND" classname="org.hsqldb.jdbc.JDBCDatabaseMetaDataSupportsConvertTest" time="0.002"/>
    <testcase name="testSupportsConvert_to_INTERVAL_HOUR_from_INTERVAL_YEAR_TO_MONTH" classname="org.hsqldb.jdbc.JDBCDatabaseMetaDataSupportsConvertTest" time="0.002"/>
    <testcase name="testSupportsConvert_to_INTERVAL_HOUR_from_INTERVAL_DAY_TO_HOUR" classname="org.hsqldb.jdbc.JDBCDatabaseMetaDataSupportsConvertTest" time="0.002"/>
    <testcase name="testSupportsConvert_to_INTERVAL_HOUR_from_INTERVAL_DAY_TO_MINUTE" classname="org.hsqldb.jdbc.JDBCDatabaseMetaDataSupportsConvertTest" time="0.002"/>
    <testcase name="testSupportsConvert_to_INTERVAL_HOUR_from_INTERVAL_DAY_TO_SECOND" classname="org.hsqldb.jdbc.JDBCDatabaseMetaDataSupportsConvertTest" time="0.002"/>
    <testcase name="testSupportsConvert_to_INTERVAL_HOUR_from_INTERVAL_HOUR_TO_MINUTE" classname="org.hsqldb.jdbc.JDBCDatabaseMetaDataSupportsConvertTest" time="0.003"/>
    <testcase name="testSupportsConvert_to_INTERVAL_HOUR_from_INTERVAL_HOUR_TO_SECOND" classname="org.hsqldb.jdbc.JDBCDatabaseMetaDataSupportsConvertTest" time="0.002"/>
    <testcase name="testSupportsConvert_to_INTERVAL_HOUR_from_INTERVAL_MINUTE_TO_SECOND" classname="org.hsqldb.jdbc.JDBCDatabaseMetaDataSupportsConvertTest" time="0.002"/>
    <testcase name="testSupportsConvert_to_INTERVAL_MINUTE_from_ARRAY" classname="org.hsqldb.jdbc.JDBCDatabaseMetaDataSupportsConvertTest" time="0.003"/>
    <testcase name="testSupportsConvert_to_INTERVAL_MINUTE_from_BIGINT" classname="org.hsqldb.jdbc.JDBCDatabaseMetaDataSupportsConvertTest" time="0.003"/>
    <testcase name="testSupportsConvert_to_INTERVAL_MINUTE_from_BINARY" classname="org.hsqldb.jdbc.JDBCDatabaseMetaDataSupportsConvertTest" time="0.002"/>
    <testcase name="testSupportsConvert_to_INTERVAL_MINUTE_from_BIT" classname="org.hsqldb.jdbc.JDBCDatabaseMetaDataSupportsConvertTest" time="0.002"/>
    <testcase name="testSupportsConvert_to_INTERVAL_MINUTE_from_BLOB" classname="org.hsqldb.jdbc.JDBCDatabaseMetaDataSupportsConvertTest" time="0.002"/>
    <testcase name="testSupportsConvert_to_INTERVAL_MINUTE_from_BOOLEAN" classname="org.hsqldb.jdbc.JDBCDatabaseMetaDataSupportsConvertTest" time="0.003"/>
    <testcase name="testSupportsConvert_to_INTERVAL_MINUTE_from_CHAR" classname="org.hsqldb.jdbc.JDBCDatabaseMetaDataSupportsConvertTest" time="0.002"/>
    <testcase name="testSupportsConvert_to_INTERVAL_MINUTE_from_CLOB" classname="org.hsqldb.jdbc.JDBCDatabaseMetaDataSupportsConvertTest" time="0.002"/>
    <testcase name="testSupportsConvert_to_INTERVAL_MINUTE_from_DATALINK" classname="org.hsqldb.jdbc.JDBCDatabaseMetaDataSupportsConvertTest" time="0.003"/>
    <testcase name="testSupportsConvert_to_INTERVAL_MINUTE_from_DATE" classname="org.hsqldb.jdbc.JDBCDatabaseMetaDataSupportsConvertTest" time="0.002"/>
    <testcase name="testSupportsConvert_to_INTERVAL_MINUTE_from_DECIMAL" classname="org.hsqldb.jdbc.JDBCDatabaseMetaDataSupportsConvertTest" time="0.006"/>
    <testcase name="testSupportsConvert_to_INTERVAL_MINUTE_from_DISTINCT" classname="org.hsqldb.jdbc.JDBCDatabaseMetaDataSupportsConvertTest" time="0.002"/>
    <testcase name="testSupportsConvert_to_INTERVAL_MINUTE_from_DOUBLE" classname="org.hsqldb.jdbc.JDBCDatabaseMetaDataSupportsConvertTest" time="0.002"/>
    <testcase name="testSupportsConvert_to_INTERVAL_MINUTE_from_FLOAT" classname="org.hsqldb.jdbc.JDBCDatabaseMetaDataSupportsConvertTest" time="0.003"/>
    <testcase name="testSupportsConvert_to_INTERVAL_MINUTE_from_INTEGER" classname="org.hsqldb.jdbc.JDBCDatabaseMetaDataSupportsConvertTest" time="0.002"/>
    <testcase name="testSupportsConvert_to_INTERVAL_MINUTE_from_JAVA_OBJECT" classname="org.hsqldb.jdbc.JDBCDatabaseMetaDataSupportsConvertTest" time="0.002"/>
    <testcase name="testSupportsConvert_to_INTERVAL_MINUTE_from_LONGNVARCHAR" classname="org.hsqldb.jdbc.JDBCDatabaseMetaDataSupportsConvertTest" time="0.004"/>
    <testcase name="testSupportsConvert_to_INTERVAL_MINUTE_from_LONGVARCHAR" classname="org.hsqldb.jdbc.JDBCDatabaseMetaDataSupportsConvertTest" time="0.004"/>
    <testcase name="testSupportsConvert_to_INTERVAL_MINUTE_from_LONGVARBINARY" classname="org.hsqldb.jdbc.JDBCDatabaseMetaDataSupportsConvertTest" time="0.003"/>
    <testcase name="testSupportsConvert_to_INTERVAL_MINUTE_from_NCHAR" classname="org.hsqldb.jdbc.JDBCDatabaseMetaDataSupportsConvertTest" time="0.003"/>
    <testcase name="testSupportsConvert_to_INTERVAL_MINUTE_from_NCLOB" classname="org.hsqldb.jdbc.JDBCDatabaseMetaDataSupportsConvertTest" time="0.002"/>
    <testcase name="testSupportsConvert_to_INTERVAL_MINUTE_from_NULL" classname="org.hsqldb.jdbc.JDBCDatabaseMetaDataSupportsConvertTest" time="0.003"/>
    <testcase name="testSupportsConvert_to_INTERVAL_MINUTE_from_NUMERIC" classname="org.hsqldb.jdbc.JDBCDatabaseMetaDataSupportsConvertTest" time="0.002"/>
    <testcase name="testSupportsConvert_to_INTERVAL_MINUTE_from_NVARCHAR" classname="org.hsqldb.jdbc.JDBCDatabaseMetaDataSupportsConvertTest" time="0.002"/>
    <testcase name="testSupportsConvert_to_INTERVAL_MINUTE_from_OTHER" classname="org.hsqldb.jdbc.JDBCDatabaseMetaDataSupportsConvertTest" time="0.003"/>
    <testcase name="testSupportsConvert_to_INTERVAL_MINUTE_from_REAL" classname="org.hsqldb.jdbc.JDBCDatabaseMetaDataSupportsConvertTest" time="0.002"/>
    <testcase name="testSupportsConvert_to_INTERVAL_MINUTE_from_REF" classname="org.hsqldb.jdbc.JDBCDatabaseMetaDataSupportsConvertTest" time="0.002"/>
    <testcase name="testSupportsConvert_to_INTERVAL_MINUTE_from_ROWID" classname="org.hsqldb.jdbc.JDBCDatabaseMetaDataSupportsConvertTest" time="0.002"/>
    <testcase name="testSupportsConvert_to_INTERVAL_MINUTE_from_SMALLINT" classname="org.hsqldb.jdbc.JDBCDatabaseMetaDataSupportsConvertTest" time="0.002"/>
    <testcase name="testSupportsConvert_to_INTERVAL_MINUTE_from_STRUCT" classname="org.hsqldb.jdbc.JDBCDatabaseMetaDataSupportsConvertTest" time="0.002"/>
    <testcase name="testSupportsConvert_to_INTERVAL_MINUTE_from_TIME" classname="org.hsqldb.jdbc.JDBCDatabaseMetaDataSupportsConvertTest" time="0.002"/>
    <testcase name="testSupportsConvert_to_INTERVAL_MINUTE_from_TIMESTAMP" classname="org.hsqldb.jdbc.JDBCDatabaseMetaDataSupportsConvertTest" time="0.002"/>
    <testcase name="testSupportsConvert_to_INTERVAL_MINUTE_from_TIME_WITH_TIME_ZONE" classname="org.hsqldb.jdbc.JDBCDatabaseMetaDataSupportsConvertTest" time="0.002"/>
    <testcase name="testSupportsConvert_to_INTERVAL_MINUTE_from_TIMESTAMP_WITH_TIME_ZONE" classname="org.hsqldb.jdbc.JDBCDatabaseMetaDataSupportsConvertTest" time="0.003"/>
    <testcase name="testSupportsConvert_to_INTERVAL_MINUTE_from_TINYINT" classname="org.hsqldb.jdbc.JDBCDatabaseMetaDataSupportsConvertTest" time="0.004"/>
    <testcase name="testSupportsConvert_to_INTERVAL_MINUTE_from_VARBINARY" classname="org.hsqldb.jdbc.JDBCDatabaseMetaDataSupportsConvertTest" time="0.003"/>
    <testcase name="testSupportsConvert_to_INTERVAL_MINUTE_from_VARCHAR" classname="org.hsqldb.jdbc.JDBCDatabaseMetaDataSupportsConvertTest" time="0.003"/>
    <testcase name="testSupportsConvert_to_INTERVAL_MINUTE_from_VARCHAR_IGNORECASE" classname="org.hsqldb.jdbc.JDBCDatabaseMetaDataSupportsConvertTest" time="0.003"/>
    <testcase name="testSupportsConvert_to_INTERVAL_MINUTE_from_INTERVAL_YEAR" classname="org.hsqldb.jdbc.JDBCDatabaseMetaDataSupportsConvertTest" time="0.003"/>
    <testcase name="testSupportsConvert_to_INTERVAL_MINUTE_from_INTERVAL_MONTH" classname="org.hsqldb.jdbc.JDBCDatabaseMetaDataSupportsConvertTest" time="0.002"/>
    <testcase name="testSupportsConvert_to_INTERVAL_MINUTE_from_INTERVAL_DAY" classname="org.hsqldb.jdbc.JDBCDatabaseMetaDataSupportsConvertTest" time="0.002"/>
    <testcase name="testSupportsConvert_to_INTERVAL_MINUTE_from_INTERVAL_HOUR" classname="org.hsqldb.jdbc.JDBCDatabaseMetaDataSupportsConvertTest" time="0.003"/>
    <testcase name="testSupportsConvert_to_INTERVAL_MINUTE_from_INTERVAL_MINUTE" classname="org.hsqldb.jdbc.JDBCDatabaseMetaDataSupportsConvertTest" time="0.002"/>
    <testcase name="testSupportsConvert_to_INTERVAL_MINUTE_from_INTERVAL_SECOND" classname="org.hsqldb.jdbc.JDBCDatabaseMetaDataSupportsConvertTest" time="0.002"/>
    <testcase name="testSupportsConvert_to_INTERVAL_MINUTE_from_INTERVAL_YEAR_TO_MONTH" classname="org.hsqldb.jdbc.JDBCDatabaseMetaDataSupportsConvertTest" time="0.002"/>
    <testcase name="testSupportsConvert_to_INTERVAL_MINUTE_from_INTERVAL_DAY_TO_HOUR" classname="org.hsqldb.jdbc.JDBCDatabaseMetaDataSupportsConvertTest" time="0.003"/>
    <testcase name="testSupportsConvert_to_INTERVAL_MINUTE_from_INTERVAL_DAY_TO_MINUTE" classname="org.hsqldb.jdbc.JDBCDatabaseMetaDataSupportsConvertTest" time="0.002"/>
    <testcase name="testSupportsConvert_to_INTERVAL_MINUTE_from_INTERVAL_DAY_TO_SECOND" classname="org.hsqldb.jdbc.JDBCDatabaseMetaDataSupportsConvertTest" time="0.002"/>
    <testcase name="testSupportsConvert_to_INTERVAL_MINUTE_from_INTERVAL_HOUR_TO_MINUTE" classname="org.hsqldb.jdbc.JDBCDatabaseMetaDataSupportsConvertTest" time="0.002"/>
    <testcase name="testSupportsConvert_to_INTERVAL_MINUTE_from_INTERVAL_HOUR_TO_SECOND" classname="org.hsqldb.jdbc.JDBCDatabaseMetaDataSupportsConvertTest" time="0.003"/>
    <testcase name="testSupportsConvert_to_INTERVAL_MINUTE_from_INTERVAL_MINUTE_TO_SECOND" classname="org.hsqldb.jdbc.JDBCDatabaseMetaDataSupportsConvertTest" time="0.002"/>
    <testcase name="testSupportsConvert_to_INTERVAL_SECOND_from_ARRAY" classname="org.hsqldb.jdbc.JDBCDatabaseMetaDataSupportsConvertTest" time="0.002"/>
    <testcase name="testSupportsConvert_to_INTERVAL_SECOND_from_BIGINT" classname="org.hsqldb.jdbc.JDBCDatabaseMetaDataSupportsConvertTest" time="0.002"/>
    <testcase name="testSupportsConvert_to_INTERVAL_SECOND_from_BINARY" classname="org.hsqldb.jdbc.JDBCDatabaseMetaDataSupportsConvertTest" time="0.003"/>
    <testcase name="testSupportsConvert_to_INTERVAL_SECOND_from_BIT" classname="org.hsqldb.jdbc.JDBCDatabaseMetaDataSupportsConvertTest" time="0.002"/>
    <testcase name="testSupportsConvert_to_INTERVAL_SECOND_from_BLOB" classname="org.hsqldb.jdbc.JDBCDatabaseMetaDataSupportsConvertTest" time="0.002"/>
    <testcase name="testSupportsConvert_to_INTERVAL_SECOND_from_BOOLEAN" classname="org.hsqldb.jdbc.JDBCDatabaseMetaDataSupportsConvertTest" time="0.002"/>
    <testcase name="testSupportsConvert_to_INTERVAL_SECOND_from_CHAR" classname="org.hsqldb.jdbc.JDBCDatabaseMetaDataSupportsConvertTest" time="0.002"/>
    <testcase name="testSupportsConvert_to_INTERVAL_SECOND_from_CLOB" classname="org.hsqldb.jdbc.JDBCDatabaseMetaDataSupportsConvertTest" time="0.002"/>
    <testcase name="testSupportsConvert_to_INTERVAL_SECOND_from_DATALINK" classname="org.hsqldb.jdbc.JDBCDatabaseMetaDataSupportsConvertTest" time="0.002"/>
    <testcase name="testSupportsConvert_to_INTERVAL_SECOND_from_DATE" classname="org.hsqldb.jdbc.JDBCDatabaseMetaDataSupportsConvertTest" time="0.002"/>
    <testcase name="testSupportsConvert_to_INTERVAL_SECOND_from_DECIMAL" classname="org.hsqldb.jdbc.JDBCDatabaseMetaDataSupportsConvertTest" time="0.002"/>
    <testcase name="testSupportsConvert_to_INTERVAL_SECOND_from_DISTINCT" classname="org.hsqldb.jdbc.JDBCDatabaseMetaDataSupportsConvertTest" time="0.003"/>
    <testcase name="testSupportsConvert_to_INTERVAL_SECOND_from_DOUBLE" classname="org.hsqldb.jdbc.JDBCDatabaseMetaDataSupportsConvertTest" time="0.002"/>
    <testcase name="testSupportsConvert_to_INTERVAL_SECOND_from_FLOAT" classname="org.hsqldb.jdbc.JDBCDatabaseMetaDataSupportsConvertTest" time="0.002"/>
    <testcase name="testSupportsConvert_to_INTERVAL_SECOND_from_INTEGER" classname="org.hsqldb.jdbc.JDBCDatabaseMetaDataSupportsConvertTest" time="0.002"/>
    <testcase name="testSupportsConvert_to_INTERVAL_SECOND_from_JAVA_OBJECT" classname="org.hsqldb.jdbc.JDBCDatabaseMetaDataSupportsConvertTest" time="0.003"/>
    <testcase name="testSupportsConvert_to_INTERVAL_SECOND_from_LONGNVARCHAR" classname="org.hsqldb.jdbc.JDBCDatabaseMetaDataSupportsConvertTest" time="0.004"/>
    <testcase name="testSupportsConvert_to_INTERVAL_SECOND_from_LONGVARCHAR" classname="org.hsqldb.jdbc.JDBCDatabaseMetaDataSupportsConvertTest" time="0.004"/>
    <testcase name="testSupportsConvert_to_INTERVAL_SECOND_from_LONGVARBINARY" classname="org.hsqldb.jdbc.JDBCDatabaseMetaDataSupportsConvertTest" time="0.004"/>
    <testcase name="testSupportsConvert_to_INTERVAL_SECOND_from_NCHAR" classname="org.hsqldb.jdbc.JDBCDatabaseMetaDataSupportsConvertTest" time="0.003"/>
    <testcase name="testSupportsConvert_to_INTERVAL_SECOND_from_NCLOB" classname="org.hsqldb.jdbc.JDBCDatabaseMetaDataSupportsConvertTest" time="0.003"/>
    <testcase name="testSupportsConvert_to_INTERVAL_SECOND_from_NULL" classname="org.hsqldb.jdbc.JDBCDatabaseMetaDataSupportsConvertTest" time="0.002"/>
    <testcase name="testSupportsConvert_to_INTERVAL_SECOND_from_NUMERIC" classname="org.hsqldb.jdbc.JDBCDatabaseMetaDataSupportsConvertTest" time="0.002"/>
    <testcase name="testSupportsConvert_to_INTERVAL_SECOND_from_NVARCHAR" classname="org.hsqldb.jdbc.JDBCDatabaseMetaDataSupportsConvertTest" time="0.003"/>
    <testcase name="testSupportsConvert_to_INTERVAL_SECOND_from_OTHER" classname="org.hsqldb.jdbc.JDBCDatabaseMetaDataSupportsConvertTest" time="0.002"/>
    <testcase name="testSupportsConvert_to_INTERVAL_SECOND_from_REAL" classname="org.hsqldb.jdbc.JDBCDatabaseMetaDataSupportsConvertTest" time="0.002"/>
    <testcase name="testSupportsConvert_to_INTERVAL_SECOND_from_REF" classname="org.hsqldb.jdbc.JDBCDatabaseMetaDataSupportsConvertTest" time="0.002"/>
    <testcase name="testSupportsConvert_to_INTERVAL_SECOND_from_ROWID" classname="org.hsqldb.jdbc.JDBCDatabaseMetaDataSupportsConvertTest" time="0.003"/>
    <testcase name="testSupportsConvert_to_INTERVAL_SECOND_from_SMALLINT" classname="org.hsqldb.jdbc.JDBCDatabaseMetaDataSupportsConvertTest" time="0.002"/>
    <testcase name="testSupportsConvert_to_INTERVAL_SECOND_from_STRUCT" classname="org.hsqldb.jdbc.JDBCDatabaseMetaDataSupportsConvertTest" time="0.003"/>
    <testcase name="testSupportsConvert_to_INTERVAL_SECOND_from_TIME" classname="org.hsqldb.jdbc.JDBCDatabaseMetaDataSupportsConvertTest" time="0.002"/>
    <testcase name="testSupportsConvert_to_INTERVAL_SECOND_from_TIMESTAMP" classname="org.hsqldb.jdbc.JDBCDatabaseMetaDataSupportsConvertTest" time="0.002"/>
    <testcase name="testSupportsConvert_to_INTERVAL_SECOND_from_TIME_WITH_TIME_ZONE" classname="org.hsqldb.jdbc.JDBCDatabaseMetaDataSupportsConvertTest" time="0.002"/>
    <testcase name="testSupportsConvert_to_INTERVAL_SECOND_from_TIMESTAMP_WITH_TIME_ZONE" classname="org.hsqldb.jdbc.JDBCDatabaseMetaDataSupportsConvertTest" time="0.083"/>
    <testcase name="testSupportsConvert_to_INTERVAL_SECOND_from_TINYINT" classname="org.hsqldb.jdbc.JDBCDatabaseMetaDataSupportsConvertTest" time="0.003"/>
    <testcase name="testSupportsConvert_to_INTERVAL_SECOND_from_VARBINARY" classname="org.hsqldb.jdbc.JDBCDatabaseMetaDataSupportsConvertTest" time="0.002"/>
    <testcase name="testSupportsConvert_to_INTERVAL_SECOND_from_VARCHAR" classname="org.hsqldb.jdbc.JDBCDatabaseMetaDataSupportsConvertTest" time="0.002"/>
    <testcase name="testSupportsConvert_to_INTERVAL_SECOND_from_VARCHAR_IGNORECASE" classname="org.hsqldb.jdbc.JDBCDatabaseMetaDataSupportsConvertTest" time="0.003"/>
    <testcase name="testSupportsConvert_to_INTERVAL_SECOND_from_INTERVAL_YEAR" classname="org.hsqldb.jdbc.JDBCDatabaseMetaDataSupportsConvertTest" time="0.002"/>
    <testcase name="testSupportsConvert_to_INTERVAL_SECOND_from_INTERVAL_MONTH" classname="org.hsqldb.jdbc.JDBCDatabaseMetaDataSupportsConvertTest" time="0.003"/>
    <testcase name="testSupportsConvert_to_INTERVAL_SECOND_from_INTERVAL_DAY" classname="org.hsqldb.jdbc.JDBCDatabaseMetaDataSupportsConvertTest" time="0.002"/>
    <testcase name="testSupportsConvert_to_INTERVAL_SECOND_from_INTERVAL_HOUR" classname="org.hsqldb.jdbc.JDBCDatabaseMetaDataSupportsConvertTest" time="0.002"/>
    <testcase name="testSupportsConvert_to_INTERVAL_SECOND_from_INTERVAL_MINUTE" classname="org.hsqldb.jdbc.JDBCDatabaseMetaDataSupportsConvertTest" time="0.003"/>
    <testcase name="testSupportsConvert_to_INTERVAL_SECOND_from_INTERVAL_SECOND" classname="org.hsqldb.jdbc.JDBCDatabaseMetaDataSupportsConvertTest" time="0.002"/>
    <testcase name="testSupportsConvert_to_INTERVAL_SECOND_from_INTERVAL_YEAR_TO_MONTH" classname="org.hsqldb.jdbc.JDBCDatabaseMetaDataSupportsConvertTest" time="0.002"/>
    <testcase name="testSupportsConvert_to_INTERVAL_SECOND_from_INTERVAL_DAY_TO_HOUR" classname="org.hsqldb.jdbc.JDBCDatabaseMetaDataSupportsConvertTest" time="0.002"/>
    <testcase name="testSupportsConvert_to_INTERVAL_SECOND_from_INTERVAL_DAY_TO_MINUTE" classname="org.hsqldb.jdbc.JDBCDatabaseMetaDataSupportsConvertTest" time="0.003"/>
    <testcase name="testSupportsConvert_to_INTERVAL_SECOND_from_INTERVAL_DAY_TO_SECOND" classname="org.hsqldb.jdbc.JDBCDatabaseMetaDataSupportsConvertTest" time="0.002"/>
    <testcase name="testSupportsConvert_to_INTERVAL_SECOND_from_INTERVAL_HOUR_TO_MINUTE" classname="org.hsqldb.jdbc.JDBCDatabaseMetaDataSupportsConvertTest" time="0.002"/>
    <testcase name="testSupportsConvert_to_INTERVAL_SECOND_from_INTERVAL_HOUR_TO_SECOND" classname="org.hsqldb.jdbc.JDBCDatabaseMetaDataSupportsConvertTest" time="0.002"/>
    <testcase name="testSupportsConvert_to_INTERVAL_SECOND_from_INTERVAL_MINUTE_TO_SECOND" classname="org.hsqldb.jdbc.JDBCDatabaseMetaDataSupportsConvertTest" time="0.002"/>
    <testcase name="testSupportsConvert_to_INTERVAL_YEAR_TO_MONTH_from_ARRAY" classname="org.hsqldb.jdbc.JDBCDatabaseMetaDataSupportsConvertTest" time="0.002"/>
    <testcase name="testSupportsConvert_to_INTERVAL_YEAR_TO_MONTH_from_BIGINT" classname="org.hsqldb.jdbc.JDBCDatabaseMetaDataSupportsConvertTest" time="0.002"/>
    <testcase name="testSupportsConvert_to_INTERVAL_YEAR_TO_MONTH_from_BINARY" classname="org.hsqldb.jdbc.JDBCDatabaseMetaDataSupportsConvertTest" time="0.003"/>
    <testcase name="testSupportsConvert_to_INTERVAL_YEAR_TO_MONTH_from_BIT" classname="org.hsqldb.jdbc.JDBCDatabaseMetaDataSupportsConvertTest" time="0.002"/>
    <testcase name="testSupportsConvert_to_INTERVAL_YEAR_TO_MONTH_from_BLOB" classname="org.hsqldb.jdbc.JDBCDatabaseMetaDataSupportsConvertTest" time="0.003"/>
    <testcase name="testSupportsConvert_to_INTERVAL_YEAR_TO_MONTH_from_BOOLEAN" classname="org.hsqldb.jdbc.JDBCDatabaseMetaDataSupportsConvertTest" time="0.002"/>
    <testcase name="testSupportsConvert_to_INTERVAL_YEAR_TO_MONTH_from_CHAR" classname="org.hsqldb.jdbc.JDBCDatabaseMetaDataSupportsConvertTest" time="0.003"/>
    <testcase name="testSupportsConvert_to_INTERVAL_YEAR_TO_MONTH_from_CLOB" classname="org.hsqldb.jdbc.JDBCDatabaseMetaDataSupportsConvertTest" time="0.002"/>
    <testcase name="testSupportsConvert_to_INTERVAL_YEAR_TO_MONTH_from_DATALINK" classname="org.hsqldb.jdbc.JDBCDatabaseMetaDataSupportsConvertTest" time="0.002"/>
    <testcase name="testSupportsConvert_to_INTERVAL_YEAR_TO_MONTH_from_DATE" classname="org.hsqldb.jdbc.JDBCDatabaseMetaDataSupportsConvertTest" time="0.002"/>
    <testcase name="testSupportsConvert_to_INTERVAL_YEAR_TO_MONTH_from_DECIMAL" classname="org.hsqldb.jdbc.JDBCDatabaseMetaDataSupportsConvertTest" time="0.003"/>
    <testcase name="testSupportsConvert_to_INTERVAL_YEAR_TO_MONTH_from_DISTINCT" classname="org.hsqldb.jdbc.JDBCDatabaseMetaDataSupportsConvertTest" time="0.002"/>
    <testcase name="testSupportsConvert_to_INTERVAL_YEAR_TO_MONTH_from_DOUBLE" classname="org.hsqldb.jdbc.JDBCDatabaseMetaDataSupportsConvertTest" time="0.003"/>
    <testcase name="testSupportsConvert_to_INTERVAL_YEAR_TO_MONTH_from_FLOAT" classname="org.hsqldb.jdbc.JDBCDatabaseMetaDataSupportsConvertTest" time="0.003"/>
    <testcase name="testSupportsConvert_to_INTERVAL_YEAR_TO_MONTH_from_INTEGER" classname="org.hsqldb.jdbc.JDBCDatabaseMetaDataSupportsConvertTest" time="0.004"/>
    <testcase name="testSupportsConvert_to_INTERVAL_YEAR_TO_MONTH_from_JAVA_OBJECT" classname="org.hsqldb.jdbc.JDBCDatabaseMetaDataSupportsConvertTest" time="0.004"/>
    <testcase name="testSupportsConvert_to_INTERVAL_YEAR_TO_MONTH_from_LONGNVARCHAR" classname="org.hsqldb.jdbc.JDBCDatabaseMetaDataSupportsConvertTest" time="0.004"/>
    <testcase name="testSupportsConvert_to_INTERVAL_YEAR_TO_MONTH_from_LONGVARCHAR" classname="org.hsqldb.jdbc.JDBCDatabaseMetaDataSupportsConvertTest" time="0.003"/>
    <testcase name="testSupportsConvert_to_INTERVAL_YEAR_TO_MONTH_from_LONGVARBINARY" classname="org.hsqldb.jdbc.JDBCDatabaseMetaDataSupportsConvertTest" time="0.003"/>
    <testcase name="testSupportsConvert_to_INTERVAL_YEAR_TO_MONTH_from_NCHAR" classname="org.hsqldb.jdbc.JDBCDatabaseMetaDataSupportsConvertTest" time="0.002"/>
    <testcase name="testSupportsConvert_to_INTERVAL_YEAR_TO_MONTH_from_NCLOB" classname="org.hsqldb.jdbc.JDBCDatabaseMetaDataSupportsConvertTest" time="0.003"/>
    <testcase name="testSupportsConvert_to_INTERVAL_YEAR_TO_MONTH_from_NULL" classname="org.hsqldb.jdbc.JDBCDatabaseMetaDataSupportsConvertTest" time="0.002"/>
    <testcase name="testSupportsConvert_to_INTERVAL_YEAR_TO_MONTH_from_NUMERIC" classname="org.hsqldb.jdbc.JDBCDatabaseMetaDataSupportsConvertTest" time="0.002"/>
    <testcase name="testSupportsConvert_to_INTERVAL_YEAR_TO_MONTH_from_NVARCHAR" classname="org.hsqldb.jdbc.JDBCDatabaseMetaDataSupportsConvertTest" time="0.003"/>
    <testcase name="testSupportsConvert_to_INTERVAL_YEAR_TO_MONTH_from_OTHER" classname="org.hsqldb.jdbc.JDBCDatabaseMetaDataSupportsConvertTest" time="0.002"/>
    <testcase name="testSupportsConvert_to_INTERVAL_YEAR_TO_MONTH_from_REAL" classname="org.hsqldb.jdbc.JDBCDatabaseMetaDataSupportsConvertTest" time="0.002"/>
    <testcase name="testSupportsConvert_to_INTERVAL_YEAR_TO_MONTH_from_REF" classname="org.hsqldb.jdbc.JDBCDatabaseMetaDataSupportsConvertTest" time="0.002"/>
    <testcase name="testSupportsConvert_to_INTERVAL_YEAR_TO_MONTH_from_ROWID" classname="org.hsqldb.jdbc.JDBCDatabaseMetaDataSupportsConvertTest" time="0.002"/>
    <testcase name="testSupportsConvert_to_INTERVAL_YEAR_TO_MONTH_from_SMALLINT" classname="org.hsqldb.jdbc.JDBCDatabaseMetaDataSupportsConvertTest" time="0.003"/>
    <testcase name="testSupportsConvert_to_INTERVAL_YEAR_TO_MONTH_from_STRUCT" classname="org.hsqldb.jdbc.JDBCDatabaseMetaDataSupportsConvertTest" time="0.002"/>
    <testcase name="testSupportsConvert_to_INTERVAL_YEAR_TO_MONTH_from_TIME" classname="org.hsqldb.jdbc.JDBCDatabaseMetaDataSupportsConvertTest" time="0.002"/>
    <testcase name="testSupportsConvert_to_INTERVAL_YEAR_TO_MONTH_from_TIMESTAMP" classname="org.hsqldb.jdbc.JDBCDatabaseMetaDataSupportsConvertTest" time="0.002"/>
    <testcase name="testSupportsConvert_to_INTERVAL_YEAR_TO_MONTH_from_TIME_WITH_TIME_ZONE" classname="org.hsqldb.jdbc.JDBCDatabaseMetaDataSupportsConvertTest" time="0.003"/>
    <testcase name="testSupportsConvert_to_INTERVAL_YEAR_TO_MONTH_from_TIMESTAMP_WITH_TIME_ZONE" classname="org.hsqldb.jdbc.JDBCDatabaseMetaDataSupportsConvertTest" time="0.002"/>
    <testcase name="testSupportsConvert_to_INTERVAL_YEAR_TO_MONTH_from_TINYINT" classname="org.hsqldb.jdbc.JDBCDatabaseMetaDataSupportsConvertTest" time="0.002"/>
    <testcase name="testSupportsConvert_to_INTERVAL_YEAR_TO_MONTH_from_VARBINARY" classname="org.hsqldb.jdbc.JDBCDatabaseMetaDataSupportsConvertTest" time="0.002"/>
    <testcase name="testSupportsConvert_to_INTERVAL_YEAR_TO_MONTH_from_VARCHAR" classname="org.hsqldb.jdbc.JDBCDatabaseMetaDataSupportsConvertTest" time="0.002"/>
    <testcase name="testSupportsConvert_to_INTERVAL_YEAR_TO_MONTH_from_VARCHAR_IGNORECASE" classname="org.hsqldb.jdbc.JDBCDatabaseMetaDataSupportsConvertTest" time="0.003"/>
    <testcase name="testSupportsConvert_to_INTERVAL_YEAR_TO_MONTH_from_INTERVAL_YEAR" classname="org.hsqldb.jdbc.JDBCDatabaseMetaDataSupportsConvertTest" time="0.002"/>
    <testcase name="testSupportsConvert_to_INTERVAL_YEAR_TO_MONTH_from_INTERVAL_MONTH" classname="org.hsqldb.jdbc.JDBCDatabaseMetaDataSupportsConvertTest" time="0.002"/>
    <testcase name="testSupportsConvert_to_INTERVAL_YEAR_TO_MONTH_from_INTERVAL_DAY" classname="org.hsqldb.jdbc.JDBCDatabaseMetaDataSupportsConvertTest" time="0.002"/>
    <testcase name="testSupportsConvert_to_INTERVAL_YEAR_TO_MONTH_from_INTERVAL_HOUR" classname="org.hsqldb.jdbc.JDBCDatabaseMetaDataSupportsConvertTest" time="0.003"/>
    <testcase name="testSupportsConvert_to_INTERVAL_YEAR_TO_MONTH_from_INTERVAL_MINUTE" classname="org.hsqldb.jdbc.JDBCDatabaseMetaDataSupportsConvertTest" time="0.002"/>
    <testcase name="testSupportsConvert_to_INTERVAL_YEAR_TO_MONTH_from_INTERVAL_SECOND" classname="org.hsqldb.jdbc.JDBCDatabaseMetaDataSupportsConvertTest" time="0.002"/>
    <testcase name="testSupportsConvert_to_INTERVAL_YEAR_TO_MONTH_from_INTERVAL_YEAR_TO_MONTH" classname="org.hsqldb.jdbc.JDBCDatabaseMetaDataSupportsConvertTest" time="0.002"/>
    <testcase name="testSupportsConvert_to_INTERVAL_YEAR_TO_MONTH_from_INTERVAL_DAY_TO_HOUR" classname="org.hsqldb.jdbc.JDBCDatabaseMetaDataSupportsConvertTest" time="0.002"/>
    <testcase name="testSupportsConvert_to_INTERVAL_YEAR_TO_MONTH_from_INTERVAL_DAY_TO_MINUTE" classname="org.hsqldb.jdbc.JDBCDatabaseMetaDataSupportsConvertTest" time="0.002"/>
    <testcase name="testSupportsConvert_to_INTERVAL_YEAR_TO_MONTH_from_INTERVAL_DAY_TO_SECOND" classname="org.hsqldb.jdbc.JDBCDatabaseMetaDataSupportsConvertTest" time="0.003"/>
    <testcase name="testSupportsConvert_to_INTERVAL_YEAR_TO_MONTH_from_INTERVAL_HOUR_TO_MINUTE" classname="org.hsqldb.jdbc.JDBCDatabaseMetaDataSupportsConvertTest" time="0.002"/>
    <testcase name="testSupportsConvert_to_INTERVAL_YEAR_TO_MONTH_from_INTERVAL_HOUR_TO_SECOND" classname="org.hsqldb.jdbc.JDBCDatabaseMetaDataSupportsConvertTest" time="0.002"/>
    <testcase name="testSupportsConvert_to_INTERVAL_YEAR_TO_MONTH_from_INTERVAL_MINUTE_TO_SECOND" classname="org.hsqldb.jdbc.JDBCDatabaseMetaDataSupportsConvertTest" time="0.002"/>
    <testcase name="testSupportsConvert_to_INTERVAL_DAY_TO_HOUR_from_ARRAY" classname="org.hsqldb.jdbc.JDBCDatabaseMetaDataSupportsConvertTest" time="0.002"/>
    <testcase name="testSupportsConvert_to_INTERVAL_DAY_TO_HOUR_from_BIGINT" classname="org.hsqldb.jdbc.JDBCDatabaseMetaDataSupportsConvertTest" time="0.003"/>
    <testcase name="testSupportsConvert_to_INTERVAL_DAY_TO_HOUR_from_BINARY" classname="org.hsqldb.jdbc.JDBCDatabaseMetaDataSupportsConvertTest" time="0.002"/>
    <testcase name="testSupportsConvert_to_INTERVAL_DAY_TO_HOUR_from_BIT" classname="org.hsqldb.jdbc.JDBCDatabaseMetaDataSupportsConvertTest" time="0.003"/>
    <testcase name="testSupportsConvert_to_INTERVAL_DAY_TO_HOUR_from_BLOB" classname="org.hsqldb.jdbc.JDBCDatabaseMetaDataSupportsConvertTest" time="0.003"/>
    <testcase name="testSupportsConvert_to_INTERVAL_DAY_TO_HOUR_from_BOOLEAN" classname="org.hsqldb.jdbc.JDBCDatabaseMetaDataSupportsConvertTest" time="0.002"/>
    <testcase name="testSupportsConvert_to_INTERVAL_DAY_TO_HOUR_from_CHAR" classname="org.hsqldb.jdbc.JDBCDatabaseMetaDataSupportsConvertTest" time="0.003"/>
    <testcase name="testSupportsConvert_to_INTERVAL_DAY_TO_HOUR_from_CLOB" classname="org.hsqldb.jdbc.JDBCDatabaseMetaDataSupportsConvertTest" time="0.002"/>
    <testcase name="testSupportsConvert_to_INTERVAL_DAY_TO_HOUR_from_DATALINK" classname="org.hsqldb.jdbc.JDBCDatabaseMetaDataSupportsConvertTest" time="0.003"/>
    <testcase name="testSupportsConvert_to_INTERVAL_DAY_TO_HOUR_from_DATE" classname="org.hsqldb.jdbc.JDBCDatabaseMetaDataSupportsConvertTest" time="0.002"/>
    <testcase name="testSupportsConvert_to_INTERVAL_DAY_TO_HOUR_from_DECIMAL" classname="org.hsqldb.jdbc.JDBCDatabaseMetaDataSupportsConvertTest" time="0.002"/>
    <testcase name="testSupportsConvert_to_INTERVAL_DAY_TO_HOUR_from_DISTINCT" classname="org.hsqldb.jdbc.JDBCDatabaseMetaDataSupportsConvertTest" time="0.003"/>
    <testcase name="testSupportsConvert_to_INTERVAL_DAY_TO_HOUR_from_DOUBLE" classname="org.hsqldb.jdbc.JDBCDatabaseMetaDataSupportsConvertTest" time="0.002"/>
    <testcase name="testSupportsConvert_to_INTERVAL_DAY_TO_HOUR_from_FLOAT" classname="org.hsqldb.jdbc.JDBCDatabaseMetaDataSupportsConvertTest" time="0.002"/>
    <testcase name="testSupportsConvert_to_INTERVAL_DAY_TO_HOUR_from_INTEGER" classname="org.hsqldb.jdbc.JDBCDatabaseMetaDataSupportsConvertTest" time="0.003"/>
    <testcase name="testSupportsConvert_to_INTERVAL_DAY_TO_HOUR_from_JAVA_OBJECT" classname="org.hsqldb.jdbc.JDBCDatabaseMetaDataSupportsConvertTest" time="0.002"/>
    <testcase name="testSupportsConvert_to_INTERVAL_DAY_TO_HOUR_from_LONGNVARCHAR" classname="org.hsqldb.jdbc.JDBCDatabaseMetaDataSupportsConvertTest" time="0.002"/>
    <testcase name="testSupportsConvert_to_INTERVAL_DAY_TO_HOUR_from_LONGVARCHAR" classname="org.hsqldb.jdbc.JDBCDatabaseMetaDataSupportsConvertTest" time="0.002"/>
    <testcase name="testSupportsConvert_to_INTERVAL_DAY_TO_HOUR_from_LONGVARBINARY" classname="org.hsqldb.jdbc.JDBCDatabaseMetaDataSupportsConvertTest" time="0.003"/>
    <testcase name="testSupportsConvert_to_INTERVAL_DAY_TO_HOUR_from_NCHAR" classname="org.hsqldb.jdbc.JDBCDatabaseMetaDataSupportsConvertTest" time="0.002"/>
    <testcase name="testSupportsConvert_to_INTERVAL_DAY_TO_HOUR_from_NCLOB" classname="org.hsqldb.jdbc.JDBCDatabaseMetaDataSupportsConvertTest" time="0.002"/>
    <testcase name="testSupportsConvert_to_INTERVAL_DAY_TO_HOUR_from_NULL" classname="org.hsqldb.jdbc.JDBCDatabaseMetaDataSupportsConvertTest" time="0.002"/>
    <testcase name="testSupportsConvert_to_INTERVAL_DAY_TO_HOUR_from_NUMERIC" classname="org.hsqldb.jdbc.JDBCDatabaseMetaDataSupportsConvertTest" time="0.003"/>
    <testcase name="testSupportsConvert_to_INTERVAL_DAY_TO_HOUR_from_NVARCHAR" classname="org.hsqldb.jdbc.JDBCDatabaseMetaDataSupportsConvertTest" time="0.002"/>
    <testcase name="testSupportsConvert_to_INTERVAL_DAY_TO_HOUR_from_OTHER" classname="org.hsqldb.jdbc.JDBCDatabaseMetaDataSupportsConvertTest" time="0.002"/>
    <testcase name="testSupportsConvert_to_INTERVAL_DAY_TO_HOUR_from_REAL" classname="org.hsqldb.jdbc.JDBCDatabaseMetaDataSupportsConvertTest" time="0.002"/>
    <testcase name="testSupportsConvert_to_INTERVAL_DAY_TO_HOUR_from_REF" classname="org.hsqldb.jdbc.JDBCDatabaseMetaDataSupportsConvertTest" time="0.003"/>
    <testcase name="testSupportsConvert_to_INTERVAL_DAY_TO_HOUR_from_ROWID" classname="org.hsqldb.jdbc.JDBCDatabaseMetaDataSupportsConvertTest" time="0.002"/>
    <testcase name="testSupportsConvert_to_INTERVAL_DAY_TO_HOUR_from_SMALLINT" classname="org.hsqldb.jdbc.JDBCDatabaseMetaDataSupportsConvertTest" time="0.002"/>
    <testcase name="testSupportsConvert_to_INTERVAL_DAY_TO_HOUR_from_STRUCT" classname="org.hsqldb.jdbc.JDBCDatabaseMetaDataSupportsConvertTest" time="0.003"/>
    <testcase name="testSupportsConvert_to_INTERVAL_DAY_TO_HOUR_from_TIME" classname="org.hsqldb.jdbc.JDBCDatabaseMetaDataSupportsConvertTest" time="0.002"/>
    <testcase name="testSupportsConvert_to_INTERVAL_DAY_TO_HOUR_from_TIMESTAMP" classname="org.hsqldb.jdbc.JDBCDatabaseMetaDataSupportsConvertTest" time="0.002"/>
    <testcase name="testSupportsConvert_to_INTERVAL_DAY_TO_HOUR_from_TIME_WITH_TIME_ZONE" classname="org.hsqldb.jdbc.JDBCDatabaseMetaDataSupportsConvertTest" time="0.002"/>
    <testcase name="testSupportsConvert_to_INTERVAL_DAY_TO_HOUR_from_TIMESTAMP_WITH_TIME_ZONE" classname="org.hsqldb.jdbc.JDBCDatabaseMetaDataSupportsConvertTest" time="0.003"/>
    <testcase name="testSupportsConvert_to_INTERVAL_DAY_TO_HOUR_from_TINYINT" classname="org.hsqldb.jdbc.JDBCDatabaseMetaDataSupportsConvertTest" time="0.002"/>
    <testcase name="testSupportsConvert_to_INTERVAL_DAY_TO_HOUR_from_VARBINARY" classname="org.hsqldb.jdbc.JDBCDatabaseMetaDataSupportsConvertTest" time="0.004"/>
    <testcase name="testSupportsConvert_to_INTERVAL_DAY_TO_HOUR_from_VARCHAR" classname="org.hsqldb.jdbc.JDBCDatabaseMetaDataSupportsConvertTest" time="0.003"/>
    <testcase name="testSupportsConvert_to_INTERVAL_DAY_TO_HOUR_from_VARCHAR_IGNORECASE" classname="org.hsqldb.jdbc.JDBCDatabaseMetaDataSupportsConvertTest" time="0.005"/>
    <testcase name="testSupportsConvert_to_INTERVAL_DAY_TO_HOUR_from_INTERVAL_YEAR" classname="org.hsqldb.jdbc.JDBCDatabaseMetaDataSupportsConvertTest" time="0.004"/>
    <testcase name="testSupportsConvert_to_INTERVAL_DAY_TO_HOUR_from_INTERVAL_MONTH" classname="org.hsqldb.jdbc.JDBCDatabaseMetaDataSupportsConvertTest" time="0.003"/>
    <testcase name="testSupportsConvert_to_INTERVAL_DAY_TO_HOUR_from_INTERVAL_DAY" classname="org.hsqldb.jdbc.JDBCDatabaseMetaDataSupportsConvertTest" time="0.003"/>
    <testcase name="testSupportsConvert_to_INTERVAL_DAY_TO_HOUR_from_INTERVAL_HOUR" classname="org.hsqldb.jdbc.JDBCDatabaseMetaDataSupportsConvertTest" time="0.002"/>
    <testcase name="testSupportsConvert_to_INTERVAL_DAY_TO_HOUR_from_INTERVAL_MINUTE" classname="org.hsqldb.jdbc.JDBCDatabaseMetaDataSupportsConvertTest" time="0.002"/>
    <testcase name="testSupportsConvert_to_INTERVAL_DAY_TO_HOUR_from_INTERVAL_SECOND" classname="org.hsqldb.jdbc.JDBCDatabaseMetaDataSupportsConvertTest" time="0.002"/>
    <testcase name="testSupportsConvert_to_INTERVAL_DAY_TO_HOUR_from_INTERVAL_YEAR_TO_MONTH" classname="org.hsqldb.jdbc.JDBCDatabaseMetaDataSupportsConvertTest" time="0.002"/>
    <testcase name="testSupportsConvert_to_INTERVAL_DAY_TO_HOUR_from_INTERVAL_DAY_TO_HOUR" classname="org.hsqldb.jdbc.JDBCDatabaseMetaDataSupportsConvertTest" time="0.002"/>
    <testcase name="testSupportsConvert_to_INTERVAL_DAY_TO_HOUR_from_INTERVAL_DAY_TO_MINUTE" classname="org.hsqldb.jdbc.JDBCDatabaseMetaDataSupportsConvertTest" time="0.003"/>
    <testcase name="testSupportsConvert_to_INTERVAL_DAY_TO_HOUR_from_INTERVAL_DAY_TO_SECOND" classname="org.hsqldb.jdbc.JDBCDatabaseMetaDataSupportsConvertTest" time="0.002"/>
    <testcase name="testSupportsConvert_to_INTERVAL_DAY_TO_HOUR_from_INTERVAL_HOUR_TO_MINUTE" classname="org.hsqldb.jdbc.JDBCDatabaseMetaDataSupportsConvertTest" time="0.002"/>
    <testcase name="testSupportsConvert_to_INTERVAL_DAY_TO_HOUR_from_INTERVAL_HOUR_TO_SECOND" classname="org.hsqldb.jdbc.JDBCDatabaseMetaDataSupportsConvertTest" time="0.002"/>
    <testcase name="testSupportsConvert_to_INTERVAL_DAY_TO_HOUR_from_INTERVAL_MINUTE_TO_SECOND" classname="org.hsqldb.jdbc.JDBCDatabaseMetaDataSupportsConvertTest" time="0.003"/>
    <testcase name="testSupportsConvert_to_INTERVAL_DAY_TO_MINUTE_from_ARRAY" classname="org.hsqldb.jdbc.JDBCDatabaseMetaDataSupportsConvertTest" time="0.002"/>
    <testcase name="testSupportsConvert_to_INTERVAL_DAY_TO_MINUTE_from_BIGINT" classname="org.hsqldb.jdbc.JDBCDatabaseMetaDataSupportsConvertTest" time="0.002"/>
    <testcase name="testSupportsConvert_to_INTERVAL_DAY_TO_MINUTE_from_BINARY" classname="org.hsqldb.jdbc.JDBCDatabaseMetaDataSupportsConvertTest" time="0.002"/>
    <testcase name="testSupportsConvert_to_INTERVAL_DAY_TO_MINUTE_from_BIT" classname="org.hsqldb.jdbc.JDBCDatabaseMetaDataSupportsConvertTest" time="0.003"/>
    <testcase name="testSupportsConvert_to_INTERVAL_DAY_TO_MINUTE_from_BLOB" classname="org.hsqldb.jdbc.JDBCDatabaseMetaDataSupportsConvertTest" time="0.003"/>
    <testcase name="testSupportsConvert_to_INTERVAL_DAY_TO_MINUTE_from_BOOLEAN" classname="org.hsqldb.jdbc.JDBCDatabaseMetaDataSupportsConvertTest" time="0.003"/>
    <testcase name="testSupportsConvert_to_INTERVAL_DAY_TO_MINUTE_from_CHAR" classname="org.hsqldb.jdbc.JDBCDatabaseMetaDataSupportsConvertTest" time="0.002"/>
    <testcase name="testSupportsConvert_to_INTERVAL_DAY_TO_MINUTE_from_CLOB" classname="org.hsqldb.jdbc.JDBCDatabaseMetaDataSupportsConvertTest" time="0.003"/>
    <testcase name="testSupportsConvert_to_INTERVAL_DAY_TO_MINUTE_from_DATALINK" classname="org.hsqldb.jdbc.JDBCDatabaseMetaDataSupportsConvertTest" time="0.002"/>
    <testcase name="testSupportsConvert_to_INTERVAL_DAY_TO_MINUTE_from_DATE" classname="org.hsqldb.jdbc.JDBCDatabaseMetaDataSupportsConvertTest" time="0.004"/>
    <testcase name="testSupportsConvert_to_INTERVAL_DAY_TO_MINUTE_from_DECIMAL" classname="org.hsqldb.jdbc.JDBCDatabaseMetaDataSupportsConvertTest" time="0.004"/>
    <testcase name="testSupportsConvert_to_INTERVAL_DAY_TO_MINUTE_from_DISTINCT" classname="org.hsqldb.jdbc.JDBCDatabaseMetaDataSupportsConvertTest" time="0.004"/>
    <testcase name="testSupportsConvert_to_INTERVAL_DAY_TO_MINUTE_from_DOUBLE" classname="org.hsqldb.jdbc.JDBCDatabaseMetaDataSupportsConvertTest" time="0.004"/>
    <testcase name="testSupportsConvert_to_INTERVAL_DAY_TO_MINUTE_from_FLOAT" classname="org.hsqldb.jdbc.JDBCDatabaseMetaDataSupportsConvertTest" time="0.003"/>
    <testcase name="testSupportsConvert_to_INTERVAL_DAY_TO_MINUTE_from_INTEGER" classname="org.hsqldb.jdbc.JDBCDatabaseMetaDataSupportsConvertTest" time="0.004"/>
    <testcase name="testSupportsConvert_to_INTERVAL_DAY_TO_MINUTE_from_JAVA_OBJECT" classname="org.hsqldb.jdbc.JDBCDatabaseMetaDataSupportsConvertTest" time="0.004"/>
    <testcase name="testSupportsConvert_to_INTERVAL_DAY_TO_MINUTE_from_LONGNVARCHAR" classname="org.hsqldb.jdbc.JDBCDatabaseMetaDataSupportsConvertTest" time="0.004"/>
    <testcase name="testSupportsConvert_to_INTERVAL_DAY_TO_MINUTE_from_LONGVARCHAR" classname="org.hsqldb.jdbc.JDBCDatabaseMetaDataSupportsConvertTest" time="0.003"/>
    <testcase name="testSupportsConvert_to_INTERVAL_DAY_TO_MINUTE_from_LONGVARBINARY" classname="org.hsqldb.jdbc.JDBCDatabaseMetaDataSupportsConvertTest" time="0.004"/>
    <testcase name="testSupportsConvert_to_INTERVAL_DAY_TO_MINUTE_from_NCHAR" classname="org.hsqldb.jdbc.JDBCDatabaseMetaDataSupportsConvertTest" time="0.002"/>
    <testcase name="testSupportsConvert_to_INTERVAL_DAY_TO_MINUTE_from_NCLOB" classname="org.hsqldb.jdbc.JDBCDatabaseMetaDataSupportsConvertTest" time="0.002"/>
    <testcase name="testSupportsConvert_to_INTERVAL_DAY_TO_MINUTE_from_NULL" classname="org.hsqldb.jdbc.JDBCDatabaseMetaDataSupportsConvertTest" time="0.003"/>
    <testcase name="testSupportsConvert_to_INTERVAL_DAY_TO_MINUTE_from_NUMERIC" classname="org.hsqldb.jdbc.JDBCDatabaseMetaDataSupportsConvertTest" time="0.002"/>
    <testcase name="testSupportsConvert_to_INTERVAL_DAY_TO_MINUTE_from_NVARCHAR" classname="org.hsqldb.jdbc.JDBCDatabaseMetaDataSupportsConvertTest" time="0.002"/>
    <testcase name="testSupportsConvert_to_INTERVAL_DAY_TO_MINUTE_from_OTHER" classname="org.hsqldb.jdbc.JDBCDatabaseMetaDataSupportsConvertTest" time="0.003"/>
    <testcase name="testSupportsConvert_to_INTERVAL_DAY_TO_MINUTE_from_REAL" classname="org.hsqldb.jdbc.JDBCDatabaseMetaDataSupportsConvertTest" time="0.002"/>
    <testcase name="testSupportsConvert_to_INTERVAL_DAY_TO_MINUTE_from_REF" classname="org.hsqldb.jdbc.JDBCDatabaseMetaDataSupportsConvertTest" time="0.002"/>
    <testcase name="testSupportsConvert_to_INTERVAL_DAY_TO_MINUTE_from_ROWID" classname="org.hsqldb.jdbc.JDBCDatabaseMetaDataSupportsConvertTest" time="0.002"/>
    <testcase name="testSupportsConvert_to_INTERVAL_DAY_TO_MINUTE_from_SMALLINT" classname="org.hsqldb.jdbc.JDBCDatabaseMetaDataSupportsConvertTest" time="0.003"/>
    <testcase name="testSupportsConvert_to_INTERVAL_DAY_TO_MINUTE_from_STRUCT" classname="org.hsqldb.jdbc.JDBCDatabaseMetaDataSupportsConvertTest" time="0.002"/>
    <testcase name="testSupportsConvert_to_INTERVAL_DAY_TO_MINUTE_from_TIME" classname="org.hsqldb.jdbc.JDBCDatabaseMetaDataSupportsConvertTest" time="0.002"/>
    <testcase name="testSupportsConvert_to_INTERVAL_DAY_TO_MINUTE_from_TIMESTAMP" classname="org.hsqldb.jdbc.JDBCDatabaseMetaDataSupportsConvertTest" time="0.002"/>
    <testcase name="testSupportsConvert_to_INTERVAL_DAY_TO_MINUTE_from_TIME_WITH_TIME_ZONE" classname="org.hsqldb.jdbc.JDBCDatabaseMetaDataSupportsConvertTest" time="0.002"/>
    <testcase name="testSupportsConvert_to_INTERVAL_DAY_TO_MINUTE_from_TIMESTAMP_WITH_TIME_ZONE" classname="org.hsqldb.jdbc.JDBCDatabaseMetaDataSupportsConvertTest" time="0.003"/>
    <testcase name="testSupportsConvert_to_INTERVAL_DAY_TO_MINUTE_from_TINYINT" classname="org.hsqldb.jdbc.JDBCDatabaseMetaDataSupportsConvertTest" time="0.002"/>
    <testcase name="testSupportsConvert_to_INTERVAL_DAY_TO_MINUTE_from_VARBINARY" classname="org.hsqldb.jdbc.JDBCDatabaseMetaDataSupportsConvertTest" time="0.002"/>
    <testcase name="testSupportsConvert_to_INTERVAL_DAY_TO_MINUTE_from_VARCHAR" classname="org.hsqldb.jdbc.JDBCDatabaseMetaDataSupportsConvertTest" time="0.002"/>
    <testcase name="testSupportsConvert_to_INTERVAL_DAY_TO_MINUTE_from_VARCHAR_IGNORECASE" classname="org.hsqldb.jdbc.JDBCDatabaseMetaDataSupportsConvertTest" time="0.002"/>
    <testcase name="testSupportsConvert_to_INTERVAL_DAY_TO_MINUTE_from_INTERVAL_YEAR" classname="org.hsqldb.jdbc.JDBCDatabaseMetaDataSupportsConvertTest" time="0.002"/>
    <testcase name="testSupportsConvert_to_INTERVAL_DAY_TO_MINUTE_from_INTERVAL_MONTH" classname="org.hsqldb.jdbc.JDBCDatabaseMetaDataSupportsConvertTest" time="0.002"/>
    <testcase name="testSupportsConvert_to_INTERVAL_DAY_TO_MINUTE_from_INTERVAL_DAY" classname="org.hsqldb.jdbc.JDBCDatabaseMetaDataSupportsConvertTest" time="0.003"/>
    <testcase name="testSupportsConvert_to_INTERVAL_DAY_TO_MINUTE_from_INTERVAL_HOUR" classname="org.hsqldb.jdbc.JDBCDatabaseMetaDataSupportsConvertTest" time="0.003"/>
    <testcase name="testSupportsConvert_to_INTERVAL_DAY_TO_MINUTE_from_INTERVAL_MINUTE" classname="org.hsqldb.jdbc.JDBCDatabaseMetaDataSupportsConvertTest" time="0.002"/>
    <testcase name="testSupportsConvert_to_INTERVAL_DAY_TO_MINUTE_from_INTERVAL_SECOND" classname="org.hsqldb.jdbc.JDBCDatabaseMetaDataSupportsConvertTest" time="0.002"/>
    <testcase name="testSupportsConvert_to_INTERVAL_DAY_TO_MINUTE_from_INTERVAL_YEAR_TO_MONTH" classname="org.hsqldb.jdbc.JDBCDatabaseMetaDataSupportsConvertTest" time="0.002"/>
    <testcase name="testSupportsConvert_to_INTERVAL_DAY_TO_MINUTE_from_INTERVAL_DAY_TO_HOUR" classname="org.hsqldb.jdbc.JDBCDatabaseMetaDataSupportsConvertTest" time="0.002"/>
    <testcase name="testSupportsConvert_to_INTERVAL_DAY_TO_MINUTE_from_INTERVAL_DAY_TO_MINUTE" classname="org.hsqldb.jdbc.JDBCDatabaseMetaDataSupportsConvertTest" time="0.002"/>
    <testcase name="testSupportsConvert_to_INTERVAL_DAY_TO_MINUTE_from_INTERVAL_DAY_TO_SECOND" classname="org.hsqldb.jdbc.JDBCDatabaseMetaDataSupportsConvertTest" time="0.003"/>
    <testcase name="testSupportsConvert_to_INTERVAL_DAY_TO_MINUTE_from_INTERVAL_HOUR_TO_MINUTE" classname="org.hsqldb.jdbc.JDBCDatabaseMetaDataSupportsConvertTest" time="0.002"/>
    <testcase name="testSupportsConvert_to_INTERVAL_DAY_TO_MINUTE_from_INTERVAL_HOUR_TO_SECOND" classname="org.hsqldb.jdbc.JDBCDatabaseMetaDataSupportsConvertTest" time="0.002"/>
    <testcase name="testSupportsConvert_to_INTERVAL_DAY_TO_MINUTE_from_INTERVAL_MINUTE_TO_SECOND" classname="org.hsqldb.jdbc.JDBCDatabaseMetaDataSupportsConvertTest" time="0.002"/>
    <testcase name="testSupportsConvert_to_INTERVAL_DAY_TO_SECOND_from_ARRAY" classname="org.hsqldb.jdbc.JDBCDatabaseMetaDataSupportsConvertTest" time="0.002"/>
    <testcase name="testSupportsConvert_to_INTERVAL_DAY_TO_SECOND_from_BIGINT" classname="org.hsqldb.jdbc.JDBCDatabaseMetaDataSupportsConvertTest" time="0.003"/>
    <testcase name="testSupportsConvert_to_INTERVAL_DAY_TO_SECOND_from_BINARY" classname="org.hsqldb.jdbc.JDBCDatabaseMetaDataSupportsConvertTest" time="0.002"/>
    <testcase name="testSupportsConvert_to_INTERVAL_DAY_TO_SECOND_from_BIT" classname="org.hsqldb.jdbc.JDBCDatabaseMetaDataSupportsConvertTest" time="0.002"/>
    <testcase name="testSupportsConvert_to_INTERVAL_DAY_TO_SECOND_from_BLOB" classname="org.hsqldb.jdbc.JDBCDatabaseMetaDataSupportsConvertTest" time="0.002"/>
    <testcase name="testSupportsConvert_to_INTERVAL_DAY_TO_SECOND_from_BOOLEAN" classname="org.hsqldb.jdbc.JDBCDatabaseMetaDataSupportsConvertTest" time="0.002"/>
    <testcase name="testSupportsConvert_to_INTERVAL_DAY_TO_SECOND_from_CHAR" classname="org.hsqldb.jdbc.JDBCDatabaseMetaDataSupportsConvertTest" time="0.003"/>
    <testcase name="testSupportsConvert_to_INTERVAL_DAY_TO_SECOND_from_CLOB" classname="org.hsqldb.jdbc.JDBCDatabaseMetaDataSupportsConvertTest" time="0.002"/>
    <testcase name="testSupportsConvert_to_INTERVAL_DAY_TO_SECOND_from_DATALINK" classname="org.hsqldb.jdbc.JDBCDatabaseMetaDataSupportsConvertTest" time="0.002"/>
    <testcase name="testSupportsConvert_to_INTERVAL_DAY_TO_SECOND_from_DATE" classname="org.hsqldb.jdbc.JDBCDatabaseMetaDataSupportsConvertTest" time="0.002"/>
    <testcase name="testSupportsConvert_to_INTERVAL_DAY_TO_SECOND_from_DECIMAL" classname="org.hsqldb.jdbc.JDBCDatabaseMetaDataSupportsConvertTest" time="0.002"/>
    <testcase name="testSupportsConvert_to_INTERVAL_DAY_TO_SECOND_from_DISTINCT" classname="org.hsqldb.jdbc.JDBCDatabaseMetaDataSupportsConvertTest" time="0.002"/>
    <testcase name="testSupportsConvert_to_INTERVAL_DAY_TO_SECOND_from_DOUBLE" classname="org.hsqldb.jdbc.JDBCDatabaseMetaDataSupportsConvertTest" time="0.002"/>
    <testcase name="testSupportsConvert_to_INTERVAL_DAY_TO_SECOND_from_FLOAT" classname="org.hsqldb.jdbc.JDBCDatabaseMetaDataSupportsConvertTest" time="0.002"/>
    <testcase name="testSupportsConvert_to_INTERVAL_DAY_TO_SECOND_from_INTEGER" classname="org.hsqldb.jdbc.JDBCDatabaseMetaDataSupportsConvertTest" time="0.002"/>
    <testcase name="testSupportsConvert_to_INTERVAL_DAY_TO_SECOND_from_JAVA_OBJECT" classname="org.hsqldb.jdbc.JDBCDatabaseMetaDataSupportsConvertTest" time="0.002"/>
    <testcase name="testSupportsConvert_to_INTERVAL_DAY_TO_SECOND_from_LONGNVARCHAR" classname="org.hsqldb.jdbc.JDBCDatabaseMetaDataSupportsConvertTest" time="0.003"/>
    <testcase name="testSupportsConvert_to_INTERVAL_DAY_TO_SECOND_from_LONGVARCHAR" classname="org.hsqldb.jdbc.JDBCDatabaseMetaDataSupportsConvertTest" time="0.002"/>
    <testcase name="testSupportsConvert_to_INTERVAL_DAY_TO_SECOND_from_LONGVARBINARY" classname="org.hsqldb.jdbc.JDBCDatabaseMetaDataSupportsConvertTest" time="0.002"/>
    <testcase name="testSupportsConvert_to_INTERVAL_DAY_TO_SECOND_from_NCHAR" classname="org.hsqldb.jdbc.JDBCDatabaseMetaDataSupportsConvertTest" time="0.002"/>
    <testcase name="testSupportsConvert_to_INTERVAL_DAY_TO_SECOND_from_NCLOB" classname="org.hsqldb.jdbc.JDBCDatabaseMetaDataSupportsConvertTest" time="0.002"/>
    <testcase name="testSupportsConvert_to_INTERVAL_DAY_TO_SECOND_from_NULL" classname="org.hsqldb.jdbc.JDBCDatabaseMetaDataSupportsConvertTest" time="0.002"/>
    <testcase name="testSupportsConvert_to_INTERVAL_DAY_TO_SECOND_from_NUMERIC" classname="org.hsqldb.jdbc.JDBCDatabaseMetaDataSupportsConvertTest" time="0.003"/>
    <testcase name="testSupportsConvert_to_INTERVAL_DAY_TO_SECOND_from_NVARCHAR" classname="org.hsqldb.jdbc.JDBCDatabaseMetaDataSupportsConvertTest" time="0.002"/>
    <testcase name="testSupportsConvert_to_INTERVAL_DAY_TO_SECOND_from_OTHER" classname="org.hsqldb.jdbc.JDBCDatabaseMetaDataSupportsConvertTest" time="0.004"/>
    <testcase name="testSupportsConvert_to_INTERVAL_DAY_TO_SECOND_from_REAL" classname="org.hsqldb.jdbc.JDBCDatabaseMetaDataSupportsConvertTest" time="0.003"/>
    <testcase name="testSupportsConvert_to_INTERVAL_DAY_TO_SECOND_from_REF" classname="org.hsqldb.jdbc.JDBCDatabaseMetaDataSupportsConvertTest" time="0.003"/>
    <testcase name="testSupportsConvert_to_INTERVAL_DAY_TO_SECOND_from_ROWID" classname="org.hsqldb.jdbc.JDBCDatabaseMetaDataSupportsConvertTest" time="0.003"/>
    <testcase name="testSupportsConvert_to_INTERVAL_DAY_TO_SECOND_from_SMALLINT" classname="org.hsqldb.jdbc.JDBCDatabaseMetaDataSupportsConvertTest" time="0.002"/>
    <testcase name="testSupportsConvert_to_INTERVAL_DAY_TO_SECOND_from_STRUCT" classname="org.hsqldb.jdbc.JDBCDatabaseMetaDataSupportsConvertTest" time="0.002"/>
    <testcase name="testSupportsConvert_to_INTERVAL_DAY_TO_SECOND_from_TIME" classname="org.hsqldb.jdbc.JDBCDatabaseMetaDataSupportsConvertTest" time="0.002"/>
    <testcase name="testSupportsConvert_to_INTERVAL_DAY_TO_SECOND_from_TIMESTAMP" classname="org.hsqldb.jdbc.JDBCDatabaseMetaDataSupportsConvertTest" time="0.003"/>
    <testcase name="testSupportsConvert_to_INTERVAL_DAY_TO_SECOND_from_TIME_WITH_TIME_ZONE" classname="org.hsqldb.jdbc.JDBCDatabaseMetaDataSupportsConvertTest" time="0.002"/>
    <testcase name="testSupportsConvert_to_INTERVAL_DAY_TO_SECOND_from_TIMESTAMP_WITH_TIME_ZONE" classname="org.hsqldb.jdbc.JDBCDatabaseMetaDataSupportsConvertTest" time="0.002"/>
    <testcase name="testSupportsConvert_to_INTERVAL_DAY_TO_SECOND_from_TINYINT" classname="org.hsqldb.jdbc.JDBCDatabaseMetaDataSupportsConvertTest" time="0.002"/>
    <testcase name="testSupportsConvert_to_INTERVAL_DAY_TO_SECOND_from_VARBINARY" classname="org.hsqldb.jdbc.JDBCDatabaseMetaDataSupportsConvertTest" time="0.002"/>
    <testcase name="testSupportsConvert_to_INTERVAL_DAY_TO_SECOND_from_VARCHAR" classname="org.hsqldb.jdbc.JDBCDatabaseMetaDataSupportsConvertTest" time="0.002"/>
    <testcase name="testSupportsConvert_to_INTERVAL_DAY_TO_SECOND_from_VARCHAR_IGNORECASE" classname="org.hsqldb.jdbc.JDBCDatabaseMetaDataSupportsConvertTest" time="0.003"/>
    <testcase name="testSupportsConvert_to_INTERVAL_DAY_TO_SECOND_from_INTERVAL_YEAR" classname="org.hsqldb.jdbc.JDBCDatabaseMetaDataSupportsConvertTest" time="0.002"/>
    <testcase name="testSupportsConvert_to_INTERVAL_DAY_TO_SECOND_from_INTERVAL_MONTH" classname="org.hsqldb.jdbc.JDBCDatabaseMetaDataSupportsConvertTest" time="0.002"/>
    <testcase name="testSupportsConvert_to_INTERVAL_DAY_TO_SECOND_from_INTERVAL_DAY" classname="org.hsqldb.jdbc.JDBCDatabaseMetaDataSupportsConvertTest" time="0.002"/>
    <testcase name="testSupportsConvert_to_INTERVAL_DAY_TO_SECOND_from_INTERVAL_HOUR" classname="org.hsqldb.jdbc.JDBCDatabaseMetaDataSupportsConvertTest" time="0.002"/>
    <testcase name="testSupportsConvert_to_INTERVAL_DAY_TO_SECOND_from_INTERVAL_MINUTE" classname="org.hsqldb.jdbc.JDBCDatabaseMetaDataSupportsConvertTest" time="0.002"/>
    <testcase name="testSupportsConvert_to_INTERVAL_DAY_TO_SECOND_from_INTERVAL_SECOND" classname="org.hsqldb.jdbc.JDBCDatabaseMetaDataSupportsConvertTest" time="0.003"/>
    <testcase name="testSupportsConvert_to_INTERVAL_DAY_TO_SECOND_from_INTERVAL_YEAR_TO_MONTH" classname="org.hsqldb.jdbc.JDBCDatabaseMetaDataSupportsConvertTest" time="0.002"/>
    <testcase name="testSupportsConvert_to_INTERVAL_DAY_TO_SECOND_from_INTERVAL_DAY_TO_HOUR" classname="org.hsqldb.jdbc.JDBCDatabaseMetaDataSupportsConvertTest" time="0.002"/>
    <testcase name="testSupportsConvert_to_INTERVAL_DAY_TO_SECOND_from_INTERVAL_DAY_TO_MINUTE" classname="org.hsqldb.jdbc.JDBCDatabaseMetaDataSupportsConvertTest" time="0.002"/>
    <testcase name="testSupportsConvert_to_INTERVAL_DAY_TO_SECOND_from_INTERVAL_DAY_TO_SECOND" classname="org.hsqldb.jdbc.JDBCDatabaseMetaDataSupportsConvertTest" time="0.002"/>
    <testcase name="testSupportsConvert_to_INTERVAL_DAY_TO_SECOND_from_INTERVAL_HOUR_TO_MINUTE" classname="org.hsqldb.jdbc.JDBCDatabaseMetaDataSupportsConvertTest" time="0.002"/>
    <testcase name="testSupportsConvert_to_INTERVAL_DAY_TO_SECOND_from_INTERVAL_HOUR_TO_SECOND" classname="org.hsqldb.jdbc.JDBCDatabaseMetaDataSupportsConvertTest" time="0.002"/>
    <testcase name="testSupportsConvert_to_INTERVAL_DAY_TO_SECOND_from_INTERVAL_MINUTE_TO_SECOND" classname="org.hsqldb.jdbc.JDBCDatabaseMetaDataSupportsConvertTest" time="0.002"/>
    <testcase name="testSupportsConvert_to_INTERVAL_HOUR_TO_MINUTE_from_ARRAY" classname="org.hsqldb.jdbc.JDBCDatabaseMetaDataSupportsConvertTest" time="0.002"/>
    <testcase name="testSupportsConvert_to_INTERVAL_HOUR_TO_MINUTE_from_BIGINT" classname="org.hsqldb.jdbc.JDBCDatabaseMetaDataSupportsConvertTest" time="0.002"/>
    <testcase name="testSupportsConvert_to_INTERVAL_HOUR_TO_MINUTE_from_BINARY" classname="org.hsqldb.jdbc.JDBCDatabaseMetaDataSupportsConvertTest" time="0.002"/>
    <testcase name="testSupportsConvert_to_INTERVAL_HOUR_TO_MINUTE_from_BIT" classname="org.hsqldb.jdbc.JDBCDatabaseMetaDataSupportsConvertTest" time="0.002"/>
    <testcase name="testSupportsConvert_to_INTERVAL_HOUR_TO_MINUTE_from_BLOB" classname="org.hsqldb.jdbc.JDBCDatabaseMetaDataSupportsConvertTest" time="0.002"/>
    <testcase name="testSupportsConvert_to_INTERVAL_HOUR_TO_MINUTE_from_BOOLEAN" classname="org.hsqldb.jdbc.JDBCDatabaseMetaDataSupportsConvertTest" time="0.003"/>
    <testcase name="testSupportsConvert_to_INTERVAL_HOUR_TO_MINUTE_from_CHAR" classname="org.hsqldb.jdbc.JDBCDatabaseMetaDataSupportsConvertTest" time="0.003"/>
    <testcase name="testSupportsConvert_to_INTERVAL_HOUR_TO_MINUTE_from_CLOB" classname="org.hsqldb.jdbc.JDBCDatabaseMetaDataSupportsConvertTest" time="0.003"/>
    <testcase name="testSupportsConvert_to_INTERVAL_HOUR_TO_MINUTE_from_DATALINK" classname="org.hsqldb.jdbc.JDBCDatabaseMetaDataSupportsConvertTest" time="0.002"/>
    <testcase name="testSupportsConvert_to_INTERVAL_HOUR_TO_MINUTE_from_DATE" classname="org.hsqldb.jdbc.JDBCDatabaseMetaDataSupportsConvertTest" time="0.004"/>
    <testcase name="testSupportsConvert_to_INTERVAL_HOUR_TO_MINUTE_from_DECIMAL" classname="org.hsqldb.jdbc.JDBCDatabaseMetaDataSupportsConvertTest" time="0.002"/>
    <testcase name="testSupportsConvert_to_INTERVAL_HOUR_TO_MINUTE_from_DISTINCT" classname="org.hsqldb.jdbc.JDBCDatabaseMetaDataSupportsConvertTest" time="0.002"/>
    <testcase name="testSupportsConvert_to_INTERVAL_HOUR_TO_MINUTE_from_DOUBLE" classname="org.hsqldb.jdbc.JDBCDatabaseMetaDataSupportsConvertTest" time="0.002"/>
    <testcase name="testSupportsConvert_to_INTERVAL_HOUR_TO_MINUTE_from_FLOAT" classname="org.hsqldb.jdbc.JDBCDatabaseMetaDataSupportsConvertTest" time="0.003"/>
    <testcase name="testSupportsConvert_to_INTERVAL_HOUR_TO_MINUTE_from_INTEGER" classname="org.hsqldb.jdbc.JDBCDatabaseMetaDataSupportsConvertTest" time="0.003"/>
    <testcase name="testSupportsConvert_to_INTERVAL_HOUR_TO_MINUTE_from_JAVA_OBJECT" classname="org.hsqldb.jdbc.JDBCDatabaseMetaDataSupportsConvertTest" time="0.002"/>
    <testcase name="testSupportsConvert_to_INTERVAL_HOUR_TO_MINUTE_from_LONGNVARCHAR" classname="org.hsqldb.jdbc.JDBCDatabaseMetaDataSupportsConvertTest" time="0.002"/>
    <testcase name="testSupportsConvert_to_INTERVAL_HOUR_TO_MINUTE_from_LONGVARCHAR" classname="org.hsqldb.jdbc.JDBCDatabaseMetaDataSupportsConvertTest" time="0.002"/>
    <testcase name="testSupportsConvert_to_INTERVAL_HOUR_TO_MINUTE_from_LONGVARBINARY" classname="org.hsqldb.jdbc.JDBCDatabaseMetaDataSupportsConvertTest" time="0.002"/>
    <testcase name="testSupportsConvert_to_INTERVAL_HOUR_TO_MINUTE_from_NCHAR" classname="org.hsqldb.jdbc.JDBCDatabaseMetaDataSupportsConvertTest" time="0.002"/>
    <testcase name="testSupportsConvert_to_INTERVAL_HOUR_TO_MINUTE_from_NCLOB" classname="org.hsqldb.jdbc.JDBCDatabaseMetaDataSupportsConvertTest" time="0.002"/>
    <testcase name="testSupportsConvert_to_INTERVAL_HOUR_TO_MINUTE_from_NULL" classname="org.hsqldb.jdbc.JDBCDatabaseMetaDataSupportsConvertTest" time="0.003"/>
    <testcase name="testSupportsConvert_to_INTERVAL_HOUR_TO_MINUTE_from_NUMERIC" classname="org.hsqldb.jdbc.JDBCDatabaseMetaDataSupportsConvertTest" time="0.002"/>
    <testcase name="testSupportsConvert_to_INTERVAL_HOUR_TO_MINUTE_from_NVARCHAR" classname="org.hsqldb.jdbc.JDBCDatabaseMetaDataSupportsConvertTest" time="0.002"/>
    <testcase name="testSupportsConvert_to_INTERVAL_HOUR_TO_MINUTE_from_OTHER" classname="org.hsqldb.jdbc.JDBCDatabaseMetaDataSupportsConvertTest" time="0.002"/>
    <testcase name="testSupportsConvert_to_INTERVAL_HOUR_TO_MINUTE_from_REAL" classname="org.hsqldb.jdbc.JDBCDatabaseMetaDataSupportsConvertTest" time="0.002"/>
    <testcase name="testSupportsConvert_to_INTERVAL_HOUR_TO_MINUTE_from_REF" classname="org.hsqldb.jdbc.JDBCDatabaseMetaDataSupportsConvertTest" time="0.002"/>
    <testcase name="testSupportsConvert_to_INTERVAL_HOUR_TO_MINUTE_from_ROWID" classname="org.hsqldb.jdbc.JDBCDatabaseMetaDataSupportsConvertTest" time="0.003"/>
    <testcase name="testSupportsConvert_to_INTERVAL_HOUR_TO_MINUTE_from_SMALLINT" classname="org.hsqldb.jdbc.JDBCDatabaseMetaDataSupportsConvertTest" time="0.002"/>
    <testcase name="testSupportsConvert_to_INTERVAL_HOUR_TO_MINUTE_from_STRUCT" classname="org.hsqldb.jdbc.JDBCDatabaseMetaDataSupportsConvertTest" time="0.002"/>
    <testcase name="testSupportsConvert_to_INTERVAL_HOUR_TO_MINUTE_from_TIME" classname="org.hsqldb.jdbc.JDBCDatabaseMetaDataSupportsConvertTest" time="0.002"/>
    <testcase name="testSupportsConvert_to_INTERVAL_HOUR_TO_MINUTE_from_TIMESTAMP" classname="org.hsqldb.jdbc.JDBCDatabaseMetaDataSupportsConvertTest" time="0.002"/>
    <testcase name="testSupportsConvert_to_INTERVAL_HOUR_TO_MINUTE_from_TIME_WITH_TIME_ZONE" classname="org.hsqldb.jdbc.JDBCDatabaseMetaDataSupportsConvertTest" time="0.002"/>
    <testcase name="testSupportsConvert_to_INTERVAL_HOUR_TO_MINUTE_from_TIMESTAMP_WITH_TIME_ZONE" classname="org.hsqldb.jdbc.JDBCDatabaseMetaDataSupportsConvertTest" time="0.002"/>
    <testcase name="testSupportsConvert_to_INTERVAL_HOUR_TO_MINUTE_from_TINYINT" classname="org.hsqldb.jdbc.JDBCDatabaseMetaDataSupportsConvertTest" time="0.002"/>
    <testcase name="testSupportsConvert_to_INTERVAL_HOUR_TO_MINUTE_from_VARBINARY" classname="org.hsqldb.jdbc.JDBCDatabaseMetaDataSupportsConvertTest" time="0.002"/>
    <testcase name="testSupportsConvert_to_INTERVAL_HOUR_TO_MINUTE_from_VARCHAR" classname="org.hsqldb.jdbc.JDBCDatabaseMetaDataSupportsConvertTest" time="0.003"/>
    <testcase name="testSupportsConvert_to_INTERVAL_HOUR_TO_MINUTE_from_VARCHAR_IGNORECASE" classname="org.hsqldb.jdbc.JDBCDatabaseMetaDataSupportsConvertTest" time="0.002"/>
    <testcase name="testSupportsConvert_to_INTERVAL_HOUR_TO_MINUTE_from_INTERVAL_YEAR" classname="org.hsqldb.jdbc.JDBCDatabaseMetaDataSupportsConvertTest" time="0.002"/>
    <testcase name="testSupportsConvert_to_INTERVAL_HOUR_TO_MINUTE_from_INTERVAL_MONTH" classname="org.hsqldb.jdbc.JDBCDatabaseMetaDataSupportsConvertTest" time="0.002"/>
    <testcase name="testSupportsConvert_to_INTERVAL_HOUR_TO_MINUTE_from_INTERVAL_DAY" classname="org.hsqldb.jdbc.JDBCDatabaseMetaDataSupportsConvertTest" time="0.002"/>
    <testcase name="testSupportsConvert_to_INTERVAL_HOUR_TO_MINUTE_from_INTERVAL_HOUR" classname="org.hsqldb.jdbc.JDBCDatabaseMetaDataSupportsConvertTest" time="0.082"/>
    <testcase name="testSupportsConvert_to_INTERVAL_HOUR_TO_MINUTE_from_INTERVAL_MINUTE" classname="org.hsqldb.jdbc.JDBCDatabaseMetaDataSupportsConvertTest" time="0.003"/>
    <testcase name="testSupportsConvert_to_INTERVAL_HOUR_TO_MINUTE_from_INTERVAL_SECOND" classname="org.hsqldb.jdbc.JDBCDatabaseMetaDataSupportsConvertTest" time="0.002"/>
    <testcase name="testSupportsConvert_to_INTERVAL_HOUR_TO_MINUTE_from_INTERVAL_YEAR_TO_MONTH" classname="org.hsqldb.jdbc.JDBCDatabaseMetaDataSupportsConvertTest" time="0.002"/>
    <testcase name="testSupportsConvert_to_INTERVAL_HOUR_TO_MINUTE_from_INTERVAL_DAY_TO_HOUR" classname="org.hsqldb.jdbc.JDBCDatabaseMetaDataSupportsConvertTest" time="0.002"/>
    <testcase name="testSupportsConvert_to_INTERVAL_HOUR_TO_MINUTE_from_INTERVAL_DAY_TO_MINUTE" classname="org.hsqldb.jdbc.JDBCDatabaseMetaDataSupportsConvertTest" time="0.002"/>
    <testcase name="testSupportsConvert_to_INTERVAL_HOUR_TO_MINUTE_from_INTERVAL_DAY_TO_SECOND" classname="org.hsqldb.jdbc.JDBCDatabaseMetaDataSupportsConvertTest" time="0.002"/>
    <testcase name="testSupportsConvert_to_INTERVAL_HOUR_TO_MINUTE_from_INTERVAL_HOUR_TO_MINUTE" classname="org.hsqldb.jdbc.JDBCDatabaseMetaDataSupportsConvertTest" time="0.003"/>
    <testcase name="testSupportsConvert_to_INTERVAL_HOUR_TO_MINUTE_from_INTERVAL_HOUR_TO_SECOND" classname="org.hsqldb.jdbc.JDBCDatabaseMetaDataSupportsConvertTest" time="0.002"/>
    <testcase name="testSupportsConvert_to_INTERVAL_HOUR_TO_MINUTE_from_INTERVAL_MINUTE_TO_SECOND" classname="org.hsqldb.jdbc.JDBCDatabaseMetaDataSupportsConvertTest" time="0.002"/>
    <testcase name="testSupportsConvert_to_INTERVAL_HOUR_TO_SECOND_from_ARRAY" classname="org.hsqldb.jdbc.JDBCDatabaseMetaDataSupportsConvertTest" time="0.002"/>
    <testcase name="testSupportsConvert_to_INTERVAL_HOUR_TO_SECOND_from_BIGINT" classname="org.hsqldb.jdbc.JDBCDatabaseMetaDataSupportsConvertTest" time="0.002"/>
    <testcase name="testSupportsConvert_to_INTERVAL_HOUR_TO_SECOND_from_BINARY" classname="org.hsqldb.jdbc.JDBCDatabaseMetaDataSupportsConvertTest" time="0.002"/>
    <testcase name="testSupportsConvert_to_INTERVAL_HOUR_TO_SECOND_from_BIT" classname="org.hsqldb.jdbc.JDBCDatabaseMetaDataSupportsConvertTest" time="0.002"/>
    <testcase name="testSupportsConvert_to_INTERVAL_HOUR_TO_SECOND_from_BLOB" classname="org.hsqldb.jdbc.JDBCDatabaseMetaDataSupportsConvertTest" time="0.002"/>
    <testcase name="testSupportsConvert_to_INTERVAL_HOUR_TO_SECOND_from_BOOLEAN" classname="org.hsqldb.jdbc.JDBCDatabaseMetaDataSupportsConvertTest" time="0.003"/>
    <testcase name="testSupportsConvert_to_INTERVAL_HOUR_TO_SECOND_from_CHAR" classname="org.hsqldb.jdbc.JDBCDatabaseMetaDataSupportsConvertTest" time="0.002"/>
    <testcase name="testSupportsConvert_to_INTERVAL_HOUR_TO_SECOND_from_CLOB" classname="org.hsqldb.jdbc.JDBCDatabaseMetaDataSupportsConvertTest" time="0.002"/>
    <testcase name="testSupportsConvert_to_INTERVAL_HOUR_TO_SECOND_from_DATALINK" classname="org.hsqldb.jdbc.JDBCDatabaseMetaDataSupportsConvertTest" time="0.002"/>
    <testcase name="testSupportsConvert_to_INTERVAL_HOUR_TO_SECOND_from_DATE" classname="org.hsqldb.jdbc.JDBCDatabaseMetaDataSupportsConvertTest" time="0.002"/>
    <testcase name="testSupportsConvert_to_INTERVAL_HOUR_TO_SECOND_from_DECIMAL" classname="org.hsqldb.jdbc.JDBCDatabaseMetaDataSupportsConvertTest" time="0.002"/>
    <testcase name="testSupportsConvert_to_INTERVAL_HOUR_TO_SECOND_from_DISTINCT" classname="org.hsqldb.jdbc.JDBCDatabaseMetaDataSupportsConvertTest" time="0.002"/>
    <testcase name="testSupportsConvert_to_INTERVAL_HOUR_TO_SECOND_from_DOUBLE" classname="org.hsqldb.jdbc.JDBCDatabaseMetaDataSupportsConvertTest" time="0.002"/>
    <testcase name="testSupportsConvert_to_INTERVAL_HOUR_TO_SECOND_from_FLOAT" classname="org.hsqldb.jdbc.JDBCDatabaseMetaDataSupportsConvertTest" time="0.002"/>
    <testcase name="testSupportsConvert_to_INTERVAL_HOUR_TO_SECOND_from_INTEGER" classname="org.hsqldb.jdbc.JDBCDatabaseMetaDataSupportsConvertTest" time="0.003"/>
    <testcase name="testSupportsConvert_to_INTERVAL_HOUR_TO_SECOND_from_JAVA_OBJECT" classname="org.hsqldb.jdbc.JDBCDatabaseMetaDataSupportsConvertTest" time="0.002"/>
    <testcase name="testSupportsConvert_to_INTERVAL_HOUR_TO_SECOND_from_LONGNVARCHAR" classname="org.hsqldb.jdbc.JDBCDatabaseMetaDataSupportsConvertTest" time="0.002"/>
    <testcase name="testSupportsConvert_to_INTERVAL_HOUR_TO_SECOND_from_LONGVARCHAR" classname="org.hsqldb.jdbc.JDBCDatabaseMetaDataSupportsConvertTest" time="0.002"/>
    <testcase name="testSupportsConvert_to_INTERVAL_HOUR_TO_SECOND_from_LONGVARBINARY" classname="org.hsqldb.jdbc.JDBCDatabaseMetaDataSupportsConvertTest" time="0.002"/>
    <testcase name="testSupportsConvert_to_INTERVAL_HOUR_TO_SECOND_from_NCHAR" classname="org.hsqldb.jdbc.JDBCDatabaseMetaDataSupportsConvertTest" time="0.002"/>
    <testcase name="testSupportsConvert_to_INTERVAL_HOUR_TO_SECOND_from_NCLOB" classname="org.hsqldb.jdbc.JDBCDatabaseMetaDataSupportsConvertTest" time="0.003"/>
    <testcase name="testSupportsConvert_to_INTERVAL_HOUR_TO_SECOND_from_NULL" classname="org.hsqldb.jdbc.JDBCDatabaseMetaDataSupportsConvertTest" time="0.002"/>
    <testcase name="testSupportsConvert_to_INTERVAL_HOUR_TO_SECOND_from_NUMERIC" classname="org.hsqldb.jdbc.JDBCDatabaseMetaDataSupportsConvertTest" time="0.002"/>
    <testcase name="testSupportsConvert_to_INTERVAL_HOUR_TO_SECOND_from_NVARCHAR" classname="org.hsqldb.jdbc.JDBCDatabaseMetaDataSupportsConvertTest" time="0.002"/>
    <testcase name="testSupportsConvert_to_INTERVAL_HOUR_TO_SECOND_from_OTHER" classname="org.hsqldb.jdbc.JDBCDatabaseMetaDataSupportsConvertTest" time="0.002"/>
    <testcase name="testSupportsConvert_to_INTERVAL_HOUR_TO_SECOND_from_REAL" classname="org.hsqldb.jdbc.JDBCDatabaseMetaDataSupportsConvertTest" time="0.002"/>
    <testcase name="testSupportsConvert_to_INTERVAL_HOUR_TO_SECOND_from_REF" classname="org.hsqldb.jdbc.JDBCDatabaseMetaDataSupportsConvertTest" time="0.002"/>
    <testcase name="testSupportsConvert_to_INTERVAL_HOUR_TO_SECOND_from_ROWID" classname="org.hsqldb.jdbc.JDBCDatabaseMetaDataSupportsConvertTest" time="0.002"/>
    <testcase name="testSupportsConvert_to_INTERVAL_HOUR_TO_SECOND_from_SMALLINT" classname="org.hsqldb.jdbc.JDBCDatabaseMetaDataSupportsConvertTest" time="0.002"/>
    <testcase name="testSupportsConvert_to_INTERVAL_HOUR_TO_SECOND_from_STRUCT" classname="org.hsqldb.jdbc.JDBCDatabaseMetaDataSupportsConvertTest" time="0.002"/>
    <testcase name="testSupportsConvert_to_INTERVAL_HOUR_TO_SECOND_from_TIME" classname="org.hsqldb.jdbc.JDBCDatabaseMetaDataSupportsConvertTest" time="0.002"/>
    <testcase name="testSupportsConvert_to_INTERVAL_HOUR_TO_SECOND_from_TIMESTAMP" classname="org.hsqldb.jdbc.JDBCDatabaseMetaDataSupportsConvertTest" time="0.002"/>
    <testcase name="testSupportsConvert_to_INTERVAL_HOUR_TO_SECOND_from_TIME_WITH_TIME_ZONE" classname="org.hsqldb.jdbc.JDBCDatabaseMetaDataSupportsConvertTest" time="0.003"/>
    <testcase name="testSupportsConvert_to_INTERVAL_HOUR_TO_SECOND_from_TIMESTAMP_WITH_TIME_ZONE" classname="org.hsqldb.jdbc.JDBCDatabaseMetaDataSupportsConvertTest" time="0.003"/>
    <testcase name="testSupportsConvert_to_INTERVAL_HOUR_TO_SECOND_from_TINYINT" classname="org.hsqldb.jdbc.JDBCDatabaseMetaDataSupportsConvertTest" time="0.002"/>
    <testcase name="testSupportsConvert_to_INTERVAL_HOUR_TO_SECOND_from_VARBINARY" classname="org.hsqldb.jdbc.JDBCDatabaseMetaDataSupportsConvertTest" time="0.002"/>
    <testcase name="testSupportsConvert_to_INTERVAL_HOUR_TO_SECOND_from_VARCHAR" classname="org.hsqldb.jdbc.JDBCDatabaseMetaDataSupportsConvertTest" time="0.003"/>
    <testcase name="testSupportsConvert_to_INTERVAL_HOUR_TO_SECOND_from_VARCHAR_IGNORECASE" classname="org.hsqldb.jdbc.JDBCDatabaseMetaDataSupportsConvertTest" time="0.002"/>
    <testcase name="testSupportsConvert_to_INTERVAL_HOUR_TO_SECOND_from_INTERVAL_YEAR" classname="org.hsqldb.jdbc.JDBCDatabaseMetaDataSupportsConvertTest" time="0.002"/>
    <testcase name="testSupportsConvert_to_INTERVAL_HOUR_TO_SECOND_from_INTERVAL_MONTH" classname="org.hsqldb.jdbc.JDBCDatabaseMetaDataSupportsConvertTest" time="0.002"/>
    <testcase name="testSupportsConvert_to_INTERVAL_HOUR_TO_SECOND_from_INTERVAL_DAY" classname="org.hsqldb.jdbc.JDBCDatabaseMetaDataSupportsConvertTest" time="0.002"/>
    <testcase name="testSupportsConvert_to_INTERVAL_HOUR_TO_SECOND_from_INTERVAL_HOUR" classname="org.hsqldb.jdbc.JDBCDatabaseMetaDataSupportsConvertTest" time="0.002"/>
    <testcase name="testSupportsConvert_to_INTERVAL_HOUR_TO_SECOND_from_INTERVAL_MINUTE" classname="org.hsqldb.jdbc.JDBCDatabaseMetaDataSupportsConvertTest" time="0.002"/>
    <testcase name="testSupportsConvert_to_INTERVAL_HOUR_TO_SECOND_from_INTERVAL_SECOND" classname="org.hsqldb.jdbc.JDBCDatabaseMetaDataSupportsConvertTest" time="0.002"/>
    <testcase name="testSupportsConvert_to_INTERVAL_HOUR_TO_SECOND_from_INTERVAL_YEAR_TO_MONTH" classname="org.hsqldb.jdbc.JDBCDatabaseMetaDataSupportsConvertTest" time="0.002"/>
    <testcase name="testSupportsConvert_to_INTERVAL_HOUR_TO_SECOND_from_INTERVAL_DAY_TO_HOUR" classname="org.hsqldb.jdbc.JDBCDatabaseMetaDataSupportsConvertTest" time="0.002"/>
    <testcase name="testSupportsConvert_to_INTERVAL_HOUR_TO_SECOND_from_INTERVAL_DAY_TO_MINUTE" classname="org.hsqldb.jdbc.JDBCDatabaseMetaDataSupportsConvertTest" time="0.002"/>
    <testcase name="testSupportsConvert_to_INTERVAL_HOUR_TO_SECOND_from_INTERVAL_DAY_TO_SECOND" classname="org.hsqldb.jdbc.JDBCDatabaseMetaDataSupportsConvertTest" time="0.003"/>
    <testcase name="testSupportsConvert_to_INTERVAL_HOUR_TO_SECOND_from_INTERVAL_HOUR_TO_MINUTE" classname="org.hsqldb.jdbc.JDBCDatabaseMetaDataSupportsConvertTest" time="0.002"/>
    <testcase name="testSupportsConvert_to_INTERVAL_HOUR_TO_SECOND_from_INTERVAL_HOUR_TO_SECOND" classname="org.hsqldb.jdbc.JDBCDatabaseMetaDataSupportsConvertTest" time="0.002"/>
    <testcase name="testSupportsConvert_to_INTERVAL_HOUR_TO_SECOND_from_INTERVAL_MINUTE_TO_SECOND" classname="org.hsqldb.jdbc.JDBCDatabaseMetaDataSupportsConvertTest" time="0.002"/>
    <testcase name="testSupportsConvert_to_INTERVAL_MINUTE_TO_SECOND_from_ARRAY" classname="org.hsqldb.jdbc.JDBCDatabaseMetaDataSupportsConvertTest" time="0.002"/>
    <testcase name="testSupportsConvert_to_INTERVAL_MINUTE_TO_SECOND_from_BIGINT" classname="org.hsqldb.jdbc.JDBCDatabaseMetaDataSupportsConvertTest" time="0.002"/>
    <testcase name="testSupportsConvert_to_INTERVAL_MINUTE_TO_SECOND_from_BINARY" classname="org.hsqldb.jdbc.JDBCDatabaseMetaDataSupportsConvertTest" time="0.002"/>
    <testcase name="testSupportsConvert_to_INTERVAL_MINUTE_TO_SECOND_from_BIT" classname="org.hsqldb.jdbc.JDBCDatabaseMetaDataSupportsConvertTest" time="0.002"/>
    <testcase name="testSupportsConvert_to_INTERVAL_MINUTE_TO_SECOND_from_BLOB" classname="org.hsqldb.jdbc.JDBCDatabaseMetaDataSupportsConvertTest" time="0.003"/>
    <testcase name="testSupportsConvert_to_INTERVAL_MINUTE_TO_SECOND_from_BOOLEAN" classname="org.hsqldb.jdbc.JDBCDatabaseMetaDataSupportsConvertTest" time="0.002"/>
    <testcase name="testSupportsConvert_to_INTERVAL_MINUTE_TO_SECOND_from_CHAR" classname="org.hsqldb.jdbc.JDBCDatabaseMetaDataSupportsConvertTest" time="0.002"/>
    <testcase name="testSupportsConvert_to_INTERVAL_MINUTE_TO_SECOND_from_CLOB" classname="org.hsqldb.jdbc.JDBCDatabaseMetaDataSupportsConvertTest" time="0.002"/>
    <testcase name="testSupportsConvert_to_INTERVAL_MINUTE_TO_SECOND_from_DATALINK" classname="org.hsqldb.jdbc.JDBCDatabaseMetaDataSupportsConvertTest" time="0.002"/>
    <testcase name="testSupportsConvert_to_INTERVAL_MINUTE_TO_SECOND_from_DATE" classname="org.hsqldb.jdbc.JDBCDatabaseMetaDataSupportsConvertTest" time="0.002"/>
    <testcase name="testSupportsConvert_to_INTERVAL_MINUTE_TO_SECOND_from_DECIMAL" classname="org.hsqldb.jdbc.JDBCDatabaseMetaDataSupportsConvertTest" time="0.002"/>
    <testcase name="testSupportsConvert_to_INTERVAL_MINUTE_TO_SECOND_from_DISTINCT" classname="org.hsqldb.jdbc.JDBCDatabaseMetaDataSupportsConvertTest" time="0.002"/>
    <testcase name="testSupportsConvert_to_INTERVAL_MINUTE_TO_SECOND_from_DOUBLE" classname="org.hsqldb.jdbc.JDBCDatabaseMetaDataSupportsConvertTest" time="0.002"/>
    <testcase name="testSupportsConvert_to_INTERVAL_MINUTE_TO_SECOND_from_FLOAT" classname="org.hsqldb.jdbc.JDBCDatabaseMetaDataSupportsConvertTest" time="0.003"/>
    <testcase name="testSupportsConvert_to_INTERVAL_MINUTE_TO_SECOND_from_INTEGER" classname="org.hsqldb.jdbc.JDBCDatabaseMetaDataSupportsConvertTest" time="0.002"/>
    <testcase name="testSupportsConvert_to_INTERVAL_MINUTE_TO_SECOND_from_JAVA_OBJECT" classname="org.hsqldb.jdbc.JDBCDatabaseMetaDataSupportsConvertTest" time="0.002"/>
    <testcase name="testSupportsConvert_to_INTERVAL_MINUTE_TO_SECOND_from_LONGNVARCHAR" classname="org.hsqldb.jdbc.JDBCDatabaseMetaDataSupportsConvertTest" time="0.002"/>
    <testcase name="testSupportsConvert_to_INTERVAL_MINUTE_TO_SECOND_from_LONGVARCHAR" classname="org.hsqldb.jdbc.JDBCDatabaseMetaDataSupportsConvertTest" time="0.002"/>
    <testcase name="testSupportsConvert_to_INTERVAL_MINUTE_TO_SECOND_from_LONGVARBINARY" classname="org.hsqldb.jdbc.JDBCDatabaseMetaDataSupportsConvertTest" time="0.002"/>
    <testcase name="testSupportsConvert_to_INTERVAL_MINUTE_TO_SECOND_from_NCHAR" classname="org.hsqldb.jdbc.JDBCDatabaseMetaDataSupportsConvertTest" time="0.002"/>
    <testcase name="testSupportsConvert_to_INTERVAL_MINUTE_TO_SECOND_from_NCLOB" classname="org.hsqldb.jdbc.JDBCDatabaseMetaDataSupportsConvertTest" time="0.002"/>
    <testcase name="testSupportsConvert_to_INTERVAL_MINUTE_TO_SECOND_from_NULL" classname="org.hsqldb.jdbc.JDBCDatabaseMetaDataSupportsConvertTest" time="0.002"/>
    <testcase name="testSupportsConvert_to_INTERVAL_MINUTE_TO_SECOND_from_NUMERIC" classname="org.hsqldb.jdbc.JDBCDatabaseMetaDataSupportsConvertTest" time="0.003"/>
    <testcase name="testSupportsConvert_to_INTERVAL_MINUTE_TO_SECOND_from_NVARCHAR" classname="org.hsqldb.jdbc.JDBCDatabaseMetaDataSupportsConvertTest" time="0.002"/>
    <testcase name="testSupportsConvert_to_INTERVAL_MINUTE_TO_SECOND_from_OTHER" classname="org.hsqldb.jdbc.JDBCDatabaseMetaDataSupportsConvertTest" time="0.002"/>
    <testcase name="testSupportsConvert_to_INTERVAL_MINUTE_TO_SECOND_from_REAL" classname="org.hsqldb.jdbc.JDBCDatabaseMetaDataSupportsConvertTest" time="0.002"/>
    <testcase name="testSupportsConvert_to_INTERVAL_MINUTE_TO_SECOND_from_REF" classname="org.hsqldb.jdbc.JDBCDatabaseMetaDataSupportsConvertTest" time="0.002"/>
    <testcase name="testSupportsConvert_to_INTERVAL_MINUTE_TO_SECOND_from_ROWID" classname="org.hsqldb.jdbc.JDBCDatabaseMetaDataSupportsConvertTest" time="0.002"/>
    <testcase name="testSupportsConvert_to_INTERVAL_MINUTE_TO_SECOND_from_SMALLINT" classname="org.hsqldb.jdbc.JDBCDatabaseMetaDataSupportsConvertTest" time="0.003"/>
    <testcase name="testSupportsConvert_to_INTERVAL_MINUTE_TO_SECOND_from_STRUCT" classname="org.hsqldb.jdbc.JDBCDatabaseMetaDataSupportsConvertTest" time="0.002"/>
    <testcase name="testSupportsConvert_to_INTERVAL_MINUTE_TO_SECOND_from_TIME" classname="org.hsqldb.jdbc.JDBCDatabaseMetaDataSupportsConvertTest" time="0.002"/>
    <testcase name="testSupportsConvert_to_INTERVAL_MINUTE_TO_SECOND_from_TIMESTAMP" classname="org.hsqldb.jdbc.JDBCDatabaseMetaDataSupportsConvertTest" time="0.002"/>
    <testcase name="testSupportsConvert_to_INTERVAL_MINUTE_TO_SECOND_from_TIME_WITH_TIME_ZONE" classname="org.hsqldb.jdbc.JDBCDatabaseMetaDataSupportsConvertTest" time="0.002"/>
    <testcase name="testSupportsConvert_to_INTERVAL_MINUTE_TO_SECOND_from_TIMESTAMP_WITH_TIME_ZONE" classname="org.hsqldb.jdbc.JDBCDatabaseMetaDataSupportsConvertTest" time="0.002"/>
    <testcase name="testSupportsConvert_to_INTERVAL_MINUTE_TO_SECOND_from_TINYINT" classname="org.hsqldb.jdbc.JDBCDatabaseMetaDataSupportsConvertTest" time="0.002"/>
    <testcase name="testSupportsConvert_to_INTERVAL_MINUTE_TO_SECOND_from_VARBINARY" classname="org.hsqldb.jdbc.JDBCDatabaseMetaDataSupportsConvertTest" time="0.002"/>
    <testcase name="testSupportsConvert_to_INTERVAL_MINUTE_TO_SECOND_from_VARCHAR" classname="org.hsqldb.jdbc.JDBCDatabaseMetaDataSupportsConvertTest" time="0.002"/>
    <testcase name="testSupportsConvert_to_INTERVAL_MINUTE_TO_SECOND_from_VARCHAR_IGNORECASE" classname="org.hsqldb.jdbc.JDBCDatabaseMetaDataSupportsConvertTest" time="0.002"/>
    <testcase name="testSupportsConvert_to_INTERVAL_MINUTE_TO_SECOND_from_INTERVAL_YEAR" classname="org.hsqldb.jdbc.JDBCDatabaseMetaDataSupportsConvertTest" time="0.003"/>
    <testcase name="testSupportsConvert_to_INTERVAL_MINUTE_TO_SECOND_from_INTERVAL_MONTH" classname="org.hsqldb.jdbc.JDBCDatabaseMetaDataSupportsConvertTest" time="0.002"/>
    <testcase name="testSupportsConvert_to_INTERVAL_MINUTE_TO_SECOND_from_INTERVAL_DAY" classname="org.hsqldb.jdbc.JDBCDatabaseMetaDataSupportsConvertTest" time="0.002"/>
    <testcase name="testSupportsConvert_to_INTERVAL_MINUTE_TO_SECOND_from_INTERVAL_HOUR" classname="org.hsqldb.jdbc.JDBCDatabaseMetaDataSupportsConvertTest" time="0.002"/>
    <testcase name="testSupportsConvert_to_INTERVAL_MINUTE_TO_SECOND_from_INTERVAL_MINUTE" classname="org.hsqldb.jdbc.JDBCDatabaseMetaDataSupportsConvertTest" time="0.002"/>
    <testcase name="testSupportsConvert_to_INTERVAL_MINUTE_TO_SECOND_from_INTERVAL_SECOND" classname="org.hsqldb.jdbc.JDBCDatabaseMetaDataSupportsConvertTest" time="0.002"/>
    <testcase name="testSupportsConvert_to_INTERVAL_MINUTE_TO_SECOND_from_INTERVAL_YEAR_TO_MONTH" classname="org.hsqldb.jdbc.JDBCDatabaseMetaDataSupportsConvertTest" time="0.002"/>
    <testcase name="testSupportsConvert_to_INTERVAL_MINUTE_TO_SECOND_from_INTERVAL_DAY_TO_HOUR" classname="org.hsqldb.jdbc.JDBCDatabaseMetaDataSupportsConvertTest" time="0.003"/>
    <testcase name="testSupportsConvert_to_INTERVAL_MINUTE_TO_SECOND_from_INTERVAL_DAY_TO_MINUTE" classname="org.hsqldb.jdbc.JDBCDatabaseMetaDataSupportsConvertTest" time="0.002"/>
    <testcase name="testSupportsConvert_to_INTERVAL_MINUTE_TO_SECOND_from_INTERVAL_DAY_TO_SECOND" classname="org.hsqldb.jdbc.JDBCDatabaseMetaDataSupportsConvertTest" time="0.002"/>
    <testcase name="testSupportsConvert_to_INTERVAL_MINUTE_TO_SECOND_from_INTERVAL_HOUR_TO_MINUTE" classname="org.hsqldb.jdbc.JDBCDatabaseMetaDataSupportsConvertTest" time="0.002"/>
    <testcase name="testSupportsConvert_to_INTERVAL_MINUTE_TO_SECOND_from_INTERVAL_HOUR_TO_SECOND" classname="org.hsqldb.jdbc.JDBCDatabaseMetaDataSupportsConvertTest" time="0.002"/>
    <testcase name="testSupportsConvert_to_INTERVAL_MINUTE_TO_SECOND_from_INTERVAL_MINUTE_TO_SECOND" classname="org.hsqldb.jdbc.JDBCDatabaseMetaDataSupportsConvertTest" time="0.002"/>
  </testsuite>
  <testsuite name="org.hsqldb.test.TestNullInUnion" time="0.0">
    <testcase name="testUnionSubquery" classname="org.hsqldb.test.TestNullInUnion" time="0.0"/>
  </testsuite>
  <testsuite name="org.hsqldb.ClientConnectionTest" time="0.0">
    <testcase name="testSingleDigitIpv4Int" classname="org.hsqldb.ClientConnectionTest" time="0.0"/>
    <testcase name="test000DigitIpv4Int" classname="org.hsqldb.ClientConnectionTest" time="0.0"/>
    <testcase name="testDoubleDigitIpv4Int" classname="org.hsqldb.ClientConnectionTest" time="0.0"/>
    <testcase name="testDoubleZeroesDigitIpv4Int" classname="org.hsqldb.ClientConnectionTest" time="0.0"/>
  </testsuite>
  <testsuite name="org.hsqldb.jdbc.JDBCDataSourceTest" time="0.026">
    <testcase name="testIsWrapperFor" classname="org.hsqldb.jdbc.JDBCDataSourceTest" time="0.023"/>
    <testcase name="testGetLogWriter" classname="org.hsqldb.jdbc.JDBCDataSourceTest" time="0.0"/>
    <testcase name="testGetLoginTimeout" classname="org.hsqldb.jdbc.JDBCDataSourceTest" time="0.0"/>
    <testcase name="testSetLogWriter" classname="org.hsqldb.jdbc.JDBCDataSourceTest" time="0.0"/>
    <testcase name="testSetLoginTimeout" classname="org.hsqldb.jdbc.JDBCDataSourceTest" time="0.0"/>
    <testcase name="testGetConnection" classname="org.hsqldb.jdbc.JDBCDataSourceTest" time="0.003"/>
    <testcase name="testUnwrap" classname="org.hsqldb.jdbc.JDBCDataSourceTest" time="0.0"/>
  </testsuite>
  <testcase name="org.hsqldb.jdbc.ScriptedTest" classname="org.hsqldb.jdbc.ScriptedTest" time="0.0" ignored="true"/>
  <testsuite name="org.hsqldb.jdbc.JDBCConnectionTest" time="0.143">
    <testcase name="testPrepareCall" classname="org.hsqldb.jdbc.JDBCConnectionTest" time="0.003"/>
    <testcase name="testCreateSQLXML" classname="org.hsqldb.jdbc.JDBCConnectionTest" time="0.002"/>
    <testcase name="testIsWrapperFor" classname="org.hsqldb.jdbc.JDBCConnectionTest" time="0.003"/>
    <testcase name="testGetClientInfo" classname="org.hsqldb.jdbc.JDBCConnectionTest" time="0.002"/>
    <testcase name="testSetSavepoint" classname="org.hsqldb.jdbc.JDBCConnectionTest" time="0.003"/>
    <testcase name="testSetCatalog" classname="org.hsqldb.jdbc.JDBCConnectionTest" time="0.002"/>
    <testcase name="testClose" classname="org.hsqldb.jdbc.JDBCConnectionTest" time="0.002"/>
    <testcase name="testCreateNClob" classname="org.hsqldb.jdbc.JDBCConnectionTest" time="0.002"/>
    <testcase name="testReleaseSavepoint" classname="org.hsqldb.jdbc.JDBCConnectionTest" time="0.003"/>
    <testcase name="testSetClientInfo" classname="org.hsqldb.jdbc.JDBCConnectionTest" time="0.003"/>
    <testcase name="testGetHoldability" classname="org.hsqldb.jdbc.JDBCConnectionTest" time="0.005"/>
    <testcase name="testSetHoldability_HOLD_CURSORS_OVER_COMMIT" classname="org.hsqldb.jdbc.JDBCConnectionTest" time="0.004"/>
    <testcase name="testGetTypeMap" classname="org.hsqldb.jdbc.JDBCConnectionTest" time="0.0"/>
    <testcase name="testCreateStatement_with_connection_holability_of_CLOSE_CURSORS_AT_COMMIT" classname="org.hsqldb.jdbc.JDBCConnectionTest" time="0.004"/>
    <testcase name="testNativeSQL" classname="org.hsqldb.jdbc.JDBCConnectionTest" time="0.003"/>
    <testcase name="testSetTransactionIsolation" classname="org.hsqldb.jdbc.JDBCConnectionTest" time="0.003"/>
    <testcase name="testIsClosed" classname="org.hsqldb.jdbc.JDBCConnectionTest" time="0.002"/>
    <testcase name="testRollback" classname="org.hsqldb.jdbc.JDBCConnectionTest" time="0.002"/>
    <testcase name="testSetReadOnly" classname="org.hsqldb.jdbc.JDBCConnectionTest" time="0.003"/>
    <testcase name="testCreateStatement" classname="org.hsqldb.jdbc.JDBCConnectionTest" time="0.003"/>
    <testcase name="testCreateBlob" classname="org.hsqldb.jdbc.JDBCConnectionTest" time="0.002"/>
    <testcase name="testCreateClob" classname="org.hsqldb.jdbc.JDBCConnectionTest" time="0.003"/>
    <testcase name="testCreateStatement_with_connection_holability_of_HOLD_CURSORS_OVER_COMMIT" classname="org.hsqldb.jdbc.JDBCConnectionTest" time="0.002"/>
    <testcase name="testGetAutoCommit" classname="org.hsqldb.jdbc.JDBCConnectionTest" time="0.002"/>
    <testcase name="testGetCatalog" classname="org.hsqldb.jdbc.JDBCConnectionTest" time="0.003"/>
    <testcase name="testGetMetaData" classname="org.hsqldb.jdbc.JDBCConnectionTest" time="0.002"/>
    <testcase name="testCommit" classname="org.hsqldb.jdbc.JDBCConnectionTest" time="0.002"/>
    <testcase name="testSetTypeMap" classname="org.hsqldb.jdbc.JDBCConnectionTest" time="0.0"/>
    <testcase name="testSetAutoCommit" classname="org.hsqldb.jdbc.JDBCConnectionTest" time="0.003"/>
    <testcase name="testSetHoldability_CLOSE_CURSORS_AT_COMMIT" classname="org.hsqldb.jdbc.JDBCConnectionTest" time="0.003"/>
    <testcase name="testClearWarnings" classname="org.hsqldb.jdbc.JDBCConnectionTest" time="0.003"/>
    <testcase name="testIsValid" classname="org.hsqldb.jdbc.JDBCConnectionTest" time="0.002"/>
    <testcase name="testUnwrap" classname="org.hsqldb.jdbc.JDBCConnectionTest" time="0.003"/>
    <testcase name="testGetWarnings" classname="org.hsqldb.jdbc.JDBCConnectionTest" time="0.003"/>
    <testcase name="testIsReadOnly" classname="org.hsqldb.jdbc.JDBCConnectionTest" time="0.003"/>
    <testcase name="testGetTransactionIsolation" classname="org.hsqldb.jdbc.JDBCConnectionTest" time="0.003"/>
    <testcase name="testPrepareStatement" classname="org.hsqldb.jdbc.JDBCConnectionTest" time="0.05"/>
  </testsuite>
  <testcase name="org.hsqldb.jdbc.pool.JDBCXAResourceTest" classname="org.hsqldb.jdbc.pool.JDBCXAResourceTest" time="0.0" ignored="true"/>
  <testcase name="org.hsqldb.test.TestBatchExecution" classname="org.hsqldb.test.TestBatchExecution" time="0.0" ignored="true"/>
  <testcase name="org.hsqldb.test.TestTriggers" classname="org.hsqldb.test.TestTriggers" time="0.0" ignored="true"/>
  <testcase name="org.hsqldb.test.TestSqlPersistent" classname="org.hsqldb.test.TestSqlPersistent" time="0.0" ignored="true"/>
  <testcase name="org.hsqldb.test.TestBug1191815" classname="org.hsqldb.test.TestBug1191815" time="0.0" ignored="true"/>
  <testsuite name="org.hsqldb.test.TestJDBCSavepoints" time="0.627">
    <testcase name="testJDBCAutoSavepoints" classname="org.hsqldb.test.TestJDBCSavepoints" time="0.306"/>
    <testcase name="testJDBCSavepoints" classname="org.hsqldb.test.TestJDBCSavepoints" time="0.321"/>
  </testsuite>
  <testsuite name="org.hsqldb.ScannerTest" time="0.001">
    <testcase name="&quot;200 10&quot;, INTERVAL DAY(4) TO HOUR, (4,0)" classname="org.hsqldb.ScannerTest" time="0.0"/>
    <testcase name="&quot;200 10:12:12.456789&quot;, INTERVAL DAY(3) TO SECOND, (3,6)" classname="org.hsqldb.ScannerTest" time="0.0"/>
    <testcase name="&quot;200 10:12:12.456789&quot;, INTERVAL DAY(3) TO SECOND(7), (3,7)" classname="org.hsqldb.ScannerTest" time="0.0"/>
    <testcase name="&quot;INTERVAL '200 10:12:12.' DAY(4) TO SECOND(8)&quot;, INTERVAL DAY(3) TO SECOND(5), (3,5)" classname="org.hsqldb.ScannerTest" time="0.001"/>
    <testcase name="&quot;INTERVAL '200 10:12:12.' DAY TO SECOND&quot;, INTERVAL DAY(3) TO SECOND(5), (3,5)" classname="org.hsqldb.ScannerTest" time="0.0"/>
  </testsuite>
  <testsuite name="org.hsqldb.jdbc.pool.JDBCXAConnectionWrapperTest" time="0.06">
    <testcase name="testSetSavepoint_String" classname="org.hsqldb.jdbc.pool.JDBCXAConnectionWrapperTest" time="0.041"/>
    <testcase name="testSetSavepoint_0args" classname="org.hsqldb.jdbc.pool.JDBCXAConnectionWrapperTest" time="0.004"/>
    <testcase name="testSetTransactionIsolation" classname="org.hsqldb.jdbc.pool.JDBCXAConnectionWrapperTest" time="0.003"/>
    <testcase name="testCommit" classname="org.hsqldb.jdbc.pool.JDBCXAConnectionWrapperTest" time="0.004"/>
    <testcase name="testSetAutoCommit" classname="org.hsqldb.jdbc.pool.JDBCXAConnectionWrapperTest" time="0.003"/>
    <testcase name="testRollback_0args" classname="org.hsqldb.jdbc.pool.JDBCXAConnectionWrapperTest" time="0.002"/>
    <testcase name="testRollback_Savepoint" classname="org.hsqldb.jdbc.pool.JDBCXAConnectionWrapperTest" time="0.003"/>
  </testsuite>
  <testsuite name="org.hsqldb.jdbc.JDBCNClobTest" time="0.026">
    <testcase name="testSetAsciiStream" classname="org.hsqldb.jdbc.JDBCNClobTest" time="0.002"/>
    <testcase name="testTruncate" classname="org.hsqldb.jdbc.JDBCNClobTest" time="0.001"/>
    <testcase name="testFree" classname="org.hsqldb.jdbc.JDBCNClobTest" time="0.0"/>
    <testcase name="testGetAsciiStream" classname="org.hsqldb.jdbc.JDBCNClobTest" time="0.017"/>
    <testcase name="testGetCharacterStream" classname="org.hsqldb.jdbc.JDBCNClobTest" time="0.0"/>
    <testcase name="testGetSubString" classname="org.hsqldb.jdbc.JDBCNClobTest" time="0.001"/>
    <testcase name="testSetCharacterStream" classname="org.hsqldb.jdbc.JDBCNClobTest" time="0.002"/>
    <testcase name="testSetString" classname="org.hsqldb.jdbc.JDBCNClobTest" time="0.003"/>
    <testcase name="testPosition" classname="org.hsqldb.jdbc.JDBCNClobTest" time="0.0"/>
    <testcase name="testLength" classname="org.hsqldb.jdbc.JDBCNClobTest" time="0.0"/>
  </testsuite>
  <testsuite name="org.hsqldb.jdbc.JDBCCallableStatementTest" time="0.201">
    <testcase name="testSetObject_OTHER_Byte_array" classname="org.hsqldb.jdbc.JDBCCallableStatementTest" time="0.003"/>
    <testcase name="testRegisterOutParameter" classname="org.hsqldb.jdbc.JDBCCallableStatementTest" time="0.001"/>
    <testcase name="testSetAsciiStream" classname="org.hsqldb.jdbc.JDBCCallableStatementTest" time="0.003"/>
    <testcase name="testSetObject_OTHER_Float_array" classname="org.hsqldb.jdbc.JDBCCallableStatementTest" time="0.003"/>
    <testcase name="testSetBoolean" classname="org.hsqldb.jdbc.JDBCCallableStatementTest" time="0.003"/>
    <testcase name="testSetBinaryStream" classname="org.hsqldb.jdbc.JDBCCallableStatementTest" time="0.004"/>
    <testcase name="testSetTimestamp" classname="org.hsqldb.jdbc.JDBCCallableStatementTest" time="0.004"/>
    <testcase name="testGetArray" classname="org.hsqldb.jdbc.JDBCCallableStatementTest" time="0.0"/>
    <testcase name="testGetBytes" classname="org.hsqldb.jdbc.JDBCCallableStatementTest" time="0.0"/>
    <testcase name="testGetFloat" classname="org.hsqldb.jdbc.JDBCCallableStatementTest" time="0.0"/>
    <testcase name="testGetNClob" classname="org.hsqldb.jdbc.JDBCCallableStatementTest" time="0.0"/>
    <testcase name="testGetRowId" classname="org.hsqldb.jdbc.JDBCCallableStatementTest" time="0.001"/>
    <testcase name="testGetShort" classname="org.hsqldb.jdbc.JDBCCallableStatementTest" time="0.0"/>
    <testcase name="testSetObject_OTHER_double_array" classname="org.hsqldb.jdbc.JDBCCallableStatementTest" time="0.003"/>
    <testcase name="testClose" classname="org.hsqldb.jdbc.JDBCCallableStatementTest" time="0.003"/>
    <testcase name="testSetObject_OTHER_Double_array" classname="org.hsqldb.jdbc.JDBCCallableStatementTest" time="0.004"/>
    <testcase name="testSetObject_LONGVARCHAR" classname="org.hsqldb.jdbc.JDBCCallableStatementTest" time="0.004"/>
    <testcase name="testSetObject_BOOLEAN" classname="org.hsqldb.jdbc.JDBCCallableStatementTest" time="0.003"/>
    <testcase name="testSetObject_OTHER_long_array" classname="org.hsqldb.jdbc.JDBCCallableStatementTest" time="0.003"/>
    <testcase name="testSetObject_VARCHAR" classname="org.hsqldb.jdbc.JDBCCallableStatementTest" time="0.004"/>
    <testcase name="testSetObject_OTHER_short_array" classname="org.hsqldb.jdbc.JDBCCallableStatementTest" time="0.003"/>
    <testcase name="testSetNString" classname="org.hsqldb.jdbc.JDBCCallableStatementTest" time="0.003"/>
    <testcase name="testSetObject_CHAR" classname="org.hsqldb.jdbc.JDBCCallableStatementTest" time="0.003"/>
    <testcase name="testSetObject_DATE" classname="org.hsqldb.jdbc.JDBCCallableStatementTest" time="0.004"/>
    <testcase name="testSetObject_REAL" classname="org.hsqldb.jdbc.JDBCCallableStatementTest" time="0.003"/>
    <testcase name="testSetObject_TIME" classname="org.hsqldb.jdbc.JDBCCallableStatementTest" time="0.003"/>
    <testcase name="testSetObject_OTHER_boolean_array" classname="org.hsqldb.jdbc.JDBCCallableStatementTest" time="0.004"/>
    <testcase name="testGetBlob" classname="org.hsqldb.jdbc.JDBCCallableStatementTest" time="0.0"/>
    <testcase name="testGetByte" classname="org.hsqldb.jdbc.JDBCCallableStatementTest" time="0.001"/>
    <testcase name="testGetClob" classname="org.hsqldb.jdbc.JDBCCallableStatementTest" time="0.0"/>
    <testcase name="testGetDate" classname="org.hsqldb.jdbc.JDBCCallableStatementTest" time="0.0"/>
    <testcase name="testGetLong" classname="org.hsqldb.jdbc.JDBCCallableStatementTest" time="0.0"/>
    <testcase name="testGetTime" classname="org.hsqldb.jdbc.JDBCCallableStatementTest" time="0.0"/>
    <testcase name="testSetObject_BIGINT" classname="org.hsqldb.jdbc.JDBCCallableStatementTest" time="0.004"/>
    <testcase name="testSetObject_BINARY" classname="org.hsqldb.jdbc.JDBCCallableStatementTest" time="0.004"/>
    <testcase name="testSetObject_DOUBLE" classname="org.hsqldb.jdbc.JDBCCallableStatementTest" time="0.004"/>
    <testcase name="testGetCharacterStream" classname="org.hsqldb.jdbc.JDBCCallableStatementTest" time="0.0"/>
    <testcase name="testSetObject_OTHER_Boolean_array" classname="org.hsqldb.jdbc.JDBCCallableStatementTest" time="0.004"/>
    <testcase name="testSetObject_OTHER_byte_array" classname="org.hsqldb.jdbc.JDBCCallableStatementTest" time="0.003"/>
    <testcase name="testSetObject_DECIMAL" classname="org.hsqldb.jdbc.JDBCCallableStatementTest" time="0.003"/>
    <testcase name="testSetNCharacterStream" classname="org.hsqldb.jdbc.JDBCCallableStatementTest" time="0.004"/>
    <testcase name="testGetBoolean" classname="org.hsqldb.jdbc.JDBCCallableStatementTest" time="0.0"/>
    <testcase name="testSetObject_OTHER_char_array" classname="org.hsqldb.jdbc.JDBCCallableStatementTest" time="0.004"/>
    <testcase name="testSetObject_OTHER_float_array" classname="org.hsqldb.jdbc.JDBCCallableStatementTest" time="0.003"/>
    <testcase name="testWasNull" classname="org.hsqldb.jdbc.JDBCCallableStatementTest" time="0.0"/>
    <testcase name="testSetObject_INTEGER" classname="org.hsqldb.jdbc.JDBCCallableStatementTest" time="0.003"/>
    <testcase name="testSetObject_OTHER_Short_array" classname="org.hsqldb.jdbc.JDBCCallableStatementTest" time="0.003"/>
    <testcase name="testSetObject_LONGVARBINARY" classname="org.hsqldb.jdbc.JDBCCallableStatementTest" time="0.003"/>
    <testcase name="testSetDouble" classname="org.hsqldb.jdbc.JDBCCallableStatementTest" time="0.004"/>
    <testcase name="testSetCharacterStream" classname="org.hsqldb.jdbc.JDBCCallableStatementTest" time="0.003"/>
    <testcase name="testSetObject_OTHER_Long_array" classname="org.hsqldb.jdbc.JDBCCallableStatementTest" time="0.003"/>
    <testcase name="testGetDouble" classname="org.hsqldb.jdbc.JDBCCallableStatementTest" time="0.0"/>
    <testcase name="testGetBigDecimal" classname="org.hsqldb.jdbc.JDBCCallableStatementTest" time="0.001"/>
    <testcase name="testGetTimestamp" classname="org.hsqldb.jdbc.JDBCCallableStatementTest" time="0.0"/>
    <testcase name="testSetObject_SMALLINT" classname="org.hsqldb.jdbc.JDBCCallableStatementTest" time="0.003"/>
    <testcase name="testSetSQLXML" classname="org.hsqldb.jdbc.JDBCCallableStatementTest" time="0.001"/>
    <testcase name="testSetString" classname="org.hsqldb.jdbc.JDBCCallableStatementTest" time="0.003"/>
    <testcase name="testSetObject_OTHER_int_array" classname="org.hsqldb.jdbc.JDBCCallableStatementTest" time="0.003"/>
    <testcase name="testGetObject" classname="org.hsqldb.jdbc.JDBCCallableStatementTest" time="0.0"/>
    <testcase name="testGetInt" classname="org.hsqldb.jdbc.JDBCCallableStatementTest" time="0.0"/>
    <testcase name="testGetRef" classname="org.hsqldb.jdbc.JDBCCallableStatementTest" time="0.001"/>
    <testcase name="testGetURL" classname="org.hsqldb.jdbc.JDBCCallableStatementTest" time="0.0"/>
    <testcase name="testSetObject_FLOAT" classname="org.hsqldb.jdbc.JDBCCallableStatementTest" time="0.003"/>
    <testcase name="testGetSQLXML" classname="org.hsqldb.jdbc.JDBCCallableStatementTest" time="0.0"/>
    <testcase name="testGetString" classname="org.hsqldb.jdbc.JDBCCallableStatementTest" time="0.001"/>
    <testcase name="testSetBlob" classname="org.hsqldb.jdbc.JDBCCallableStatementTest" time="0.003"/>
    <testcase name="testSetByte" classname="org.hsqldb.jdbc.JDBCCallableStatementTest" time="0.003"/>
    <testcase name="testSetClob" classname="org.hsqldb.jdbc.JDBCCallableStatementTest" time="0.003"/>
    <testcase name="testSetDate" classname="org.hsqldb.jdbc.JDBCCallableStatementTest" time="0.002"/>
    <testcase name="testSetLong" classname="org.hsqldb.jdbc.JDBCCallableStatementTest" time="0.003"/>
    <testcase name="testSetNull" classname="org.hsqldb.jdbc.JDBCCallableStatementTest" time="0.003"/>
    <testcase name="testSetTime" classname="org.hsqldb.jdbc.JDBCCallableStatementTest" time="0.003"/>
    <testcase name="testSetObject_OTHER_Integer_array" classname="org.hsqldb.jdbc.JDBCCallableStatementTest" time="0.004"/>
    <testcase name="testGetNString" classname="org.hsqldb.jdbc.JDBCCallableStatementTest" time="0.0"/>
    <testcase name="testSetInt" classname="org.hsqldb.jdbc.JDBCCallableStatementTest" time="0.003"/>
    <testcase name="testSetURL" classname="org.hsqldb.jdbc.JDBCCallableStatementTest" time="0.0"/>
    <testcase name="testSetObject_VARBINARY" classname="org.hsqldb.jdbc.JDBCCallableStatementTest" time="0.003"/>
    <testcase name="testSetObject_TINYINT" classname="org.hsqldb.jdbc.JDBCCallableStatementTest" time="0.006"/>
    <testcase name="testSetBigDecimal" classname="org.hsqldb.jdbc.JDBCCallableStatementTest" time="0.003"/>
    <testcase name="testGetNCharacterStream" classname="org.hsqldb.jdbc.JDBCCallableStatementTest" time="0.001"/>
    <testcase name="testSetObject_TIMESTAMP" classname="org.hsqldb.jdbc.JDBCCallableStatementTest" time="0.004"/>
    <testcase name="testSetBytes" classname="org.hsqldb.jdbc.JDBCCallableStatementTest" time="0.002"/>
    <testcase name="testSetFloat" classname="org.hsqldb.jdbc.JDBCCallableStatementTest" time="0.004"/>
    <testcase name="testSetNClob" classname="org.hsqldb.jdbc.JDBCCallableStatementTest" time="0.003"/>
    <testcase name="testSetRowId" classname="org.hsqldb.jdbc.JDBCCallableStatementTest" time="0.0"/>
    <testcase name="testSetShort" classname="org.hsqldb.jdbc.JDBCCallableStatementTest" time="0.003"/>
    <testcase name="testSetObject_OTHER_Character_array" classname="org.hsqldb.jdbc.JDBCCallableStatementTest" time="0.003"/>
    <testcase name="testSetObject_OTHER_String_array" classname="org.hsqldb.jdbc.JDBCCallableStatementTest" time="0.003"/>
  </testsuite>
  <testsuite name="org.hsqldb.test.TestScript" time="0.561">
    <testcase name="test" classname="org.hsqldb.test.TestScript" time="0.561"/>
  </testsuite>
  <testsuite name="org.hsqldb.jdbc.JDBCResultSetMetaDataTest" time="0.186">
    <testcase name="testIsSearchable" classname="org.hsqldb.jdbc.JDBCResultSetMetaDataTest" time="0.072"/>
    <testcase name="testIsWrapperFor" classname="org.hsqldb.jdbc.JDBCResultSetMetaDataTest" time="0.005"/>
    <testcase name="testGetScale" classname="org.hsqldb.jdbc.JDBCResultSetMetaDataTest" time="0.005"/>
    <testcase name="testIsDefinitelyWritable" classname="org.hsqldb.jdbc.JDBCResultSetMetaDataTest" time="0.005"/>
    <testcase name="testGetColumnDisplaySize" classname="org.hsqldb.jdbc.JDBCResultSetMetaDataTest" time="0.005"/>
    <testcase name="testGetTableName" classname="org.hsqldb.jdbc.JDBCResultSetMetaDataTest" time="0.005"/>
    <testcase name="testIsCurrency" classname="org.hsqldb.jdbc.JDBCResultSetMetaDataTest" time="0.005"/>
    <testcase name="testGetColumnName" classname="org.hsqldb.jdbc.JDBCResultSetMetaDataTest" time="0.006"/>
    <testcase name="testGetColumnType" classname="org.hsqldb.jdbc.JDBCResultSetMetaDataTest" time="0.005"/>
    <testcase name="testIsAutoIncrement" classname="org.hsqldb.jdbc.JDBCResultSetMetaDataTest" time="0.006"/>
    <testcase name="testGetPrecision" classname="org.hsqldb.jdbc.JDBCResultSetMetaDataTest" time="0.005"/>
    <testcase name="testGetColumnTypeName" classname="org.hsqldb.jdbc.JDBCResultSetMetaDataTest" time="0.005"/>
    <testcase name="testIsSigned" classname="org.hsqldb.jdbc.JDBCResultSetMetaDataTest" time="0.004"/>
    <testcase name="testGetColumnClassName" classname="org.hsqldb.jdbc.JDBCResultSetMetaDataTest" time="0.005"/>
    <testcase name="testIsNullable" classname="org.hsqldb.jdbc.JDBCResultSetMetaDataTest" time="0.005"/>
    <testcase name="testIsWritable" classname="org.hsqldb.jdbc.JDBCResultSetMetaDataTest" time="0.005"/>
    <testcase name="testGetSchemaName" classname="org.hsqldb.jdbc.JDBCResultSetMetaDataTest" time="0.005"/>
    <testcase name="testGetCatalogName" classname="org.hsqldb.jdbc.JDBCResultSetMetaDataTest" time="0.005"/>
    <testcase name="testGetColumnCount" classname="org.hsqldb.jdbc.JDBCResultSetMetaDataTest" time="0.005"/>
    <testcase name="testGetColumnLabel" classname="org.hsqldb.jdbc.JDBCResultSetMetaDataTest" time="0.005"/>
    <testcase name="testUnwrap" classname="org.hsqldb.jdbc.JDBCResultSetMetaDataTest" time="0.006"/>
    <testcase name="testIsReadOnly" classname="org.hsqldb.jdbc.JDBCResultSetMetaDataTest" time="0.006"/>
    <testcase name="testIsCaseSensitive" classname="org.hsqldb.jdbc.JDBCResultSetMetaDataTest" time="0.006"/>
  </testsuite>
  <testsuite name="org.hsqldb.jdbc.JDBCStatementTest" time="0.45">
    <testcase name="testSetMaxFieldSize" classname="org.hsqldb.jdbc.JDBCStatementTest" time="0.029"/>
    <testcase name="testGetMoreResults" classname="org.hsqldb.jdbc.JDBCStatementTest" time="0.023"/>
    <testcase name="testGetResultSetConcurrency" classname="org.hsqldb.jdbc.JDBCStatementTest" time="0.024"/>
    <testcase name="testSetCursorName" classname="org.hsqldb.jdbc.JDBCStatementTest" time="0.02"/>
    <testcase name="testSetQueryTimeout" classname="org.hsqldb.jdbc.JDBCStatementTest" time="0.015"/>
    <testcase name="testIsWrapperFor" classname="org.hsqldb.jdbc.JDBCStatementTest" time="0.013"/>
    <testcase name="testExecute" classname="org.hsqldb.jdbc.JDBCStatementTest" time="0.017"/>
    <testcase name="testSetEscapeProcessing" classname="org.hsqldb.jdbc.JDBCStatementTest" time="0.017"/>
    <testcase name="testClearBatch" classname="org.hsqldb.jdbc.JDBCStatementTest" time="0.012"/>
    <testcase name="testExecuteUpdate" classname="org.hsqldb.jdbc.JDBCStatementTest" time="0.013"/>
    <testcase name="testClose" classname="org.hsqldb.jdbc.JDBCStatementTest" time="0.013"/>
    <testcase name="testSetMaxRows" classname="org.hsqldb.jdbc.JDBCStatementTest" time="0.013"/>
    <testcase name="testGetResultSetType" classname="org.hsqldb.jdbc.JDBCStatementTest" time="0.011"/>
    <testcase name="testGetResultSet" classname="org.hsqldb.jdbc.JDBCStatementTest" time="0.012"/>
    <testcase name="testSetFetchDirection" classname="org.hsqldb.jdbc.JDBCStatementTest" time="0.011"/>
    <testcase name="testAddBatch" classname="org.hsqldb.jdbc.JDBCStatementTest" time="0.012"/>
    <testcase name="testExecuteBatch" classname="org.hsqldb.jdbc.JDBCStatementTest" time="0.015"/>
    <testcase name="testExecuteQuery" classname="org.hsqldb.jdbc.JDBCStatementTest" time="0.014"/>
    <testcase name="testGetFetchSize" classname="org.hsqldb.jdbc.JDBCStatementTest" time="0.012"/>
    <testcase name="testIsClosed" classname="org.hsqldb.jdbc.JDBCStatementTest" time="0.013"/>
    <testcase name="testGetFetchDirection" classname="org.hsqldb.jdbc.JDBCStatementTest" time="0.013"/>
    <testcase name="testGetConnection" classname="org.hsqldb.jdbc.JDBCStatementTest" time="0.016"/>
    <testcase name="testGetMaxRows" classname="org.hsqldb.jdbc.JDBCStatementTest" time="0.013"/>
    <testcase name="testCancel" classname="org.hsqldb.jdbc.JDBCStatementTest" time="0.012"/>
    <testcase name="testGetMaxFieldSize" classname="org.hsqldb.jdbc.JDBCStatementTest" time="0.012"/>
    <testcase name="testSetFetchSize" classname="org.hsqldb.jdbc.JDBCStatementTest" time="0.012"/>
    <testcase name="testGetQueryTimeout" classname="org.hsqldb.jdbc.JDBCStatementTest" time="0.012"/>
    <testcase name="testClearWarnings" classname="org.hsqldb.jdbc.JDBCStatementTest" time="0.009"/>
    <testcase name="testUnwrap" classname="org.hsqldb.jdbc.JDBCStatementTest" time="0.009"/>
    <testcase name="testGetUpdateCount" classname="org.hsqldb.jdbc.JDBCStatementTest" time="0.012"/>
    <testcase name="testGetWarnings" classname="org.hsqldb.jdbc.JDBCStatementTest" time="0.01"/>
    <testcase name="testGetResultSetHoldability" classname="org.hsqldb.jdbc.JDBCStatementTest" time="0.009"/>
  </testsuite>
  <testsuite name="org.hsqldb.jdbc.JDBCDataSourceFactoryTest" time="0.003">
    <testcase name="testGetObjectInstance" classname="org.hsqldb.jdbc.JDBCDataSourceFactoryTest" time="0.003"/>
  </testsuite>
  <testsuite name="org.hsqldb.lib.HsqlArrayHeapTest" time="0.052">
    <testcase name="testHsqlArrayHeap" classname="org.hsqldb.lib.HsqlArrayHeapTest" time="0.052"/>
  </testsuite>
  <testsuite name="org.hsqldb.jdbc.JDBCRowIdTest" time="0.001">
    <testcase name="testGetBytes" classname="org.hsqldb.jdbc.JDBCRowIdTest" time="0.0"/>
    <testcase name="testToString" classname="org.hsqldb.jdbc.JDBCRowIdTest" time="0.0"/>
    <testcase name="testHashCode" classname="org.hsqldb.jdbc.JDBCRowIdTest" time="0.001"/>
    <testcase name="testEquals" classname="org.hsqldb.jdbc.JDBCRowIdTest" time="0.0"/>
  </testsuite>
  <testsuite name="org.hsqldb.test.TestLikePredicateOptimizations" time="0.611">
    <testcase name="test" classname="org.hsqldb.test.TestLikePredicateOptimizations" time="0.611"/>
  </testsuite>
  <testsuite name="org.hsqldb.test.TestJDBCGeneratedColumns" time="0.204">
    <testcase name="testQuery" classname="org.hsqldb.test.TestJDBCGeneratedColumns" time="0.204"/>
  </testsuite>
  <testsuite name="org.hsqldb.store.ValuePoolHashMapTest" time="0.897">
    <testcase name="testValuePoolHashMap" classname="org.hsqldb.store.ValuePoolHashMapTest" time="0.897"/>
  </testsuite>
  <testsuite name="org.hsqldb.jdbc.JDBCBlobTest" time="0.013">
    <testcase name="testSetBinaryStream" classname="org.hsqldb.jdbc.JDBCBlobTest" time="0.0"/>
    <testcase name="testTruncate" classname="org.hsqldb.jdbc.JDBCBlobTest" time="0.0"/>
    <testcase name="testGetBytes" classname="org.hsqldb.jdbc.JDBCBlobTest" time="0.0"/>
    <testcase name="testFree" classname="org.hsqldb.jdbc.JDBCBlobTest" time="0.0"/>
    <testcase name="testPositionAfterFree_byte_array_pattern" classname="org.hsqldb.jdbc.JDBCBlobTest" time="0.001"/>
    <testcase name="testSetBinaryStreamAfterFree" classname="org.hsqldb.jdbc.JDBCBlobTest" time="0.0"/>
    <testcase name="testPosition_byte_array_pattern" classname="org.hsqldb.jdbc.JDBCBlobTest" time="0.0"/>
    <testcase name="testLengthAfterFree" classname="org.hsqldb.jdbc.JDBCBlobTest" time="0.0"/>
    <testcase name="testSetBytesAfterFree" classname="org.hsqldb.jdbc.JDBCBlobTest" time="0.0"/>
    <testcase name="testGetBinaryStreamAfterFree" classname="org.hsqldb.jdbc.JDBCBlobTest" time="0.0"/>
    <testcase name="testPositionAfterFree_blob_pattern" classname="org.hsqldb.jdbc.JDBCBlobTest" time="0.001"/>
    <testcase name="testGetBytesAfterFree" classname="org.hsqldb.jdbc.JDBCBlobTest" time="0.0"/>
    <testcase name="testTruncateAfterFree" classname="org.hsqldb.jdbc.JDBCBlobTest" time="0.0"/>
    <testcase name="testGetBinaryStream" classname="org.hsqldb.jdbc.JDBCBlobTest" time="0.0"/>
    <testcase name="testLength" classname="org.hsqldb.jdbc.JDBCBlobTest" time="0.0"/>
    <testcase name="testPosition_blob_pattern" classname="org.hsqldb.jdbc.JDBCBlobTest" time="0.0"/>
    <testcase name="testSetBytes" classname="org.hsqldb.jdbc.JDBCBlobTest" time="0.001"/>
  </testsuite>
  <testsuite name="org.hsqldb.test.TestDataStructures" time="0.255">
    <testcase name="testSpeed" classname="org.hsqldb.test.TestDataStructures" time="0.254"/>
    <testcase name="testGrowth" classname="org.hsqldb.test.TestDataStructures" time="0.001"/>
  </testsuite>
  <testsuite name="org.hsqldb.jdbc.JDBCResultSetTest" time="0.974">
    <testcase name="testGetArray_afterLast" classname="org.hsqldb.jdbc.JDBCResultSetTest" time="0.029"/>
    <testcase name="testRowUpdated" classname="org.hsqldb.jdbc.JDBCResultSetTest" time="0.017"/>
    <testcase name="testGetType_FORWARD_ONLY" classname="org.hsqldb.jdbc.JDBCResultSetTest" time="0.007"/>
    <testcase name="testAbsolute" classname="org.hsqldb.jdbc.JDBCResultSetTest" time="0.005"/>
    <testcase name="testUpdateAsciiStream" classname="org.hsqldb.jdbc.JDBCResultSetTest" time="0.005"/>
    <testcase name="testBeforeFirst" classname="org.hsqldb.jdbc.JDBCResultSetTest" time="0.005"/>
    <testcase name="testIsWrapperFor" classname="org.hsqldb.jdbc.JDBCResultSetTest" time="0.006"/>
    <testcase name="testGetArray" classname="org.hsqldb.jdbc.JDBCResultSetTest" time="0.005"/>
    <testcase name="testGetBytes" classname="org.hsqldb.jdbc.JDBCResultSetTest" time="0.008"/>
    <testcase name="testGetFloat" classname="org.hsqldb.jdbc.JDBCResultSetTest" time="0.008"/>
    <testcase name="testGetNClob" classname="org.hsqldb.jdbc.JDBCResultSetTest" time="0.012"/>
    <testcase name="testGetRowId" classname="org.hsqldb.jdbc.JDBCResultSetTest" time="0.005"/>
    <testcase name="testGetShort" classname="org.hsqldb.jdbc.JDBCResultSetTest" time="0.007"/>
    <testcase name="testGetUnicodeStream" classname="org.hsqldb.jdbc.JDBCResultSetTest" time="0.009"/>
    <testcase name="testUpdateInt" classname="org.hsqldb.jdbc.JDBCResultSetTest" time="0.208"/>
    <testcase name="testUpdateRef" classname="org.hsqldb.jdbc.JDBCResultSetTest" time="0.005"/>
    <testcase name="testUpdateRow" classname="org.hsqldb.jdbc.JDBCResultSetTest" time="0.006"/>
    <testcase name="testUpdateArray" classname="org.hsqldb.jdbc.JDBCResultSetTest" time="0.005"/>
    <testcase name="testUpdateBytes" classname="org.hsqldb.jdbc.JDBCResultSetTest" time="0.005"/>
    <testcase name="testUpdateFloat" classname="org.hsqldb.jdbc.JDBCResultSetTest" time="0.006"/>
    <testcase name="testUpdateNClob" classname="org.hsqldb.jdbc.JDBCResultSetTest" time="0.006"/>
    <testcase name="testUpdateRowId" classname="org.hsqldb.jdbc.JDBCResultSetTest" time="0.005"/>
    <testcase name="testUpdateShort" classname="org.hsqldb.jdbc.JDBCResultSetTest" time="0.005"/>
    <testcase name="testClose" classname="org.hsqldb.jdbc.JDBCResultSetTest" time="0.005"/>
    <testcase name="testFirst" classname="org.hsqldb.jdbc.JDBCResultSetTest" time="0.006"/>
    <testcase name="testLast" classname="org.hsqldb.jdbc.JDBCResultSetTest" time="0.005"/>
    <testcase name="testNext" classname="org.hsqldb.jdbc.JDBCResultSetTest" time="0.005"/>
    <testcase name="testFindColumn" classname="org.hsqldb.jdbc.JDBCResultSetTest" time="0.006"/>
    <testcase name="testGetStatement" classname="org.hsqldb.jdbc.JDBCResultSetTest" time="0.005"/>
    <testcase name="testUpdateCharacterStream" classname="org.hsqldb.jdbc.JDBCResultSetTest" time="0.005"/>
    <testcase name="testRefreshRow" classname="org.hsqldb.jdbc.JDBCResultSetTest" time="0.006"/>
    <testcase name="testUpdateBlob" classname="org.hsqldb.jdbc.JDBCResultSetTest" time="0.006"/>
    <testcase name="testUpdateByte" classname="org.hsqldb.jdbc.JDBCResultSetTest" time="0.005"/>
    <testcase name="testUpdateClob" classname="org.hsqldb.jdbc.JDBCResultSetTest" time="0.008"/>
    <testcase name="testUpdateDate" classname="org.hsqldb.jdbc.JDBCResultSetTest" time="0.005"/>
    <testcase name="testUpdateLong" classname="org.hsqldb.jdbc.JDBCResultSetTest" time="0.005"/>
    <testcase name="testUpdateNull" classname="org.hsqldb.jdbc.JDBCResultSetTest" time="0.007"/>
    <testcase name="testUpdateTime" classname="org.hsqldb.jdbc.JDBCResultSetTest" time="0.006"/>
    <testcase name="testGetAsciiStream_afterLast" classname="org.hsqldb.jdbc.JDBCResultSetTest" time="0.005"/>
    <testcase name="testGetHoldability" classname="org.hsqldb.jdbc.JDBCResultSetTest" time="0.005"/>
    <testcase name="testSetFetchDirection" classname="org.hsqldb.jdbc.JDBCResultSetTest" time="0.005"/>
    <testcase name="testIsBeforeFirst" classname="org.hsqldb.jdbc.JDBCResultSetTest" time="0.005"/>
    <testcase name="testPrevious" classname="org.hsqldb.jdbc.JDBCResultSetTest" time="0.006"/>
    <testcase name="testGetBlob" classname="org.hsqldb.jdbc.JDBCResultSetTest" time="0.007"/>
    <testcase name="testGetByte" classname="org.hsqldb.jdbc.JDBCResultSetTest" time="0.005"/>
    <testcase name="testGetClob" classname="org.hsqldb.jdbc.JDBCResultSetTest" time="0.006"/>
    <testcase name="testGetDate" classname="org.hsqldb.jdbc.JDBCResultSetTest" time="0.007"/>
    <testcase name="testGetLong" classname="org.hsqldb.jdbc.JDBCResultSetTest" time="0.012"/>
    <testcase name="testGetTime" classname="org.hsqldb.jdbc.JDBCResultSetTest" time="0.008"/>
    <testcase name="testGetConcurrency" classname="org.hsqldb.jdbc.JDBCResultSetTest" time="0.007"/>
    <testcase name="testGetArray_beforeFirst" classname="org.hsqldb.jdbc.JDBCResultSetTest" time="0.006"/>
    <testcase name="testUpdateDouble" classname="org.hsqldb.jdbc.JDBCResultSetTest" time="0.005"/>
    <testcase name="testGetAsciiStream" classname="org.hsqldb.jdbc.JDBCResultSetTest" time="0.009"/>
    <testcase name="testGetArray_afterClose" classname="org.hsqldb.jdbc.JDBCResultSetTest" time="0.007"/>
    <testcase name="testGetType_SCROLL_INSENSITIVE" classname="org.hsqldb.jdbc.JDBCResultSetTest" time="0.006"/>
    <testcase name="testGetFetchSize" classname="org.hsqldb.jdbc.JDBCResultSetTest" time="0.006"/>
    <testcase name="testGetCharacterStream" classname="org.hsqldb.jdbc.JDBCResultSetTest" time="0.007"/>
    <testcase name="testUpdateObject" classname="org.hsqldb.jdbc.JDBCResultSetTest" time="0.007"/>
    <testcase name="testIsClosed" classname="org.hsqldb.jdbc.JDBCResultSetTest" time="0.006"/>
    <testcase name="testUpdateSQLXML" classname="org.hsqldb.jdbc.JDBCResultSetTest" time="0.006"/>
    <testcase name="testUpdateString" classname="org.hsqldb.jdbc.JDBCResultSetTest" time="0.006"/>
    <testcase name="testGetAsciiStream_beforeFirst" classname="org.hsqldb.jdbc.JDBCResultSetTest" time="0.006"/>
    <testcase name="testRelative" classname="org.hsqldb.jdbc.JDBCResultSetTest" time="0.005"/>
    <testcase name="testGetFetchDirection" classname="org.hsqldb.jdbc.JDBCResultSetTest" time="0.006"/>
    <testcase name="testInsertRow" classname="org.hsqldb.jdbc.JDBCResultSetTest" time="0.011"/>
    <testcase name="testDeleteRow" classname="org.hsqldb.jdbc.JDBCResultSetTest" time="0.009"/>
    <testcase name="testGetBoolean" classname="org.hsqldb.jdbc.JDBCResultSetTest" time="0.009"/>
    <testcase name="testGetBigDecimal_afterClose" classname="org.hsqldb.jdbc.JDBCResultSetTest" time="0.005"/>
    <testcase name="testUpdateBoolean" classname="org.hsqldb.jdbc.JDBCResultSetTest" time="0.006"/>
    <testcase name="testGetAsciiStream_afterClose" classname="org.hsqldb.jdbc.JDBCResultSetTest" time="0.005"/>
    <testcase name="testWasNull" classname="org.hsqldb.jdbc.JDBCResultSetTest" time="0.005"/>
    <testcase name="testGetMetaData" classname="org.hsqldb.jdbc.JDBCResultSetTest" time="0.005"/>
    <testcase name="testGetDouble" classname="org.hsqldb.jdbc.JDBCResultSetTest" time="0.007"/>
    <testcase name="testGetBigDecimal" classname="org.hsqldb.jdbc.JDBCResultSetTest" time="0.006"/>
    <testcase name="testGetTimestamp" classname="org.hsqldb.jdbc.JDBCResultSetTest" time="0.007"/>
    <testcase name="testUpdateTimestamp" classname="org.hsqldb.jdbc.JDBCResultSetTest" time="0.005"/>
    <testcase name="testMoveToCurrentRow" classname="org.hsqldb.jdbc.JDBCResultSetTest" time="0.006"/>
    <testcase name="testMoveToInsertRow" classname="org.hsqldb.jdbc.JDBCResultSetTest" time="0.005"/>
    <testcase name="testUpdateNCharacterStream" classname="org.hsqldb.jdbc.JDBCResultSetTest" time="0.005"/>
    <testcase name="testSetFetchSize" classname="org.hsqldb.jdbc.JDBCResultSetTest" time="0.005"/>
    <testcase name="testGetObject" classname="org.hsqldb.jdbc.JDBCResultSetTest" time="0.006"/>
    <testcase name="testGetInt" classname="org.hsqldb.jdbc.JDBCResultSetTest" time="0.008"/>
    <testcase name="testGetRef" classname="org.hsqldb.jdbc.JDBCResultSetTest" time="0.006"/>
    <testcase name="testGetRow" classname="org.hsqldb.jdbc.JDBCResultSetTest" time="0.006"/>
    <testcase name="testGetURL" classname="org.hsqldb.jdbc.JDBCResultSetTest" time="0.011"/>
    <testcase name="testUpdateBigDecimal" classname="org.hsqldb.jdbc.JDBCResultSetTest" time="0.008"/>
    <testcase name="testCancelRowUpdates" classname="org.hsqldb.jdbc.JDBCResultSetTest" time="0.013"/>
    <testcase name="testIsLast" classname="org.hsqldb.jdbc.JDBCResultSetTest" time="0.005"/>
    <testcase name="testGetSQLXML" classname="org.hsqldb.jdbc.JDBCResultSetTest" time="0.106"/>
    <testcase name="testGetBinaryStream" classname="org.hsqldb.jdbc.JDBCResultSetTest" time="0.008"/>
    <testcase name="testGetString" classname="org.hsqldb.jdbc.JDBCResultSetTest" time="0.007"/>
    <testcase name="testIsAfterLast" classname="org.hsqldb.jdbc.JDBCResultSetTest" time="0.005"/>
    <testcase name="testUpdateBinaryStream" classname="org.hsqldb.jdbc.JDBCResultSetTest" time="0.006"/>
    <testcase name="testGetNString" classname="org.hsqldb.jdbc.JDBCResultSetTest" time="0.006"/>
    <testcase name="testClearWarnings" classname="org.hsqldb.jdbc.JDBCResultSetTest" time="0.005"/>
    <testcase name="testIsFirst" classname="org.hsqldb.jdbc.JDBCResultSetTest" time="0.006"/>
    <testcase name="testAfterLast" classname="org.hsqldb.jdbc.JDBCResultSetTest" time="0.005"/>
    <testcase name="testGetCursorName" classname="org.hsqldb.jdbc.JDBCResultSetTest" time="0.006"/>
    <testcase name="testUpdateNString" classname="org.hsqldb.jdbc.JDBCResultSetTest" time="0.005"/>
    <testcase name="testUnwrap" classname="org.hsqldb.jdbc.JDBCResultSetTest" time="0.006"/>
    <testcase name="testGetNCharacterStream" classname="org.hsqldb.jdbc.JDBCResultSetTest" time="0.006"/>
  </testsuite>
  <testsuite name="org.hsqldb.jdbc.JDBCParameterMetaDataTest" time="0.046">
    <testcase name="testIsWrapperFor" classname="org.hsqldb.jdbc.JDBCParameterMetaDataTest" time="0.003"/>
    <testcase name="testGetScale" classname="org.hsqldb.jdbc.JDBCParameterMetaDataTest" time="0.003"/>
    <testcase name="testGetParameterTypeName" classname="org.hsqldb.jdbc.JDBCParameterMetaDataTest" time="0.003"/>
    <testcase name="testGetParameterCount" classname="org.hsqldb.jdbc.JDBCParameterMetaDataTest" time="0.003"/>
    <testcase name="testGetParameterClassName" classname="org.hsqldb.jdbc.JDBCParameterMetaDataTest" time="0.003"/>
    <testcase name="testGetPrecision" classname="org.hsqldb.jdbc.JDBCParameterMetaDataTest" time="0.004"/>
    <testcase name="testIsSigned" classname="org.hsqldb.jdbc.JDBCParameterMetaDataTest" time="0.005"/>
    <testcase name="testIsNullable" classname="org.hsqldb.jdbc.JDBCParameterMetaDataTest" time="0.006"/>
    <testcase name="testGetParameterMode" classname="org.hsqldb.jdbc.JDBCParameterMetaDataTest" time="0.005"/>
    <testcase name="testGetParameterType" classname="org.hsqldb.jdbc.JDBCParameterMetaDataTest" time="0.007"/>
    <testcase name="testUnwrap" classname="org.hsqldb.jdbc.JDBCParameterMetaDataTest" time="0.004"/>
  </testsuite>
  <testcase name="org.hsqldb.test.TestQuotes" classname="org.hsqldb.test.TestQuotes" time="0.0" ignored="true"/>
  <testcase name="org.hsqldb.test.TestOdbcService" classname="org.hsqldb.test.TestOdbcService" time="0.0" ignored="true"/>
  <testsuite name="org.hsqldb.jdbc.JDBCDatabaseMetaDataTest" time="0.608">
    <testcase name="testSupportsSchemasInPrivilegeDefinitions" classname="org.hsqldb.jdbc.JDBCDatabaseMetaDataTest" time="0.003"/>
    <testcase name="testGetMaxColumnsInOrderBy" classname="org.hsqldb.jdbc.JDBCDatabaseMetaDataTest" time="0.003"/>
    <testcase name="testGetDriverName" classname="org.hsqldb.jdbc.JDBCDatabaseMetaDataTest" time="0.005"/>
    <testcase name="testSupportsStoredProcedures" classname="org.hsqldb.jdbc.JDBCDatabaseMetaDataTest" time="0.003"/>
    <testcase name="testSupportsStoredFunctionsUsingCallSyntax" classname="org.hsqldb.jdbc.JDBCDatabaseMetaDataTest" time="0.003"/>
    <testcase name="testSupportsNamedParameters" classname="org.hsqldb.jdbc.JDBCDatabaseMetaDataTest" time="0.003"/>
    <testcase name="testSupportsANSI92FullSQL" classname="org.hsqldb.jdbc.JDBCDatabaseMetaDataTest" time="0.004"/>
    <testcase name="testGetJDBCMinorVersion" classname="org.hsqldb.jdbc.JDBCDatabaseMetaDataTest" time="0.003"/>
    <testcase name="testDataDefinitionIgnoredInTransactions" classname="org.hsqldb.jdbc.JDBCDatabaseMetaDataTest" time="0.004"/>
    <testcase name="testSupportsDataManipulationTransactionsOnly" classname="org.hsqldb.jdbc.JDBCDatabaseMetaDataTest" time="0.006"/>
    <testcase name="testGetDatabaseMajorVersion" classname="org.hsqldb.jdbc.JDBCDatabaseMetaDataTest" time="0.005"/>
    <testcase name="testGetMaxColumnsInSelect" classname="org.hsqldb.jdbc.JDBCDatabaseMetaDataTest" time="0.003"/>
    <testcase name="testGetBestRowIdentifier" classname="org.hsqldb.jdbc.JDBCDatabaseMetaDataTest" time="0.003"/>
    <testcase name="testGetProcedureColumns" classname="org.hsqldb.jdbc.JDBCDatabaseMetaDataTest" time="0.005"/>
    <testcase name="testNullsAreSortedAtStart" classname="org.hsqldb.jdbc.JDBCDatabaseMetaDataTest" time="0.002"/>
    <testcase name="testIsWrapperFor" classname="org.hsqldb.jdbc.JDBCDatabaseMetaDataTest" time="0.003"/>
    <testcase name="testNullsAreSortedHigh" classname="org.hsqldb.jdbc.JDBCDatabaseMetaDataTest" time="0.003"/>
    <testcase name="testSupportsOpenCursorsAcrossCommit" classname="org.hsqldb.jdbc.JDBCDatabaseMetaDataTest" time="0.003"/>
    <testcase name="testSupportsCatalogsInIndexDefinitions" classname="org.hsqldb.jdbc.JDBCDatabaseMetaDataTest" time="0.003"/>
    <testcase name="testSupportsGroupByUnrelated" classname="org.hsqldb.jdbc.JDBCDatabaseMetaDataTest" time="0.003"/>
    <testcase name="testGetMaxUserNameLength" classname="org.hsqldb.jdbc.JDBCDatabaseMetaDataTest" time="0.003"/>
    <testcase name="testSupportsMultipleOpenResults" classname="org.hsqldb.jdbc.JDBCDatabaseMetaDataTest" time="0.003"/>
    <testcase name="testGetExtraNameCharacters" classname="org.hsqldb.jdbc.JDBCDatabaseMetaDataTest" time="0.003"/>
    <testcase name="testSupportsCatalogsInProcedureCalls" classname="org.hsqldb.jdbc.JDBCDatabaseMetaDataTest" time="0.003"/>
    <testcase name="testGetVersionColumns" classname="org.hsqldb.jdbc.JDBCDatabaseMetaDataTest" time="0.003"/>
    <testcase name="testSupportsOpenStatementsAcrossRollback" classname="org.hsqldb.jdbc.JDBCDatabaseMetaDataTest" time="0.006"/>
    <testcase name="testNullsAreSortedLow" classname="org.hsqldb.jdbc.JDBCDatabaseMetaDataTest" time="0.003"/>
    <testcase name="testOwnInsertsAreVisible" classname="org.hsqldb.jdbc.JDBCDatabaseMetaDataTest" time="0.003"/>
    <testcase name="testSupportsMinimumSQLGrammar" classname="org.hsqldb.jdbc.JDBCDatabaseMetaDataTest" time="0.003"/>
    <testcase name="testSupportsMultipleTransactions" classname="org.hsqldb.jdbc.JDBCDatabaseMetaDataTest" time="0.003"/>
    <testcase name="testSupportsIntegrityEnhancementFacility" classname="org.hsqldb.jdbc.JDBCDatabaseMetaDataTest" time="0.004"/>
    <testcase name="testGetMaxTableNameLength" classname="org.hsqldb.jdbc.JDBCDatabaseMetaDataTest" time="0.003"/>
    <testcase name="testSupportsCorrelatedSubqueries" classname="org.hsqldb.jdbc.JDBCDatabaseMetaDataTest" time="0.003"/>
    <testcase name="testSupportsGetGeneratedKeys" classname="org.hsqldb.jdbc.JDBCDatabaseMetaDataTest" time="0.003"/>
    <testcase name="testSupportsCatalogsInPrivilegeDefinitions" classname="org.hsqldb.jdbc.JDBCDatabaseMetaDataTest" time="0.003"/>
    <testcase name="testStoresLowerCaseQuotedIdentifiers" classname="org.hsqldb.jdbc.JDBCDatabaseMetaDataTest" time="0.003"/>
    <testcase name="testNullPlusNonNullIsNull" classname="org.hsqldb.jdbc.JDBCDatabaseMetaDataTest" time="0.003"/>
    <testcase name="testAllTablesAreSelectable" classname="org.hsqldb.jdbc.JDBCDatabaseMetaDataTest" time="0.002"/>
    <testcase name="testSupportsResultSetConcurrency_TYPE_SCROLL_INSENSITIVE_CONCUR_UPDATABLE" classname="org.hsqldb.jdbc.JDBCDatabaseMetaDataTest" time="0.003"/>
    <testcase name="testSupportsMixedCaseQuotedIdentifiers" classname="org.hsqldb.jdbc.JDBCDatabaseMetaDataTest" time="0.003"/>
    <testcase name="testUsesLocalFiles" classname="org.hsqldb.jdbc.JDBCDatabaseMetaDataTest" time="0.003"/>
    <testcase name="testSupportsOpenStatementsAcrossCommit" classname="org.hsqldb.jdbc.JDBCDatabaseMetaDataTest" time="0.002"/>
    <testcase name="testSupportsSchemasInProcedureCalls" classname="org.hsqldb.jdbc.JDBCDatabaseMetaDataTest" time="0.006"/>
    <testcase name="testSupportsTransactions" classname="org.hsqldb.jdbc.JDBCDatabaseMetaDataTest" time="0.004"/>
    <testcase name="testGetMaxCharLiteralLength" classname="org.hsqldb.jdbc.JDBCDatabaseMetaDataTest" time="0.003"/>
    <testcase name="testSupportsResultSetConcurrency_TYPE_SCROLL_SENSITIVE_CONCUR_UPDATABLE" classname="org.hsqldb.jdbc.JDBCDatabaseMetaDataTest" time="0.003"/>
    <testcase name="testSupportsSchemasInIndexDefinitions" classname="org.hsqldb.jdbc.JDBCDatabaseMetaDataTest" time="0.003"/>
    <testcase name="testNullsAreSortedAtEnd" classname="org.hsqldb.jdbc.JDBCDatabaseMetaDataTest" time="0.003"/>
    <testcase name="testSupportsPositionedDelete" classname="org.hsqldb.jdbc.JDBCDatabaseMetaDataTest" time="0.003"/>
    <testcase name="testOwnUpdatesAreVisible" classname="org.hsqldb.jdbc.JDBCDatabaseMetaDataTest" time="0.003"/>
    <testcase name="testGetMaxStatementLength" classname="org.hsqldb.jdbc.JDBCDatabaseMetaDataTest" time="0.003"/>
    <testcase name="testUsesLocalFilePerTable" classname="org.hsqldb.jdbc.JDBCDatabaseMetaDataTest" time="0.002"/>
    <testcase name="testGetMaxColumnsInGroupBy" classname="org.hsqldb.jdbc.JDBCDatabaseMetaDataTest" time="0.003"/>
    <testcase name="testGetIdentifierQuoteString" classname="org.hsqldb.jdbc.JDBCDatabaseMetaDataTest" time="0.003"/>
    <testcase name="testStoresLowerCaseIdentifiers" classname="org.hsqldb.jdbc.JDBCDatabaseMetaDataTest" time="0.003"/>
    <testcase name="testGetClientInfoProperties" classname="org.hsqldb.jdbc.JDBCDatabaseMetaDataTest" time="0.004"/>
    <testcase name="testGetMaxSchemaNameLength" classname="org.hsqldb.jdbc.JDBCDatabaseMetaDataTest" time="0.003"/>
    <testcase name="testSupportsTransactionIsolationLevel" classname="org.hsqldb.jdbc.JDBCDatabaseMetaDataTest" time="0.003"/>
    <testcase name="testGetUDTs" classname="org.hsqldb.jdbc.JDBCDatabaseMetaDataTest" time="0.003"/>
    <testcase name="testGetSQLKeywords" classname="org.hsqldb.jdbc.JDBCDatabaseMetaDataTest" time="0.004"/>
    <testcase name="testSupportsMixedCaseIdentifiers" classname="org.hsqldb.jdbc.JDBCDatabaseMetaDataTest" time="0.003"/>
    <testcase name="testSupportsDifferentTableCorrelationNames" classname="org.hsqldb.jdbc.JDBCDatabaseMetaDataTest" time="0.002"/>
    <testcase name="testGetMaxCursorNameLength" classname="org.hsqldb.jdbc.JDBCDatabaseMetaDataTest" time="0.003"/>
    <testcase name="testSupportsGroupBy" classname="org.hsqldb.jdbc.JDBCDatabaseMetaDataTest" time="0.002"/>
    <testcase name="testGetDefaultTransactionIsolation" classname="org.hsqldb.jdbc.JDBCDatabaseMetaDataTest" time="0.003"/>
    <testcase name="testGetNumericFunctions" classname="org.hsqldb.jdbc.JDBCDatabaseMetaDataTest" time="0.003"/>
    <testcase name="testSupportsANSI92EntryLevelSQL" classname="org.hsqldb.jdbc.JDBCDatabaseMetaDataTest" time="0.002"/>
    <testcase name="testSupportsAlterTableWithDropColumn" classname="org.hsqldb.jdbc.JDBCDatabaseMetaDataTest" time="0.003"/>
    <testcase name="testGetSearchStringEscape" classname="org.hsqldb.jdbc.JDBCDatabaseMetaDataTest" time="0.002"/>
    <testcase name="testSupportsFullOuterJoins" classname="org.hsqldb.jdbc.JDBCDatabaseMetaDataTest" time="0.003"/>
    <testcase name="testSupportsCatalogsInTableDefinitions" classname="org.hsqldb.jdbc.JDBCDatabaseMetaDataTest" time="0.002"/>
    <testcase name="testSupportsOpenCursorsAcrossRollback" classname="org.hsqldb.jdbc.JDBCDatabaseMetaDataTest" time="0.003"/>
    <testcase name="testSupportsPositionedUpdate" classname="org.hsqldb.jdbc.JDBCDatabaseMetaDataTest" time="0.002"/>
    <testcase name="testGetMaxProcedureNameLength" classname="org.hsqldb.jdbc.JDBCDatabaseMetaDataTest" time="0.005"/>
    <testcase name="testSupportsMultipleResultSets" classname="org.hsqldb.jdbc.JDBCDatabaseMetaDataTest" time="0.005"/>
    <testcase name="testGetMaxColumnsInIndex" classname="org.hsqldb.jdbc.JDBCDatabaseMetaDataTest" time="0.005"/>
    <testcase name="testGetMaxColumnsInTable" classname="org.hsqldb.jdbc.JDBCDatabaseMetaDataTest" time="0.002"/>
    <testcase name="testSupportsResultSetConcurrency_TYPE_SCROLL_INSENSITIVE_CONCUR_READ_ONLY" classname="org.hsqldb.jdbc.JDBCDatabaseMetaDataTest" time="0.003"/>
    <testcase name="testGetTimeDateFunctions" classname="org.hsqldb.jdbc.JDBCDatabaseMetaDataTest" time="0.003"/>
    <testcase name="testGetMaxRowSize" classname="org.hsqldb.jdbc.JDBCDatabaseMetaDataTest" time="0.003"/>
    <testcase name="testGetSuperTypes" classname="org.hsqldb.jdbc.JDBCDatabaseMetaDataTest" time="0.003"/>
    <testcase name="testGetDriverMajorVersion" classname="org.hsqldb.jdbc.JDBCDatabaseMetaDataTest" time="0.003"/>
    <testcase name="testSupportsResultSetHoldability_HOLD_CURSORS_OVER_COMMIT" classname="org.hsqldb.jdbc.JDBCDatabaseMetaDataTest" time="0.002"/>
    <testcase name="testGetImportedKeys" classname="org.hsqldb.jdbc.JDBCDatabaseMetaDataTest" time="0.002"/>
    <testcase name="testAllProceduresAreCallable" classname="org.hsqldb.jdbc.JDBCDatabaseMetaDataTest" time="0.003"/>
    <testcase name="testGetMaxColumnNameLength" classname="org.hsqldb.jdbc.JDBCDatabaseMetaDataTest" time="0.003"/>
    <testcase name="testSupportsResultSetConcurrency_TYPE_SCROLL_SENSITIVE_CONCUR_READ_ONLY" classname="org.hsqldb.jdbc.JDBCDatabaseMetaDataTest" time="0.002"/>
    <testcase name="testGetTableTypes" classname="org.hsqldb.jdbc.JDBCDatabaseMetaDataTest" time="0.004"/>
    <testcase name="testSupportsSubqueriesInExists" classname="org.hsqldb.jdbc.JDBCDatabaseMetaDataTest" time="0.003"/>
    <testcase name="testSupportsSubqueriesInIns" classname="org.hsqldb.jdbc.JDBCDatabaseMetaDataTest" time="0.003"/>
    <testcase name="testOthersInsertsAreVisible" classname="org.hsqldb.jdbc.JDBCDatabaseMetaDataTest" time="0.005"/>
    <testcase name="testSupportsGroupByBeyondSelect" classname="org.hsqldb.jdbc.JDBCDatabaseMetaDataTest" time="0.005"/>
    <testcase name="testSupportsExtendedSQLGrammar" classname="org.hsqldb.jdbc.JDBCDatabaseMetaDataTest" time="0.003"/>
    <testcase name="testGetIndexInfo" classname="org.hsqldb.jdbc.JDBCDatabaseMetaDataTest" time="0.003"/>
    <testcase name="testGetMaxTablesInSelect" classname="org.hsqldb.jdbc.JDBCDatabaseMetaDataTest" time="0.004"/>
    <testcase name="testSupportsConvert" classname="org.hsqldb.jdbc.JDBCDatabaseMetaDataTest" time="0.003"/>
    <testcase name="testDeletesAreDetected" classname="org.hsqldb.jdbc.JDBCDatabaseMetaDataTest" time="0.003"/>
    <testcase name="testGetRowIdLifetime" classname="org.hsqldb.jdbc.JDBCDatabaseMetaDataTest" time="0.003"/>
    <testcase name="testGetJDBCMajorVersion" classname="org.hsqldb.jdbc.JDBCDatabaseMetaDataTest" time="0.003"/>
    <testcase name="testGetColumnPrivileges" classname="org.hsqldb.jdbc.JDBCDatabaseMetaDataTest" time="0.008"/>
    <testcase name="testGetSuperTables" classname="org.hsqldb.jdbc.JDBCDatabaseMetaDataTest" time="0.003"/>
    <testcase name="testSupportsNonNullableColumns" classname="org.hsqldb.jdbc.JDBCDatabaseMetaDataTest" time="0.003"/>
    <testcase name="testOwnDeletesAreVisible" classname="org.hsqldb.jdbc.JDBCDatabaseMetaDataTest" time="0.003"/>
    <testcase name="testSupportsOrderByUnrelated" classname="org.hsqldb.jdbc.JDBCDatabaseMetaDataTest" time="0.004"/>
    <testcase name="testSupportsSchemasInTableDefinitions" classname="org.hsqldb.jdbc.JDBCDatabaseMetaDataTest" time="0.003"/>
    <testcase name="testInsertsAreDetected" classname="org.hsqldb.jdbc.JDBCDatabaseMetaDataTest" time="0.004"/>
    <testcase name="testUpdatesAreDetected" classname="org.hsqldb.jdbc.JDBCDatabaseMetaDataTest" time="0.004"/>
    <testcase name="testSupportsOuterJoins" classname="org.hsqldb.jdbc.JDBCDatabaseMetaDataTest" time="0.003"/>
    <testcase name="testSupportsSelectForUpdate" classname="org.hsqldb.jdbc.JDBCDatabaseMetaDataTest" time="0.003"/>
    <testcase name="testSupportsStatementPooling" classname="org.hsqldb.jdbc.JDBCDatabaseMetaDataTest" time="0.003"/>
    <testcase name="testGetTablePrivileges" classname="org.hsqldb.jdbc.JDBCDatabaseMetaDataTest" time="0.004"/>
    <testcase name="testSupportsResultSetType_TYPE_SCROLL_INSENSITIVE" classname="org.hsqldb.jdbc.JDBCDatabaseMetaDataTest" time="0.003"/>
    <testcase name="testAutoCommitFailureClosesAllResultSets" classname="org.hsqldb.jdbc.JDBCDatabaseMetaDataTest" time="0.003"/>
    <testcase name="testGetTypeInfo" classname="org.hsqldb.jdbc.JDBCDatabaseMetaDataTest" time="0.03"/>
    <testcase name="testGetCrossReference" classname="org.hsqldb.jdbc.JDBCDatabaseMetaDataTest" time="0.003"/>
    <testcase name="testGetMaxStatements" classname="org.hsqldb.jdbc.JDBCDatabaseMetaDataTest" time="0.002"/>
    <testcase name="testGetFunctionColumns" classname="org.hsqldb.jdbc.JDBCDatabaseMetaDataTest" time="0.004"/>
    <testcase name="testDataDefinitionCausesTransactionCommit" classname="org.hsqldb.jdbc.JDBCDatabaseMetaDataTest" time="0.003"/>
    <testcase name="testSupportsSavepoints" classname="org.hsqldb.jdbc.JDBCDatabaseMetaDataTest" time="0.002"/>
    <testcase name="testGetConnection" classname="org.hsqldb.jdbc.JDBCDatabaseMetaDataTest" time="0.003"/>
    <testcase name="testSupportsColumnAliasing" classname="org.hsqldb.jdbc.JDBCDatabaseMetaDataTest" time="0.003"/>
    <testcase name="testOthersUpdatesAreVisible" classname="org.hsqldb.jdbc.JDBCDatabaseMetaDataTest" time="0.003"/>
    <testcase name="testSupportsUnionAll" classname="org.hsqldb.jdbc.JDBCDatabaseMetaDataTest" time="0.003"/>
    <testcase name="testGetMaxIndexLength" classname="org.hsqldb.jdbc.JDBCDatabaseMetaDataTest" time="0.003"/>
    <testcase name="testGetFunctions" classname="org.hsqldb.jdbc.JDBCDatabaseMetaDataTest" time="0.004"/>
    <testcase name="testGetCatalogSeparator" classname="org.hsqldb.jdbc.JDBCDatabaseMetaDataTest" time="0.004"/>
    <testcase name="testSupportsCatalogsInDataManipulation" classname="org.hsqldb.jdbc.JDBCDatabaseMetaDataTest" time="0.004"/>
    <testcase name="testSupportsAlterTableWithAddColumn" classname="org.hsqldb.jdbc.JDBCDatabaseMetaDataTest" time="0.004"/>
    <testcase name="testLocatorsUpdateCopy" classname="org.hsqldb.jdbc.JDBCDatabaseMetaDataTest" time="0.004"/>
    <testcase name="testGetExportedKeys" classname="org.hsqldb.jdbc.JDBCDatabaseMetaDataTest" time="0.004"/>
    <testcase name="testSupportsBatchUpdates" classname="org.hsqldb.jdbc.JDBCDatabaseMetaDataTest" time="0.004"/>
    <testcase name="testSupportsDataDefinitionAndDataManipulationTransactions" classname="org.hsqldb.jdbc.JDBCDatabaseMetaDataTest" time="0.004"/>
    <testcase name="testSupportsResultSetConcurrency_TYPE_FORWARD_ONLY_CONCUR_UPDATABLE" classname="org.hsqldb.jdbc.JDBCDatabaseMetaDataTest" time="0.002"/>
    <testcase name="testGetUserName" classname="org.hsqldb.jdbc.JDBCDatabaseMetaDataTest" time="0.003"/>
    <testcase name="testGetSchemaTerm" classname="org.hsqldb.jdbc.JDBCDatabaseMetaDataTest" time="0.003"/>
    <testcase name="testStoresMixedCaseQuotedIdentifiers" classname="org.hsqldb.jdbc.JDBCDatabaseMetaDataTest" time="0.003"/>
    <testcase name="testGetStringFunctions" classname="org.hsqldb.jdbc.JDBCDatabaseMetaDataTest" time="0.003"/>
    <testcase name="testSupportsLimitedOuterJoins" classname="org.hsqldb.jdbc.JDBCDatabaseMetaDataTest" time="0.002"/>
    <testcase name="testGetColumns" classname="org.hsqldb.jdbc.JDBCDatabaseMetaDataTest" time="0.022"/>
    <testcase name="testSupportsExpressionsInOrderBy" classname="org.hsqldb.jdbc.JDBCDatabaseMetaDataTest" time="0.004"/>
    <testcase name="testGetURL" classname="org.hsqldb.jdbc.JDBCDatabaseMetaDataTest" time="0.003"/>
    <testcase name="testGetCatalogTerm" classname="org.hsqldb.jdbc.JDBCDatabaseMetaDataTest" time="0.002"/>
    <testcase name="testGetProcedureTerm" classname="org.hsqldb.jdbc.JDBCDatabaseMetaDataTest" time="0.002"/>
    <testcase name="testSupportsCoreSQLGrammar" classname="org.hsqldb.jdbc.JDBCDatabaseMetaDataTest" time="0.002"/>
    <testcase name="testGetCatalogs" classname="org.hsqldb.jdbc.JDBCDatabaseMetaDataTest" time="0.003"/>
    <testcase name="testGetMaxConnections" classname="org.hsqldb.jdbc.JDBCDatabaseMetaDataTest" time="0.003"/>
    <testcase name="testSupportsResultSetHoldability_CLOSE_CURSORS_AT_COMMIT" classname="org.hsqldb.jdbc.JDBCDatabaseMetaDataTest" time="0.003"/>
    <testcase name="testGetTables" classname="org.hsqldb.jdbc.JDBCDatabaseMetaDataTest" time="0.004"/>
    <testcase name="testSupportsSubqueriesInQuantifieds" classname="org.hsqldb.jdbc.JDBCDatabaseMetaDataTest" time="0.002"/>
    <testcase name="testGetMaxCatalogNameLength" classname="org.hsqldb.jdbc.JDBCDatabaseMetaDataTest" time="0.003"/>
    <testcase name="testGetPrimaryKeys" classname="org.hsqldb.jdbc.JDBCDatabaseMetaDataTest" time="0.003"/>
    <testcase name="testSupportsResultSetType_TYPE_SCROLL_SENSITIVE" classname="org.hsqldb.jdbc.JDBCDatabaseMetaDataTest" time="0.003"/>
    <testcase name="testSupportsSubqueriesInComparisons" classname="org.hsqldb.jdbc.JDBCDatabaseMetaDataTest" time="0.002"/>
    <testcase name="testGetSchemas_0args" classname="org.hsqldb.jdbc.JDBCDatabaseMetaDataTest" time="0.003"/>
    <testcase name="testGetSchemas_2args" classname="org.hsqldb.jdbc.JDBCDatabaseMetaDataTest" time="0.003"/>
    <testcase name="testStoresMixedCaseIdentifiers" classname="org.hsqldb.jdbc.JDBCDatabaseMetaDataTest" time="0.003"/>
    <testcase name="testGetDatabaseProductName" classname="org.hsqldb.jdbc.JDBCDatabaseMetaDataTest" time="0.003"/>
    <testcase name="testIsCatalogAtStart" classname="org.hsqldb.jdbc.JDBCDatabaseMetaDataTest" time="0.004"/>
    <testcase name="testGetSQLStateType" classname="org.hsqldb.jdbc.JDBCDatabaseMetaDataTest" time="0.003"/>
    <testcase name="testUnwrap" classname="org.hsqldb.jdbc.JDBCDatabaseMetaDataTest" time="0.002"/>
    <testcase name="testSupportsUnion" classname="org.hsqldb.jdbc.JDBCDatabaseMetaDataTest" time="0.003"/>
    <testcase name="testStoresUpperCaseQuotedIdentifiers" classname="org.hsqldb.jdbc.JDBCDatabaseMetaDataTest" time="0.003"/>
    <testcase name="testGetMaxBinaryLiteralLength" classname="org.hsqldb.jdbc.JDBCDatabaseMetaDataTest" time="0.003"/>
    <testcase name="testSupportsSchemasInDataManipulation" classname="org.hsqldb.jdbc.JDBCDatabaseMetaDataTest" time="0.003"/>
    <testcase name="testSupportsResultSetType_TYPE_FORWARD_ONLY" classname="org.hsqldb.jdbc.JDBCDatabaseMetaDataTest" time="0.003"/>
    <testcase name="testGetSystemFunctions" classname="org.hsqldb.jdbc.JDBCDatabaseMetaDataTest" time="0.003"/>
    <testcase name="testStoresUpperCaseIdentifiers" classname="org.hsqldb.jdbc.JDBCDatabaseMetaDataTest" time="0.003"/>
    <testcase name="testSupportsTableCorrelationNames" classname="org.hsqldb.jdbc.JDBCDatabaseMetaDataTest" time="0.003"/>
    <testcase name="testIsReadOnly" classname="org.hsqldb.jdbc.JDBCDatabaseMetaDataTest" time="0.002"/>
    <testcase name="testSupportsANSI92IntermediateSQL" classname="org.hsqldb.jdbc.JDBCDatabaseMetaDataTest" time="0.003"/>
    <testcase name="testSupportsResultSetConcurrency_TYPE_FORWARD_ONLY_CONCUR_READ_ONLY" classname="org.hsqldb.jdbc.JDBCDatabaseMetaDataTest" time="0.003"/>
    <testcase name="testGetAttributes" classname="org.hsqldb.jdbc.JDBCDatabaseMetaDataTest" time="0.003"/>
    <testcase name="testGetProcedures" classname="org.hsqldb.jdbc.JDBCDatabaseMetaDataTest" time="0.003"/>
    <testcase name="testGetResultSetHoldability" classname="org.hsqldb.jdbc.JDBCDatabaseMetaDataTest" time="0.002"/>
    <testcase name="testDoesMaxRowSizeIncludeBlobs" classname="org.hsqldb.jdbc.JDBCDatabaseMetaDataTest" time="0.003"/>
    <testcase name="testOthersDeletesAreVisible" classname="org.hsqldb.jdbc.JDBCDatabaseMetaDataTest" time="0.003"/>
    <testcase name="testSupportsLikeEscapeClause" classname="org.hsqldb.jdbc.JDBCDatabaseMetaDataTest" time="0.003"/>
  </testsuite>
  <testcase name="org.hsqldb.test.TestTextTables" classname="org.hsqldb.test.TestTextTables" time="0.0" ignored="true"/>
  <testsuite name="org.hsqldb.lib.ArrayUtilTest" time="0.0">
    <testcase name="testArrayUtil" classname="org.hsqldb.lib.ArrayUtilTest" time="0.0"/>
  </testsuite>
  <testcase name="org.hsqldb.test.AllTests" classname="org.hsqldb.test.AllTests" time="0.0" ignored="true"/>
  <testsuite name="org.hsqldb.test.TestTextTable" time="1.8">
    <testcase name="testTextFiles" classname="org.hsqldb.test.TestTextTable" time="1.8"/>
  </testsuite>
  <testsuite name="org.hsqldb.test.TestPreparedSubQueries" time="0.125">
    <testcase name="testA" classname="org.hsqldb.test.TestPreparedSubQueries" time="0.119"/>
    <testcase name="testIdentity" classname="org.hsqldb.test.TestPreparedSubQueries" time="0.003"/>
    <testcase name="testGenerated" classname="org.hsqldb.test.TestPreparedSubQueries" time="0.003"/>
  </testsuite>
  <testcase name="org.hsqldb.test.TestOdbcTypes" classname="org.hsqldb.test.TestOdbcTypes" time="0.0" ignored="true"/>
  <testsuite name="org.hsqldb.auth.JaasAuthBeanTest" time="0.126">
    <testcase name="testViaCredentials" classname="org.hsqldb.auth.JaasAuthBeanTest" time="0.122"/>
    <testcase name="testViaPrincipals" classname="org.hsqldb.auth.JaasAuthBeanTest" time="0.004"/>
  </testsuite>
  <testsuite name="PreprocessorSuite" incomplete="true">
    <testsuite name="org.hsqldb.util.preprocessor.OptionTest" time="0.026">
      <testcase name="testSetVerbose" classname="org.hsqldb.util.preprocessor.OptionTest" time="0.0"/>
      <testcase name="testSetDefault" classname="org.hsqldb.util.preprocessor.OptionTest" time="0.0"/>
      <testcase name="testIsBackup" classname="org.hsqldb.util.preprocessor.OptionTest" time="0.001"/>
      <testcase name="testIsFilter" classname="org.hsqldb.util.preprocessor.OptionTest" time="0.0"/>
      <testcase name="testSetTestOnly" classname="org.hsqldb.util.preprocessor.OptionTest" time="0.0"/>
      <testcase name="testIsIndent" classname="org.hsqldb.util.preprocessor.OptionTest" time="0.0"/>
      <testcase name="testIsVerbose" classname="org.hsqldb.util.preprocessor.OptionTest" time="0.0"/>
      <testcase name="testSetBackup" classname="org.hsqldb.util.preprocessor.OptionTest" time="0.0"/>
      <testcase name="testSetFilter" classname="org.hsqldb.util.preprocessor.OptionTest" time="0.0"/>
      <testcase name="testSetIndent" classname="org.hsqldb.util.preprocessor.OptionTest" time="0.0"/>
      <testcase name="testIsDefault" classname="org.hsqldb.util.preprocessor.OptionTest" time="0.0"/>
      <testcase name="testIsTestOnly" classname="org.hsqldb.util.preprocessor.OptionTest" time="0.0"/>
    </testsuite>
    <testsuite name="org.hsqldb.util.preprocessor.PreprocessorTest" incomplete="true">
      <testcase name="testPreprocessBatch" classname="org.hsqldb.util.preprocessor.PreprocessorTest" incomplete="true"/>
    </testsuite>
  </testsuite>
  <testsuite name="org.hsqldb.test.TestTypeConversion" time="0.693">
    <testcase name="testBitA" classname="org.hsqldb.test.TestTypeConversion" time="0.203"/>
    <testcase name="testArrayA" classname="org.hsqldb.test.TestTypeConversion" time="0.286"/>
    <testcase name="testStreams" classname="org.hsqldb.test.TestTypeConversion" time="0.204"/>
  </testsuite>
  <testsuite name="org.hsqldb.test.TestLobs" time="2.494">
    <testcase name="testBlobA" classname="org.hsqldb.test.TestLobs" time="0.207"/>
    <testcase name="testBlobB" classname="org.hsqldb.test.TestLobs" time="0.205"/>
    <testcase name="testBlobG" classname="org.hsqldb.test.TestLobs" time="0.205"/>
    <testcase name="testClobA" classname="org.hsqldb.test.TestLobs" time="0.208"/>
    <testcase name="testClobB" classname="org.hsqldb.test.TestLobs" time="0.207"/>
    <testcase name="testClobC" classname="org.hsqldb.test.TestLobs" time="0.212"/>
    <testcase name="testClobD" classname="org.hsqldb.test.TestLobs" time="0.576"/>
    <testcase name="testClobE" classname="org.hsqldb.test.TestLobs" time="0.248"/>
    <testcase name="testClobF" classname="org.hsqldb.test.TestLobs" time="0.221"/>
    <testcase name="testClobG" classname="org.hsqldb.test.TestLobs" time="0.204"/>
  </testsuite>
  <testsuite name="org.hsqldb.test.TestDateTime" time="0.919">
    <testcase name="testBasicTimeSupport" classname="org.hsqldb.test.TestDateTime" time="0.306"/>
    <testcase name="testBasicDateSupport" classname="org.hsqldb.test.TestDateTime" time="0.308"/>
    <testcase name="testBasicDefaultTimeSupport" classname="org.hsqldb.test.TestDateTime" time="0.305"/>
  </testsuite>
  <testsuite name="org.hsqldb.test.TestHashStructures" time="0.185">
    <testcase name="testDoubleIntLookup" classname="org.hsqldb.test.TestHashStructures" time="0.004"/>
    <testcase name="testDoubleIntSpeed" classname="org.hsqldb.test.TestHashStructures" time="0.179"/>
    <testcase name="testHashMappedList" classname="org.hsqldb.test.TestHashStructures" time="0.001"/>
    <testcase name="testIntKeyHashMap" classname="org.hsqldb.test.TestHashStructures" time="0.0"/>
    <testcase name="testHashMap" classname="org.hsqldb.test.TestHashStructures" time="0.001"/>
  </testsuite>
  <testcase name="org.hsqldb.jdbc.JDBCConnectionPrepareCallTest" classname="org.hsqldb.jdbc.JDBCConnectionPrepareCallTest" time="0.0" ignored="true"/>
  <testsuite name="org.hsqldb.test.TestStoredProcedure" time="1.471">
    <testcase name="testOne" classname="org.hsqldb.test.TestStoredProcedure" time="0.206"/>
    <testcase name="testSix" classname="org.hsqldb.test.TestStoredProcedure" time="0.225"/>
    <testcase name="testTwo" classname="org.hsqldb.test.TestStoredProcedure" time="0.205"/>
    <testcase name="testThree" classname="org.hsqldb.test.TestStoredProcedure" time="0.212"/>
    <testcase name="testFive" classname="org.hsqldb.test.TestStoredProcedure" time="0.203"/>
    <testcase name="testFour" classname="org.hsqldb.test.TestStoredProcedure" time="0.21"/>
    <testcase name="testFourParams" classname="org.hsqldb.test.TestStoredProcedure" time="0.21"/>
  </testsuite>
  <testsuite name="org.hsqldb.test.TestMerge" time="2.259">
    <testcase name="testMerge10" classname="org.hsqldb.test.TestMerge" time="0.204"/>
    <testcase name="testMerge11" classname="org.hsqldb.test.TestMerge" time="0.206"/>
    <testcase name="testMerge1" classname="org.hsqldb.test.TestMerge" time="0.204"/>
    <testcase name="testMerge2" classname="org.hsqldb.test.TestMerge" time="0.205"/>
    <testcase name="testMerge3" classname="org.hsqldb.test.TestMerge" time="0.207"/>
    <testcase name="testMerge4" classname="org.hsqldb.test.TestMerge" time="0.21"/>
    <testcase name="testMerge5" classname="org.hsqldb.test.TestMerge" time="0.205"/>
    <testcase name="testMerge6" classname="org.hsqldb.test.TestMerge" time="0.204"/>
    <testcase name="testMerge7" classname="org.hsqldb.test.TestMerge" time="0.204"/>
    <testcase name="testMerge8" classname="org.hsqldb.test.TestMerge" time="0.204"/>
    <testcase name="testMerge9" classname="org.hsqldb.test.TestMerge" time="0.206"/>
  </testsuite>
  <testsuite name="org.hsqldb.server.OdbcPacketOutputStreamTest" time="0.02">
    <testcase name="testInt" classname="org.hsqldb.server.OdbcPacketOutputStreamTest" time="0.018"/>
    <testcase name="testTypeMix" classname="org.hsqldb.server.OdbcPacketOutputStreamTest" time="0.001"/>
    <testcase name="testReset" classname="org.hsqldb.server.OdbcPacketOutputStreamTest" time="0.0"/>
    <testcase name="testShort" classname="org.hsqldb.server.OdbcPacketOutputStreamTest" time="0.0"/>
    <testcase name="testeByte" classname="org.hsqldb.server.OdbcPacketOutputStreamTest" time="0.0"/>
    <testcase name="testChar" classname="org.hsqldb.server.OdbcPacketOutputStreamTest" time="0.0"/>
    <testcase name="testLong" classname="org.hsqldb.server.OdbcPacketOutputStreamTest" time="0.001"/>
    <testcase name="testSizedString" classname="org.hsqldb.server.OdbcPacketOutputStreamTest" time="0.0"/>
    <testcase name="testNullTermdString" classname="org.hsqldb.server.OdbcPacketOutputStreamTest" time="0.0"/>
    <testcase name="testString" classname="org.hsqldb.server.OdbcPacketOutputStreamTest" time="0.0"/>
  </testsuite>
  <testsuite name="org.hsqldb.persist.HsqlPropertiesTest" time="0.0">
    <testcase name="testHsqlProperties" classname="org.hsqldb.persist.HsqlPropertiesTest" time="0.0"/>
  </testsuite>
  <testsuite name="org.hsqldb.test.TestGroupByHaving" time="0.01">
    <testcase name="testHavingWithoutGroupBy1" classname="org.hsqldb.test.TestGroupByHaving" time="0.006"/>
    <testcase name="testHavingWithoutGroupBy2" classname="org.hsqldb.test.TestGroupByHaving" time="0.001"/>
    <testcase name="testInvalidHaving" classname="org.hsqldb.test.TestGroupByHaving" time="0.001"/>
    <testcase name="testAggregatedGroupByHaving1" classname="org.hsqldb.test.TestGroupByHaving" time="0.001"/>
    <testcase name="testAggregatedGroupByHaving2" classname="org.hsqldb.test.TestGroupByHaving" time="0.0"/>
    <testcase name="testAggregatedGroupBy" classname="org.hsqldb.test.TestGroupByHaving" time="0.001"/>
  </testsuite>
  <testsuite name="org.hsqldb.jdbc.JDBCDriverTest" time="0.178">
    <testcase name="testAcceptsURL" classname="org.hsqldb.jdbc.JDBCDriverTest" time="0.001"/>
    <testcase name="testJdbcCompliant" classname="org.hsqldb.jdbc.JDBCDriverTest" time="0.172"/>
    <testcase name="testConnect" classname="org.hsqldb.jdbc.JDBCDriverTest" time="0.004"/>
    <testcase name="testGetPropertyInfo" classname="org.hsqldb.jdbc.JDBCDriverTest" time="0.001"/>
    <testcase name="testGetMajorVersion" classname="org.hsqldb.jdbc.JDBCDriverTest" time="0.0"/>
  </testsuite>
  <testsuite name="org.hsqldb.lib.HsqlDequeTest" time="0.001">
    <testcase name="testHsqlDeque" classname="org.hsqldb.lib.HsqlDequeTest" time="0.001"/>
  </testsuite>
  <testsuite name="org.hsqldb.test.TestCascade" time="1.257">
    <testcase name="testDelete" classname="org.hsqldb.test.TestCascade" time="1.257"/>
  </testsuite>
  <testsuite name="org.hsqldb.store.BitMapTest" time="0.0">
    <testcase name="testBitMap" classname="org.hsqldb.store.BitMapTest" time="0.0"/>
  </testsuite>
  <testsuite name="org.hsqldb.test.TestPreparedStatements" time="0.4">
    <testcase name="testA" classname="org.hsqldb.test.TestPreparedStatements" time="0.4"/>
  </testsuite>
  <testsuite name="org.hsqldb.test.TestJavaFunctions" time="0.629">
    <testcase name="testOne" classname="org.hsqldb.test.TestJavaFunctions" time="0.629"/>
  </testsuite>
  <testsuite name="org.hsqldb.test.TestUpdatableResults" time="0.205">
    <testcase name="testQuery" classname="org.hsqldb.test.TestUpdatableResults" time="0.205"/>
  </testsuite>
  <testsuite name="org.hsqldb.util.preprocessor.PreprocessorTest" time="0.07">
    <testcase name="testPreprocessBatch" classname="org.hsqldb.util.preprocessor.PreprocessorTest" time="0.003"/>
  </testsuite>
  <testsuite name="org.hsqldb.lib.tar.PIFGeneratorTest" time="0.001">
    <testcase name="testGrecord" classname="org.hsqldb.lib.tar.PIFGeneratorTest" time="0.001"/>
  </testsuite>
  <testsuite name="org.hsqldb.jdbc.JDBCSavepointTest" time="0.301">
    <testcase name="testGetSavepointName" classname="org.hsqldb.jdbc.JDBCSavepointTest" time="0.145"/>
    <testcase name="testGetSavepointId" classname="org.hsqldb.jdbc.JDBCSavepointTest" time="0.156"/>
  </testsuite>
  <testsuite name="org.hsqldb.jdbc.pool.JDBCXAConnectionTest" time="0.0">
    <testcase name="testGetXAResource" classname="org.hsqldb.jdbc.pool.JDBCXAConnectionTest" time="0.0"/>
  </testsuite>
  <testsuite name="org.hsqldb.cmdline.SqltoolRBTest" time="0.047">
    <testcase name="testWithParams" classname="org.hsqldb.cmdline.SqltoolRBTest" time="0.047"/>
    <testcase name="testNoPosParams" classname="org.hsqldb.cmdline.SqltoolRBTest" time="0.0"/>
  </testsuite>
</testrun>
